[0.606s] Invoking command in '/home/shengbin/camera_ws/build/vision_opencv': AMENT_PREFIX_PATH=/home/shengbin/camera_ws/install/image_geometry:/home/shengbin/camera_ws/install/cv_bridge:${AMENT_PREFIX_PATH} CMAKE_PREFIX_PATH=/home/shengbin/camera_ws/install/image_geometry:/home/shengbin/camera_ws/install/cv_bridge:/opt/ros/humble LD_LIBRARY_PATH=/home/shengbin/camera_ws/install/image_geometry/lib:/home/shengbin/camera_ws/install/cv_bridge/lib:${LD_LIBRARY_PATH} PYTHONPATH=/home/shengbin/camera_ws/install/image_geometry/local/lib/python3.10/dist-packages:/home/shengbin/camera_ws/install/cv_bridge/local/lib/python3.10/dist-packages:${PYTHONPATH} /usr/bin/cmake --build /home/shengbin/camera_ws/build/vision_opencv -- -j16 -l16
[0.871s] Invoked command in '/home/shengbin/camera_ws/build/vision_opencv' returned '0': AMENT_PREFIX_PATH=/home/shengbin/camera_ws/install/image_geometry:/home/shengbin/camera_ws/install/cv_bridge:${AMENT_PREFIX_PATH} CMAKE_PREFIX_PATH=/home/shengbin/camera_ws/install/image_geometry:/home/shengbin/camera_ws/install/cv_bridge:/opt/ros/humble LD_LIBRARY_PATH=/home/shengbin/camera_ws/install/image_geometry/lib:/home/shengbin/camera_ws/install/cv_bridge/lib:${LD_LIBRARY_PATH} PYTHONPATH=/home/shengbin/camera_ws/install/image_geometry/local/lib/python3.10/dist-packages:/home/shengbin/camera_ws/install/cv_bridge/local/lib/python3.10/dist-packages:${PYTHONPATH} /usr/bin/cmake --build /home/shengbin/camera_ws/build/vision_opencv -- -j16 -l16
[0.897s] Invoking command in '/home/shengbin/camera_ws/build/vision_opencv': AMENT_PREFIX_PATH=/home/shengbin/camera_ws/install/image_geometry:/home/shengbin/camera_ws/install/cv_bridge:${AMENT_PREFIX_PATH} CMAKE_PREFIX_PATH=/home/shengbin/camera_ws/install/image_geometry:/home/shengbin/camera_ws/install/cv_bridge:/opt/ros/humble LD_LIBRARY_PATH=/home/shengbin/camera_ws/install/image_geometry/lib:/home/shengbin/camera_ws/install/cv_bridge/lib:${LD_LIBRARY_PATH} PYTHONPATH=/home/shengbin/camera_ws/install/image_geometry/local/lib/python3.10/dist-packages:/home/shengbin/camera_ws/install/cv_bridge/local/lib/python3.10/dist-packages:${PYTHONPATH} /usr/bin/cmake --install /home/shengbin/camera_ws/build/vision_opencv
[0.907s] -- Install configuration: ""
[0.907s] -- Up-to-date: /home/shengbin/camera_ws/install/vision_opencv/share/ament_index/resource_index/package_run_dependencies/vision_opencv
[0.907s] -- Up-to-date: /home/shengbin/camera_ws/install/vision_opencv/share/ament_index/resource_index/parent_prefix_path/vision_opencv
[0.908s] -- Up-to-date: /home/shengbin/camera_ws/install/vision_opencv/share/vision_opencv/environment/ament_prefix_path.sh
[0.908s] -- Up-to-date: /home/shengbin/camera_ws/install/vision_opencv/share/vision_opencv/environment/ament_prefix_path.dsv
[0.909s] -- Up-to-date: /home/shengbin/camera_ws/install/vision_opencv/share/vision_opencv/environment/path.sh
[0.909s] -- Up-to-date: /home/shengbin/camera_ws/install/vision_opencv/share/vision_opencv/environment/path.dsv
[0.909s] -- Up-to-date: /home/shengbin/camera_ws/install/vision_opencv/share/vision_opencv/local_setup.bash
[0.910s] -- Up-to-date: /home/shengbin/camera_ws/install/vision_opencv/share/vision_opencv/local_setup.sh
[0.910s] -- Up-to-date: /home/shengbin/camera_ws/install/vision_opencv/share/vision_opencv/local_setup.zsh
[0.910s] -- Up-to-date: /home/shengbin/camera_ws/install/vision_opencv/share/vision_opencv/local_setup.dsv
[0.910s] -- Installing: /home/shengbin/camera_ws/install/vision_opencv/share/vision_opencv/package.dsv
[0.911s] -- Up-to-date: /home/shengbin/camera_ws/install/vision_opencv/share/ament_index/resource_index/packages/vision_opencv
[0.911s] -- Up-to-date: /home/shengbin/camera_ws/install/vision_opencv/share/vision_opencv/cmake/vision_opencvConfig.cmake
[0.911s] -- Up-to-date: /home/shengbin/camera_ws/install/vision_opencv/share/vision_opencv/cmake/vision_opencvConfig-version.cmake
[0.911s] -- Up-to-date: /home/shengbin/camera_ws/install/vision_opencv/share/vision_opencv/package.xml
[0.911s] Invoked command in '/home/shengbin/camera_ws/build/vision_opencv' returned '0': AMENT_PREFIX_PATH=/home/shengbin/camera_ws/install/image_geometry:/home/shengbin/camera_ws/install/cv_bridge:${AMENT_PREFIX_PATH} CMAKE_PREFIX_PATH=/home/shengbin/camera_ws/install/image_geometry:/home/shengbin/camera_ws/install/cv_bridge:/opt/ros/humble LD_LIBRARY_PATH=/home/shengbin/camera_ws/install/image_geometry/lib:/home/shengbin/camera_ws/install/cv_bridge/lib:${LD_LIBRARY_PATH} PYTHONPATH=/home/shengbin/camera_ws/install/image_geometry/local/lib/python3.10/dist-packages:/home/shengbin/camera_ws/install/cv_bridge/local/lib/python3.10/dist-packages:${PYTHONPATH} /usr/bin/cmake --install /home/shengbin/camera_ws/build/vision_opencv
