[0.839s] Invoking command in '/home/shengbin/camera_ws/src/camera': PYTHONPATH=/home/shengbin/camera_ws/build/camera/prefix_override:/home/shengbin/camera_ws/install/camera/lib/python3.10/site-packages:${PYTHONPATH} /usr/bin/python3 setup.py egg_info --egg-base ../../build/camera build --build-base /home/shengbin/camera_ws/build/camera/build install --record /home/shengbin/camera_ws/build/camera/install.log --single-version-externally-managed
[1.009s] running egg_info
[1.009s] writing ../../build/camera/camera.egg-info/PKG-INFO
[1.009s] writing dependency_links to ../../build/camera/camera.egg-info/dependency_links.txt
[1.009s] writing entry points to ../../build/camera/camera.egg-info/entry_points.txt
[1.009s] writing requirements to ../../build/camera/camera.egg-info/requires.txt
[1.009s] writing top-level names to ../../build/camera/camera.egg-info/top_level.txt
[1.011s] reading manifest file '../../build/camera/camera.egg-info/SOURCES.txt'
[1.011s] writing manifest file '../../build/camera/camera.egg-info/SOURCES.txt'
[1.011s] running build
[1.011s] running build_py
[1.012s] running install
[1.012s] running install_lib
[1.013s] running install_data
[1.014s] running install_egg_info
[1.015s] removing '/home/shengbin/camera_ws/install/camera/lib/python3.10/site-packages/camera-0.0.0-py3.10.egg-info' (and everything under it)
[1.015s] Copying ../../build/camera/camera.egg-info to /home/shengbin/camera_ws/install/camera/lib/python3.10/site-packages/camera-0.0.0-py3.10.egg-info
[1.016s] running install_scripts
[1.029s] Installing cam_oflow script to /home/shengbin/camera_ws/install/camera/lib/camera
[1.030s] Installing cam_pub script to /home/shengbin/camera_ws/install/camera/lib/camera
[1.030s] Installing cam_sub script to /home/shengbin/camera_ws/install/camera/lib/camera
[1.030s] writing list of installed files to '/home/shengbin/camera_ws/build/camera/install.log'
[1.411s] Invoked command in '/home/shengbin/camera_ws/src/camera' returned '0': PYTHONPATH=/home/shengbin/camera_ws/build/camera/prefix_override:/home/shengbin/camera_ws/install/camera/lib/python3.10/site-packages:${PYTHONPATH} /usr/bin/python3 setup.py egg_info --egg-base ../../build/camera build --build-base /home/shengbin/camera_ws/build/camera/build install --record /home/shengbin/camera_ws/build/camera/install.log --single-version-externally-managed
