[0.609s] Invoking command in '/home/shengbin/camera_ws/build/image_rotate': AMENT_PREFIX_PATH=/home/shengbin/camera_ws/install/image_transport:/home/shengbin/camera_ws/install/cv_bridge:${AMENT_PREFIX_PATH} CMAKE_PREFIX_PATH=/home/shengbin/camera_ws/install/image_transport:/home/shengbin/camera_ws/install/cv_bridge:/opt/ros/humble LD_LIBRARY_PATH=/home/shengbin/camera_ws/install/image_transport/lib:/home/shengbin/camera_ws/install/cv_bridge/lib:${LD_LIBRARY_PATH} PYTHONPATH=/home/shengbin/camera_ws/install/cv_bridge/local/lib/python3.10/dist-packages:${PYTHONPATH} /usr/bin/cmake --build /home/shengbin/camera_ws/build/image_rotate -- -j16 -l16
[0.659s] [ 50%] Built target image_rotate
[0.687s] [100%] Built target image_rotate_bin
[0.762s] Invoked command in '/home/shengbin/camera_ws/build/image_rotate' returned '0': AMENT_PREFIX_PATH=/home/shengbin/camera_ws/install/image_transport:/home/shengbin/camera_ws/install/cv_bridge:${AMENT_PREFIX_PATH} CMAKE_PREFIX_PATH=/home/shengbin/camera_ws/install/image_transport:/home/shengbin/camera_ws/install/cv_bridge:/opt/ros/humble LD_LIBRARY_PATH=/home/shengbin/camera_ws/install/image_transport/lib:/home/shengbin/camera_ws/install/cv_bridge/lib:${LD_LIBRARY_PATH} PYTHONPATH=/home/shengbin/camera_ws/install/cv_bridge/local/lib/python3.10/dist-packages:${PYTHONPATH} /usr/bin/cmake --build /home/shengbin/camera_ws/build/image_rotate -- -j16 -l16
[0.912s] Invoking command in '/home/shengbin/camera_ws/build/image_rotate': AMENT_PREFIX_PATH=/home/shengbin/camera_ws/install/image_transport:/home/shengbin/camera_ws/install/cv_bridge:${AMENT_PREFIX_PATH} CMAKE_PREFIX_PATH=/home/shengbin/camera_ws/install/image_transport:/home/shengbin/camera_ws/install/cv_bridge:/opt/ros/humble LD_LIBRARY_PATH=/home/shengbin/camera_ws/install/image_transport/lib:/home/shengbin/camera_ws/install/cv_bridge/lib:${LD_LIBRARY_PATH} PYTHONPATH=/home/shengbin/camera_ws/install/cv_bridge/local/lib/python3.10/dist-packages:${PYTHONPATH} /usr/bin/cmake --install /home/shengbin/camera_ws/build/image_rotate
[1.049s] -- Install configuration: ""
[1.049s] -- Up-to-date: /home/shengbin/camera_ws/install/image_rotate/include
[1.049s] -- Up-to-date: /home/shengbin/camera_ws/install/image_rotate/include/image_rotate
[1.049s] -- Up-to-date: /home/shengbin/camera_ws/install/image_rotate/include/image_rotate/visibility.h
[1.049s] -- Up-to-date: /home/shengbin/camera_ws/install/image_rotate/include/image_rotate/image_rotate_node.hpp
[1.049s] -- Up-to-date: /home/shengbin/camera_ws/install/image_rotate/share/image_rotate/environment/library_path.sh
[1.049s] -- Up-to-date: /home/shengbin/camera_ws/install/image_rotate/share/image_rotate/environment/library_path.dsv
[1.049s] -- Up-to-date: /home/shengbin/camera_ws/install/image_rotate/lib/libimage_rotate.so
[1.049s] -- Up-to-date: /home/shengbin/camera_ws/install/image_rotate/lib/image_rotate/image_rotate
[1.049s] -- Up-to-date: /home/shengbin/camera_ws/install/image_rotate/share/image_rotate/launch
[1.050s] -- Up-to-date: /home/shengbin/camera_ws/install/image_rotate/share/image_rotate/launch/image_rotate.launch.py
[1.050s] -- Up-to-date: /home/shengbin/camera_ws/install/image_rotate/share/ament_index/resource_index/package_run_dependencies/image_rotate
[1.050s] -- Up-to-date: /home/shengbin/camera_ws/install/image_rotate/share/ament_index/resource_index/parent_prefix_path/image_rotate
[1.050s] -- Up-to-date: /home/shengbin/camera_ws/install/image_rotate/share/image_rotate/environment/ament_prefix_path.sh
[1.050s] -- Up-to-date: /home/shengbin/camera_ws/install/image_rotate/share/image_rotate/environment/ament_prefix_path.dsv
[1.050s] -- Up-to-date: /home/shengbin/camera_ws/install/image_rotate/share/image_rotate/environment/path.sh
[1.050s] -- Up-to-date: /home/shengbin/camera_ws/install/image_rotate/share/image_rotate/environment/path.dsv
[1.050s] -- Up-to-date: /home/shengbin/camera_ws/install/image_rotate/share/image_rotate/local_setup.bash
[1.050s] -- Up-to-date: /home/shengbin/camera_ws/install/image_rotate/share/image_rotate/local_setup.sh
[1.050s] -- Up-to-date: /home/shengbin/camera_ws/install/image_rotate/share/image_rotate/local_setup.zsh
[1.050s] -- Up-to-date: /home/shengbin/camera_ws/install/image_rotate/share/image_rotate/local_setup.dsv
[1.051s] -- Installing: /home/shengbin/camera_ws/install/image_rotate/share/image_rotate/package.dsv
[1.051s] -- Up-to-date: /home/shengbin/camera_ws/install/image_rotate/share/ament_index/resource_index/packages/image_rotate
[1.051s] -- Up-to-date: /home/shengbin/camera_ws/install/image_rotate/share/ament_index/resource_index/rclcpp_components/image_rotate
[1.051s] -- Up-to-date: /home/shengbin/camera_ws/install/image_rotate/share/image_rotate/cmake/ament_cmake_export_dependencies-extras.cmake
[1.051s] -- Up-to-date: /home/shengbin/camera_ws/install/image_rotate/share/image_rotate/cmake/ament_cmake_export_include_directories-extras.cmake
[1.051s] -- Up-to-date: /home/shengbin/camera_ws/install/image_rotate/share/image_rotate/cmake/ament_cmake_export_libraries-extras.cmake
[1.051s] -- Up-to-date: /home/shengbin/camera_ws/install/image_rotate/share/image_rotate/cmake/image_rotateConfig.cmake
[1.051s] -- Up-to-date: /home/shengbin/camera_ws/install/image_rotate/share/image_rotate/cmake/image_rotateConfig-version.cmake
[1.051s] -- Up-to-date: /home/shengbin/camera_ws/install/image_rotate/share/image_rotate/package.xml
[1.223s] Invoked command in '/home/shengbin/camera_ws/build/image_rotate' returned '0': AMENT_PREFIX_PATH=/home/shengbin/camera_ws/install/image_transport:/home/shengbin/camera_ws/install/cv_bridge:${AMENT_PREFIX_PATH} CMAKE_PREFIX_PATH=/home/shengbin/camera_ws/install/image_transport:/home/shengbin/camera_ws/install/cv_bridge:/opt/ros/humble LD_LIBRARY_PATH=/home/shengbin/camera_ws/install/image_transport/lib:/home/shengbin/camera_ws/install/cv_bridge/lib:${LD_LIBRARY_PATH} PYTHONPATH=/home/shengbin/camera_ws/install/cv_bridge/local/lib/python3.10/dist-packages:${PYTHONPATH} /usr/bin/cmake --install /home/shengbin/camera_ws/build/image_rotate
