[0.477s] Invoking command in '/home/shengbin/camera_ws/build/depth_image_proc': AMENT_PREFIX_PATH=/home/shengbin/camera_ws/install/image_transport:/home/shengbin/camera_ws/install/image_geometry:/home/shengbin/camera_ws/install/cv_bridge:${AMENT_PREFIX_PATH} CMAKE_PREFIX_PATH=/home/shengbin/camera_ws/install/image_transport:/home/shengbin/camera_ws/install/image_geometry:/home/shengbin/camera_ws/install/cv_bridge:/opt/ros/humble LD_LIBRARY_PATH=/home/shengbin/camera_ws/install/image_transport/lib:/home/shengbin/camera_ws/install/image_geometry/lib:/home/shengbin/camera_ws/install/cv_bridge/lib:${LD_LIBRARY_PATH} PYTHONPATH=/home/shengbin/camera_ws/install/image_geometry/local/lib/python3.10/dist-packages:/home/shengbin/camera_ws/install/cv_bridge/local/lib/python3.10/dist-packages:${PYTHONPATH} /usr/bin/cmake --build /home/shengbin/camera_ws/build/depth_image_proc -- -j16 -l16
[0.743s] [35m[1mConsolidate compiler generated dependencies of target depth_image_proc[0m
[0.743s] [100%] Built target depth_image_proc
[0.756s] Invoked command in '/home/shengbin/camera_ws/build/depth_image_proc' returned '0': AMENT_PREFIX_PATH=/home/shengbin/camera_ws/install/image_transport:/home/shengbin/camera_ws/install/image_geometry:/home/shengbin/camera_ws/install/cv_bridge:${AMENT_PREFIX_PATH} CMAKE_PREFIX_PATH=/home/shengbin/camera_ws/install/image_transport:/home/shengbin/camera_ws/install/image_geometry:/home/shengbin/camera_ws/install/cv_bridge:/opt/ros/humble LD_LIBRARY_PATH=/home/shengbin/camera_ws/install/image_transport/lib:/home/shengbin/camera_ws/install/image_geometry/lib:/home/shengbin/camera_ws/install/cv_bridge/lib:${LD_LIBRARY_PATH} PYTHONPATH=/home/shengbin/camera_ws/install/image_geometry/local/lib/python3.10/dist-packages:/home/shengbin/camera_ws/install/cv_bridge/local/lib/python3.10/dist-packages:${PYTHONPATH} /usr/bin/cmake --build /home/shengbin/camera_ws/build/depth_image_proc -- -j16 -l16
[0.961s] Invoking command in '/home/shengbin/camera_ws/build/depth_image_proc': AMENT_PREFIX_PATH=/home/shengbin/camera_ws/install/image_transport:/home/shengbin/camera_ws/install/image_geometry:/home/shengbin/camera_ws/install/cv_bridge:${AMENT_PREFIX_PATH} CMAKE_PREFIX_PATH=/home/shengbin/camera_ws/install/image_transport:/home/shengbin/camera_ws/install/image_geometry:/home/shengbin/camera_ws/install/cv_bridge:/opt/ros/humble LD_LIBRARY_PATH=/home/shengbin/camera_ws/install/image_transport/lib:/home/shengbin/camera_ws/install/image_geometry/lib:/home/shengbin/camera_ws/install/cv_bridge/lib:${LD_LIBRARY_PATH} PYTHONPATH=/home/shengbin/camera_ws/install/image_geometry/local/lib/python3.10/dist-packages:/home/shengbin/camera_ws/install/cv_bridge/local/lib/python3.10/dist-packages:${PYTHONPATH} /usr/bin/cmake --install /home/shengbin/camera_ws/build/depth_image_proc
[1.160s] -- Install configuration: ""
[1.160s] -- Up-to-date: /home/shengbin/camera_ws/install/depth_image_proc/include
[1.160s] -- Up-to-date: /home/shengbin/camera_ws/install/depth_image_proc/include/depth_image_proc
[1.161s] -- Up-to-date: /home/shengbin/camera_ws/install/depth_image_proc/include/depth_image_proc/point_cloud_xyzrgb_radial.hpp
[1.161s] -- Up-to-date: /home/shengbin/camera_ws/install/depth_image_proc/include/depth_image_proc/point_cloud_xyzrgb.hpp
[1.161s] -- Up-to-date: /home/shengbin/camera_ws/install/depth_image_proc/include/depth_image_proc/point_cloud_xyz_radial.hpp
[1.162s] -- Up-to-date: /home/shengbin/camera_ws/install/depth_image_proc/include/depth_image_proc/point_cloud_xyzi.hpp
[1.162s] -- Up-to-date: /home/shengbin/camera_ws/install/depth_image_proc/include/depth_image_proc/conversions.hpp
[1.163s] -- Up-to-date: /home/shengbin/camera_ws/install/depth_image_proc/include/depth_image_proc/point_cloud_xyz.hpp
[1.163s] -- Up-to-date: /home/shengbin/camera_ws/install/depth_image_proc/include/depth_image_proc/visibility.h
[1.163s] -- Up-to-date: /home/shengbin/camera_ws/install/depth_image_proc/include/depth_image_proc/depth_traits.hpp
[1.163s] -- Up-to-date: /home/shengbin/camera_ws/install/depth_image_proc/include/depth_image_proc/point_cloud_xyzi_radial.hpp
[1.164s] -- Up-to-date: /home/shengbin/camera_ws/install/depth_image_proc/share/depth_image_proc/environment/library_path.sh
[1.164s] -- Up-to-date: /home/shengbin/camera_ws/install/depth_image_proc/share/depth_image_proc/environment/library_path.dsv
[1.164s] -- Up-to-date: /home/shengbin/camera_ws/install/depth_image_proc/lib/libdepth_image_proc.so
[1.165s] -- Up-to-date: /home/shengbin/camera_ws/install/depth_image_proc/share/depth_image_proc/launch
[1.165s] -- Up-to-date: /home/shengbin/camera_ws/install/depth_image_proc/share/depth_image_proc/launch/point_cloud_xyz_radial.launch.py
[1.166s] -- Up-to-date: /home/shengbin/camera_ws/install/depth_image_proc/share/depth_image_proc/launch/point_cloud_xyzi.launch.py
[1.166s] -- Up-to-date: /home/shengbin/camera_ws/install/depth_image_proc/share/depth_image_proc/launch/rviz
[1.166s] -- Up-to-date: /home/shengbin/camera_ws/install/depth_image_proc/share/depth_image_proc/launch/rviz/convert_metric.rviz
[1.167s] -- Up-to-date: /home/shengbin/camera_ws/install/depth_image_proc/share/depth_image_proc/launch/rviz/point_cloud_xyz_radial.rviz
[1.167s] -- Up-to-date: /home/shengbin/camera_ws/install/depth_image_proc/share/depth_image_proc/launch/rviz/point_cloud_xyzi.rviz
[1.168s] -- Up-to-date: /home/shengbin/camera_ws/install/depth_image_proc/share/depth_image_proc/launch/rviz/crop_formost.rviz
[1.168s] -- Up-to-date: /home/shengbin/camera_ws/install/depth_image_proc/share/depth_image_proc/launch/rviz/disparity.rviz
[1.169s] -- Up-to-date: /home/shengbin/camera_ws/install/depth_image_proc/share/depth_image_proc/launch/rviz/point_cloud_xyzrgb.rviz
[1.169s] -- Up-to-date: /home/shengbin/camera_ws/install/depth_image_proc/share/depth_image_proc/launch/rviz/point_cloud_xyz.rviz
[1.169s] -- Up-to-date: /home/shengbin/camera_ws/install/depth_image_proc/share/depth_image_proc/launch/rviz/register.rviz
[1.170s] -- Up-to-date: /home/shengbin/camera_ws/install/depth_image_proc/share/depth_image_proc/launch/point_cloud_xyzrgb.launch.py
[1.170s] -- Up-to-date: /home/shengbin/camera_ws/install/depth_image_proc/share/depth_image_proc/launch/point_cloud_xyzi_radial.launch.py
[1.170s] -- Up-to-date: /home/shengbin/camera_ws/install/depth_image_proc/share/depth_image_proc/launch/crop_foremost.launch.py
[1.171s] -- Up-to-date: /home/shengbin/camera_ws/install/depth_image_proc/share/depth_image_proc/launch/convert_metric.launch.py
[1.172s] -- Up-to-date: /home/shengbin/camera_ws/install/depth_image_proc/share/depth_image_proc/launch/register.launch.py
[1.173s] -- Up-to-date: /home/shengbin/camera_ws/install/depth_image_proc/share/depth_image_proc/launch/point_cloud_xyz.launch.py
[1.173s] -- Up-to-date: /home/shengbin/camera_ws/install/depth_image_proc/share/depth_image_proc/launch/point_cloud_xyzrgb_radial.launch.py
[1.173s] -- Up-to-date: /home/shengbin/camera_ws/install/depth_image_proc/share/depth_image_proc/launch/disparity.launch.py
[1.174s] -- Up-to-date: /home/shengbin/camera_ws/install/depth_image_proc/share/ament_index/resource_index/package_run_dependencies/depth_image_proc
[1.174s] -- Up-to-date: /home/shengbin/camera_ws/install/depth_image_proc/share/ament_index/resource_index/parent_prefix_path/depth_image_proc
[1.174s] -- Up-to-date: /home/shengbin/camera_ws/install/depth_image_proc/share/depth_image_proc/environment/ament_prefix_path.sh
[1.174s] -- Up-to-date: /home/shengbin/camera_ws/install/depth_image_proc/share/depth_image_proc/environment/ament_prefix_path.dsv
[1.175s] -- Up-to-date: /home/shengbin/camera_ws/install/depth_image_proc/share/depth_image_proc/environment/path.sh
[1.175s] -- Up-to-date: /home/shengbin/camera_ws/install/depth_image_proc/share/depth_image_proc/environment/path.dsv
[1.175s] -- Up-to-date: /home/shengbin/camera_ws/install/depth_image_proc/share/depth_image_proc/local_setup.bash
[1.176s] -- Up-to-date: /home/shengbin/camera_ws/install/depth_image_proc/share/depth_image_proc/local_setup.sh
[1.176s] -- Up-to-date: /home/shengbin/camera_ws/install/depth_image_proc/share/depth_image_proc/local_setup.zsh
[1.176s] -- Up-to-date: /home/shengbin/camera_ws/install/depth_image_proc/share/depth_image_proc/local_setup.dsv
[1.176s] -- Installing: /home/shengbin/camera_ws/install/depth_image_proc/share/depth_image_proc/package.dsv
[1.177s] -- Up-to-date: /home/shengbin/camera_ws/install/depth_image_proc/share/ament_index/resource_index/packages/depth_image_proc
[1.178s] -- Up-to-date: /home/shengbin/camera_ws/install/depth_image_proc/share/ament_index/resource_index/rclcpp_components/depth_image_proc
[1.178s] -- Up-to-date: /home/shengbin/camera_ws/install/depth_image_proc/share/depth_image_proc/cmake/ament_cmake_export_dependencies-extras.cmake
[1.178s] -- Up-to-date: /home/shengbin/camera_ws/install/depth_image_proc/share/depth_image_proc/cmake/ament_cmake_export_include_directories-extras.cmake
[1.179s] -- Up-to-date: /home/shengbin/camera_ws/install/depth_image_proc/share/depth_image_proc/cmake/ament_cmake_export_libraries-extras.cmake
[1.179s] -- Up-to-date: /home/shengbin/camera_ws/install/depth_image_proc/share/depth_image_proc/cmake/depth_image_procConfig.cmake
[1.179s] -- Up-to-date: /home/shengbin/camera_ws/install/depth_image_proc/share/depth_image_proc/cmake/depth_image_procConfig-version.cmake
[1.180s] -- Up-to-date: /home/shengbin/camera_ws/install/depth_image_proc/share/depth_image_proc/package.xml
[1.432s] Invoked command in '/home/shengbin/camera_ws/build/depth_image_proc' returned '0': AMENT_PREFIX_PATH=/home/shengbin/camera_ws/install/image_transport:/home/shengbin/camera_ws/install/image_geometry:/home/shengbin/camera_ws/install/cv_bridge:${AMENT_PREFIX_PATH} CMAKE_PREFIX_PATH=/home/shengbin/camera_ws/install/image_transport:/home/shengbin/camera_ws/install/image_geometry:/home/shengbin/camera_ws/install/cv_bridge:/opt/ros/humble LD_LIBRARY_PATH=/home/shengbin/camera_ws/install/image_transport/lib:/home/shengbin/camera_ws/install/image_geometry/lib:/home/shengbin/camera_ws/install/cv_bridge/lib:${LD_LIBRARY_PATH} PYTHONPATH=/home/shengbin/camera_ws/install/image_geometry/local/lib/python3.10/dist-packages:/home/shengbin/camera_ws/install/cv_bridge/local/lib/python3.10/dist-packages:${PYTHONPATH} /usr/bin/cmake --install /home/shengbin/camera_ws/build/depth_image_proc
