[0.056s] Invoking command in '/home/shengbin/camera_ws/build/v4l2_camera': AMENT_PREFIX_PATH=/home/shengbin/camera_ws/install/camera_info_manager:/home/shengbin/camera_ws/install/image_transport:/home/shengbin/camera_ws/install/cv_bridge:/home/shengbin/camera_ws/install/camera_calibration_parsers:${AMENT_PREFIX_PATH} CMAKE_PREFIX_PATH=/home/shengbin/camera_ws/install/camera_info_manager:/home/shengbin/camera_ws/install/image_transport:/home/shengbin/camera_ws/install/cv_bridge:/home/shengbin/camera_ws/install/camera_calibration_parsers:/opt/ros/humble LD_LIBRARY_PATH=/home/shengbin/camera_ws/install/camera_info_manager/lib:/home/shengbin/camera_ws/install/image_transport/lib:/home/shengbin/camera_ws/install/cv_bridge/lib:/home/shengbin/camera_ws/install/camera_calibration_parsers/lib:${LD_LIBRARY_PATH} PYTHONPATH=/home/shengbin/camera_ws/install/cv_bridge/local/lib/python3.10/dist-packages:${PYTHONPATH} /usr/bin/cmake /home/shengbin/camera_ws/src/ros2_v4l2_camera -DCMAKE_INSTALL_PREFIX=/home/shengbin/camera_ws/install/v4l2_camera
[0.098s] -- The C compiler identification is GNU 11.4.0
[0.174s] -- The CXX compiler identification is GNU 11.4.0
[0.185s] -- Detecting C compiler ABI info
[0.260s] -- Detecting C compiler ABI info - done
[0.274s] -- Check for working C compiler: /usr/bin/cc - skipped
[0.274s] -- Detecting C compile features
[0.275s] -- Detecting C compile features - done
[0.279s] -- Detecting CXX compiler ABI info
[0.394s] -- Detecting CXX compiler ABI info - done
[0.404s] -- Check for working CXX compiler: /usr/bin/c++ - skipped
[0.404s] -- Detecting CXX compile features
[0.405s] -- Detecting CXX compile features - done
[0.408s] -- Found ament_cmake: 1.3.5 (/opt/ros/humble/share/ament_cmake/cmake)
[0.646s] -- Found Python3: /usr/bin/python3.10 (found version "3.10.12") found components: Interpreter 
[0.749s] -- Found ament_cmake_ros: 0.10.0 (/opt/ros/humble/share/ament_cmake_ros/cmake)
[0.761s] -- Found rclcpp: 16.0.6 (/opt/ros/humble/share/rclcpp/cmake)
[0.832s] -- Found rosidl_generator_c: 3.1.5 (/opt/ros/humble/share/rosidl_generator_c/cmake)
[0.839s] -- Found rosidl_adapter: 3.1.5 (/opt/ros/humble/share/rosidl_adapter/cmake)
[0.852s] -- Found rosidl_generator_cpp: 3.1.5 (/opt/ros/humble/share/rosidl_generator_cpp/cmake)
[0.874s] -- Using all available rosidl_typesupport_c: rosidl_typesupport_fastrtps_c;rosidl_typesupport_introspection_c
[0.906s] -- Using all available rosidl_typesupport_cpp: rosidl_typesupport_fastrtps_cpp;rosidl_typesupport_introspection_cpp
[1.022s] -- Found rmw_implementation_cmake: 6.1.1 (/opt/ros/humble/share/rmw_implementation_cmake/cmake)
[1.026s] -- Found rmw_cyclonedds_cpp: 1.3.4 (/opt/ros/humble/share/rmw_cyclonedds_cpp/cmake)
[1.078s] -- Using RMW implementation 'rmw_cyclonedds_cpp' as default
[1.093s] -- Looking for pthread.h
[1.186s] -- Looking for pthread.h - found
[1.186s] -- Performing Test CMAKE_HAVE_LIBC_PTHREAD
[1.281s] -- Performing Test CMAKE_HAVE_LIBC_PTHREAD - Success
[1.282s] -- Found Threads: TRUE  
[1.529s] -- Found rclcpp_components: 16.0.6 (/opt/ros/humble/share/rclcpp_components/cmake)
[1.605s] -- Found camera_info_manager: 3.1.7 (/home/shengbin/camera_ws/install/camera_info_manager/share/camera_info_manager/cmake)
[1.811s] -- Found cv_bridge: 3.2.1 (/home/shengbin/camera_ws/install/cv_bridge/share/cv_bridge/cmake)
[1.827s] -- Found image_transport: 3.1.7 (/home/shengbin/camera_ws/install/image_transport/share/image_transport/cmake)
[1.872s] -- Found ament_lint_auto: 0.12.8 (/opt/ros/humble/share/ament_lint_auto/cmake)
[2.011s] -- Added test 'cppcheck' to perform static code analysis on C / C++ code
[2.011s] -- Configured cppcheck include dirs: $<BUILD_INTERFACE:/home/shengbin/camera_ws/src/ros2_v4l2_camera/include>
[2.011s] -- Configured cppcheck exclude dirs and/or files: 
[2.013s] -- Added test 'cpplint' to check C / C++ code against the Google style
[2.014s] -- Configured cpplint exclude dirs and/or files: 
[2.015s] -- Added test 'lint_cmake' to check CMake code style
[2.017s] -- Added test 'uncrustify' to check C / C++ code style
[2.017s] -- Configured uncrustify additional arguments: 
[2.018s] -- Added test 'xmllint' to check XML markup files
[2.021s] -- Configuring done
[2.042s] -- Generating done
[2.044s] -- Build files have been written to: /home/shengbin/camera_ws/build/v4l2_camera
[2.055s] Invoked command in '/home/shengbin/camera_ws/build/v4l2_camera' returned '0': AMENT_PREFIX_PATH=/home/shengbin/camera_ws/install/camera_info_manager:/home/shengbin/camera_ws/install/image_transport:/home/shengbin/camera_ws/install/cv_bridge:/home/shengbin/camera_ws/install/camera_calibration_parsers:${AMENT_PREFIX_PATH} CMAKE_PREFIX_PATH=/home/shengbin/camera_ws/install/camera_info_manager:/home/shengbin/camera_ws/install/image_transport:/home/shengbin/camera_ws/install/cv_bridge:/home/shengbin/camera_ws/install/camera_calibration_parsers:/opt/ros/humble LD_LIBRARY_PATH=/home/shengbin/camera_ws/install/camera_info_manager/lib:/home/shengbin/camera_ws/install/image_transport/lib:/home/shengbin/camera_ws/install/cv_bridge/lib:/home/shengbin/camera_ws/install/camera_calibration_parsers/lib:${LD_LIBRARY_PATH} PYTHONPATH=/home/shengbin/camera_ws/install/cv_bridge/local/lib/python3.10/dist-packages:${PYTHONPATH} /usr/bin/cmake /home/shengbin/camera_ws/src/ros2_v4l2_camera -DCMAKE_INSTALL_PREFIX=/home/shengbin/camera_ws/install/v4l2_camera
[2.058s] Invoking command in '/home/shengbin/camera_ws/build/v4l2_camera': AMENT_PREFIX_PATH=/home/shengbin/camera_ws/install/camera_info_manager:/home/shengbin/camera_ws/install/image_transport:/home/shengbin/camera_ws/install/cv_bridge:/home/shengbin/camera_ws/install/camera_calibration_parsers:${AMENT_PREFIX_PATH} CMAKE_PREFIX_PATH=/home/shengbin/camera_ws/install/camera_info_manager:/home/shengbin/camera_ws/install/image_transport:/home/shengbin/camera_ws/install/cv_bridge:/home/shengbin/camera_ws/install/camera_calibration_parsers:/opt/ros/humble LD_LIBRARY_PATH=/home/shengbin/camera_ws/install/camera_info_manager/lib:/home/shengbin/camera_ws/install/image_transport/lib:/home/shengbin/camera_ws/install/cv_bridge/lib:/home/shengbin/camera_ws/install/camera_calibration_parsers/lib:${LD_LIBRARY_PATH} PYTHONPATH=/home/shengbin/camera_ws/install/cv_bridge/local/lib/python3.10/dist-packages:${PYTHONPATH} /usr/bin/cmake --build /home/shengbin/camera_ws/build/v4l2_camera -- -j16 -l16
[2.136s] [ 12%] [32mBuilding CXX object CMakeFiles/v4l2_camera.dir/src/parameters.cpp.o[0m
[2.139s] [ 25%] [32mBuilding CXX object CMakeFiles/v4l2_camera.dir/src/v4l2_camera_device.cpp.o[0m
[2.141s] [ 37%] [32mBuilding CXX object CMakeFiles/v4l2_camera.dir/src/v4l2_camera.cpp.o[0m
[28.949s] [ 50%] [32m[1mLinking CXX shared library libv4l2_camera.so[0m
[33.648s] [ 50%] Built target v4l2_camera
[33.682s] [ 62%] [32mBuilding CXX object CMakeFiles/v4l2_camera_node.dir/src/v4l2_camera_node.cpp.o[0m
[33.793s] [ 75%] [32mBuilding CXX object CMakeFiles/v4l2_camera_compose_test.dir/src/v4l2_camera_compose_test.cpp.o[0m
[37.223s] [ 87%] [32m[1mLinking CXX executable v4l2_camera_node[0m
[37.814s] [ 87%] Built target v4l2_camera_node
[43.233s] [100%] [32m[1mLinking CXX executable v4l2_camera_compose_test[0m
[44.012s] [100%] Built target v4l2_camera_compose_test
[44.041s] Invoked command in '/home/shengbin/camera_ws/build/v4l2_camera' returned '0': AMENT_PREFIX_PATH=/home/shengbin/camera_ws/install/camera_info_manager:/home/shengbin/camera_ws/install/image_transport:/home/shengbin/camera_ws/install/cv_bridge:/home/shengbin/camera_ws/install/camera_calibration_parsers:${AMENT_PREFIX_PATH} CMAKE_PREFIX_PATH=/home/shengbin/camera_ws/install/camera_info_manager:/home/shengbin/camera_ws/install/image_transport:/home/shengbin/camera_ws/install/cv_bridge:/home/shengbin/camera_ws/install/camera_calibration_parsers:/opt/ros/humble LD_LIBRARY_PATH=/home/shengbin/camera_ws/install/camera_info_manager/lib:/home/shengbin/camera_ws/install/image_transport/lib:/home/shengbin/camera_ws/install/cv_bridge/lib:/home/shengbin/camera_ws/install/camera_calibration_parsers/lib:${LD_LIBRARY_PATH} PYTHONPATH=/home/shengbin/camera_ws/install/cv_bridge/local/lib/python3.10/dist-packages:${PYTHONPATH} /usr/bin/cmake --build /home/shengbin/camera_ws/build/v4l2_camera -- -j16 -l16
[44.074s] Invoking command in '/home/shengbin/camera_ws/build/v4l2_camera': AMENT_PREFIX_PATH=/home/shengbin/camera_ws/install/camera_info_manager:/home/shengbin/camera_ws/install/image_transport:/home/shengbin/camera_ws/install/cv_bridge:/home/shengbin/camera_ws/install/camera_calibration_parsers:${AMENT_PREFIX_PATH} CMAKE_PREFIX_PATH=/home/shengbin/camera_ws/install/camera_info_manager:/home/shengbin/camera_ws/install/image_transport:/home/shengbin/camera_ws/install/cv_bridge:/home/shengbin/camera_ws/install/camera_calibration_parsers:/opt/ros/humble LD_LIBRARY_PATH=/home/shengbin/camera_ws/install/camera_info_manager/lib:/home/shengbin/camera_ws/install/image_transport/lib:/home/shengbin/camera_ws/install/cv_bridge/lib:/home/shengbin/camera_ws/install/camera_calibration_parsers/lib:${LD_LIBRARY_PATH} PYTHONPATH=/home/shengbin/camera_ws/install/cv_bridge/local/lib/python3.10/dist-packages:${PYTHONPATH} /usr/bin/cmake --install /home/shengbin/camera_ws/build/v4l2_camera
[44.081s] -- Install configuration: ""
[44.081s] -- Installing: /home/shengbin/camera_ws/install/v4l2_camera/include
[44.081s] -- Installing: /home/shengbin/camera_ws/install/v4l2_camera/include/v4l2_camera
[44.081s] -- Installing: /home/shengbin/camera_ws/install/v4l2_camera/include/v4l2_camera/parameters.hpp
[44.081s] -- Installing: /home/shengbin/camera_ws/install/v4l2_camera/include/v4l2_camera/v4l2_camera.hpp
[44.082s] -- Installing: /home/shengbin/camera_ws/install/v4l2_camera/include/v4l2_camera/fourcc.hpp
[44.082s] -- Installing: /home/shengbin/camera_ws/install/v4l2_camera/include/v4l2_camera/image_format.hpp
[44.082s] -- Installing: /home/shengbin/camera_ws/install/v4l2_camera/include/v4l2_camera/pixel_format.hpp
[44.082s] -- Installing: /home/shengbin/camera_ws/install/v4l2_camera/include/v4l2_camera/control.hpp
[44.082s] -- Installing: /home/shengbin/camera_ws/install/v4l2_camera/include/v4l2_camera/visibility_control.h
[44.082s] -- Installing: /home/shengbin/camera_ws/install/v4l2_camera/include/v4l2_camera/v4l2_camera_device.hpp
[44.082s] -- Installing: /home/shengbin/camera_ws/install/v4l2_camera/lib/libv4l2_camera.so
[44.088s] -- Set runtime path of "/home/shengbin/camera_ws/install/v4l2_camera/lib/libv4l2_camera.so" to ""
[44.088s] -- Installing: /home/shengbin/camera_ws/install/v4l2_camera/lib/v4l2_camera/v4l2_camera_node
[44.088s] -- Set runtime path of "/home/shengbin/camera_ws/install/v4l2_camera/lib/v4l2_camera/v4l2_camera_node" to ""
[44.088s] -- Installing: /home/shengbin/camera_ws/install/v4l2_camera/lib/v4l2_camera/v4l2_camera_compose_test
[44.092s] -- Set runtime path of "/home/shengbin/camera_ws/install/v4l2_camera/lib/v4l2_camera/v4l2_camera_compose_test" to ""
[44.092s] -- Installing: /home/shengbin/camera_ws/install/v4l2_camera/share/v4l2_camera/environment/library_path.sh
[44.092s] -- Installing: /home/shengbin/camera_ws/install/v4l2_camera/share/v4l2_camera/environment/library_path.dsv
[44.093s] -- Installing: /home/shengbin/camera_ws/install/v4l2_camera/share/ament_index/resource_index/package_run_dependencies/v4l2_camera
[44.093s] -- Installing: /home/shengbin/camera_ws/install/v4l2_camera/share/ament_index/resource_index/parent_prefix_path/v4l2_camera
[44.093s] -- Installing: /home/shengbin/camera_ws/install/v4l2_camera/share/v4l2_camera/environment/ament_prefix_path.sh
[44.094s] -- Installing: /home/shengbin/camera_ws/install/v4l2_camera/share/v4l2_camera/environment/ament_prefix_path.dsv
[44.094s] -- Installing: /home/shengbin/camera_ws/install/v4l2_camera/share/v4l2_camera/environment/path.sh
[44.094s] -- Installing: /home/shengbin/camera_ws/install/v4l2_camera/share/v4l2_camera/environment/path.dsv
[44.094s] -- Installing: /home/shengbin/camera_ws/install/v4l2_camera/share/v4l2_camera/local_setup.bash
[44.094s] -- Installing: /home/shengbin/camera_ws/install/v4l2_camera/share/v4l2_camera/local_setup.sh
[44.094s] -- Installing: /home/shengbin/camera_ws/install/v4l2_camera/share/v4l2_camera/local_setup.zsh
[44.095s] -- Installing: /home/shengbin/camera_ws/install/v4l2_camera/share/v4l2_camera/local_setup.dsv
[44.095s] -- Installing: /home/shengbin/camera_ws/install/v4l2_camera/share/v4l2_camera/package.dsv
[44.095s] -- Installing: /home/shengbin/camera_ws/install/v4l2_camera/share/ament_index/resource_index/packages/v4l2_camera
[44.095s] -- Installing: /home/shengbin/camera_ws/install/v4l2_camera/share/ament_index/resource_index/rclcpp_components/v4l2_camera
[44.097s] -- Installing: /home/shengbin/camera_ws/install/v4l2_camera/share/v4l2_camera/cmake/export_v4l2_cameraExport.cmake
[44.097s] -- Installing: /home/shengbin/camera_ws/install/v4l2_camera/share/v4l2_camera/cmake/export_v4l2_cameraExport-noconfig.cmake
[44.098s] -- Installing: /home/shengbin/camera_ws/install/v4l2_camera/share/v4l2_camera/cmake/ament_cmake_export_include_directories-extras.cmake
[44.098s] -- Installing: /home/shengbin/camera_ws/install/v4l2_camera/share/v4l2_camera/cmake/ament_cmake_export_targets-extras.cmake
[44.099s] -- Installing: /home/shengbin/camera_ws/install/v4l2_camera/share/v4l2_camera/cmake/ament_cmake_export_libraries-extras.cmake
[44.099s] -- Installing: /home/shengbin/camera_ws/install/v4l2_camera/share/v4l2_camera/cmake/ament_cmake_export_dependencies-extras.cmake
[44.099s] -- Installing: /home/shengbin/camera_ws/install/v4l2_camera/share/v4l2_camera/cmake/v4l2_cameraConfig.cmake
[44.099s] -- Installing: /home/shengbin/camera_ws/install/v4l2_camera/share/v4l2_camera/cmake/v4l2_cameraConfig-version.cmake
[44.100s] -- Installing: /home/shengbin/camera_ws/install/v4l2_camera/share/v4l2_camera/package.xml
[44.169s] Invoked command in '/home/shengbin/camera_ws/build/v4l2_camera' returned '0': AMENT_PREFIX_PATH=/home/shengbin/camera_ws/install/camera_info_manager:/home/shengbin/camera_ws/install/image_transport:/home/shengbin/camera_ws/install/cv_bridge:/home/shengbin/camera_ws/install/camera_calibration_parsers:${AMENT_PREFIX_PATH} CMAKE_PREFIX_PATH=/home/shengbin/camera_ws/install/camera_info_manager:/home/shengbin/camera_ws/install/image_transport:/home/shengbin/camera_ws/install/cv_bridge:/home/shengbin/camera_ws/install/camera_calibration_parsers:/opt/ros/humble LD_LIBRARY_PATH=/home/shengbin/camera_ws/install/camera_info_manager/lib:/home/shengbin/camera_ws/install/image_transport/lib:/home/shengbin/camera_ws/install/cv_bridge/lib:/home/shengbin/camera_ws/install/camera_calibration_parsers/lib:${LD_LIBRARY_PATH} PYTHONPATH=/home/shengbin/camera_ws/install/cv_bridge/local/lib/python3.10/dist-packages:${PYTHONPATH} /usr/bin/cmake --install /home/shengbin/camera_ws/build/v4l2_camera
