-- The C compiler identification is GNU 11.4.0
-- The CXX compiler identification is GNU 11.4.0
-- Detecting C compiler ABI info
-- Detecting C compiler ABI info - done
-- Check for working C compiler: /usr/bin/cc - skipped
-- Detecting C compile features
-- Detecting C compile features - done
-- Detecting CXX compiler ABI info
-- Detecting CXX compiler ABI info - done
-- Check for working CXX compiler: /usr/bin/c++ - skipped
-- Detecting CXX compile features
-- Detecting CXX compile features - done
-- Found ament_cmake_ros: 0.10.0 (/opt/ros/humble/share/ament_cmake_ros/cmake)
-- Found Python3: /usr/bin/python3.10 (found version "3.10.12") found components: Interpreter 
-- Found rclcpp: 16.0.6 (/opt/ros/humble/share/rclcpp/cmake)
-- Found rosidl_generator_c: 3.1.5 (/opt/ros/humble/share/rosidl_generator_c/cmake)
-- Found rosidl_adapter: 3.1.5 (/opt/ros/humble/share/rosidl_adapter/cmake)
-- Found rosidl_generator_cpp: 3.1.5 (/opt/ros/humble/share/rosidl_generator_cpp/cmake)
-- Using all available rosidl_typesupport_c: rosidl_typesupport_fastrtps_c;rosidl_typesupport_introspection_c
-- Using all available rosidl_typesupport_cpp: rosidl_typesupport_fastrtps_cpp;rosidl_typesupport_introspection_cpp
-- Found rmw_implementation_cmake: 6.1.1 (/opt/ros/humble/share/rmw_implementation_cmake/cmake)
-- Found rmw_cyclonedds_cpp: 1.3.4 (/opt/ros/humble/share/rmw_cyclonedds_cpp/cmake)
-- Using RMW implementation 'rmw_cyclonedds_cpp' as default
-- Looking for pthread.h
-- Looking for pthread.h - found
-- Performing Test CMAKE_HAVE_LIBC_PTHREAD
-- Performing Test CMAKE_HAVE_LIBC_PTHREAD - Success
-- Found Threads: TRUE  
-- Found sensor_msgs: 4.2.3 (/opt/ros/humble/share/sensor_msgs/cmake)
-- Found yaml_cpp_vendor: 8.0.2 (/opt/ros/humble/share/yaml_cpp_vendor/cmake)
-- Found ament_cmake_cppcheck: 0.12.8 (/opt/ros/humble/share/ament_cmake_cppcheck/cmake)
-- Found ament_cmake_cpplint: 0.12.8 (/opt/ros/humble/share/ament_cmake_cpplint/cmake)
-- Found ament_cmake_lint_cmake: 0.12.8 (/opt/ros/humble/share/ament_cmake_lint_cmake/cmake)
-- Found ament_cmake_uncrustify: 0.12.8 (/opt/ros/humble/share/ament_cmake_uncrustify/cmake)
-- Found gtest sources under '/opt/ros/humble/src/gtest_vendor': C++ tests using 'Google Test' will be built
-- Configuring done
-- Generating done
-- Build files have been written to: /home/shengbin/camera_ws/build/camera_calibration_parsers
[  7%] [32mBuilding CXX object gtest/CMakeFiles/gtest_main.dir/src/gtest_main.cc.o[0m
[ 14%] [32mBuilding CXX object CMakeFiles/camera_calibration_parsers.dir/src/parse.cpp.o[0m
[ 21%] [32mBuilding CXX object CMakeFiles/camera_calibration_parsers.dir/src/parse_ini.cpp.o[0m
[ 28%] [32mBuilding CXX object CMakeFiles/camera_calibration_parsers.dir/src/parse_yml.cpp.o[0m
[ 35%] [32mBuilding CXX object gtest/CMakeFiles/gtest.dir/src/gtest-all.cc.o[0m
[ 42%] [32m[1mLinking CXX static library libgtest_main.a[0m
[ 42%] Built target gtest_main
[ 50%] [32m[1mLinking CXX static library libgtest.a[0m
[ 50%] Built target gtest
[ 57%] [32m[1mLinking CXX shared library libcamera_calibration_parsers.so[0m
[ 57%] Built target camera_calibration_parsers
[ 64%] [32mBuilding CXX object CMakeFiles/camera_calibration_parsers-parse_yml.dir/test/test_parse_yml.cpp.o[0m
[ 78%] [32mBuilding CXX object CMakeFiles/camera_calibration_parsers-parse_ini.dir/test/test_parse_ini.cpp.o[0m
[ 78%] [32mBuilding CXX object CMakeFiles/convert.dir/src/convert.cpp.o[0m
[ 85%] [32m[1mLinking CXX executable camera_calibration_parsers-parse_yml[0m
[ 85%] Built target camera_calibration_parsers-parse_yml
[ 92%] [32m[1mLinking CXX executable camera_calibration_parsers-parse_ini[0m
[ 92%] Built target camera_calibration_parsers-parse_ini
[100%] [32m[1mLinking CXX executable convert[0m
[100%] Built target convert
-- Install configuration: ""
-- Installing: /home/shengbin/camera_ws/install/camera_calibration_parsers/lib/libcamera_calibration_parsers.so
-- Set runtime path of "/home/shengbin/camera_ws/install/camera_calibration_parsers/lib/libcamera_calibration_parsers.so" to ""
-- Installing: /home/shengbin/camera_ws/install/camera_calibration_parsers/lib/camera_calibration_parsers/convert
-- Set runtime path of "/home/shengbin/camera_ws/install/camera_calibration_parsers/lib/camera_calibration_parsers/convert" to ""
-- Installing: /home/shengbin/camera_ws/install/camera_calibration_parsers/include/camera_calibration_parsers
-- Installing: /home/shengbin/camera_ws/install/camera_calibration_parsers/include/camera_calibration_parsers/camera_calibration_parsers
-- Installing: /home/shengbin/camera_ws/install/camera_calibration_parsers/include/camera_calibration_parsers/camera_calibration_parsers/parse_yml.hpp
-- Installing: /home/shengbin/camera_ws/install/camera_calibration_parsers/include/camera_calibration_parsers/camera_calibration_parsers/parse_ini.h
-- Installing: /home/shengbin/camera_ws/install/camera_calibration_parsers/include/camera_calibration_parsers/camera_calibration_parsers/visibility_control.hpp
-- Installing: /home/shengbin/camera_ws/install/camera_calibration_parsers/include/camera_calibration_parsers/camera_calibration_parsers/parse.hpp
-- Installing: /home/shengbin/camera_ws/install/camera_calibration_parsers/include/camera_calibration_parsers/camera_calibration_parsers/parse_yml.h
-- Installing: /home/shengbin/camera_ws/install/camera_calibration_parsers/include/camera_calibration_parsers/camera_calibration_parsers/parse.h
-- Installing: /home/shengbin/camera_ws/install/camera_calibration_parsers/include/camera_calibration_parsers/camera_calibration_parsers/parse_ini.hpp
-- Installing: /home/shengbin/camera_ws/install/camera_calibration_parsers/share/ament_index/resource_index/package_run_dependencies/camera_calibration_parsers
-- Installing: /home/shengbin/camera_ws/install/camera_calibration_parsers/share/ament_index/resource_index/parent_prefix_path/camera_calibration_parsers
-- Installing: /home/shengbin/camera_ws/install/camera_calibration_parsers/share/camera_calibration_parsers/environment/ament_prefix_path.sh
-- Installing: /home/shengbin/camera_ws/install/camera_calibration_parsers/share/camera_calibration_parsers/environment/ament_prefix_path.dsv
-- Installing: /home/shengbin/camera_ws/install/camera_calibration_parsers/share/camera_calibration_parsers/environment/path.sh
-- Installing: /home/shengbin/camera_ws/install/camera_calibration_parsers/share/camera_calibration_parsers/environment/path.dsv
-- Installing: /home/shengbin/camera_ws/install/camera_calibration_parsers/share/camera_calibration_parsers/local_setup.bash
-- Installing: /home/shengbin/camera_ws/install/camera_calibration_parsers/share/camera_calibration_parsers/local_setup.sh
-- Installing: /home/shengbin/camera_ws/install/camera_calibration_parsers/share/camera_calibration_parsers/local_setup.zsh
-- Installing: /home/shengbin/camera_ws/install/camera_calibration_parsers/share/camera_calibration_parsers/local_setup.dsv
-- Installing: /home/shengbin/camera_ws/install/camera_calibration_parsers/share/camera_calibration_parsers/package.dsv
-- Installing: /home/shengbin/camera_ws/install/camera_calibration_parsers/share/ament_index/resource_index/packages/camera_calibration_parsers
-- Installing: /home/shengbin/camera_ws/install/camera_calibration_parsers/share/camera_calibration_parsers/cmake/export_camera_calibration_parsersExport.cmake
-- Installing: /home/shengbin/camera_ws/install/camera_calibration_parsers/share/camera_calibration_parsers/cmake/export_camera_calibration_parsersExport-noconfig.cmake
-- Installing: /home/shengbin/camera_ws/install/camera_calibration_parsers/share/camera_calibration_parsers/cmake/ament_cmake_export_targets-extras.cmake
-- Installing: /home/shengbin/camera_ws/install/camera_calibration_parsers/share/camera_calibration_parsers/cmake/ament_cmake_export_dependencies-extras.cmake
-- Installing: /home/shengbin/camera_ws/install/camera_calibration_parsers/share/camera_calibration_parsers/cmake/camera_calibration_parsersConfig.cmake
-- Installing: /home/shengbin/camera_ws/install/camera_calibration_parsers/share/camera_calibration_parsers/cmake/camera_calibration_parsersConfig-version.cmake
-- Installing: /home/shengbin/camera_ws/install/camera_calibration_parsers/share/camera_calibration_parsers/package.xml
