[0.189s] Invoking command in '/home/shengbin/camera_ws/build/image_geometry': CMAKE_PREFIX_PATH=${CMAKE_PREFIX_PATH}:/home/shengbin/camera_ws/install/opencv_tests:/home/shengbin/camera_ws/install/camera_calibration:/home/shengbin/camera_ws/install/camera:/opt/ros/humble /usr/bin/cmake --build /home/shengbin/camera_ws/build/image_geometry -- -j16 -l16
[0.470s] [ 33%] Built target image_geometry
[0.471s] [ 55%] Built target gtest_main
[0.471s] [ 77%] Built target gtest
[0.471s] [ 77%] Built target ament_cmake_python_copy_image_geometry
[0.471s] [100%] Built target image_geometry-utest
[0.472s] running egg_info
[0.472s] writing image_geometry.egg-info/PKG-INFO
[0.472s] writing dependency_links to image_geometry.egg-info/dependency_links.txt
[0.472s] writing top-level names to image_geometry.egg-info/top_level.txt
[0.473s] reading manifest file 'image_geometry.egg-info/SOURCES.txt'
[0.473s] writing manifest file 'image_geometry.egg-info/SOURCES.txt'
[0.483s] [100%] Built target ament_cmake_python_build_image_geometry_egg
[0.490s] Invoked command in '/home/shengbin/camera_ws/build/image_geometry' returned '0': CMAKE_PREFIX_PATH=${CMAKE_PREFIX_PATH}:/home/shengbin/camera_ws/install/opencv_tests:/home/shengbin/camera_ws/install/camera_calibration:/home/shengbin/camera_ws/install/camera:/opt/ros/humble /usr/bin/cmake --build /home/shengbin/camera_ws/build/image_geometry -- -j16 -l16
[0.577s] Invoking command in '/home/shengbin/camera_ws/build/image_geometry': CMAKE_PREFIX_PATH=${CMAKE_PREFIX_PATH}:/home/shengbin/camera_ws/install/opencv_tests:/home/shengbin/camera_ws/install/camera_calibration:/home/shengbin/camera_ws/install/camera:/opt/ros/humble /usr/bin/cmake --install /home/shengbin/camera_ws/build/image_geometry
[0.584s] -- Install configuration: ""
[0.584s] -- Up-to-date: /home/shengbin/camera_ws/install/image_geometry/share/image_geometry/environment/pythonpath.sh
[0.584s] -- Up-to-date: /home/shengbin/camera_ws/install/image_geometry/share/image_geometry/environment/pythonpath.dsv
[0.584s] -- Up-to-date: /home/shengbin/camera_ws/install/image_geometry/local/lib/python3.10/dist-packages/image_geometry-3.2.1-py3.10.egg-info
[0.585s] -- Installing: /home/shengbin/camera_ws/install/image_geometry/local/lib/python3.10/dist-packages/image_geometry-3.2.1-py3.10.egg-info/dependency_links.txt
[0.585s] -- Installing: /home/shengbin/camera_ws/install/image_geometry/local/lib/python3.10/dist-packages/image_geometry-3.2.1-py3.10.egg-info/SOURCES.txt
[0.585s] -- Installing: /home/shengbin/camera_ws/install/image_geometry/local/lib/python3.10/dist-packages/image_geometry-3.2.1-py3.10.egg-info/PKG-INFO
[0.585s] -- Installing: /home/shengbin/camera_ws/install/image_geometry/local/lib/python3.10/dist-packages/image_geometry-3.2.1-py3.10.egg-info/top_level.txt
[0.585s] -- Up-to-date: /home/shengbin/camera_ws/install/image_geometry/local/lib/python3.10/dist-packages/image_geometry
[0.585s] -- Up-to-date: /home/shengbin/camera_ws/install/image_geometry/local/lib/python3.10/dist-packages/image_geometry/__init__.py
[0.585s] -- Up-to-date: /home/shengbin/camera_ws/install/image_geometry/local/lib/python3.10/dist-packages/image_geometry/cameramodels.py
[0.606s] Listing '/home/shengbin/camera_ws/install/image_geometry/local/lib/python3.10/dist-packages/image_geometry'...
[0.610s] -- Up-to-date: /home/shengbin/camera_ws/install/image_geometry/include/image_geometry
[0.610s] -- Up-to-date: /home/shengbin/camera_ws/install/image_geometry/include/image_geometry/image_geometry
[0.611s] -- Up-to-date: /home/shengbin/camera_ws/install/image_geometry/include/image_geometry/image_geometry/stereo_camera_model.h
[0.612s] -- Up-to-date: /home/shengbin/camera_ws/install/image_geometry/include/image_geometry/image_geometry/visibility_control.hpp
[0.612s] -- Up-to-date: /home/shengbin/camera_ws/install/image_geometry/include/image_geometry/image_geometry/pinhole_camera_model.h
[0.612s] -- Up-to-date: /home/shengbin/camera_ws/install/image_geometry/lib/libimage_geometry.so
[0.613s] -- Up-to-date: /home/shengbin/camera_ws/install/image_geometry/share/ament_index/resource_index/package_run_dependencies/image_geometry
[0.613s] -- Up-to-date: /home/shengbin/camera_ws/install/image_geometry/share/ament_index/resource_index/parent_prefix_path/image_geometry
[0.614s] -- Up-to-date: /home/shengbin/camera_ws/install/image_geometry/share/image_geometry/environment/ament_prefix_path.sh
[0.614s] -- Up-to-date: /home/shengbin/camera_ws/install/image_geometry/share/image_geometry/environment/ament_prefix_path.dsv
[0.614s] -- Up-to-date: /home/shengbin/camera_ws/install/image_geometry/share/image_geometry/environment/path.sh
[0.615s] -- Up-to-date: /home/shengbin/camera_ws/install/image_geometry/share/image_geometry/environment/path.dsv
[0.615s] -- Up-to-date: /home/shengbin/camera_ws/install/image_geometry/share/image_geometry/local_setup.bash
[0.616s] -- Up-to-date: /home/shengbin/camera_ws/install/image_geometry/share/image_geometry/local_setup.sh
[0.616s] -- Up-to-date: /home/shengbin/camera_ws/install/image_geometry/share/image_geometry/local_setup.zsh
[0.617s] -- Up-to-date: /home/shengbin/camera_ws/install/image_geometry/share/image_geometry/local_setup.dsv
[0.617s] -- Installing: /home/shengbin/camera_ws/install/image_geometry/share/image_geometry/package.dsv
[0.617s] -- Up-to-date: /home/shengbin/camera_ws/install/image_geometry/share/ament_index/resource_index/packages/image_geometry
[0.617s] -- Up-to-date: /home/shengbin/camera_ws/install/image_geometry/share/image_geometry/cmake/export_image_geometryExport.cmake
[0.618s] -- Up-to-date: /home/shengbin/camera_ws/install/image_geometry/share/image_geometry/cmake/export_image_geometryExport-noconfig.cmake
[0.618s] -- Up-to-date: /home/shengbin/camera_ws/install/image_geometry/share/image_geometry/cmake/ament_cmake_export_targets-extras.cmake
[0.618s] -- Up-to-date: /home/shengbin/camera_ws/install/image_geometry/share/image_geometry/cmake/ament_cmake_export_dependencies-extras.cmake
[0.619s] -- Up-to-date: /home/shengbin/camera_ws/install/image_geometry/share/image_geometry/cmake/image_geometryConfig.cmake
[0.621s] -- Up-to-date: /home/shengbin/camera_ws/install/image_geometry/share/image_geometry/cmake/image_geometryConfig-version.cmake
[0.621s] -- Up-to-date: /home/shengbin/camera_ws/install/image_geometry/share/image_geometry/package.xml
[0.756s] Invoked command in '/home/shengbin/camera_ws/build/image_geometry' returned '0': CMAKE_PREFIX_PATH=${CMAKE_PREFIX_PATH}:/home/shengbin/camera_ws/install/opencv_tests:/home/shengbin/camera_ws/install/camera_calibration:/home/shengbin/camera_ws/install/camera:/opt/ros/humble /usr/bin/cmake --install /home/shengbin/camera_ws/build/image_geometry
