[0.942s] Invoking command in '/home/shengbin/camera_ws/src/camera': PYTHONPATH=/home/shengbin/camera_ws/build/camera/prefix_override:/home/shengbin/camera_ws/install/camera/lib/python3.10/site-packages:${PYTHONPATH} /usr/bin/python3 setup.py egg_info --egg-base ../../build/camera build --build-base /home/shengbin/camera_ws/build/camera/build install --record /home/shengbin/camera_ws/build/camera/install.log --single-version-externally-managed
[1.120s] running egg_info
[1.120s] writing ../../build/camera/camera.egg-info/PKG-INFO
[1.121s] writing dependency_links to ../../build/camera/camera.egg-info/dependency_links.txt
[1.121s] writing entry points to ../../build/camera/camera.egg-info/entry_points.txt
[1.121s] writing requirements to ../../build/camera/camera.egg-info/requires.txt
[1.122s] writing top-level names to ../../build/camera/camera.egg-info/top_level.txt
[1.122s] reading manifest file '../../build/camera/camera.egg-info/SOURCES.txt'
[1.122s] writing manifest file '../../build/camera/camera.egg-info/SOURCES.txt'
[1.122s] running build
[1.122s] running build_py
[1.122s] running install
[1.123s] running install_lib
[1.123s] running install_data
[1.123s] copying launch/cam.launch.xml -> /home/shengbin/camera_ws/install/camera/share/camera/launch
[1.123s] running install_egg_info
[1.123s] removing '/home/shengbin/camera_ws/install/camera/lib/python3.10/site-packages/camera-0.0.0-py3.10.egg-info' (and everything under it)
[1.124s] Copying ../../build/camera/camera.egg-info to /home/shengbin/camera_ws/install/camera/lib/python3.10/site-packages/camera-0.0.0-py3.10.egg-info
[1.124s] running install_scripts
[1.139s] writing list of installed files to '/home/shengbin/camera_ws/build/camera/install.log'
[1.869s] Invoked command in '/home/shengbin/camera_ws/src/camera' returned '0': PYTHONPATH=/home/shengbin/camera_ws/build/camera/prefix_override:/home/shengbin/camera_ws/install/camera/lib/python3.10/site-packages:${PYTHONPATH} /usr/bin/python3 setup.py egg_info --egg-base ../../build/camera build --build-base /home/shengbin/camera_ws/build/camera/build install --record /home/shengbin/camera_ws/build/camera/install.log --single-version-externally-managed
