[0.173s] Invoking command in '/home/shengbin/camera_ws/build/camera_calibration_parsers': CMAKE_PREFIX_PATH=/opt/ros/humble /usr/bin/cmake --build /home/shengbin/camera_ws/build/camera_calibration_parsers -- -j16 -l16
[0.450s] [35m[1mConsolidate compiler generated dependencies of target camera_calibration_parsers[0m
[0.450s] [35m[1mConsolidate compiler generated dependencies of target gtest[0m
[0.450s] [35m[1mConsolidate compiler generated dependencies of target gtest_main[0m
[0.450s] [ 14%] Built target gtest
[0.450s] [ 28%] Built target gtest_main
[0.450s] [ 57%] Built target camera_calibration_parsers
[0.450s] [35m[1mConsolidate compiler generated dependencies of target camera_calibration_parsers-parse_yml[0m
[0.450s] [35m[1mConsolidate compiler generated dependencies of target camera_calibration_parsers-parse_ini[0m
[0.450s] [35m[1mConsolidate compiler generated dependencies of target convert[0m
[0.450s] [ 71%] Built target camera_calibration_parsers-parse_ini
[0.450s] [ 85%] Built target camera_calibration_parsers-parse_yml
[0.450s] [100%] Built target convert
[0.457s] Invoked command in '/home/shengbin/camera_ws/build/camera_calibration_parsers' returned '0': CMAKE_PREFIX_PATH=/opt/ros/humble /usr/bin/cmake --build /home/shengbin/camera_ws/build/camera_calibration_parsers -- -j16 -l16
[0.496s] Invoking command in '/home/shengbin/camera_ws/build/camera_calibration_parsers': CMAKE_PREFIX_PATH=/opt/ros/humble /usr/bin/cmake --install /home/shengbin/camera_ws/build/camera_calibration_parsers
[0.510s] -- Install configuration: ""
[0.511s] -- Up-to-date: /home/shengbin/camera_ws/install/camera_calibration_parsers/lib/libcamera_calibration_parsers.so
[0.511s] -- Up-to-date: /home/shengbin/camera_ws/install/camera_calibration_parsers/lib/camera_calibration_parsers/convert
[0.511s] -- Up-to-date: /home/shengbin/camera_ws/install/camera_calibration_parsers/include/camera_calibration_parsers
[0.512s] -- Up-to-date: /home/shengbin/camera_ws/install/camera_calibration_parsers/include/camera_calibration_parsers/camera_calibration_parsers
[0.512s] -- Up-to-date: /home/shengbin/camera_ws/install/camera_calibration_parsers/include/camera_calibration_parsers/camera_calibration_parsers/parse_yml.hpp
[0.512s] -- Up-to-date: /home/shengbin/camera_ws/install/camera_calibration_parsers/include/camera_calibration_parsers/camera_calibration_parsers/parse_ini.h
[0.512s] -- Up-to-date: /home/shengbin/camera_ws/install/camera_calibration_parsers/include/camera_calibration_parsers/camera_calibration_parsers/visibility_control.hpp
[0.512s] -- Up-to-date: /home/shengbin/camera_ws/install/camera_calibration_parsers/include/camera_calibration_parsers/camera_calibration_parsers/parse.hpp
[0.512s] -- Up-to-date: /home/shengbin/camera_ws/install/camera_calibration_parsers/include/camera_calibration_parsers/camera_calibration_parsers/parse_yml.h
[0.513s] -- Up-to-date: /home/shengbin/camera_ws/install/camera_calibration_parsers/include/camera_calibration_parsers/camera_calibration_parsers/parse.h
[0.513s] -- Up-to-date: /home/shengbin/camera_ws/install/camera_calibration_parsers/include/camera_calibration_parsers/camera_calibration_parsers/parse_ini.hpp
[0.513s] -- Up-to-date: /home/shengbin/camera_ws/install/camera_calibration_parsers/share/ament_index/resource_index/package_run_dependencies/camera_calibration_parsers
[0.513s] -- Up-to-date: /home/shengbin/camera_ws/install/camera_calibration_parsers/share/ament_index/resource_index/parent_prefix_path/camera_calibration_parsers
[0.514s] -- Up-to-date: /home/shengbin/camera_ws/install/camera_calibration_parsers/share/camera_calibration_parsers/environment/ament_prefix_path.sh
[0.514s] -- Up-to-date: /home/shengbin/camera_ws/install/camera_calibration_parsers/share/camera_calibration_parsers/environment/ament_prefix_path.dsv
[0.514s] -- Up-to-date: /home/shengbin/camera_ws/install/camera_calibration_parsers/share/camera_calibration_parsers/environment/path.sh
[0.514s] -- Up-to-date: /home/shengbin/camera_ws/install/camera_calibration_parsers/share/camera_calibration_parsers/environment/path.dsv
[0.514s] -- Up-to-date: /home/shengbin/camera_ws/install/camera_calibration_parsers/share/camera_calibration_parsers/local_setup.bash
[0.514s] -- Up-to-date: /home/shengbin/camera_ws/install/camera_calibration_parsers/share/camera_calibration_parsers/local_setup.sh
[0.514s] -- Up-to-date: /home/shengbin/camera_ws/install/camera_calibration_parsers/share/camera_calibration_parsers/local_setup.zsh
[0.514s] -- Up-to-date: /home/shengbin/camera_ws/install/camera_calibration_parsers/share/camera_calibration_parsers/local_setup.dsv
[0.514s] -- Installing: /home/shengbin/camera_ws/install/camera_calibration_parsers/share/camera_calibration_parsers/package.dsv
[0.515s] -- Up-to-date: /home/shengbin/camera_ws/install/camera_calibration_parsers/share/ament_index/resource_index/packages/camera_calibration_parsers
[0.515s] -- Up-to-date: /home/shengbin/camera_ws/install/camera_calibration_parsers/share/camera_calibration_parsers/cmake/export_camera_calibration_parsersExport.cmake
[0.515s] -- Up-to-date: /home/shengbin/camera_ws/install/camera_calibration_parsers/share/camera_calibration_parsers/cmake/export_camera_calibration_parsersExport-noconfig.cmake
[0.515s] -- Up-to-date: /home/shengbin/camera_ws/install/camera_calibration_parsers/share/camera_calibration_parsers/cmake/ament_cmake_export_targets-extras.cmake
[0.515s] -- Up-to-date: /home/shengbin/camera_ws/install/camera_calibration_parsers/share/camera_calibration_parsers/cmake/ament_cmake_export_dependencies-extras.cmake
[0.515s] -- Up-to-date: /home/shengbin/camera_ws/install/camera_calibration_parsers/share/camera_calibration_parsers/cmake/camera_calibration_parsersConfig.cmake
[0.515s] -- Up-to-date: /home/shengbin/camera_ws/install/camera_calibration_parsers/share/camera_calibration_parsers/cmake/camera_calibration_parsersConfig-version.cmake
[0.515s] -- Up-to-date: /home/shengbin/camera_ws/install/camera_calibration_parsers/share/camera_calibration_parsers/package.xml
[0.651s] Invoked command in '/home/shengbin/camera_ws/build/camera_calibration_parsers' returned '0': CMAKE_PREFIX_PATH=/opt/ros/humble /usr/bin/cmake --install /home/shengbin/camera_ws/build/camera_calibration_parsers
