[0.237s] Invoking command in '/home/shengbin/camera_ws/build/cv_bridge': CMAKE_PREFIX_PATH=/opt/ros/humble /usr/bin/cmake /home/shengbin/camera_ws/src/vision_opencv/cv_bridge -DCMAKE_INSTALL_PREFIX=/home/shengbin/camera_ws/install/cv_bridge
[0.497s] -- The C compiler identification is GNU 11.4.0
[0.498s] -- The CXX compiler identification is GNU 11.4.0
[0.498s] -- Detecting C compiler ABI info
[0.498s] -- Detecting C compiler ABI info - done
[0.498s] -- Check for working C compiler: /usr/bin/cc - skipped
[0.498s] -- Detecting C compile features
[0.498s] -- Detecting C compile features - done
[0.498s] -- Detecting CXX compiler ABI info
[0.551s] -- Detecting CXX compiler ABI info - done
[0.561s] -- Check for working CXX compiler: /usr/bin/c++ - skipped
[0.561s] -- Detecting CXX compile features
[0.562s] -- Detecting CXX compile features - done
[0.564s] -- Found ament_cmake_ros: 0.10.0 (/opt/ros/humble/share/ament_cmake_ros/cmake)
[0.782s] -- Found Python3: /usr/bin/python3.10 (found version "3.10.12") found components: Interpreter 
[1.340s] -- Found Python3: /usr/include/python3.10 (found version "3.10.12") found components: Development NumPy Interpreter Development.Module Development.Embed 
[1.356s] -- Found Boost: /usr/lib/x86_64-linux-gnu/cmake/Boost-1.74.0/BoostConfig.cmake (found version "1.74.0") found components: python310 
[1.358s] -- Found rcpputils: 2.4.1 (/opt/ros/humble/share/rcpputils/cmake)
[1.373s] -- Found sensor_msgs: 4.2.3 (/opt/ros/humble/share/sensor_msgs/cmake)
[1.404s] -- Found rosidl_generator_c: 3.1.5 (/opt/ros/humble/share/rosidl_generator_c/cmake)
[1.409s] -- Found rosidl_adapter: 3.1.5 (/opt/ros/humble/share/rosidl_adapter/cmake)
[1.419s] -- Found rosidl_generator_cpp: 3.1.5 (/opt/ros/humble/share/rosidl_generator_cpp/cmake)
[1.430s] -- Using all available rosidl_typesupport_c: rosidl_typesupport_fastrtps_c;rosidl_typesupport_introspection_c
[1.443s] -- Using all available rosidl_typesupport_cpp: rosidl_typesupport_fastrtps_cpp;rosidl_typesupport_introspection_cpp
[1.752s] -- Performing Test COMPILER_HAS_HIDDEN_VISIBILITY
[1.844s] -- Performing Test COMPILER_HAS_HIDDEN_VISIBILITY - Success
[1.845s] -- Performing Test COMPILER_HAS_HIDDEN_INLINE_VISIBILITY
[1.923s] -- Performing Test COMPILER_HAS_HIDDEN_INLINE_VISIBILITY - Success
[1.923s] -- Performing Test COMPILER_HAS_DEPRECATED_ATTR
[2.001s] -- Performing Test COMPILER_HAS_DEPRECATED_ATTR - Success
[2.006s] -- Found ament_lint_auto: 0.12.8 (/opt/ros/humble/share/ament_lint_auto/cmake)
[2.171s] -- Found gtest sources under '/opt/ros/humble/src/gtest_vendor': C++ tests using 'Google Test' will be built
[2.177s] -- Looking for pthread.h
[2.326s] -- Looking for pthread.h - found
[2.327s] -- Performing Test CMAKE_HAVE_LIBC_PTHREAD
[2.571s] -- Performing Test CMAKE_HAVE_LIBC_PTHREAD - Success
[2.573s] -- Found Threads: TRUE  
[4.587s] -- Configuring done
[4.603s] -- Generating done
[4.604s] -- Build files have been written to: /home/shengbin/camera_ws/build/cv_bridge
[4.615s] Invoked command in '/home/shengbin/camera_ws/build/cv_bridge' returned '0': CMAKE_PREFIX_PATH=/opt/ros/humble /usr/bin/cmake /home/shengbin/camera_ws/src/vision_opencv/cv_bridge -DCMAKE_INSTALL_PREFIX=/home/shengbin/camera_ws/install/cv_bridge
[4.616s] Invoking command in '/home/shengbin/camera_ws/build/cv_bridge': CMAKE_PREFIX_PATH=/opt/ros/humble /usr/bin/cmake --build /home/shengbin/camera_ws/build/cv_bridge -- -j16 -l16
[4.668s] [ 18%] [32mBuilding CXX object src/CMakeFiles/cv_bridge.dir/cv_bridge.cpp.o[0m
[4.668s] [ 18%] [32mBuilding CXX object gtest/CMakeFiles/gtest_main.dir/src/gtest_main.cc.o[0m
[4.668s] [ 18%] [32mBuilding CXX object gtest/CMakeFiles/gtest.dir/src/gtest-all.cc.o[0m
[4.669s] [ 25%] [32mBuilding CXX object src/CMakeFiles/cv_bridge.dir/rgb_colors.cpp.o[0m
[4.680s] [ 25%] Built target ament_cmake_python_copy_cv_bridge
[5.151s] running egg_info
[5.152s] creating cv_bridge.egg-info
[5.152s] writing cv_bridge.egg-info/PKG-INFO
[5.153s] writing dependency_links to cv_bridge.egg-info/dependency_links.txt
[5.153s] writing top-level names to cv_bridge.egg-info/top_level.txt
[5.153s] writing manifest file 'cv_bridge.egg-info/SOURCES.txt'
[5.158s] reading manifest file 'cv_bridge.egg-info/SOURCES.txt'
[5.159s] writing manifest file 'cv_bridge.egg-info/SOURCES.txt'
[5.220s] [ 25%] Built target ament_cmake_python_build_cv_bridge_egg
[5.511s] [ 31%] [32m[1mLinking CXX static library libgtest_main.a[0m
[5.591s] [ 31%] Built target gtest_main
[7.907s] [ 37%] [32m[1mLinking CXX static library libgtest.a[0m
[7.970s] [ 37%] Built target gtest
[8.785s] [ 43%] [32m[1mLinking CXX shared library libcv_bridge.so[0m
[8.891s] [ 43%] Built target cv_bridge
[8.903s] [ 56%] [32mBuilding CXX object test/CMakeFiles/cv_bridge-utest.dir/test_endian.cpp.o[0m
[8.904s] [ 56%] [32mBuilding CXX object src/CMakeFiles/cv_bridge_boost.dir/module.cpp.o[0m
[8.907s] [ 68%] [32mBuilding CXX object src/CMakeFiles/cv_bridge_boost.dir/module_opencv3.cpp.o[0m
[8.907s] [ 68%] [32mBuilding CXX object test/CMakeFiles/cv_bridge-utest.dir/test_compression.cpp.o[0m
[8.907s] [ 75%] [32mBuilding CXX object test/CMakeFiles/cv_bridge-utest.dir/utest2.cpp.o[0m
[8.908s] [ 81%] [32mBuilding CXX object test/CMakeFiles/cv_bridge-utest.dir/utest.cpp.o[0m
[8.908s] [ 87%] [32mBuilding CXX object test/CMakeFiles/cv_bridge-utest.dir/test_rgb_colors.cpp.o[0m
[10.737s] [ 93%] [32m[1mLinking CXX executable cv_bridge-utest[0m
[11.051s] [ 93%] Built target cv_bridge-utest
[11.841s] [100%] [32m[1mLinking CXX shared module boost/cv_bridge_boost.so[0m
[12.003s] [100%] Built target cv_bridge_boost
[12.018s] Invoked command in '/home/shengbin/camera_ws/build/cv_bridge' returned '0': CMAKE_PREFIX_PATH=/opt/ros/humble /usr/bin/cmake --build /home/shengbin/camera_ws/build/cv_bridge -- -j16 -l16
[12.041s] Invoking command in '/home/shengbin/camera_ws/build/cv_bridge': CMAKE_PREFIX_PATH=/opt/ros/humble /usr/bin/cmake --install /home/shengbin/camera_ws/build/cv_bridge
[12.047s] -- Install configuration: ""
[12.047s] -- Installing: /home/shengbin/camera_ws/install/cv_bridge/share/cv_bridge/environment/pythonpath.sh
[12.047s] -- Installing: /home/shengbin/camera_ws/install/cv_bridge/share/cv_bridge/environment/pythonpath.dsv
[12.047s] -- Installing: /home/shengbin/camera_ws/install/cv_bridge/local/lib/python3.10/dist-packages/cv_bridge-3.2.1-py3.10.egg-info
[12.047s] -- Installing: /home/shengbin/camera_ws/install/cv_bridge/local/lib/python3.10/dist-packages/cv_bridge-3.2.1-py3.10.egg-info/dependency_links.txt
[12.048s] -- Installing: /home/shengbin/camera_ws/install/cv_bridge/local/lib/python3.10/dist-packages/cv_bridge-3.2.1-py3.10.egg-info/SOURCES.txt
[12.048s] -- Installing: /home/shengbin/camera_ws/install/cv_bridge/local/lib/python3.10/dist-packages/cv_bridge-3.2.1-py3.10.egg-info/PKG-INFO
[12.048s] -- Installing: /home/shengbin/camera_ws/install/cv_bridge/local/lib/python3.10/dist-packages/cv_bridge-3.2.1-py3.10.egg-info/top_level.txt
[12.048s] -- Installing: /home/shengbin/camera_ws/install/cv_bridge/local/lib/python3.10/dist-packages/cv_bridge
[12.048s] -- Installing: /home/shengbin/camera_ws/install/cv_bridge/local/lib/python3.10/dist-packages/cv_bridge/__init__.py
[12.048s] -- Installing: /home/shengbin/camera_ws/install/cv_bridge/local/lib/python3.10/dist-packages/cv_bridge/core.py
[12.078s] Listing '/home/shengbin/camera_ws/install/cv_bridge/local/lib/python3.10/dist-packages/cv_bridge'...
[12.078s] Compiling '/home/shengbin/camera_ws/install/cv_bridge/local/lib/python3.10/dist-packages/cv_bridge/__init__.py'...
[12.078s] Compiling '/home/shengbin/camera_ws/install/cv_bridge/local/lib/python3.10/dist-packages/cv_bridge/core.py'...
[12.083s] -- Installing: /home/shengbin/camera_ws/install/cv_bridge/lib/libcv_bridge.so
[12.086s] -- Set runtime path of "/home/shengbin/camera_ws/install/cv_bridge/lib/libcv_bridge.so" to ""
[12.086s] -- Installing: /home/shengbin/camera_ws/install/cv_bridge/include/cv_bridge/cv_bridge/cv_bridge_export.h
[12.087s] -- Installing: /home/shengbin/camera_ws/install/cv_bridge/local/lib/python3.10/dist-packages/cv_bridge/boost/cv_bridge_boost.so
[12.087s] -- Set runtime path of "/home/shengbin/camera_ws/install/cv_bridge/local/lib/python3.10/dist-packages/cv_bridge/boost/cv_bridge_boost.so" to ""
[12.088s] -- Up-to-date: /home/shengbin/camera_ws/install/cv_bridge/include/cv_bridge
[12.088s] -- Up-to-date: /home/shengbin/camera_ws/install/cv_bridge/include/cv_bridge/cv_bridge
[12.088s] -- Installing: /home/shengbin/camera_ws/install/cv_bridge/include/cv_bridge/cv_bridge/cv_bridge.h
[12.088s] -- Installing: /home/shengbin/camera_ws/install/cv_bridge/include/cv_bridge/cv_bridge/rgb_colors.h
[12.088s] -- Up-to-date: /home/shengbin/camera_ws/install/cv_bridge/lib/libcv_bridge.so
[12.089s] -- Installing: /home/shengbin/camera_ws/install/cv_bridge/share/ament_index/resource_index/package_run_dependencies/cv_bridge
[12.089s] -- Installing: /home/shengbin/camera_ws/install/cv_bridge/share/ament_index/resource_index/parent_prefix_path/cv_bridge
[12.089s] -- Installing: /home/shengbin/camera_ws/install/cv_bridge/share/cv_bridge/environment/ament_prefix_path.sh
[12.089s] -- Installing: /home/shengbin/camera_ws/install/cv_bridge/share/cv_bridge/environment/ament_prefix_path.dsv
[12.089s] -- Installing: /home/shengbin/camera_ws/install/cv_bridge/share/cv_bridge/environment/path.sh
[12.090s] -- Installing: /home/shengbin/camera_ws/install/cv_bridge/share/cv_bridge/environment/path.dsv
[12.090s] -- Installing: /home/shengbin/camera_ws/install/cv_bridge/share/cv_bridge/local_setup.bash
[12.090s] -- Installing: /home/shengbin/camera_ws/install/cv_bridge/share/cv_bridge/local_setup.sh
[12.090s] -- Installing: /home/shengbin/camera_ws/install/cv_bridge/share/cv_bridge/local_setup.zsh
[12.090s] -- Installing: /home/shengbin/camera_ws/install/cv_bridge/share/cv_bridge/local_setup.dsv
[12.090s] -- Installing: /home/shengbin/camera_ws/install/cv_bridge/share/cv_bridge/package.dsv
[12.091s] -- Installing: /home/shengbin/camera_ws/install/cv_bridge/share/ament_index/resource_index/packages/cv_bridge
[12.091s] -- Installing: /home/shengbin/camera_ws/install/cv_bridge/share/cv_bridge/cmake/export_cv_bridgeExport.cmake
[12.091s] -- Installing: /home/shengbin/camera_ws/install/cv_bridge/share/cv_bridge/cmake/export_cv_bridgeExport-noconfig.cmake
[12.091s] -- Installing: /home/shengbin/camera_ws/install/cv_bridge/share/cv_bridge/cmake/cv_bridge-extras.cmake
[12.091s] -- Installing: /home/shengbin/camera_ws/install/cv_bridge/share/cv_bridge/cmake/ament_cmake_export_dependencies-extras.cmake
[12.092s] -- Installing: /home/shengbin/camera_ws/install/cv_bridge/share/cv_bridge/cmake/ament_cmake_export_targets-extras.cmake
[12.092s] -- Installing: /home/shengbin/camera_ws/install/cv_bridge/share/cv_bridge/cmake/cv_bridgeConfig.cmake
[12.092s] -- Installing: /home/shengbin/camera_ws/install/cv_bridge/share/cv_bridge/cmake/cv_bridgeConfig-version.cmake
[12.092s] -- Installing: /home/shengbin/camera_ws/install/cv_bridge/share/cv_bridge/package.xml
[12.095s] Invoked command in '/home/shengbin/camera_ws/build/cv_bridge' returned '0': CMAKE_PREFIX_PATH=/opt/ros/humble /usr/bin/cmake --install /home/shengbin/camera_ws/build/cv_bridge
