-- The C compiler identification is GNU 11.4.0
-- The CXX compiler identification is GNU 11.4.0
-- Detecting C compiler ABI info
-- Detecting C compiler ABI info - done
-- Check for working C compiler: /usr/bin/cc - skipped
-- Detecting C compile features
-- Detecting C compile features - done
-- Detecting CXX compiler ABI info
-- Detecting CXX compiler ABI info - done
-- Check for working CXX compiler: /usr/bin/c++ - skipped
-- Detecting CXX compile features
-- Detecting CXX compile features - done
-- Found ament_cmake: 1.3.5 (/opt/ros/humble/share/ament_cmake/cmake)
-- Found Python3: /usr/bin/python3.10 (found version "3.10.12") found components: Interpreter 
-- Found ament_lint_auto: 0.12.8 (/opt/ros/humble/share/ament_lint_auto/cmake)
-- Added test 'copyright' to check source files copyright and LICENSE
-- Added test 'lint_cmake' to check CMake code style
-- Added test 'xmllint' to check XML markup files
-- Configuring done
-- Generating done
-- Build files have been written to: /home/shengbin/camera_ws/build/image_common
-- Install configuration: ""
-- Installing: /home/shengbin/camera_ws/install/image_common/share/ament_index/resource_index/package_run_dependencies/image_common
-- Installing: /home/shengbin/camera_ws/install/image_common/share/ament_index/resource_index/parent_prefix_path/image_common
-- Installing: /home/shengbin/camera_ws/install/image_common/share/image_common/environment/ament_prefix_path.sh
-- Installing: /home/shengbin/camera_ws/install/image_common/share/image_common/environment/ament_prefix_path.dsv
-- Installing: /home/shengbin/camera_ws/install/image_common/share/image_common/environment/path.sh
-- Installing: /home/shengbin/camera_ws/install/image_common/share/image_common/environment/path.dsv
-- Installing: /home/shengbin/camera_ws/install/image_common/share/image_common/local_setup.bash
-- Installing: /home/shengbin/camera_ws/install/image_common/share/image_common/local_setup.sh
-- Installing: /home/shengbin/camera_ws/install/image_common/share/image_common/local_setup.zsh
-- Installing: /home/shengbin/camera_ws/install/image_common/share/image_common/local_setup.dsv
-- Installing: /home/shengbin/camera_ws/install/image_common/share/image_common/package.dsv
-- Installing: /home/shengbin/camera_ws/install/image_common/share/ament_index/resource_index/packages/image_common
-- Installing: /home/shengbin/camera_ws/install/image_common/share/image_common/cmake/image_commonConfig.cmake
-- Installing: /home/shengbin/camera_ws/install/image_common/share/image_common/cmake/image_commonConfig-version.cmake
-- Installing: /home/shengbin/camera_ws/install/image_common/share/image_common/package.xml
