[0.358s] Invoking command in '/home/shengbin/camera_ws/build/compressed_image_transport': AMENT_PREFIX_PATH=/home/shengbin/camera_ws/install/image_transport:/home/shengbin/camera_ws/install/cv_bridge:${AMENT_PREFIX_PATH} CMAKE_PREFIX_PATH=/home/shengbin/camera_ws/install/image_transport:/home/shengbin/camera_ws/install/cv_bridge:/opt/ros/humble LD_LIBRARY_PATH=/home/shengbin/camera_ws/install/image_transport/lib:/home/shengbin/camera_ws/install/cv_bridge/lib:${LD_LIBRARY_PATH} PYTHONPATH=/home/shengbin/camera_ws/install/cv_bridge/local/lib/python3.10/dist-packages:${PYTHONPATH} /usr/bin/cmake --build /home/shengbin/camera_ws/build/compressed_image_transport -- -j16 -l16
[0.844s] [100%] Built target compressed_image_transport
[0.856s] Invoked command in '/home/shengbin/camera_ws/build/compressed_image_transport' returned '0': AMENT_PREFIX_PATH=/home/shengbin/camera_ws/install/image_transport:/home/shengbin/camera_ws/install/cv_bridge:${AMENT_PREFIX_PATH} CMAKE_PREFIX_PATH=/home/shengbin/camera_ws/install/image_transport:/home/shengbin/camera_ws/install/cv_bridge:/opt/ros/humble LD_LIBRARY_PATH=/home/shengbin/camera_ws/install/image_transport/lib:/home/shengbin/camera_ws/install/cv_bridge/lib:${LD_LIBRARY_PATH} PYTHONPATH=/home/shengbin/camera_ws/install/cv_bridge/local/lib/python3.10/dist-packages:${PYTHONPATH} /usr/bin/cmake --build /home/shengbin/camera_ws/build/compressed_image_transport -- -j16 -l16
[0.945s] Invoking command in '/home/shengbin/camera_ws/build/compressed_image_transport': AMENT_PREFIX_PATH=/home/shengbin/camera_ws/install/image_transport:/home/shengbin/camera_ws/install/cv_bridge:${AMENT_PREFIX_PATH} CMAKE_PREFIX_PATH=/home/shengbin/camera_ws/install/image_transport:/home/shengbin/camera_ws/install/cv_bridge:/opt/ros/humble LD_LIBRARY_PATH=/home/shengbin/camera_ws/install/image_transport/lib:/home/shengbin/camera_ws/install/cv_bridge/lib:${LD_LIBRARY_PATH} PYTHONPATH=/home/shengbin/camera_ws/install/cv_bridge/local/lib/python3.10/dist-packages:${PYTHONPATH} /usr/bin/cmake --install /home/shengbin/camera_ws/build/compressed_image_transport
[0.952s] -- Install configuration: ""
[0.952s] -- Up-to-date: /home/shengbin/camera_ws/install/compressed_image_transport/lib/libcompressed_image_transport.so
[0.953s] -- Up-to-date: /home/shengbin/camera_ws/install/compressed_image_transport/include
[0.953s] -- Up-to-date: /home/shengbin/camera_ws/install/compressed_image_transport/include/compressed_image_transport
[0.954s] -- Up-to-date: /home/shengbin/camera_ws/install/compressed_image_transport/include/compressed_image_transport/compressed_subscriber.h
[0.954s] -- Up-to-date: /home/shengbin/camera_ws/install/compressed_image_transport/include/compressed_image_transport/compression_common.h
[0.955s] -- Up-to-date: /home/shengbin/camera_ws/install/compressed_image_transport/include/compressed_image_transport/compressed_publisher.h
[0.955s] -- Up-to-date: /home/shengbin/camera_ws/install/compressed_image_transport/share/compressed_image_transport/compressed_plugins.xml
[0.956s] -- Up-to-date: /home/shengbin/camera_ws/install/compressed_image_transport/share/ament_index/resource_index/package_run_dependencies/compressed_image_transport
[0.956s] -- Up-to-date: /home/shengbin/camera_ws/install/compressed_image_transport/share/ament_index/resource_index/parent_prefix_path/compressed_image_transport
[0.957s] -- Up-to-date: /home/shengbin/camera_ws/install/compressed_image_transport/share/compressed_image_transport/environment/ament_prefix_path.sh
[0.957s] -- Up-to-date: /home/shengbin/camera_ws/install/compressed_image_transport/share/compressed_image_transport/environment/ament_prefix_path.dsv
[0.957s] -- Up-to-date: /home/shengbin/camera_ws/install/compressed_image_transport/share/compressed_image_transport/environment/path.sh
[0.958s] -- Up-to-date: /home/shengbin/camera_ws/install/compressed_image_transport/share/compressed_image_transport/environment/path.dsv
[0.958s] -- Up-to-date: /home/shengbin/camera_ws/install/compressed_image_transport/share/compressed_image_transport/local_setup.bash
[0.959s] -- Up-to-date: /home/shengbin/camera_ws/install/compressed_image_transport/share/compressed_image_transport/local_setup.sh
[0.959s] -- Up-to-date: /home/shengbin/camera_ws/install/compressed_image_transport/share/compressed_image_transport/local_setup.zsh
[0.959s] -- Up-to-date: /home/shengbin/camera_ws/install/compressed_image_transport/share/compressed_image_transport/local_setup.dsv
[0.959s] -- Installing: /home/shengbin/camera_ws/install/compressed_image_transport/share/compressed_image_transport/package.dsv
[0.959s] -- Up-to-date: /home/shengbin/camera_ws/install/compressed_image_transport/share/ament_index/resource_index/packages/compressed_image_transport
[0.959s] -- Up-to-date: /home/shengbin/camera_ws/install/compressed_image_transport/share/ament_index/resource_index/image_transport__pluginlib__plugin/compressed_image_transport
[0.959s] -- Up-to-date: /home/shengbin/camera_ws/install/compressed_image_transport/share/compressed_image_transport/cmake/compressed_image_transportConfig.cmake
[0.959s] -- Up-to-date: /home/shengbin/camera_ws/install/compressed_image_transport/share/compressed_image_transport/cmake/compressed_image_transportConfig-version.cmake
[0.960s] -- Up-to-date: /home/shengbin/camera_ws/install/compressed_image_transport/share/compressed_image_transport/package.xml
[1.143s] Invoked command in '/home/shengbin/camera_ws/build/compressed_image_transport' returned '0': AMENT_PREFIX_PATH=/home/shengbin/camera_ws/install/image_transport:/home/shengbin/camera_ws/install/cv_bridge:${AMENT_PREFIX_PATH} CMAKE_PREFIX_PATH=/home/shengbin/camera_ws/install/image_transport:/home/shengbin/camera_ws/install/cv_bridge:/opt/ros/humble LD_LIBRARY_PATH=/home/shengbin/camera_ws/install/image_transport/lib:/home/shengbin/camera_ws/install/cv_bridge/lib:${LD_LIBRARY_PATH} PYTHONPATH=/home/shengbin/camera_ws/install/cv_bridge/local/lib/python3.10/dist-packages:${PYTHONPATH} /usr/bin/cmake --install /home/shengbin/camera_ws/build/compressed_image_transport
