[0.448s] Invoking command in '/home/shengbin/camera_ws/src/camera': PYTHONPATH=/home/shengbin/camera_ws/build/camera/prefix_override:/home/shengbin/camera_ws/install/camera/lib/python3.10/site-packages:${PYTHONPATH} /usr/bin/python3 setup.py egg_info --egg-base ../../build/camera build --build-base /home/shengbin/camera_ws/build/camera/build install --record /home/shengbin/camera_ws/build/camera/install.log --single-version-externally-managed
[0.594s] running egg_info
[0.594s] creating ../../build/camera/camera.egg-info
[0.594s] writing ../../build/camera/camera.egg-info/PKG-INFO
[0.594s] writing dependency_links to ../../build/camera/camera.egg-info/dependency_links.txt
[0.594s] writing entry points to ../../build/camera/camera.egg-info/entry_points.txt
[0.594s] writing requirements to ../../build/camera/camera.egg-info/requires.txt
[0.594s] writing top-level names to ../../build/camera/camera.egg-info/top_level.txt
[0.594s] writing manifest file '../../build/camera/camera.egg-info/SOURCES.txt'
[0.595s] reading manifest file '../../build/camera/camera.egg-info/SOURCES.txt'
[0.595s] writing manifest file '../../build/camera/camera.egg-info/SOURCES.txt'
[0.596s] running build
[0.596s] running build_py
[0.596s] creating /home/shengbin/camera_ws/build/camera/build
[0.596s] creating /home/shengbin/camera_ws/build/camera/build/lib
[0.596s] creating /home/shengbin/camera_ws/build/camera/build/lib/camera
[0.596s] copying camera/cam_sub.py -> /home/shengbin/camera_ws/build/camera/build/lib/camera
[0.596s] copying camera/cam_pub.py -> /home/shengbin/camera_ws/build/camera/build/lib/camera
[0.596s] copying camera/__init__.py -> /home/shengbin/camera_ws/build/camera/build/lib/camera
[0.596s] running install
[0.597s] /usr/lib/python3/dist-packages/setuptools/command/install.py:34: SetuptoolsDeprecationWarning: setup.py install is deprecated. Use build and pip and other standards-based tools.
[0.597s]   warnings.warn(
[0.597s] running install_lib
[0.597s] creating /home/shengbin/camera_ws/install/camera/lib/python3.10/site-packages/camera
[0.597s] copying /home/shengbin/camera_ws/build/camera/build/lib/camera/cam_sub.py -> /home/shengbin/camera_ws/install/camera/lib/python3.10/site-packages/camera
[0.597s] copying /home/shengbin/camera_ws/build/camera/build/lib/camera/cam_pub.py -> /home/shengbin/camera_ws/install/camera/lib/python3.10/site-packages/camera
[0.597s] copying /home/shengbin/camera_ws/build/camera/build/lib/camera/__init__.py -> /home/shengbin/camera_ws/install/camera/lib/python3.10/site-packages/camera
[0.597s] byte-compiling /home/shengbin/camera_ws/install/camera/lib/python3.10/site-packages/camera/cam_sub.py to cam_sub.cpython-310.pyc
[0.597s] byte-compiling /home/shengbin/camera_ws/install/camera/lib/python3.10/site-packages/camera/cam_pub.py to cam_pub.cpython-310.pyc
[0.597s] byte-compiling /home/shengbin/camera_ws/install/camera/lib/python3.10/site-packages/camera/__init__.py to __init__.cpython-310.pyc
[0.597s] running install_data
[0.598s] creating /home/shengbin/camera_ws/install/camera/share/ament_index
[0.598s] creating /home/shengbin/camera_ws/install/camera/share/ament_index/resource_index
[0.598s] creating /home/shengbin/camera_ws/install/camera/share/ament_index/resource_index/packages
[0.598s] copying resource/camera -> /home/shengbin/camera_ws/install/camera/share/ament_index/resource_index/packages
[0.598s] copying package.xml -> /home/shengbin/camera_ws/install/camera/share/camera
[0.598s] running install_egg_info
[0.599s] Copying ../../build/camera/camera.egg-info to /home/shengbin/camera_ws/install/camera/lib/python3.10/site-packages/camera-0.0.0-py3.10.egg-info
[0.599s] running install_scripts
[0.612s] Installing cam_pub script to /home/shengbin/camera_ws/install/camera/lib/camera
[0.612s] Installing cam_sub script to /home/shengbin/camera_ws/install/camera/lib/camera
[0.612s] writing list of installed files to '/home/shengbin/camera_ws/build/camera/install.log'
[0.627s] Invoked command in '/home/shengbin/camera_ws/src/camera' returned '0': PYTHONPATH=/home/shengbin/camera_ws/build/camera/prefix_override:/home/shengbin/camera_ws/install/camera/lib/python3.10/site-packages:${PYTHONPATH} /usr/bin/python3 setup.py egg_info --egg-base ../../build/camera build --build-base /home/shengbin/camera_ws/build/camera/build install --record /home/shengbin/camera_ws/build/camera/install.log --single-version-externally-managed
