[0.211s] Invoking command in '/home/shengbin/camera_ws/build/image_transport': CMAKE_PREFIX_PATH=/opt/ros/humble /usr/bin/cmake /home/shengbin/camera_ws/src/image_common/image_transport -DCMAKE_INSTALL_PREFIX=/home/shengbin/camera_ws/install/image_transport
[0.468s] -- The C compiler identification is GNU 11.4.0
[0.468s] -- The CXX compiler identification is GNU 11.4.0
[0.468s] -- Detecting C compiler ABI info
[0.469s] -- Detecting C compiler ABI info - done
[0.469s] -- Check for working C compiler: /usr/bin/cc - skipped
[0.469s] -- Detecting C compile features
[0.469s] -- Detecting C compile features - done
[0.470s] -- Detecting CXX compiler ABI info
[0.516s] -- Detecting CXX compiler ABI info - done
[0.526s] -- Check for working CXX compiler: /usr/bin/c++ - skipped
[0.526s] -- Detecting CXX compile features
[0.527s] -- Detecting CXX compile features - done
[0.529s] -- Found ament_cmake_ros: 0.10.0 (/opt/ros/humble/share/ament_cmake_ros/cmake)
[0.702s] -- Found Python3: /usr/bin/python3.10 (found version "3.10.12") found components: Interpreter 
[0.805s] -- Found message_filters: 4.3.3 (/opt/ros/humble/share/message_filters/cmake)
[0.870s] -- Found rosidl_generator_c: 3.1.5 (/opt/ros/humble/share/rosidl_generator_c/cmake)
[0.876s] -- Found rosidl_adapter: 3.1.5 (/opt/ros/humble/share/rosidl_adapter/cmake)
[0.887s] -- Found rosidl_generator_cpp: 3.1.5 (/opt/ros/humble/share/rosidl_generator_cpp/cmake)
[0.907s] -- Using all available rosidl_typesupport_c: rosidl_typesupport_fastrtps_c;rosidl_typesupport_introspection_c
[0.935s] -- Using all available rosidl_typesupport_cpp: rosidl_typesupport_fastrtps_cpp;rosidl_typesupport_introspection_cpp
[1.055s] -- Found rmw_implementation_cmake: 6.1.1 (/opt/ros/humble/share/rmw_implementation_cmake/cmake)
[1.063s] -- Found rmw_cyclonedds_cpp: 1.3.4 (/opt/ros/humble/share/rmw_cyclonedds_cpp/cmake)
[1.130s] -- Using RMW implementation 'rmw_cyclonedds_cpp' as default
[1.142s] -- Looking for pthread.h
[1.243s] -- Looking for pthread.h - found
[1.244s] -- Performing Test CMAKE_HAVE_LIBC_PTHREAD
[1.320s] -- Performing Test CMAKE_HAVE_LIBC_PTHREAD - Success
[1.320s] -- Found Threads: TRUE  
[1.491s] -- Found pluginlib: 5.1.0 (/opt/ros/humble/share/pluginlib/cmake)
[1.522s] -- Found sensor_msgs: 4.2.3 (/opt/ros/humble/share/sensor_msgs/cmake)
[1.639s] -- Found ament_lint_auto: 0.12.8 (/opt/ros/humble/share/ament_lint_auto/cmake)
[1.717s] -- Found gtest sources under '/opt/ros/humble/src/gtest_vendor': C++ tests using 'Google Test' will be built
[1.733s] -- Added test 'copyright' to check source files copyright and LICENSE
[1.734s] -- Added test 'cpplint' to check C / C++ code against the Google style
[1.734s] -- Configured cpplint exclude dirs and/or files: 
[1.735s] -- Added test 'lint_cmake' to check CMake code style
[1.736s] -- Added test 'uncrustify' to check C / C++ code style
[1.737s] -- Configured uncrustify additional arguments: 
[1.737s] -- Added test 'xmllint' to check XML markup files
[1.738s] -- Configuring done
[1.775s] -- Generating done
[1.775s] -- Build files have been written to: /home/shengbin/camera_ws/build/image_transport
[1.784s] Invoked command in '/home/shengbin/camera_ws/build/image_transport' returned '0': CMAKE_PREFIX_PATH=/opt/ros/humble /usr/bin/cmake /home/shengbin/camera_ws/src/image_common/image_transport -DCMAKE_INSTALL_PREFIX=/home/shengbin/camera_ws/install/image_transport
[1.786s] Invoking command in '/home/shengbin/camera_ws/build/image_transport': CMAKE_PREFIX_PATH=/opt/ros/humble /usr/bin/cmake --build /home/shengbin/camera_ws/build/image_transport -- -j16 -l16
[1.854s] [  3%] [32mBuilding CXX object CMakeFiles/image_transport.dir/src/subscriber.cpp.o[0m
[1.856s] [  6%] [32mBuilding CXX object CMakeFiles/image_transport.dir/src/publisher.cpp.o[0m
[1.857s] [ 10%] [32mBuilding CXX object CMakeFiles/image_transport.dir/src/camera_common.cpp.o[0m
[1.857s] [ 13%] [32mBuilding CXX object gtest/CMakeFiles/gtest_main.dir/src/gtest_main.cc.o[0m
[1.857s] [ 16%] [32mBuilding CXX object gtest/CMakeFiles/gtest.dir/src/gtest-all.cc.o[0m
[1.857s] [ 20%] [32mBuilding CXX object CMakeFiles/image_transport.dir/src/camera_publisher.cpp.o[0m
[1.858s] [ 23%] [32mBuilding CXX object CMakeFiles/image_transport.dir/src/single_subscriber_publisher.cpp.o[0m
[1.892s] [ 26%] [32mBuilding CXX object CMakeFiles/image_transport.dir/src/camera_subscriber.cpp.o[0m
[1.927s] [ 30%] [32mBuilding CXX object CMakeFiles/image_transport.dir/src/image_transport.cpp.o[0m
[2.996s] [ 33%] [32m[1mLinking CXX static library libgtest_main.a[0m
[3.115s] [ 33%] Built target gtest_main
[6.644s] [ 36%] [32m[1mLinking CXX static library libgtest.a[0m
[6.776s] [ 36%] Built target gtest
[11.356s] [ 40%] [32m[1mLinking CXX shared library libimage_transport.so[0m
[11.809s] [ 40%] Built target image_transport
[11.822s] [ 50%] [32mBuilding CXX object CMakeFiles/image_transport_plugins.dir/src/manifest.cpp.o[0m
[11.822s] [ 50%] [32mBuilding CXX object CMakeFiles/republish.dir/src/republish.cpp.o[0m
[11.822s] [ 50%] [32mBuilding CXX object CMakeFiles/list_transports.dir/src/list_transports.cpp.o[0m
[11.826s] [ 53%] [32mBuilding CXX object CMakeFiles/image_transport-remapping.dir/test/test_remapping.cpp.o[0m
[11.828s] [ 56%] [32mBuilding CXX object CMakeFiles/image_transport-camera_common.dir/test/test_camera_common.cpp.o[0m
[11.829s] [ 60%] [32mBuilding CXX object CMakeFiles/image_transport-publisher.dir/test/test_publisher.cpp.o[0m
[11.832s] [ 63%] [32mBuilding CXX object CMakeFiles/image_transport-message_passing.dir/test/test_message_passing.cpp.o[0m
[11.832s] [ 70%] [32mBuilding CXX object CMakeFiles/image_transport-subscriber.dir/test/test_subscriber.cpp.o[0m
[11.832s] [ 70%] [32mBuilding CXX object CMakeFiles/image_transport-single_subscriber_publisher.dir/test/test_single_subscriber_publisher.cpp.o[0m
[12.716s] [ 73%] [32m[1mLinking CXX executable image_transport-camera_common[0m
[13.062s] [ 73%] Built target image_transport-camera_common
[15.023s] [ 76%] [32m[1mLinking CXX executable image_transport-publisher[0m
[15.305s] [ 76%] Built target image_transport-publisher
[15.682s] [ 80%] [32m[1mLinking CXX executable image_transport-subscriber[0m
[16.213s] [ 80%] Built target image_transport-subscriber
[16.436s] [ 83%] [32m[1mLinking CXX executable republish[0m
[16.444s] [ 86%] [32m[1mLinking CXX executable image_transport-remapping[0m
[16.718s] [ 86%] Built target republish
[16.727s] [ 86%] Built target image_transport-remapping
[17.000s] [ 90%] [32m[1mLinking CXX executable image_transport-single_subscriber_publisher[0m
[17.099s] [ 93%] [32m[1mLinking CXX executable image_transport-message_passing[0m
[17.260s] [ 93%] Built target image_transport-single_subscriber_publisher
[17.265s] [ 96%] [32m[1mLinking CXX executable list_transports[0m
[17.352s] [ 96%] Built target image_transport-message_passing
[17.473s] [ 96%] Built target list_transports
[18.373s] [100%] [32m[1mLinking CXX shared library libimage_transport_plugins.so[0m
[18.644s] [100%] Built target image_transport_plugins
[18.654s] Invoked command in '/home/shengbin/camera_ws/build/image_transport' returned '0': CMAKE_PREFIX_PATH=/opt/ros/humble /usr/bin/cmake --build /home/shengbin/camera_ws/build/image_transport -- -j16 -l16
[18.723s] Invoking command in '/home/shengbin/camera_ws/build/image_transport': CMAKE_PREFIX_PATH=/opt/ros/humble /usr/bin/cmake --install /home/shengbin/camera_ws/build/image_transport
[18.730s] -- Install configuration: ""
[18.730s] -- Installing: /home/shengbin/camera_ws/install/image_transport/share/image_transport/default_plugins.xml
[18.730s] -- Installing: /home/shengbin/camera_ws/install/image_transport/lib/libimage_transport.so
[18.739s] -- Set runtime path of "/home/shengbin/camera_ws/install/image_transport/lib/libimage_transport.so" to ""
[18.739s] -- Installing: /home/shengbin/camera_ws/install/image_transport/lib/libimage_transport_plugins.so
[18.743s] -- Set runtime path of "/home/shengbin/camera_ws/install/image_transport/lib/libimage_transport_plugins.so" to ""
[18.743s] -- Up-to-date: /home/shengbin/camera_ws/install/image_transport/lib/libimage_transport.so
[18.743s] -- Installing: /home/shengbin/camera_ws/install/image_transport/lib/image_transport/list_transports
[18.744s] -- Set runtime path of "/home/shengbin/camera_ws/install/image_transport/lib/image_transport/list_transports" to ""
[18.744s] -- Installing: /home/shengbin/camera_ws/install/image_transport/lib/image_transport/republish
[18.745s] -- Set runtime path of "/home/shengbin/camera_ws/install/image_transport/lib/image_transport/republish" to ""
[18.745s] -- Installing: /home/shengbin/camera_ws/install/image_transport/include/image_transport
[18.745s] -- Installing: /home/shengbin/camera_ws/install/image_transport/include/image_transport/image_transport
[18.745s] -- Installing: /home/shengbin/camera_ws/install/image_transport/include/image_transport/image_transport/subscriber.hpp
[18.745s] -- Installing: /home/shengbin/camera_ws/install/image_transport/include/image_transport/image_transport/transport_hints.hpp
[18.745s] -- Installing: /home/shengbin/camera_ws/install/image_transport/include/image_transport/image_transport/loader_fwds.h
[18.745s] -- Installing: /home/shengbin/camera_ws/install/image_transport/include/image_transport/image_transport/publisher.h
[18.745s] -- Installing: /home/shengbin/camera_ws/install/image_transport/include/image_transport/image_transport/subscriber_filter.h
[18.745s] -- Installing: /home/shengbin/camera_ws/install/image_transport/include/image_transport/image_transport/camera_subscriber.hpp
[18.745s] -- Installing: /home/shengbin/camera_ws/install/image_transport/include/image_transport/image_transport/transport_hints.h
[18.745s] -- Installing: /home/shengbin/camera_ws/install/image_transport/include/image_transport/image_transport/visibility_control.hpp
[18.745s] -- Installing: /home/shengbin/camera_ws/install/image_transport/include/image_transport/image_transport/publisher.hpp
[18.746s] -- Installing: /home/shengbin/camera_ws/install/image_transport/include/image_transport/image_transport/camera_common.h
[18.746s] -- Installing: /home/shengbin/camera_ws/install/image_transport/include/image_transport/image_transport/simple_publisher_plugin.hpp
[18.746s] -- Installing: /home/shengbin/camera_ws/install/image_transport/include/image_transport/image_transport/subscriber_plugin.h
[18.746s] -- Installing: /home/shengbin/camera_ws/install/image_transport/include/image_transport/image_transport/raw_subscriber.h
[18.746s] -- Installing: /home/shengbin/camera_ws/install/image_transport/include/image_transport/image_transport/camera_publisher.h
[18.746s] -- Installing: /home/shengbin/camera_ws/install/image_transport/include/image_transport/image_transport/image_transport.hpp
[18.746s] -- Installing: /home/shengbin/camera_ws/install/image_transport/include/image_transport/image_transport/camera_subscriber.h
[18.746s] -- Installing: /home/shengbin/camera_ws/install/image_transport/include/image_transport/image_transport/camera_common.hpp
[18.746s] -- Installing: /home/shengbin/camera_ws/install/image_transport/include/image_transport/image_transport/simple_publisher_plugin.h
[18.746s] -- Installing: /home/shengbin/camera_ws/install/image_transport/include/image_transport/image_transport/loader_fwds.hpp
[18.746s] -- Installing: /home/shengbin/camera_ws/install/image_transport/include/image_transport/image_transport/subscriber_filter.hpp
[18.746s] -- Installing: /home/shengbin/camera_ws/install/image_transport/include/image_transport/image_transport/simple_subscriber_plugin.hpp
[18.746s] -- Installing: /home/shengbin/camera_ws/install/image_transport/include/image_transport/image_transport/image_transport.h
[18.746s] -- Installing: /home/shengbin/camera_ws/install/image_transport/include/image_transport/image_transport/raw_subscriber.hpp
[18.746s] -- Installing: /home/shengbin/camera_ws/install/image_transport/include/image_transport/image_transport/exception.h
[18.746s] -- Installing: /home/shengbin/camera_ws/install/image_transport/include/image_transport/image_transport/publisher_plugin.h
[18.746s] -- Installing: /home/shengbin/camera_ws/install/image_transport/include/image_transport/image_transport/single_subscriber_publisher.h
[18.746s] -- Installing: /home/shengbin/camera_ws/install/image_transport/include/image_transport/image_transport/simple_subscriber_plugin.h
[18.746s] -- Installing: /home/shengbin/camera_ws/install/image_transport/include/image_transport/image_transport/raw_publisher.h
[18.746s] -- Installing: /home/shengbin/camera_ws/install/image_transport/include/image_transport/image_transport/subscriber_plugin.hpp
[18.746s] -- Installing: /home/shengbin/camera_ws/install/image_transport/include/image_transport/image_transport/camera_publisher.hpp
[18.746s] -- Installing: /home/shengbin/camera_ws/install/image_transport/include/image_transport/image_transport/subscriber.h
[18.746s] -- Installing: /home/shengbin/camera_ws/install/image_transport/include/image_transport/image_transport/raw_publisher.hpp
[18.746s] -- Installing: /home/shengbin/camera_ws/install/image_transport/include/image_transport/image_transport/single_subscriber_publisher.hpp
[18.746s] -- Installing: /home/shengbin/camera_ws/install/image_transport/include/image_transport/image_transport/publisher_plugin.hpp
[18.746s] -- Installing: /home/shengbin/camera_ws/install/image_transport/include/image_transport/image_transport/exception.hpp
[18.746s] -- Installing: /home/shengbin/camera_ws/install/image_transport/share/ament_index/resource_index/package_run_dependencies/image_transport
[18.746s] -- Installing: /home/shengbin/camera_ws/install/image_transport/share/ament_index/resource_index/parent_prefix_path/image_transport
[18.746s] -- Installing: /home/shengbin/camera_ws/install/image_transport/share/image_transport/environment/ament_prefix_path.sh
[18.746s] -- Installing: /home/shengbin/camera_ws/install/image_transport/share/image_transport/environment/ament_prefix_path.dsv
[18.746s] -- Installing: /home/shengbin/camera_ws/install/image_transport/share/image_transport/environment/path.sh
[18.746s] -- Installing: /home/shengbin/camera_ws/install/image_transport/share/image_transport/environment/path.dsv
[18.747s] -- Installing: /home/shengbin/camera_ws/install/image_transport/share/image_transport/local_setup.bash
[18.747s] -- Installing: /home/shengbin/camera_ws/install/image_transport/share/image_transport/local_setup.sh
[18.747s] -- Installing: /home/shengbin/camera_ws/install/image_transport/share/image_transport/local_setup.zsh
[18.747s] -- Installing: /home/shengbin/camera_ws/install/image_transport/share/image_transport/local_setup.dsv
[18.747s] -- Installing: /home/shengbin/camera_ws/install/image_transport/share/image_transport/package.dsv
[18.747s] -- Installing: /home/shengbin/camera_ws/install/image_transport/share/ament_index/resource_index/packages/image_transport
[18.747s] -- Installing: /home/shengbin/camera_ws/install/image_transport/share/ament_index/resource_index/image_transport__pluginlib__plugin/image_transport
[18.747s] -- Installing: /home/shengbin/camera_ws/install/image_transport/share/image_transport/cmake/export_image_transportExport.cmake
[18.747s] -- Installing: /home/shengbin/camera_ws/install/image_transport/share/image_transport/cmake/export_image_transportExport-noconfig.cmake
[18.747s] -- Installing: /home/shengbin/camera_ws/install/image_transport/share/image_transport/cmake/ament_cmake_export_targets-extras.cmake
[18.747s] -- Installing: /home/shengbin/camera_ws/install/image_transport/share/image_transport/cmake/ament_cmake_export_dependencies-extras.cmake
[18.747s] -- Installing: /home/shengbin/camera_ws/install/image_transport/share/image_transport/cmake/image_transportConfig.cmake
[18.747s] -- Installing: /home/shengbin/camera_ws/install/image_transport/share/image_transport/cmake/image_transportConfig-version.cmake
[18.747s] -- Installing: /home/shengbin/camera_ws/install/image_transport/share/image_transport/package.xml
[18.749s] Invoked command in '/home/shengbin/camera_ws/build/image_transport' returned '0': CMAKE_PREFIX_PATH=/opt/ros/humble /usr/bin/cmake --install /home/shengbin/camera_ws/build/image_transport
