[0.808s] Invoking command in '/home/shengbin/camera_ws/build/vision_opencv': AMENT_PREFIX_PATH=/home/shengbin/camera_ws/install/image_geometry:/home/shengbin/camera_ws/install/cv_bridge:${AMENT_PREFIX_PATH} CMAKE_PREFIX_PATH=/home/shengbin/camera_ws/install/image_geometry:/home/shengbin/camera_ws/install/cv_bridge:/opt/ros/humble LD_LIBRARY_PATH=/home/shengbin/camera_ws/install/image_geometry/lib:/home/shengbin/camera_ws/install/cv_bridge/lib:${LD_LIBRARY_PATH} PYTHONPATH=/home/shengbin/camera_ws/install/image_geometry/local/lib/python3.10/dist-packages:/home/shengbin/camera_ws/install/cv_bridge/local/lib/python3.10/dist-packages:${PYTHONPATH} /usr/bin/cmake /home/shengbin/camera_ws/src/vision_opencv/vision_opencv -DCMAKE_INSTALL_PREFIX=/home/shengbin/camera_ws/install/vision_opencv
[0.885s] -- The C compiler identification is GNU 11.4.0
[0.968s] -- The CXX compiler identification is GNU 11.4.0
[0.978s] -- Detecting C compiler ABI info
[1.079s] -- Detecting C compiler ABI info - done
[1.090s] -- Check for working C compiler: /usr/bin/cc - skipped
[1.090s] -- Detecting C compile features
[1.091s] -- Detecting C compile features - done
[1.096s] -- Detecting CXX compiler ABI info
[1.212s] -- Detecting CXX compiler ABI info - done
[1.224s] -- Check for working CXX compiler: /usr/bin/c++ - skipped
[1.224s] -- Detecting CXX compile features
[1.225s] -- Detecting CXX compile features - done
[1.228s] -- Found ament_cmake: 1.3.5 (/opt/ros/humble/share/ament_cmake/cmake)
[1.503s] -- Found Python3: /usr/bin/python3.10 (found version "3.10.12") found components: Interpreter 
[1.746s] -- Configuring done
[1.749s] -- Generating done
[1.750s] -- Build files have been written to: /home/shengbin/camera_ws/build/vision_opencv
[1.757s] Invoked command in '/home/shengbin/camera_ws/build/vision_opencv' returned '0': AMENT_PREFIX_PATH=/home/shengbin/camera_ws/install/image_geometry:/home/shengbin/camera_ws/install/cv_bridge:${AMENT_PREFIX_PATH} CMAKE_PREFIX_PATH=/home/shengbin/camera_ws/install/image_geometry:/home/shengbin/camera_ws/install/cv_bridge:/opt/ros/humble LD_LIBRARY_PATH=/home/shengbin/camera_ws/install/image_geometry/lib:/home/shengbin/camera_ws/install/cv_bridge/lib:${LD_LIBRARY_PATH} PYTHONPATH=/home/shengbin/camera_ws/install/image_geometry/local/lib/python3.10/dist-packages:/home/shengbin/camera_ws/install/cv_bridge/local/lib/python3.10/dist-packages:${PYTHONPATH} /usr/bin/cmake /home/shengbin/camera_ws/src/vision_opencv/vision_opencv -DCMAKE_INSTALL_PREFIX=/home/shengbin/camera_ws/install/vision_opencv
[1.759s] Invoking command in '/home/shengbin/camera_ws/build/vision_opencv': AMENT_PREFIX_PATH=/home/shengbin/camera_ws/install/image_geometry:/home/shengbin/camera_ws/install/cv_bridge:${AMENT_PREFIX_PATH} CMAKE_PREFIX_PATH=/home/shengbin/camera_ws/install/image_geometry:/home/shengbin/camera_ws/install/cv_bridge:/opt/ros/humble LD_LIBRARY_PATH=/home/shengbin/camera_ws/install/image_geometry/lib:/home/shengbin/camera_ws/install/cv_bridge/lib:${LD_LIBRARY_PATH} PYTHONPATH=/home/shengbin/camera_ws/install/image_geometry/local/lib/python3.10/dist-packages:/home/shengbin/camera_ws/install/cv_bridge/local/lib/python3.10/dist-packages:${PYTHONPATH} /usr/bin/cmake --build /home/shengbin/camera_ws/build/vision_opencv -- -j16 -l16
[1.814s] Invoked command in '/home/shengbin/camera_ws/build/vision_opencv' returned '0': AMENT_PREFIX_PATH=/home/shengbin/camera_ws/install/image_geometry:/home/shengbin/camera_ws/install/cv_bridge:${AMENT_PREFIX_PATH} CMAKE_PREFIX_PATH=/home/shengbin/camera_ws/install/image_geometry:/home/shengbin/camera_ws/install/cv_bridge:/opt/ros/humble LD_LIBRARY_PATH=/home/shengbin/camera_ws/install/image_geometry/lib:/home/shengbin/camera_ws/install/cv_bridge/lib:${LD_LIBRARY_PATH} PYTHONPATH=/home/shengbin/camera_ws/install/image_geometry/local/lib/python3.10/dist-packages:/home/shengbin/camera_ws/install/cv_bridge/local/lib/python3.10/dist-packages:${PYTHONPATH} /usr/bin/cmake --build /home/shengbin/camera_ws/build/vision_opencv -- -j16 -l16
[1.844s] Invoking command in '/home/shengbin/camera_ws/build/vision_opencv': AMENT_PREFIX_PATH=/home/shengbin/camera_ws/install/image_geometry:/home/shengbin/camera_ws/install/cv_bridge:${AMENT_PREFIX_PATH} CMAKE_PREFIX_PATH=/home/shengbin/camera_ws/install/image_geometry:/home/shengbin/camera_ws/install/cv_bridge:/opt/ros/humble LD_LIBRARY_PATH=/home/shengbin/camera_ws/install/image_geometry/lib:/home/shengbin/camera_ws/install/cv_bridge/lib:${LD_LIBRARY_PATH} PYTHONPATH=/home/shengbin/camera_ws/install/image_geometry/local/lib/python3.10/dist-packages:/home/shengbin/camera_ws/install/cv_bridge/local/lib/python3.10/dist-packages:${PYTHONPATH} /usr/bin/cmake --install /home/shengbin/camera_ws/build/vision_opencv
[1.856s] -- Install configuration: ""
[1.856s] -- Installing: /home/shengbin/camera_ws/install/vision_opencv/share/ament_index/resource_index/package_run_dependencies/vision_opencv
[1.856s] -- Installing: /home/shengbin/camera_ws/install/vision_opencv/share/ament_index/resource_index/parent_prefix_path/vision_opencv
[1.856s] -- Installing: /home/shengbin/camera_ws/install/vision_opencv/share/vision_opencv/environment/ament_prefix_path.sh
[1.856s] -- Installing: /home/shengbin/camera_ws/install/vision_opencv/share/vision_opencv/environment/ament_prefix_path.dsv
[1.857s] -- Installing: /home/shengbin/camera_ws/install/vision_opencv/share/vision_opencv/environment/path.sh
[1.857s] -- Installing: /home/shengbin/camera_ws/install/vision_opencv/share/vision_opencv/environment/path.dsv
[1.857s] -- Installing: /home/shengbin/camera_ws/install/vision_opencv/share/vision_opencv/local_setup.bash
[1.857s] -- Installing: /home/shengbin/camera_ws/install/vision_opencv/share/vision_opencv/local_setup.sh
[1.857s] -- Installing: /home/shengbin/camera_ws/install/vision_opencv/share/vision_opencv/local_setup.zsh
[1.857s] -- Installing: /home/shengbin/camera_ws/install/vision_opencv/share/vision_opencv/local_setup.dsv
[1.858s] -- Installing: /home/shengbin/camera_ws/install/vision_opencv/share/vision_opencv/package.dsv
[1.858s] -- Installing: /home/shengbin/camera_ws/install/vision_opencv/share/ament_index/resource_index/packages/vision_opencv
[1.858s] -- Installing: /home/shengbin/camera_ws/install/vision_opencv/share/vision_opencv/cmake/vision_opencvConfig.cmake
[1.858s] -- Installing: /home/shengbin/camera_ws/install/vision_opencv/share/vision_opencv/cmake/vision_opencvConfig-version.cmake
[1.858s] -- Installing: /home/shengbin/camera_ws/install/vision_opencv/share/vision_opencv/package.xml
[1.861s] Invoked command in '/home/shengbin/camera_ws/build/vision_opencv' returned '0': AMENT_PREFIX_PATH=/home/shengbin/camera_ws/install/image_geometry:/home/shengbin/camera_ws/install/cv_bridge:${AMENT_PREFIX_PATH} CMAKE_PREFIX_PATH=/home/shengbin/camera_ws/install/image_geometry:/home/shengbin/camera_ws/install/cv_bridge:/opt/ros/humble LD_LIBRARY_PATH=/home/shengbin/camera_ws/install/image_geometry/lib:/home/shengbin/camera_ws/install/cv_bridge/lib:${LD_LIBRARY_PATH} PYTHONPATH=/home/shengbin/camera_ws/install/image_geometry/local/lib/python3.10/dist-packages:/home/shengbin/camera_ws/install/cv_bridge/local/lib/python3.10/dist-packages:${PYTHONPATH} /usr/bin/cmake --install /home/shengbin/camera_ws/build/vision_opencv
