-- The C compiler identification is GNU 11.4.0
-- The CXX compiler identification is GNU 11.4.0
-- Detecting C compiler ABI info
-- Detecting C compiler ABI info - done
-- Check for working C compiler: /usr/bin/cc - skipped
-- Detecting C compile features
-- Detecting C compile features - done
-- Detecting CXX compiler ABI info
-- Detecting CXX compiler ABI info - done
-- Check for working CXX compiler: /usr/bin/c++ - skipped
-- Detecting CXX compile features
-- Detecting CXX compile features - done
-- Found ament_cmake_auto: 1.3.5 (/opt/ros/humble/share/ament_cmake_auto/cmake)
-- Found Python3: /usr/bin/python3.10 (found version "3.10.12") found components: Interpreter 
-- Found rosidl_generator_c: 3.1.5 (/opt/ros/humble/share/rosidl_generator_c/cmake)
-- Found rosidl_adapter: 3.1.5 (/opt/ros/humble/share/rosidl_adapter/cmake)
-- Found rosidl_generator_cpp: 3.1.5 (/opt/ros/humble/share/rosidl_generator_cpp/cmake)
-- Using all available rosidl_typesupport_c: rosidl_typesupport_fastrtps_c;rosidl_typesupport_introspection_c
-- Using all available rosidl_typesupport_cpp: rosidl_typesupport_fastrtps_cpp;rosidl_typesupport_introspection_cpp
-- Found rmw_implementation_cmake: 6.1.1 (/opt/ros/humble/share/rmw_implementation_cmake/cmake)
-- Found rmw_cyclonedds_cpp: 1.3.4 (/opt/ros/humble/share/rmw_cyclonedds_cpp/cmake)
-- Using RMW implementation 'rmw_cyclonedds_cpp' as default
-- Looking for pthread.h
-- Looking for pthread.h - found
-- Performing Test CMAKE_HAVE_LIBC_PTHREAD
-- Performing Test CMAKE_HAVE_LIBC_PTHREAD - Success
-- Found Threads: TRUE  
-- Found Boost: /usr/lib/x86_64-linux-gnu/cmake/Boost-1.74.0/BoostConfig.cmake (found version "1.74.0")  
-- Found OpenCV: /usr (found version "4.5.4") 
-- Found ament_lint_auto: 0.12.8 (/opt/ros/humble/share/ament_lint_auto/cmake)
-- Added test 'copyright' to check source files copyright and LICENSE
-- Added test 'cppcheck' to perform static code analysis on C / C++ code
-- Configured cppcheck include dirs: /home/shengbin/camera_ws/src/image_pipeline/image_view/include
-- Configured cppcheck exclude dirs and/or files: 
-- Added test 'cpplint' to check C / C++ code against the Google style
-- Configured cpplint exclude dirs and/or files: 
-- Added test 'lint_cmake' to check CMake code style
-- Added test 'uncrustify' to check C / C++ code style
-- Configured uncrustify additional arguments: 
-- Added test 'xmllint' to check XML markup files
-- Configuring done
-- Generating done
-- Build files have been written to: /home/shengbin/camera_ws/build/image_view
[  5%] [32mBuilding CXX object CMakeFiles/image_view_nodes.dir/src/disparity_view_node.cpp.o[0m
[ 10%] [32mBuilding CXX object CMakeFiles/image_view_nodes.dir/src/extract_images_node.cpp.o[0m
[ 15%] [32mBuilding CXX object CMakeFiles/image_view_nodes.dir/src/image_view_node.cpp.o[0m
[ 21%] [32mBuilding CXX object CMakeFiles/image_view_nodes.dir/src/image_saver_node.cpp.o[0m
[ 26%] [32mBuilding CXX object CMakeFiles/image_view_nodes.dir/src/stereo_view_node.cpp.o[0m
[ 31%] [32mBuilding CXX object CMakeFiles/image_view_nodes.dir/src/video_recorder_node.cpp.o[0m
[ 36%] [32m[1mLinking CXX shared library libimage_view_nodes.so[0m
[ 36%] Built target image_view_nodes
[ 68%] [32mBuilding CXX object CMakeFiles/extract_images.dir/src/extract_images.cpp.o[0m
[ 68%] [32mBuilding CXX object CMakeFiles/stereo_view.dir/src/stereo_view.cpp.o[0m
[ 68%] [32mBuilding CXX object CMakeFiles/image_saver.dir/src/image_saver.cpp.o[0m
[ 68%] [32mBuilding CXX object CMakeFiles/video_recorder.dir/src/video_recorder.cpp.o[0m
[ 68%] [32mBuilding CXX object CMakeFiles/image_view.dir/src/image_view.cpp.o[0m
[ 68%] [32mBuilding CXX object CMakeFiles/disparity_view.dir/src/disparity_view.cpp.o[0m
[ 73%] [32m[1mLinking CXX executable video_recorder[0m
[ 78%] [32m[1mLinking CXX executable image_saver[0m
[ 84%] [32m[1mLinking CXX executable extract_images[0m
[ 84%] Built target image_saver
[ 84%] Built target video_recorder
[ 89%] [32m[1mLinking CXX executable stereo_view[0m
[ 94%] [32m[1mLinking CXX executable disparity_view[0m
[100%] [32m[1mLinking CXX executable image_view[0m
[100%] Built target extract_images
[100%] Built target stereo_view
[100%] Built target disparity_view
[100%] Built target image_view
-- Install configuration: ""
-- Installing: /home/shengbin/camera_ws/install/image_view/include
-- Installing: /home/shengbin/camera_ws/install/image_view/include/image_view
-- Installing: /home/shengbin/camera_ws/install/image_view/include/image_view/video_recorder_node.hpp
-- Installing: /home/shengbin/camera_ws/install/image_view/include/image_view/image_view_node.hpp
-- Installing: /home/shengbin/camera_ws/install/image_view/include/image_view/stereo_view_node.hpp
-- Installing: /home/shengbin/camera_ws/install/image_view/include/image_view/extract_images_node.hpp
-- Installing: /home/shengbin/camera_ws/install/image_view/include/image_view/image_saver_node.hpp
-- Installing: /home/shengbin/camera_ws/install/image_view/include/image_view/disparity_view_node.hpp
-- Installing: /home/shengbin/camera_ws/install/image_view/share/image_view/environment/library_path.sh
-- Installing: /home/shengbin/camera_ws/install/image_view/share/image_view/environment/library_path.dsv
-- Installing: /home/shengbin/camera_ws/install/image_view/lib/libimage_view_nodes.so
-- Set runtime path of "/home/shengbin/camera_ws/install/image_view/lib/libimage_view_nodes.so" to ""
-- Installing: /home/shengbin/camera_ws/install/image_view/lib/image_view/disparity_view
-- Set runtime path of "/home/shengbin/camera_ws/install/image_view/lib/image_view/disparity_view" to ""
-- Installing: /home/shengbin/camera_ws/install/image_view/lib/image_view/image_view
-- Set runtime path of "/home/shengbin/camera_ws/install/image_view/lib/image_view/image_view" to ""
-- Installing: /home/shengbin/camera_ws/install/image_view/lib/image_view/stereo_view
-- Set runtime path of "/home/shengbin/camera_ws/install/image_view/lib/image_view/stereo_view" to ""
-- Installing: /home/shengbin/camera_ws/install/image_view/lib/image_view/extract_images
-- Set runtime path of "/home/shengbin/camera_ws/install/image_view/lib/image_view/extract_images" to ""
-- Installing: /home/shengbin/camera_ws/install/image_view/lib/image_view/image_saver
-- Set runtime path of "/home/shengbin/camera_ws/install/image_view/lib/image_view/image_saver" to ""
-- Installing: /home/shengbin/camera_ws/install/image_view/lib/image_view/video_recorder
-- Set runtime path of "/home/shengbin/camera_ws/install/image_view/lib/image_view/video_recorder" to ""
-- Installing: /home/shengbin/camera_ws/install/image_view/share/ament_index/resource_index/package_run_dependencies/image_view
-- Installing: /home/shengbin/camera_ws/install/image_view/share/ament_index/resource_index/parent_prefix_path/image_view
-- Installing: /home/shengbin/camera_ws/install/image_view/share/image_view/environment/ament_prefix_path.sh
-- Installing: /home/shengbin/camera_ws/install/image_view/share/image_view/environment/ament_prefix_path.dsv
-- Installing: /home/shengbin/camera_ws/install/image_view/share/image_view/environment/path.sh
-- Installing: /home/shengbin/camera_ws/install/image_view/share/image_view/environment/path.dsv
-- Installing: /home/shengbin/camera_ws/install/image_view/share/image_view/local_setup.bash
-- Installing: /home/shengbin/camera_ws/install/image_view/share/image_view/local_setup.sh
-- Installing: /home/shengbin/camera_ws/install/image_view/share/image_view/local_setup.zsh
-- Installing: /home/shengbin/camera_ws/install/image_view/share/image_view/local_setup.dsv
-- Installing: /home/shengbin/camera_ws/install/image_view/share/image_view/package.dsv
-- Installing: /home/shengbin/camera_ws/install/image_view/share/ament_index/resource_index/packages/image_view
-- Installing: /home/shengbin/camera_ws/install/image_view/share/ament_index/resource_index/rclcpp_components/image_view
-- Installing: /home/shengbin/camera_ws/install/image_view/share/image_view/cmake/ament_cmake_export_dependencies-extras.cmake
-- Installing: /home/shengbin/camera_ws/install/image_view/share/image_view/cmake/ament_cmake_export_include_directories-extras.cmake
-- Installing: /home/shengbin/camera_ws/install/image_view/share/image_view/cmake/ament_cmake_export_libraries-extras.cmake
-- Installing: /home/shengbin/camera_ws/install/image_view/share/image_view/cmake/image_viewConfig.cmake
-- Installing: /home/shengbin/camera_ws/install/image_view/share/image_view/cmake/image_viewConfig-version.cmake
-- Installing: /home/shengbin/camera_ws/install/image_view/share/image_view/package.xml
