[0.184s] Invoking command in '/home/shengbin/camera_ws/build/image_view': AMENT_PREFIX_PATH=/home/shengbin/camera_ws/install/image_transport:/home/shengbin/camera_ws/install/cv_bridge:/home/shengbin/camera_ws/install/camera_calibration_parsers:${AMENT_PREFIX_PATH} CMAKE_PREFIX_PATH=/home/shengbin/camera_ws/install/image_transport:/home/shengbin/camera_ws/install/cv_bridge:/home/shengbin/camera_ws/install/camera_calibration_parsers:/opt/ros/humble LD_LIBRARY_PATH=/home/shengbin/camera_ws/install/image_transport/lib:/home/shengbin/camera_ws/install/cv_bridge/lib:/home/shengbin/camera_ws/install/camera_calibration_parsers/lib:${LD_LIBRARY_PATH} PYTHONPATH=/home/shengbin/camera_ws/install/cv_bridge/local/lib/python3.10/dist-packages:${PYTHONPATH} /usr/bin/cmake /home/shengbin/camera_ws/src/image_pipeline/image_view -DCMAKE_INSTALL_PREFIX=/home/shengbin/camera_ws/install/image_view
[0.230s] -- The C compiler identification is GNU 11.4.0
[0.296s] -- The CXX compiler identification is GNU 11.4.0
[0.305s] -- Detecting C compiler ABI info
[0.388s] -- Detecting C compiler ABI info - done
[0.399s] -- Check for working C compiler: /usr/bin/cc - skipped
[0.400s] -- Detecting C compile features
[0.400s] -- Detecting C compile features - done
[0.405s] -- Detecting CXX compiler ABI info
[0.490s] -- Detecting CXX compiler ABI info - done
[0.502s] -- Check for working CXX compiler: /usr/bin/c++ - skipped
[0.502s] -- Detecting CXX compile features
[0.503s] -- Detecting CXX compile features - done
[0.506s] -- Found ament_cmake_auto: 1.3.5 (/opt/ros/humble/share/ament_cmake_auto/cmake)
[0.758s] -- Found Python3: /usr/bin/python3.10 (found version "3.10.12") found components: Interpreter 
[0.998s] -- Found rosidl_generator_c: 3.1.5 (/opt/ros/humble/share/rosidl_generator_c/cmake)
[1.006s] -- Found rosidl_adapter: 3.1.5 (/opt/ros/humble/share/rosidl_adapter/cmake)
[1.017s] -- Found rosidl_generator_cpp: 3.1.5 (/opt/ros/humble/share/rosidl_generator_cpp/cmake)
[1.037s] -- Using all available rosidl_typesupport_c: rosidl_typesupport_fastrtps_c;rosidl_typesupport_introspection_c
[1.064s] -- Using all available rosidl_typesupport_cpp: rosidl_typesupport_fastrtps_cpp;rosidl_typesupport_introspection_cpp
[1.164s] -- Found rmw_implementation_cmake: 6.1.1 (/opt/ros/humble/share/rmw_implementation_cmake/cmake)
[1.166s] -- Found rmw_cyclonedds_cpp: 1.3.4 (/opt/ros/humble/share/rmw_cyclonedds_cpp/cmake)
[1.198s] -- Using RMW implementation 'rmw_cyclonedds_cpp' as default
[1.207s] -- Looking for pthread.h
[1.271s] -- Looking for pthread.h - found
[1.271s] -- Performing Test CMAKE_HAVE_LIBC_PTHREAD
[1.330s] -- Performing Test CMAKE_HAVE_LIBC_PTHREAD - Success
[1.331s] -- Found Threads: TRUE  
[1.911s] -- Found Boost: /usr/lib/x86_64-linux-gnu/cmake/Boost-1.74.0/BoostConfig.cmake (found version "1.74.0")  
[1.918s] -- Found OpenCV: /usr (found version "4.5.4") 
[1.950s] -- Found ament_lint_auto: 0.12.8 (/opt/ros/humble/share/ament_lint_auto/cmake)
[1.980s] -- Added test 'copyright' to check source files copyright and LICENSE
[1.983s] -- Added test 'cppcheck' to perform static code analysis on C / C++ code
[1.984s] -- Configured cppcheck include dirs: /home/shengbin/camera_ws/src/image_pipeline/image_view/include
[1.984s] -- Configured cppcheck exclude dirs and/or files: 
[1.986s] -- Added test 'cpplint' to check C / C++ code against the Google style
[1.986s] -- Configured cpplint exclude dirs and/or files: 
[1.987s] -- Added test 'lint_cmake' to check CMake code style
[1.989s] -- Added test 'uncrustify' to check C / C++ code style
[1.989s] -- Configured uncrustify additional arguments: 
[1.990s] -- Added test 'xmllint' to check XML markup files
[1.994s] -- Configuring done
[2.092s] -- Generating done
[2.096s] -- Build files have been written to: /home/shengbin/camera_ws/build/image_view
[2.120s] Invoked command in '/home/shengbin/camera_ws/build/image_view' returned '0': AMENT_PREFIX_PATH=/home/shengbin/camera_ws/install/image_transport:/home/shengbin/camera_ws/install/cv_bridge:/home/shengbin/camera_ws/install/camera_calibration_parsers:${AMENT_PREFIX_PATH} CMAKE_PREFIX_PATH=/home/shengbin/camera_ws/install/image_transport:/home/shengbin/camera_ws/install/cv_bridge:/home/shengbin/camera_ws/install/camera_calibration_parsers:/opt/ros/humble LD_LIBRARY_PATH=/home/shengbin/camera_ws/install/image_transport/lib:/home/shengbin/camera_ws/install/cv_bridge/lib:/home/shengbin/camera_ws/install/camera_calibration_parsers/lib:${LD_LIBRARY_PATH} PYTHONPATH=/home/shengbin/camera_ws/install/cv_bridge/local/lib/python3.10/dist-packages:${PYTHONPATH} /usr/bin/cmake /home/shengbin/camera_ws/src/image_pipeline/image_view -DCMAKE_INSTALL_PREFIX=/home/shengbin/camera_ws/install/image_view
[2.121s] Invoking command in '/home/shengbin/camera_ws/build/image_view': AMENT_PREFIX_PATH=/home/shengbin/camera_ws/install/image_transport:/home/shengbin/camera_ws/install/cv_bridge:/home/shengbin/camera_ws/install/camera_calibration_parsers:${AMENT_PREFIX_PATH} CMAKE_PREFIX_PATH=/home/shengbin/camera_ws/install/image_transport:/home/shengbin/camera_ws/install/cv_bridge:/home/shengbin/camera_ws/install/camera_calibration_parsers:/opt/ros/humble LD_LIBRARY_PATH=/home/shengbin/camera_ws/install/image_transport/lib:/home/shengbin/camera_ws/install/cv_bridge/lib:/home/shengbin/camera_ws/install/camera_calibration_parsers/lib:${LD_LIBRARY_PATH} PYTHONPATH=/home/shengbin/camera_ws/install/cv_bridge/local/lib/python3.10/dist-packages:${PYTHONPATH} /usr/bin/cmake --build /home/shengbin/camera_ws/build/image_view -- -j16 -l16
[2.262s] [  5%] [32mBuilding CXX object CMakeFiles/image_view_nodes.dir/src/disparity_view_node.cpp.o[0m
[2.271s] [ 10%] [32mBuilding CXX object CMakeFiles/image_view_nodes.dir/src/extract_images_node.cpp.o[0m
[2.293s] [ 15%] [32mBuilding CXX object CMakeFiles/image_view_nodes.dir/src/image_view_node.cpp.o[0m
[2.300s] [ 21%] [32mBuilding CXX object CMakeFiles/image_view_nodes.dir/src/image_saver_node.cpp.o[0m
[2.375s] [ 26%] [32mBuilding CXX object CMakeFiles/image_view_nodes.dir/src/stereo_view_node.cpp.o[0m
[2.391s] [ 31%] [32mBuilding CXX object CMakeFiles/image_view_nodes.dir/src/video_recorder_node.cpp.o[0m
[36.422s] [ 36%] [32m[1mLinking CXX shared library libimage_view_nodes.so[0m
[37.965s] [ 36%] Built target image_view_nodes
[37.996s] [ 68%] [32mBuilding CXX object CMakeFiles/extract_images.dir/src/extract_images.cpp.o[0m
[37.996s] [ 68%] [32mBuilding CXX object CMakeFiles/stereo_view.dir/src/stereo_view.cpp.o[0m
[37.996s] [ 68%] [32mBuilding CXX object CMakeFiles/image_saver.dir/src/image_saver.cpp.o[0m
[37.996s] [ 68%] [32mBuilding CXX object CMakeFiles/video_recorder.dir/src/video_recorder.cpp.o[0m
[37.996s] [ 68%] [32mBuilding CXX object CMakeFiles/image_view.dir/src/image_view.cpp.o[0m
[37.996s] [ 68%] [32mBuilding CXX object CMakeFiles/disparity_view.dir/src/disparity_view.cpp.o[0m
[42.541s] [ 73%] [32m[1mLinking CXX executable video_recorder[0m
[42.554s] [ 78%] [32m[1mLinking CXX executable image_saver[0m
[43.397s] [ 84%] [32m[1mLinking CXX executable extract_images[0m
[43.462s] [ 84%] Built target image_saver
[43.542s] [ 84%] Built target video_recorder
[43.542s] [ 89%] [32m[1mLinking CXX executable stereo_view[0m
[43.761s] [ 94%] [32m[1mLinking CXX executable disparity_view[0m
[44.052s] [100%] [32m[1mLinking CXX executable image_view[0m
[44.150s] [100%] Built target extract_images
[44.393s] [100%] Built target stereo_view
[44.595s] [100%] Built target disparity_view
[44.777s] [100%] Built target image_view
[44.792s] Invoked command in '/home/shengbin/camera_ws/build/image_view' returned '0': AMENT_PREFIX_PATH=/home/shengbin/camera_ws/install/image_transport:/home/shengbin/camera_ws/install/cv_bridge:/home/shengbin/camera_ws/install/camera_calibration_parsers:${AMENT_PREFIX_PATH} CMAKE_PREFIX_PATH=/home/shengbin/camera_ws/install/image_transport:/home/shengbin/camera_ws/install/cv_bridge:/home/shengbin/camera_ws/install/camera_calibration_parsers:/opt/ros/humble LD_LIBRARY_PATH=/home/shengbin/camera_ws/install/image_transport/lib:/home/shengbin/camera_ws/install/cv_bridge/lib:/home/shengbin/camera_ws/install/camera_calibration_parsers/lib:${LD_LIBRARY_PATH} PYTHONPATH=/home/shengbin/camera_ws/install/cv_bridge/local/lib/python3.10/dist-packages:${PYTHONPATH} /usr/bin/cmake --build /home/shengbin/camera_ws/build/image_view -- -j16 -l16
[44.825s] Invoking command in '/home/shengbin/camera_ws/build/image_view': AMENT_PREFIX_PATH=/home/shengbin/camera_ws/install/image_transport:/home/shengbin/camera_ws/install/cv_bridge:/home/shengbin/camera_ws/install/camera_calibration_parsers:${AMENT_PREFIX_PATH} CMAKE_PREFIX_PATH=/home/shengbin/camera_ws/install/image_transport:/home/shengbin/camera_ws/install/cv_bridge:/home/shengbin/camera_ws/install/camera_calibration_parsers:/opt/ros/humble LD_LIBRARY_PATH=/home/shengbin/camera_ws/install/image_transport/lib:/home/shengbin/camera_ws/install/cv_bridge/lib:/home/shengbin/camera_ws/install/camera_calibration_parsers/lib:${LD_LIBRARY_PATH} PYTHONPATH=/home/shengbin/camera_ws/install/cv_bridge/local/lib/python3.10/dist-packages:${PYTHONPATH} /usr/bin/cmake --install /home/shengbin/camera_ws/build/image_view
[44.838s] -- Install configuration: ""
[44.838s] -- Installing: /home/shengbin/camera_ws/install/image_view/include
[44.839s] -- Installing: /home/shengbin/camera_ws/install/image_view/include/image_view
[44.839s] -- Installing: /home/shengbin/camera_ws/install/image_view/include/image_view/video_recorder_node.hpp
[44.839s] -- Installing: /home/shengbin/camera_ws/install/image_view/include/image_view/image_view_node.hpp
[44.839s] -- Installing: /home/shengbin/camera_ws/install/image_view/include/image_view/stereo_view_node.hpp
[44.839s] -- Installing: /home/shengbin/camera_ws/install/image_view/include/image_view/extract_images_node.hpp
[44.839s] -- Installing: /home/shengbin/camera_ws/install/image_view/include/image_view/image_saver_node.hpp
[44.839s] -- Installing: /home/shengbin/camera_ws/install/image_view/include/image_view/disparity_view_node.hpp
[44.839s] -- Installing: /home/shengbin/camera_ws/install/image_view/share/image_view/environment/library_path.sh
[44.839s] -- Installing: /home/shengbin/camera_ws/install/image_view/share/image_view/environment/library_path.dsv
[44.839s] -- Installing: /home/shengbin/camera_ws/install/image_view/lib/libimage_view_nodes.so
[44.849s] -- Set runtime path of "/home/shengbin/camera_ws/install/image_view/lib/libimage_view_nodes.so" to ""
[44.850s] -- Installing: /home/shengbin/camera_ws/install/image_view/lib/image_view/disparity_view
[44.850s] -- Set runtime path of "/home/shengbin/camera_ws/install/image_view/lib/image_view/disparity_view" to ""
[44.850s] -- Installing: /home/shengbin/camera_ws/install/image_view/lib/image_view/image_view
[44.850s] -- Set runtime path of "/home/shengbin/camera_ws/install/image_view/lib/image_view/image_view" to ""
[44.850s] -- Installing: /home/shengbin/camera_ws/install/image_view/lib/image_view/stereo_view
[44.850s] -- Set runtime path of "/home/shengbin/camera_ws/install/image_view/lib/image_view/stereo_view" to ""
[44.850s] -- Installing: /home/shengbin/camera_ws/install/image_view/lib/image_view/extract_images
[44.851s] -- Set runtime path of "/home/shengbin/camera_ws/install/image_view/lib/image_view/extract_images" to ""
[44.851s] -- Installing: /home/shengbin/camera_ws/install/image_view/lib/image_view/image_saver
[44.851s] -- Set runtime path of "/home/shengbin/camera_ws/install/image_view/lib/image_view/image_saver" to ""
[44.851s] -- Installing: /home/shengbin/camera_ws/install/image_view/lib/image_view/video_recorder
[44.851s] -- Set runtime path of "/home/shengbin/camera_ws/install/image_view/lib/image_view/video_recorder" to ""
[44.851s] -- Installing: /home/shengbin/camera_ws/install/image_view/share/ament_index/resource_index/package_run_dependencies/image_view
[44.852s] -- Installing: /home/shengbin/camera_ws/install/image_view/share/ament_index/resource_index/parent_prefix_path/image_view
[44.852s] -- Installing: /home/shengbin/camera_ws/install/image_view/share/image_view/environment/ament_prefix_path.sh
[44.852s] -- Installing: /home/shengbin/camera_ws/install/image_view/share/image_view/environment/ament_prefix_path.dsv
[44.853s] -- Installing: /home/shengbin/camera_ws/install/image_view/share/image_view/environment/path.sh
[44.853s] -- Installing: /home/shengbin/camera_ws/install/image_view/share/image_view/environment/path.dsv
[44.853s] -- Installing: /home/shengbin/camera_ws/install/image_view/share/image_view/local_setup.bash
[44.853s] -- Installing: /home/shengbin/camera_ws/install/image_view/share/image_view/local_setup.sh
[44.853s] -- Installing: /home/shengbin/camera_ws/install/image_view/share/image_view/local_setup.zsh
[44.854s] -- Installing: /home/shengbin/camera_ws/install/image_view/share/image_view/local_setup.dsv
[44.854s] -- Installing: /home/shengbin/camera_ws/install/image_view/share/image_view/package.dsv
[44.854s] -- Installing: /home/shengbin/camera_ws/install/image_view/share/ament_index/resource_index/packages/image_view
[44.854s] -- Installing: /home/shengbin/camera_ws/install/image_view/share/ament_index/resource_index/rclcpp_components/image_view
[44.854s] -- Installing: /home/shengbin/camera_ws/install/image_view/share/image_view/cmake/ament_cmake_export_dependencies-extras.cmake
[44.855s] -- Installing: /home/shengbin/camera_ws/install/image_view/share/image_view/cmake/ament_cmake_export_include_directories-extras.cmake
[44.855s] -- Installing: /home/shengbin/camera_ws/install/image_view/share/image_view/cmake/ament_cmake_export_libraries-extras.cmake
[44.855s] -- Installing: /home/shengbin/camera_ws/install/image_view/share/image_view/cmake/image_viewConfig.cmake
[44.856s] -- Installing: /home/shengbin/camera_ws/install/image_view/share/image_view/cmake/image_viewConfig-version.cmake
[44.856s] -- Installing: /home/shengbin/camera_ws/install/image_view/share/image_view/package.xml
[44.858s] Invoked command in '/home/shengbin/camera_ws/build/image_view' returned '0': AMENT_PREFIX_PATH=/home/shengbin/camera_ws/install/image_transport:/home/shengbin/camera_ws/install/cv_bridge:/home/shengbin/camera_ws/install/camera_calibration_parsers:${AMENT_PREFIX_PATH} CMAKE_PREFIX_PATH=/home/shengbin/camera_ws/install/image_transport:/home/shengbin/camera_ws/install/cv_bridge:/home/shengbin/camera_ws/install/camera_calibration_parsers:/opt/ros/humble LD_LIBRARY_PATH=/home/shengbin/camera_ws/install/image_transport/lib:/home/shengbin/camera_ws/install/cv_bridge/lib:/home/shengbin/camera_ws/install/camera_calibration_parsers/lib:${LD_LIBRARY_PATH} PYTHONPATH=/home/shengbin/camera_ws/install/cv_bridge/local/lib/python3.10/dist-packages:${PYTHONPATH} /usr/bin/cmake --install /home/shengbin/camera_ws/build/image_view
