[0.241s] Invoking command in '/home/shengbin/camera_ws/build/cv_bridge': CMAKE_PREFIX_PATH=/opt/ros/humble /usr/bin/cmake /home/shengbin/camera_ws/src/vision_opencv/cv_bridge -DCMAKE_INSTALL_PREFIX=/home/shengbin/camera_ws/install/cv_bridge
[0.466s] -- The C compiler identification is GNU 11.4.0
[0.466s] -- The CXX compiler identification is GNU 11.4.0
[0.466s] -- Detecting C compiler ABI info
[0.466s] -- Detecting C compiler ABI info - done
[0.466s] -- Check for working C compiler: /usr/bin/cc - skipped
[0.466s] -- Detecting C compile features
[0.466s] -- Detecting C compile features - done
[0.466s] -- Detecting CXX compiler ABI info
[0.467s] -- Detecting CXX compiler ABI info - done
[0.467s] -- Check for working CXX compiler: /usr/bin/c++ - skipped
[0.467s] -- Detecting CXX compile features
[0.467s] -- Detecting CXX compile features - done
[0.467s] -- Found ament_cmake_ros: 0.10.0 (/opt/ros/humble/share/ament_cmake_ros/cmake)
[0.605s] -- Found Python3: /usr/bin/python3.10 (found version "3.10.12") found components: Interpreter 
[1.161s] -- Found Python3: /usr/include/python3.10 (found version "3.10.12") found components: Development NumPy Interpreter Development.Module Development.Embed 
[1.176s] -- Found Boost: /usr/lib/x86_64-linux-gnu/cmake/Boost-1.74.0/BoostConfig.cmake (found version "1.74.0") found components: python310 
[1.178s] -- Found rcpputils: 2.4.1 (/opt/ros/humble/share/rcpputils/cmake)
[1.185s] -- Found sensor_msgs: 4.2.3 (/opt/ros/humble/share/sensor_msgs/cmake)
[1.202s] -- Found rosidl_generator_c: 3.1.5 (/opt/ros/humble/share/rosidl_generator_c/cmake)
[1.205s] -- Found rosidl_adapter: 3.1.5 (/opt/ros/humble/share/rosidl_adapter/cmake)
[1.211s] -- Found rosidl_generator_cpp: 3.1.5 (/opt/ros/humble/share/rosidl_generator_cpp/cmake)
[1.220s] -- Using all available rosidl_typesupport_c: rosidl_typesupport_fastrtps_c;rosidl_typesupport_introspection_c
[1.231s] -- Using all available rosidl_typesupport_cpp: rosidl_typesupport_fastrtps_cpp;rosidl_typesupport_introspection_cpp
[1.447s] -- Performing Test COMPILER_HAS_HIDDEN_VISIBILITY
[1.497s] -- Performing Test COMPILER_HAS_HIDDEN_VISIBILITY - Success
[1.498s] -- Performing Test COMPILER_HAS_HIDDEN_INLINE_VISIBILITY
[1.552s] -- Performing Test COMPILER_HAS_HIDDEN_INLINE_VISIBILITY - Success
[1.552s] -- Performing Test COMPILER_HAS_DEPRECATED_ATTR
[1.604s] -- Performing Test COMPILER_HAS_DEPRECATED_ATTR - Success
[1.606s] -- Found ament_lint_auto: 0.12.8 (/opt/ros/humble/share/ament_lint_auto/cmake)
[1.659s] -- Found gtest sources under '/opt/ros/humble/src/gtest_vendor': C++ tests using 'Google Test' will be built
[1.661s] -- Looking for pthread.h
[1.707s] -- Looking for pthread.h - found
[1.707s] -- Performing Test CMAKE_HAVE_LIBC_PTHREAD
[1.757s] -- Performing Test CMAKE_HAVE_LIBC_PTHREAD - Success
[1.757s] -- Found Threads: TRUE  
[2.740s] -- Configuring done
[2.751s] -- Generating done
[2.752s] -- Build files have been written to: /home/shengbin/camera_ws/build/cv_bridge
