-- The C compiler identification is GNU 11.4.0
-- The CXX compiler identification is GNU 11.4.0
-- Detecting C compiler ABI info
-- Detecting C compiler ABI info - done
-- Check for working C compiler: /usr/bin/cc - skipped
-- Detecting C compile features
-- Detecting C compile features - done
-- Detecting CXX compiler ABI info
-- Detecting CXX compiler ABI info - done
-- Check for working CXX compiler: /usr/bin/c++ - skipped
-- Detecting CXX compile features
-- Detecting CXX compile features - done
-- Found ament_cmake_auto: 1.3.5 (/opt/ros/humble/share/ament_cmake_auto/cmake)
-- Found Python3: /usr/bin/python3.10 (found version "3.10.12") found components: Interpreter 
-- Found rosidl_generator_c: 3.1.5 (/opt/ros/humble/share/rosidl_generator_c/cmake)
-- Found rosidl_adapter: 3.1.5 (/opt/ros/humble/share/rosidl_adapter/cmake)
-- Found rosidl_generator_cpp: 3.1.5 (/opt/ros/humble/share/rosidl_generator_cpp/cmake)
-- Using all available rosidl_typesupport_c: rosidl_typesupport_fastrtps_c;rosidl_typesupport_introspection_c
-- Using all available rosidl_typesupport_cpp: rosidl_typesupport_fastrtps_cpp;rosidl_typesupport_introspection_cpp
-- Found rmw_implementation_cmake: 6.1.1 (/opt/ros/humble/share/rmw_implementation_cmake/cmake)
-- Found rmw_cyclonedds_cpp: 1.3.4 (/opt/ros/humble/share/rmw_cyclonedds_cpp/cmake)
-- Using RMW implementation 'rmw_cyclonedds_cpp' as default
-- Looking for pthread.h
-- Looking for pthread.h - found
-- Performing Test CMAKE_HAVE_LIBC_PTHREAD
-- Performing Test CMAKE_HAVE_LIBC_PTHREAD - Success
-- Found Threads: TRUE  
-- Found eigen3_cmake_module: 0.1.1 (/opt/ros/humble/share/eigen3_cmake_module/cmake)
-- Found Eigen3: TRUE (found version "3.4.0") 
-- Ensuring Eigen3 include directory is part of orocos-kdl CMake target
-- Found OpenCV: /usr (found version "4.5.4") found components: core imgproc 
-- Found ament_lint_auto: 0.12.8 (/opt/ros/humble/share/ament_lint_auto/cmake)
-- Added test 'copyright' to check source files copyright and LICENSE
-- Added test 'cppcheck' to perform static code analysis on C / C++ code
-- Configured cppcheck include dirs: /home/shengbin/camera_ws/src/image_pipeline/image_rotate/include
-- Configured cppcheck exclude dirs and/or files: 
-- Added test 'cpplint' to check C / C++ code against the Google style
-- Configured cpplint exclude dirs and/or files: 
-- Added test 'flake8' to check Python code syntax and style conventions
-- Added test 'lint_cmake' to check CMake code style
-- Added test 'pep257' to check Python code against some of the docstring style conventions in PEP 257
-- Added test 'uncrustify' to check C / C++ code style
-- Configured uncrustify additional arguments: 
-- Added test 'xmllint' to check XML markup files
-- Configuring done
-- Generating done
-- Build files have been written to: /home/shengbin/camera_ws/build/image_rotate
[ 25%] [32mBuilding CXX object CMakeFiles/image_rotate.dir/src/image_rotate_node.cpp.o[0m
[ 50%] [32m[1mLinking CXX shared library libimage_rotate.so[0m
[ 50%] Built target image_rotate
[ 75%] [32mBuilding CXX object CMakeFiles/image_rotate_bin.dir/src/image_rotate.cpp.o[0m
[100%] [32m[1mLinking CXX executable image_rotate[0m
[100%] Built target image_rotate_bin
-- Install configuration: ""
-- Installing: /home/shengbin/camera_ws/install/image_rotate/include
-- Installing: /home/shengbin/camera_ws/install/image_rotate/include/image_rotate
-- Installing: /home/shengbin/camera_ws/install/image_rotate/include/image_rotate/visibility.h
-- Installing: /home/shengbin/camera_ws/install/image_rotate/include/image_rotate/image_rotate_node.hpp
-- Installing: /home/shengbin/camera_ws/install/image_rotate/share/image_rotate/environment/library_path.sh
-- Installing: /home/shengbin/camera_ws/install/image_rotate/share/image_rotate/environment/library_path.dsv
-- Installing: /home/shengbin/camera_ws/install/image_rotate/lib/libimage_rotate.so
-- Set runtime path of "/home/shengbin/camera_ws/install/image_rotate/lib/libimage_rotate.so" to ""
-- Installing: /home/shengbin/camera_ws/install/image_rotate/lib/image_rotate/image_rotate
-- Set runtime path of "/home/shengbin/camera_ws/install/image_rotate/lib/image_rotate/image_rotate" to ""
-- Installing: /home/shengbin/camera_ws/install/image_rotate/share/image_rotate/launch
-- Installing: /home/shengbin/camera_ws/install/image_rotate/share/image_rotate/launch/image_rotate.launch.py
-- Installing: /home/shengbin/camera_ws/install/image_rotate/share/ament_index/resource_index/package_run_dependencies/image_rotate
-- Installing: /home/shengbin/camera_ws/install/image_rotate/share/ament_index/resource_index/parent_prefix_path/image_rotate
-- Installing: /home/shengbin/camera_ws/install/image_rotate/share/image_rotate/environment/ament_prefix_path.sh
-- Installing: /home/shengbin/camera_ws/install/image_rotate/share/image_rotate/environment/ament_prefix_path.dsv
-- Installing: /home/shengbin/camera_ws/install/image_rotate/share/image_rotate/environment/path.sh
-- Installing: /home/shengbin/camera_ws/install/image_rotate/share/image_rotate/environment/path.dsv
-- Installing: /home/shengbin/camera_ws/install/image_rotate/share/image_rotate/local_setup.bash
-- Installing: /home/shengbin/camera_ws/install/image_rotate/share/image_rotate/local_setup.sh
-- Installing: /home/shengbin/camera_ws/install/image_rotate/share/image_rotate/local_setup.zsh
-- Installing: /home/shengbin/camera_ws/install/image_rotate/share/image_rotate/local_setup.dsv
-- Installing: /home/shengbin/camera_ws/install/image_rotate/share/image_rotate/package.dsv
-- Installing: /home/shengbin/camera_ws/install/image_rotate/share/ament_index/resource_index/packages/image_rotate
-- Installing: /home/shengbin/camera_ws/install/image_rotate/share/ament_index/resource_index/rclcpp_components/image_rotate
-- Installing: /home/shengbin/camera_ws/install/image_rotate/share/image_rotate/cmake/ament_cmake_export_dependencies-extras.cmake
-- Installing: /home/shengbin/camera_ws/install/image_rotate/share/image_rotate/cmake/ament_cmake_export_include_directories-extras.cmake
-- Installing: /home/shengbin/camera_ws/install/image_rotate/share/image_rotate/cmake/ament_cmake_export_libraries-extras.cmake
-- Installing: /home/shengbin/camera_ws/install/image_rotate/share/image_rotate/cmake/image_rotateConfig.cmake
-- Installing: /home/shengbin/camera_ws/install/image_rotate/share/image_rotate/cmake/image_rotateConfig-version.cmake
-- Installing: /home/shengbin/camera_ws/install/image_rotate/share/image_rotate/package.xml
