[0.212s] Invoking command in '/home/shengbin/camera_ws/build/image_rotate': AMENT_PREFIX_PATH=/home/shengbin/camera_ws/install/image_transport:/home/shengbin/camera_ws/install/cv_bridge:${AMENT_PREFIX_PATH} CMAKE_PREFIX_PATH=/home/shengbin/camera_ws/install/image_transport:/home/shengbin/camera_ws/install/cv_bridge:/opt/ros/humble LD_LIBRARY_PATH=/home/shengbin/camera_ws/install/image_transport/lib:/home/shengbin/camera_ws/install/cv_bridge/lib:${LD_LIBRARY_PATH} PYTHONPATH=/home/shengbin/camera_ws/install/cv_bridge/local/lib/python3.10/dist-packages:${PYTHONPATH} /usr/bin/cmake /home/shengbin/camera_ws/src/image_pipeline/image_rotate -DCMAKE_INSTALL_PREFIX=/home/shengbin/camera_ws/install/image_rotate
[0.253s] -- The C compiler identification is GNU 11.4.0
[0.319s] -- The CXX compiler identification is GNU 11.4.0
[0.328s] -- Detecting C compiler ABI info
[0.394s] -- Detecting C compiler ABI info - done
[0.401s] -- Check for working C compiler: /usr/bin/cc - skipped
[0.402s] -- Detecting C compile features
[0.402s] -- Detecting C compile features - done
[0.405s] -- Detecting CXX compiler ABI info
[0.503s] -- Detecting CXX compiler ABI info - done
[0.515s] -- Check for working CXX compiler: /usr/bin/c++ - skipped
[0.516s] -- Detecting CXX compile features
[0.516s] -- Detecting CXX compile features - done
[0.519s] -- Found ament_cmake_auto: 1.3.5 (/opt/ros/humble/share/ament_cmake_auto/cmake)
[0.724s] -- Found Python3: /usr/bin/python3.10 (found version "3.10.12") found components: Interpreter 
[1.020s] -- Found rosidl_generator_c: 3.1.5 (/opt/ros/humble/share/rosidl_generator_c/cmake)
[1.026s] -- Found rosidl_adapter: 3.1.5 (/opt/ros/humble/share/rosidl_adapter/cmake)
[1.038s] -- Found rosidl_generator_cpp: 3.1.5 (/opt/ros/humble/share/rosidl_generator_cpp/cmake)
[1.057s] -- Using all available rosidl_typesupport_c: rosidl_typesupport_fastrtps_c;rosidl_typesupport_introspection_c
[1.080s] -- Using all available rosidl_typesupport_cpp: rosidl_typesupport_fastrtps_cpp;rosidl_typesupport_introspection_cpp
[1.497s] -- Found rmw_implementation_cmake: 6.1.1 (/opt/ros/humble/share/rmw_implementation_cmake/cmake)
[1.501s] -- Found rmw_cyclonedds_cpp: 1.3.4 (/opt/ros/humble/share/rmw_cyclonedds_cpp/cmake)
[1.546s] -- Using RMW implementation 'rmw_cyclonedds_cpp' as default
[1.558s] -- Looking for pthread.h
[1.638s] -- Looking for pthread.h - found
[1.638s] -- Performing Test CMAKE_HAVE_LIBC_PTHREAD
[1.706s] -- Performing Test CMAKE_HAVE_LIBC_PTHREAD - Success
[1.707s] -- Found Threads: TRUE  
[2.162s] -- Found eigen3_cmake_module: 0.1.1 (/opt/ros/humble/share/eigen3_cmake_module/cmake)
[2.163s] -- Found Eigen3: TRUE (found version "3.4.0") 
[2.164s] -- Ensuring Eigen3 include directory is part of orocos-kdl CMake target
[2.867s] -- Found OpenCV: /usr (found version "4.5.4") found components: core imgproc 
[2.895s] -- Found ament_lint_auto: 0.12.8 (/opt/ros/humble/share/ament_lint_auto/cmake)
[2.971s] -- Added test 'copyright' to check source files copyright and LICENSE
[2.973s] -- Added test 'cppcheck' to perform static code analysis on C / C++ code
[2.974s] -- Configured cppcheck include dirs: /home/shengbin/camera_ws/src/image_pipeline/image_rotate/include
[2.974s] -- Configured cppcheck exclude dirs and/or files: 
[2.975s] -- Added test 'cpplint' to check C / C++ code against the Google style
[2.975s] -- Configured cpplint exclude dirs and/or files: 
[2.976s] -- Added test 'flake8' to check Python code syntax and style conventions
[2.987s] -- Added test 'lint_cmake' to check CMake code style
[2.988s] -- Added test 'pep257' to check Python code against some of the docstring style conventions in PEP 257
[2.990s] -- Added test 'uncrustify' to check C / C++ code style
[2.990s] -- Configured uncrustify additional arguments: 
[2.990s] -- Added test 'xmllint' to check XML markup files
[2.994s] -- Configuring done
[3.090s] -- Generating done
[3.091s] -- Build files have been written to: /home/shengbin/camera_ws/build/image_rotate
[3.116s] Invoked command in '/home/shengbin/camera_ws/build/image_rotate' returned '0': AMENT_PREFIX_PATH=/home/shengbin/camera_ws/install/image_transport:/home/shengbin/camera_ws/install/cv_bridge:${AMENT_PREFIX_PATH} CMAKE_PREFIX_PATH=/home/shengbin/camera_ws/install/image_transport:/home/shengbin/camera_ws/install/cv_bridge:/opt/ros/humble LD_LIBRARY_PATH=/home/shengbin/camera_ws/install/image_transport/lib:/home/shengbin/camera_ws/install/cv_bridge/lib:${LD_LIBRARY_PATH} PYTHONPATH=/home/shengbin/camera_ws/install/cv_bridge/local/lib/python3.10/dist-packages:${PYTHONPATH} /usr/bin/cmake /home/shengbin/camera_ws/src/image_pipeline/image_rotate -DCMAKE_INSTALL_PREFIX=/home/shengbin/camera_ws/install/image_rotate
[3.117s] Invoking command in '/home/shengbin/camera_ws/build/image_rotate': AMENT_PREFIX_PATH=/home/shengbin/camera_ws/install/image_transport:/home/shengbin/camera_ws/install/cv_bridge:${AMENT_PREFIX_PATH} CMAKE_PREFIX_PATH=/home/shengbin/camera_ws/install/image_transport:/home/shengbin/camera_ws/install/cv_bridge:/opt/ros/humble LD_LIBRARY_PATH=/home/shengbin/camera_ws/install/image_transport/lib:/home/shengbin/camera_ws/install/cv_bridge/lib:${LD_LIBRARY_PATH} PYTHONPATH=/home/shengbin/camera_ws/install/cv_bridge/local/lib/python3.10/dist-packages:${PYTHONPATH} /usr/bin/cmake --build /home/shengbin/camera_ws/build/image_rotate -- -j16 -l16
[3.250s] [ 25%] [32mBuilding CXX object CMakeFiles/image_rotate.dir/src/image_rotate_node.cpp.o[0m
[22.824s] [ 50%] [32m[1mLinking CXX shared library libimage_rotate.so[0m
[24.447s] [ 50%] Built target image_rotate
[24.499s] [ 75%] [32mBuilding CXX object CMakeFiles/image_rotate_bin.dir/src/image_rotate.cpp.o[0m
[31.363s] [100%] [32m[1mLinking CXX executable image_rotate[0m
[32.373s] [100%] Built target image_rotate_bin
[32.393s] Invoked command in '/home/shengbin/camera_ws/build/image_rotate' returned '0': AMENT_PREFIX_PATH=/home/shengbin/camera_ws/install/image_transport:/home/shengbin/camera_ws/install/cv_bridge:${AMENT_PREFIX_PATH} CMAKE_PREFIX_PATH=/home/shengbin/camera_ws/install/image_transport:/home/shengbin/camera_ws/install/cv_bridge:/opt/ros/humble LD_LIBRARY_PATH=/home/shengbin/camera_ws/install/image_transport/lib:/home/shengbin/camera_ws/install/cv_bridge/lib:${LD_LIBRARY_PATH} PYTHONPATH=/home/shengbin/camera_ws/install/cv_bridge/local/lib/python3.10/dist-packages:${PYTHONPATH} /usr/bin/cmake --build /home/shengbin/camera_ws/build/image_rotate -- -j16 -l16
[32.476s] Invoking command in '/home/shengbin/camera_ws/build/image_rotate': AMENT_PREFIX_PATH=/home/shengbin/camera_ws/install/image_transport:/home/shengbin/camera_ws/install/cv_bridge:${AMENT_PREFIX_PATH} CMAKE_PREFIX_PATH=/home/shengbin/camera_ws/install/image_transport:/home/shengbin/camera_ws/install/cv_bridge:/opt/ros/humble LD_LIBRARY_PATH=/home/shengbin/camera_ws/install/image_transport/lib:/home/shengbin/camera_ws/install/cv_bridge/lib:${LD_LIBRARY_PATH} PYTHONPATH=/home/shengbin/camera_ws/install/cv_bridge/local/lib/python3.10/dist-packages:${PYTHONPATH} /usr/bin/cmake --install /home/shengbin/camera_ws/build/image_rotate
[32.490s] -- Install configuration: ""
[32.490s] -- Installing: /home/shengbin/camera_ws/install/image_rotate/include
[32.493s] -- Installing: /home/shengbin/camera_ws/install/image_rotate/include/image_rotate
[32.494s] -- Installing: /home/shengbin/camera_ws/install/image_rotate/include/image_rotate/visibility.h
[32.494s] -- Installing: /home/shengbin/camera_ws/install/image_rotate/include/image_rotate/image_rotate_node.hpp
[32.494s] -- Installing: /home/shengbin/camera_ws/install/image_rotate/share/image_rotate/environment/library_path.sh
[32.494s] -- Installing: /home/shengbin/camera_ws/install/image_rotate/share/image_rotate/environment/library_path.dsv
[32.494s] -- Installing: /home/shengbin/camera_ws/install/image_rotate/lib/libimage_rotate.so
[32.494s] -- Set runtime path of "/home/shengbin/camera_ws/install/image_rotate/lib/libimage_rotate.so" to ""
[32.494s] -- Installing: /home/shengbin/camera_ws/install/image_rotate/lib/image_rotate/image_rotate
[32.495s] -- Set runtime path of "/home/shengbin/camera_ws/install/image_rotate/lib/image_rotate/image_rotate" to ""
[32.495s] -- Installing: /home/shengbin/camera_ws/install/image_rotate/share/image_rotate/launch
[32.495s] -- Installing: /home/shengbin/camera_ws/install/image_rotate/share/image_rotate/launch/image_rotate.launch.py
[32.496s] -- Installing: /home/shengbin/camera_ws/install/image_rotate/share/ament_index/resource_index/package_run_dependencies/image_rotate
[32.496s] -- Installing: /home/shengbin/camera_ws/install/image_rotate/share/ament_index/resource_index/parent_prefix_path/image_rotate
[32.496s] -- Installing: /home/shengbin/camera_ws/install/image_rotate/share/image_rotate/environment/ament_prefix_path.sh
[32.496s] -- Installing: /home/shengbin/camera_ws/install/image_rotate/share/image_rotate/environment/ament_prefix_path.dsv
[32.497s] -- Installing: /home/shengbin/camera_ws/install/image_rotate/share/image_rotate/environment/path.sh
[32.497s] -- Installing: /home/shengbin/camera_ws/install/image_rotate/share/image_rotate/environment/path.dsv
[32.497s] -- Installing: /home/shengbin/camera_ws/install/image_rotate/share/image_rotate/local_setup.bash
[32.497s] -- Installing: /home/shengbin/camera_ws/install/image_rotate/share/image_rotate/local_setup.sh
[32.498s] -- Installing: /home/shengbin/camera_ws/install/image_rotate/share/image_rotate/local_setup.zsh
[32.498s] -- Installing: /home/shengbin/camera_ws/install/image_rotate/share/image_rotate/local_setup.dsv
[32.498s] -- Installing: /home/shengbin/camera_ws/install/image_rotate/share/image_rotate/package.dsv
[32.499s] -- Installing: /home/shengbin/camera_ws/install/image_rotate/share/ament_index/resource_index/packages/image_rotate
[32.499s] -- Installing: /home/shengbin/camera_ws/install/image_rotate/share/ament_index/resource_index/rclcpp_components/image_rotate
[32.500s] -- Installing: /home/shengbin/camera_ws/install/image_rotate/share/image_rotate/cmake/ament_cmake_export_dependencies-extras.cmake
[32.500s] -- Installing: /home/shengbin/camera_ws/install/image_rotate/share/image_rotate/cmake/ament_cmake_export_include_directories-extras.cmake
[32.533s] -- Installing: /home/shengbin/camera_ws/install/image_rotate/share/image_rotate/cmake/ament_cmake_export_libraries-extras.cmake
[32.534s] -- Installing: /home/shengbin/camera_ws/install/image_rotate/share/image_rotate/cmake/image_rotateConfig.cmake
[32.534s] -- Installing: /home/shengbin/camera_ws/install/image_rotate/share/image_rotate/cmake/image_rotateConfig-version.cmake
[32.535s] -- Installing: /home/shengbin/camera_ws/install/image_rotate/share/image_rotate/package.xml
[32.535s] Invoked command in '/home/shengbin/camera_ws/build/image_rotate' returned '0': AMENT_PREFIX_PATH=/home/shengbin/camera_ws/install/image_transport:/home/shengbin/camera_ws/install/cv_bridge:${AMENT_PREFIX_PATH} CMAKE_PREFIX_PATH=/home/shengbin/camera_ws/install/image_transport:/home/shengbin/camera_ws/install/cv_bridge:/opt/ros/humble LD_LIBRARY_PATH=/home/shengbin/camera_ws/install/image_transport/lib:/home/shengbin/camera_ws/install/cv_bridge/lib:${LD_LIBRARY_PATH} PYTHONPATH=/home/shengbin/camera_ws/install/cv_bridge/local/lib/python3.10/dist-packages:${PYTHONPATH} /usr/bin/cmake --install /home/shengbin/camera_ws/build/image_rotate
