[0.537s] Invoking command in '/home/shengbin/camera_ws/build/compressed_depth_image_transport': AMENT_PREFIX_PATH=/home/shengbin/camera_ws/install/image_transport:/home/shengbin/camera_ws/install/cv_bridge:${AMENT_PREFIX_PATH} CMAKE_PREFIX_PATH=/home/shengbin/camera_ws/install/image_transport:/home/shengbin/camera_ws/install/cv_bridge:/opt/ros/humble LD_LIBRARY_PATH=/home/shengbin/camera_ws/install/image_transport/lib:/home/shengbin/camera_ws/install/cv_bridge/lib:${LD_LIBRARY_PATH} PYTHONPATH=/home/shengbin/camera_ws/install/cv_bridge/local/lib/python3.10/dist-packages:${PYTHONPATH} /usr/bin/cmake --build /home/shengbin/camera_ws/build/compressed_depth_image_transport -- -j16 -l16
[0.802s] [35m[1mConsolidate compiler generated dependencies of target compressed_depth_image_transport[0m
[0.802s] [100%] Built target compressed_depth_image_transport
[0.817s] Invoked command in '/home/shengbin/camera_ws/build/compressed_depth_image_transport' returned '0': AMENT_PREFIX_PATH=/home/shengbin/camera_ws/install/image_transport:/home/shengbin/camera_ws/install/cv_bridge:${AMENT_PREFIX_PATH} CMAKE_PREFIX_PATH=/home/shengbin/camera_ws/install/image_transport:/home/shengbin/camera_ws/install/cv_bridge:/opt/ros/humble LD_LIBRARY_PATH=/home/shengbin/camera_ws/install/image_transport/lib:/home/shengbin/camera_ws/install/cv_bridge/lib:${LD_LIBRARY_PATH} PYTHONPATH=/home/shengbin/camera_ws/install/cv_bridge/local/lib/python3.10/dist-packages:${PYTHONPATH} /usr/bin/cmake --build /home/shengbin/camera_ws/build/compressed_depth_image_transport -- -j16 -l16
[0.833s] Invoking command in '/home/shengbin/camera_ws/build/compressed_depth_image_transport': AMENT_PREFIX_PATH=/home/shengbin/camera_ws/install/image_transport:/home/shengbin/camera_ws/install/cv_bridge:${AMENT_PREFIX_PATH} CMAKE_PREFIX_PATH=/home/shengbin/camera_ws/install/image_transport:/home/shengbin/camera_ws/install/cv_bridge:/opt/ros/humble LD_LIBRARY_PATH=/home/shengbin/camera_ws/install/image_transport/lib:/home/shengbin/camera_ws/install/cv_bridge/lib:${LD_LIBRARY_PATH} PYTHONPATH=/home/shengbin/camera_ws/install/cv_bridge/local/lib/python3.10/dist-packages:${PYTHONPATH} /usr/bin/cmake --install /home/shengbin/camera_ws/build/compressed_depth_image_transport
[0.846s] -- Install configuration: ""
[0.846s] -- Up-to-date: /home/shengbin/camera_ws/install/compressed_depth_image_transport/lib/libcompressed_depth_image_transport.so
[0.847s] -- Up-to-date: /home/shengbin/camera_ws/install/compressed_depth_image_transport/include
[0.847s] -- Up-to-date: /home/shengbin/camera_ws/install/compressed_depth_image_transport/include/compressed_depth_image_transport
[0.847s] -- Up-to-date: /home/shengbin/camera_ws/install/compressed_depth_image_transport/include/compressed_depth_image_transport/compression_common.h
[0.847s] -- Up-to-date: /home/shengbin/camera_ws/install/compressed_depth_image_transport/include/compressed_depth_image_transport/compressed_depth_publisher.h
[0.847s] -- Up-to-date: /home/shengbin/camera_ws/install/compressed_depth_image_transport/include/compressed_depth_image_transport/compressed_depth_subscriber.h
[0.847s] -- Up-to-date: /home/shengbin/camera_ws/install/compressed_depth_image_transport/include/compressed_depth_image_transport/codec.h
[0.847s] -- Up-to-date: /home/shengbin/camera_ws/install/compressed_depth_image_transport/share/compressed_depth_image_transport/compressed_depth_plugins.xml
[0.847s] -- Up-to-date: /home/shengbin/camera_ws/install/compressed_depth_image_transport/share/ament_index/resource_index/package_run_dependencies/compressed_depth_image_transport
[0.848s] -- Up-to-date: /home/shengbin/camera_ws/install/compressed_depth_image_transport/share/ament_index/resource_index/parent_prefix_path/compressed_depth_image_transport
[0.848s] -- Up-to-date: /home/shengbin/camera_ws/install/compressed_depth_image_transport/share/compressed_depth_image_transport/environment/ament_prefix_path.sh
[0.848s] -- Up-to-date: /home/shengbin/camera_ws/install/compressed_depth_image_transport/share/compressed_depth_image_transport/environment/ament_prefix_path.dsv
[0.848s] -- Up-to-date: /home/shengbin/camera_ws/install/compressed_depth_image_transport/share/compressed_depth_image_transport/environment/path.sh
[0.848s] -- Up-to-date: /home/shengbin/camera_ws/install/compressed_depth_image_transport/share/compressed_depth_image_transport/environment/path.dsv
[0.849s] -- Up-to-date: /home/shengbin/camera_ws/install/compressed_depth_image_transport/share/compressed_depth_image_transport/local_setup.bash
[0.849s] -- Up-to-date: /home/shengbin/camera_ws/install/compressed_depth_image_transport/share/compressed_depth_image_transport/local_setup.sh
[0.851s] -- Up-to-date: /home/shengbin/camera_ws/install/compressed_depth_image_transport/share/compressed_depth_image_transport/local_setup.zsh
[0.851s] -- Up-to-date: /home/shengbin/camera_ws/install/compressed_depth_image_transport/share/compressed_depth_image_transport/local_setup.dsv
[0.852s] -- Installing: /home/shengbin/camera_ws/install/compressed_depth_image_transport/share/compressed_depth_image_transport/package.dsv
[0.852s] -- Up-to-date: /home/shengbin/camera_ws/install/compressed_depth_image_transport/share/ament_index/resource_index/packages/compressed_depth_image_transport
[0.852s] -- Up-to-date: /home/shengbin/camera_ws/install/compressed_depth_image_transport/share/ament_index/resource_index/image_transport__pluginlib__plugin/compressed_depth_image_transport
[0.852s] -- Up-to-date: /home/shengbin/camera_ws/install/compressed_depth_image_transport/share/compressed_depth_image_transport/cmake/compressed_depth_image_transportConfig.cmake
[0.852s] -- Up-to-date: /home/shengbin/camera_ws/install/compressed_depth_image_transport/share/compressed_depth_image_transport/cmake/compressed_depth_image_transportConfig-version.cmake
[0.852s] -- Up-to-date: /home/shengbin/camera_ws/install/compressed_depth_image_transport/share/compressed_depth_image_transport/package.xml
[0.972s] Invoked command in '/home/shengbin/camera_ws/build/compressed_depth_image_transport' returned '0': AMENT_PREFIX_PATH=/home/shengbin/camera_ws/install/image_transport:/home/shengbin/camera_ws/install/cv_bridge:${AMENT_PREFIX_PATH} CMAKE_PREFIX_PATH=/home/shengbin/camera_ws/install/image_transport:/home/shengbin/camera_ws/install/cv_bridge:/opt/ros/humble LD_LIBRARY_PATH=/home/shengbin/camera_ws/install/image_transport/lib:/home/shengbin/camera_ws/install/cv_bridge/lib:${LD_LIBRARY_PATH} PYTHONPATH=/home/shengbin/camera_ws/install/cv_bridge/local/lib/python3.10/dist-packages:${PYTHONPATH} /usr/bin/cmake --install /home/shengbin/camera_ws/build/compressed_depth_image_transport
