-- The C compiler identification is GNU 11.4.0
-- The CXX compiler identification is GNU 11.4.0
-- Detecting C compiler ABI info
-- Detecting C compiler ABI info - done
-- Check for working C compiler: /usr/bin/cc - skipped
-- Detecting C compile features
-- Detecting C compile features - done
-- Detecting CXX compiler ABI info
-- Detecting CXX compiler ABI info - done
-- Check for working CXX compiler: /usr/bin/c++ - skipped
-- Detecting CXX compile features
-- Detecting CXX compile features - done
-- Found ament_cmake_auto: 1.3.5 (/opt/ros/humble/share/ament_cmake_auto/cmake)
-- Found Python3: /usr/bin/python3.10 (found version "3.10.12") found components: Interpreter 
-- Found rosidl_generator_c: 3.1.5 (/opt/ros/humble/share/rosidl_generator_c/cmake)
-- Found rosidl_adapter: 3.1.5 (/opt/ros/humble/share/rosidl_adapter/cmake)
-- Found rosidl_generator_cpp: 3.1.5 (/opt/ros/humble/share/rosidl_generator_cpp/cmake)
-- Using all available rosidl_typesupport_c: rosidl_typesupport_fastrtps_c;rosidl_typesupport_introspection_c
-- Using all available rosidl_typesupport_cpp: rosidl_typesupport_fastrtps_cpp;rosidl_typesupport_introspection_cpp
-- Found rmw_implementation_cmake: 6.1.1 (/opt/ros/humble/share/rmw_implementation_cmake/cmake)
-- Found rmw_cyclonedds_cpp: 1.3.4 (/opt/ros/humble/share/rmw_cyclonedds_cpp/cmake)
-- Using RMW implementation 'rmw_cyclonedds_cpp' as default
-- Looking for pthread.h
-- Looking for pthread.h - found
-- Performing Test CMAKE_HAVE_LIBC_PTHREAD
-- Performing Test CMAKE_HAVE_LIBC_PTHREAD - Success
-- Found Threads: TRUE  
-- Found OpenCV: /usr (found version "4.5.4") 
-- Found ament_lint_auto: 0.12.8 (/opt/ros/humble/share/ament_lint_auto/cmake)
-- Added test 'copyright' to check source files copyright and LICENSE
-- Added test 'cppcheck' to perform static code analysis on C / C++ code
-- Configured cppcheck include dirs: /home/shengbin/camera_ws/src/image_pipeline/image_proc/include
-- Configured cppcheck exclude dirs and/or files: 
-- Added test 'cpplint' to check C / C++ code against the Google style
-- Configured cpplint exclude dirs and/or files: 
-- Added test 'flake8' to check Python code syntax and style conventions
-- Added test 'lint_cmake' to check CMake code style
-- Added test 'pep257' to check Python code against some of the docstring style conventions in PEP 257
-- Added test 'uncrustify' to check C / C++ code style
-- Configured uncrustify additional arguments: 
-- Added test 'xmllint' to check XML markup files
-- Configuring done
-- Generating done
-- Build files have been written to: /home/shengbin/camera_ws/build/image_proc
[  6%] [32mBuilding CXX object CMakeFiles/image_proc.dir/src/image_proc/processor.cpp.o[0m
[ 13%] [32m[1mLinking CXX shared library libimage_proc.so[0m
[ 13%] Built target image_proc
[ 20%] [32mBuilding CXX object CMakeFiles/rectify.dir/src/rectify.cpp.o[0m
[ 26%] [32m[1mLinking CXX shared library librectify.so[0m
[ 26%] Built target rectify
[ 33%] [32mBuilding CXX object CMakeFiles/debayer.dir/src/debayer.cpp.o[0m
[ 40%] [32mBuilding CXX object CMakeFiles/debayer.dir/src/edge_aware.cpp.o[0m
[ 46%] [32m[1mLinking CXX shared library libdebayer.so[0m
[ 46%] Built target debayer
[ 53%] [32mBuilding CXX object CMakeFiles/resize.dir/src/resize.cpp.o[0m
[ 60%] [32m[1mLinking CXX shared library libresize.so[0m
[ 60%] Built target resize
[ 66%] [32mBuilding CXX object CMakeFiles/crop_decimate.dir/src/crop_decimate.cpp.o[0m
[ 73%] [32m[1mLinking CXX shared library libcrop_decimate.so[0m
[ 73%] Built target crop_decimate
[ 80%] [32mBuilding CXX object CMakeFiles/crop_non_zero.dir/src/crop_non_zero.cpp.o[0m
[ 86%] [32m[1mLinking CXX shared library libcrop_non_zero.so[0m
[ 86%] Built target crop_non_zero
[ 93%] [32mBuilding CXX object CMakeFiles/image_proc_exe.dir/src/image_proc.cpp.o[0m
[100%] [32m[1mLinking CXX executable image_proc[0m
[100%] Built target image_proc_exe
-- Install configuration: ""
-- Installing: /home/shengbin/camera_ws/install/image_proc/bin/image_proc
-- Set runtime path of "/home/shengbin/camera_ws/install/image_proc/bin/image_proc" to ""
-- Installing: /home/shengbin/camera_ws/install/image_proc/include
-- Installing: /home/shengbin/camera_ws/install/image_proc/include/image_proc
-- Installing: /home/shengbin/camera_ws/install/image_proc/include/image_proc/crop_non_zero.hpp
-- Installing: /home/shengbin/camera_ws/install/image_proc/include/image_proc/resize.hpp
-- Installing: /home/shengbin/camera_ws/install/image_proc/include/image_proc/processor.hpp
-- Installing: /home/shengbin/camera_ws/install/image_proc/include/image_proc/debayer.hpp
-- Installing: /home/shengbin/camera_ws/install/image_proc/include/image_proc/rectify.hpp
-- Installing: /home/shengbin/camera_ws/install/image_proc/include/image_proc/edge_aware.hpp
-- Installing: /home/shengbin/camera_ws/install/image_proc/include/image_proc/crop_decimate.hpp
-- Installing: /home/shengbin/camera_ws/install/image_proc/include/image_proc/utils.hpp
-- Installing: /home/shengbin/camera_ws/install/image_proc/share/image_proc/environment/library_path.sh
-- Installing: /home/shengbin/camera_ws/install/image_proc/share/image_proc/environment/library_path.dsv
-- Installing: /home/shengbin/camera_ws/install/image_proc/lib/libimage_proc.so
-- Set runtime path of "/home/shengbin/camera_ws/install/image_proc/lib/libimage_proc.so" to ""
-- Installing: /home/shengbin/camera_ws/install/image_proc/lib/librectify.so
-- Set runtime path of "/home/shengbin/camera_ws/install/image_proc/lib/librectify.so" to ""
-- Installing: /home/shengbin/camera_ws/install/image_proc/lib/libdebayer.so
-- Set runtime path of "/home/shengbin/camera_ws/install/image_proc/lib/libdebayer.so" to ""
-- Installing: /home/shengbin/camera_ws/install/image_proc/lib/libresize.so
-- Set runtime path of "/home/shengbin/camera_ws/install/image_proc/lib/libresize.so" to ""
-- Installing: /home/shengbin/camera_ws/install/image_proc/lib/libcrop_decimate.so
-- Set runtime path of "/home/shengbin/camera_ws/install/image_proc/lib/libcrop_decimate.so" to ""
-- Installing: /home/shengbin/camera_ws/install/image_proc/lib/libcrop_non_zero.so
-- Set runtime path of "/home/shengbin/camera_ws/install/image_proc/lib/libcrop_non_zero.so" to ""
-- Installing: /home/shengbin/camera_ws/install/image_proc/lib/image_proc/image_proc
-- Set runtime path of "/home/shengbin/camera_ws/install/image_proc/lib/image_proc/image_proc" to ""
-- Installing: /home/shengbin/camera_ws/install/image_proc/share/image_proc/launch
-- Installing: /home/shengbin/camera_ws/install/image_proc/share/image_proc/launch/image_proc.launch.py
-- Installing: /home/shengbin/camera_ws/install/image_proc/share/ament_index/resource_index/package_run_dependencies/image_proc
-- Installing: /home/shengbin/camera_ws/install/image_proc/share/ament_index/resource_index/parent_prefix_path/image_proc
-- Installing: /home/shengbin/camera_ws/install/image_proc/share/image_proc/environment/ament_prefix_path.sh
-- Installing: /home/shengbin/camera_ws/install/image_proc/share/image_proc/environment/ament_prefix_path.dsv
-- Installing: /home/shengbin/camera_ws/install/image_proc/share/image_proc/environment/path.sh
-- Installing: /home/shengbin/camera_ws/install/image_proc/share/image_proc/environment/path.dsv
-- Installing: /home/shengbin/camera_ws/install/image_proc/share/image_proc/local_setup.bash
-- Installing: /home/shengbin/camera_ws/install/image_proc/share/image_proc/local_setup.sh
-- Installing: /home/shengbin/camera_ws/install/image_proc/share/image_proc/local_setup.zsh
-- Installing: /home/shengbin/camera_ws/install/image_proc/share/image_proc/local_setup.dsv
-- Installing: /home/shengbin/camera_ws/install/image_proc/share/image_proc/package.dsv
-- Installing: /home/shengbin/camera_ws/install/image_proc/share/ament_index/resource_index/packages/image_proc
-- Installing: /home/shengbin/camera_ws/install/image_proc/share/ament_index/resource_index/rclcpp_components/image_proc
-- Installing: /home/shengbin/camera_ws/install/image_proc/share/image_proc/cmake/ament_cmake_export_dependencies-extras.cmake
-- Installing: /home/shengbin/camera_ws/install/image_proc/share/image_proc/cmake/ament_cmake_export_include_directories-extras.cmake
-- Installing: /home/shengbin/camera_ws/install/image_proc/share/image_proc/cmake/ament_cmake_export_libraries-extras.cmake
-- Installing: /home/shengbin/camera_ws/install/image_proc/share/image_proc/cmake/image_procConfig.cmake
-- Installing: /home/shengbin/camera_ws/install/image_proc/share/image_proc/cmake/image_procConfig-version.cmake
-- Installing: /home/shengbin/camera_ws/install/image_proc/share/image_proc/package.xml
