[0.323s] Invoking command in '/home/shengbin/camera_ws/build/image_proc': AMENT_PREFIX_PATH=/home/shengbin/camera_ws/install/tracetools_image_pipeline:/home/shengbin/camera_ws/install/image_transport:/home/shengbin/camera_ws/install/image_geometry:/home/shengbin/camera_ws/install/cv_bridge:${AMENT_PREFIX_PATH} CMAKE_PREFIX_PATH=/home/shengbin/camera_ws/install/tracetools_image_pipeline:/home/shengbin/camera_ws/install/image_transport:/home/shengbin/camera_ws/install/image_geometry:/home/shengbin/camera_ws/install/cv_bridge:/opt/ros/humble LD_LIBRARY_PATH=/home/shengbin/camera_ws/install/tracetools_image_pipeline/lib:/home/shengbin/camera_ws/install/image_transport/lib:/home/shengbin/camera_ws/install/image_geometry/lib:/home/shengbin/camera_ws/install/cv_bridge/lib:${LD_LIBRARY_PATH} PYTHONPATH=/home/shengbin/camera_ws/install/image_geometry/local/lib/python3.10/dist-packages:/home/shengbin/camera_ws/install/cv_bridge/local/lib/python3.10/dist-packages:${PYTHONPATH} /usr/bin/cmake /home/shengbin/camera_ws/src/image_pipeline/image_proc -DCMAKE_INSTALL_PREFIX=/home/shengbin/camera_ws/install/image_proc
[0.369s] -- The C compiler identification is GNU 11.4.0
[0.416s] -- The CXX compiler identification is GNU 11.4.0
[0.425s] -- Detecting C compiler ABI info
[0.487s] -- Detecting C compiler ABI info - done
[0.499s] -- Check for working C compiler: /usr/bin/cc - skipped
[0.499s] -- Detecting C compile features
[0.500s] -- Detecting C compile features - done
[0.505s] -- Detecting CXX compiler ABI info
[0.599s] -- Detecting CXX compiler ABI info - done
[0.607s] -- Check for working CXX compiler: /usr/bin/c++ - skipped
[0.607s] -- Detecting CXX compile features
[0.608s] -- Detecting CXX compile features - done
[0.610s] -- Found ament_cmake_auto: 1.3.5 (/opt/ros/humble/share/ament_cmake_auto/cmake)
[0.844s] -- Found Python3: /usr/bin/python3.10 (found version "3.10.12") found components: Interpreter 
[1.104s] -- Found rosidl_generator_c: 3.1.5 (/opt/ros/humble/share/rosidl_generator_c/cmake)
[1.111s] -- Found rosidl_adapter: 3.1.5 (/opt/ros/humble/share/rosidl_adapter/cmake)
[1.123s] -- Found rosidl_generator_cpp: 3.1.5 (/opt/ros/humble/share/rosidl_generator_cpp/cmake)
[1.143s] -- Using all available rosidl_typesupport_c: rosidl_typesupport_fastrtps_c;rosidl_typesupport_introspection_c
[1.171s] -- Using all available rosidl_typesupport_cpp: rosidl_typesupport_fastrtps_cpp;rosidl_typesupport_introspection_cpp
[1.610s] -- Found rmw_implementation_cmake: 6.1.1 (/opt/ros/humble/share/rmw_implementation_cmake/cmake)
[1.613s] -- Found rmw_cyclonedds_cpp: 1.3.4 (/opt/ros/humble/share/rmw_cyclonedds_cpp/cmake)
[1.659s] -- Using RMW implementation 'rmw_cyclonedds_cpp' as default
[1.672s] -- Looking for pthread.h
[1.745s] -- Looking for pthread.h - found
[1.747s] -- Performing Test CMAKE_HAVE_LIBC_PTHREAD
[1.811s] -- Performing Test CMAKE_HAVE_LIBC_PTHREAD - Success
[1.813s] -- Found Threads: TRUE  
[2.253s] -- Found OpenCV: /usr (found version "4.5.4") 
[2.279s] -- Found ament_lint_auto: 0.12.8 (/opt/ros/humble/share/ament_lint_auto/cmake)
[2.316s] -- Added test 'copyright' to check source files copyright and LICENSE
[2.317s] -- Added test 'cppcheck' to perform static code analysis on C / C++ code
[2.318s] -- Configured cppcheck include dirs: /home/shengbin/camera_ws/src/image_pipeline/image_proc/include
[2.318s] -- Configured cppcheck exclude dirs and/or files: 
[2.321s] -- Added test 'cpplint' to check C / C++ code against the Google style
[2.321s] -- Configured cpplint exclude dirs and/or files: 
[2.322s] -- Added test 'flake8' to check Python code syntax and style conventions
[2.324s] -- Added test 'lint_cmake' to check CMake code style
[2.325s] -- Added test 'pep257' to check Python code against some of the docstring style conventions in PEP 257
[2.327s] -- Added test 'uncrustify' to check C / C++ code style
[2.328s] -- Configured uncrustify additional arguments: 
[2.329s] -- Added test 'xmllint' to check XML markup files
[2.335s] -- Configuring done
[2.489s] -- Generating done
[2.501s] -- Build files have been written to: /home/shengbin/camera_ws/build/image_proc
[2.529s] Invoked command in '/home/shengbin/camera_ws/build/image_proc' returned '0': AMENT_PREFIX_PATH=/home/shengbin/camera_ws/install/tracetools_image_pipeline:/home/shengbin/camera_ws/install/image_transport:/home/shengbin/camera_ws/install/image_geometry:/home/shengbin/camera_ws/install/cv_bridge:${AMENT_PREFIX_PATH} CMAKE_PREFIX_PATH=/home/shengbin/camera_ws/install/tracetools_image_pipeline:/home/shengbin/camera_ws/install/image_transport:/home/shengbin/camera_ws/install/image_geometry:/home/shengbin/camera_ws/install/cv_bridge:/opt/ros/humble LD_LIBRARY_PATH=/home/shengbin/camera_ws/install/tracetools_image_pipeline/lib:/home/shengbin/camera_ws/install/image_transport/lib:/home/shengbin/camera_ws/install/image_geometry/lib:/home/shengbin/camera_ws/install/cv_bridge/lib:${LD_LIBRARY_PATH} PYTHONPATH=/home/shengbin/camera_ws/install/image_geometry/local/lib/python3.10/dist-packages:/home/shengbin/camera_ws/install/cv_bridge/local/lib/python3.10/dist-packages:${PYTHONPATH} /usr/bin/cmake /home/shengbin/camera_ws/src/image_pipeline/image_proc -DCMAKE_INSTALL_PREFIX=/home/shengbin/camera_ws/install/image_proc
[2.530s] Invoking command in '/home/shengbin/camera_ws/build/image_proc': AMENT_PREFIX_PATH=/home/shengbin/camera_ws/install/tracetools_image_pipeline:/home/shengbin/camera_ws/install/image_transport:/home/shengbin/camera_ws/install/image_geometry:/home/shengbin/camera_ws/install/cv_bridge:${AMENT_PREFIX_PATH} CMAKE_PREFIX_PATH=/home/shengbin/camera_ws/install/tracetools_image_pipeline:/home/shengbin/camera_ws/install/image_transport:/home/shengbin/camera_ws/install/image_geometry:/home/shengbin/camera_ws/install/cv_bridge:/opt/ros/humble LD_LIBRARY_PATH=/home/shengbin/camera_ws/install/tracetools_image_pipeline/lib:/home/shengbin/camera_ws/install/image_transport/lib:/home/shengbin/camera_ws/install/image_geometry/lib:/home/shengbin/camera_ws/install/cv_bridge/lib:${LD_LIBRARY_PATH} PYTHONPATH=/home/shengbin/camera_ws/install/image_geometry/local/lib/python3.10/dist-packages:/home/shengbin/camera_ws/install/cv_bridge/local/lib/python3.10/dist-packages:${PYTHONPATH} /usr/bin/cmake --build /home/shengbin/camera_ws/build/image_proc -- -j16 -l16
[2.749s] [  6%] [32mBuilding CXX object CMakeFiles/image_proc.dir/src/image_proc/processor.cpp.o[0m
[6.562s] [ 13%] [32m[1mLinking CXX shared library libimage_proc.so[0m
[7.134s] [ 13%] Built target image_proc
[7.254s] [ 20%] [32mBuilding CXX object CMakeFiles/rectify.dir/src/rectify.cpp.o[0m
[16.077s] [ 26%] [32m[1mLinking CXX shared library librectify.so[0m
[18.462s] [ 26%] Built target rectify
[18.514s] [ 33%] [32mBuilding CXX object CMakeFiles/debayer.dir/src/debayer.cpp.o[0m
[18.543s] [ 40%] [32mBuilding CXX object CMakeFiles/debayer.dir/src/edge_aware.cpp.o[0m
[29.224s] [ 46%] [32m[1mLinking CXX shared library libdebayer.so[0m
[30.412s] [ 46%] Built target debayer
[30.513s] [ 53%] [32mBuilding CXX object CMakeFiles/resize.dir/src/resize.cpp.o[0m
[37.191s] [ 60%] [32m[1mLinking CXX shared library libresize.so[0m
[37.716s] [ 60%] Built target resize
[37.739s] [ 66%] [32mBuilding CXX object CMakeFiles/crop_decimate.dir/src/crop_decimate.cpp.o[0m
[41.791s] [ 73%] [32m[1mLinking CXX shared library libcrop_decimate.so[0m
[42.211s] [ 73%] Built target crop_decimate
[42.255s] [ 80%] [32mBuilding CXX object CMakeFiles/crop_non_zero.dir/src/crop_non_zero.cpp.o[0m
[46.360s] [ 86%] [32m[1mLinking CXX shared library libcrop_non_zero.so[0m
[46.590s] [ 86%] Built target crop_non_zero
[46.612s] [ 93%] [32mBuilding CXX object CMakeFiles/image_proc_exe.dir/src/image_proc.cpp.o[0m
[48.755s] [100%] [32m[1mLinking CXX executable image_proc[0m
[49.077s] [100%] Built target image_proc_exe
[49.091s] Invoked command in '/home/shengbin/camera_ws/build/image_proc' returned '0': AMENT_PREFIX_PATH=/home/shengbin/camera_ws/install/tracetools_image_pipeline:/home/shengbin/camera_ws/install/image_transport:/home/shengbin/camera_ws/install/image_geometry:/home/shengbin/camera_ws/install/cv_bridge:${AMENT_PREFIX_PATH} CMAKE_PREFIX_PATH=/home/shengbin/camera_ws/install/tracetools_image_pipeline:/home/shengbin/camera_ws/install/image_transport:/home/shengbin/camera_ws/install/image_geometry:/home/shengbin/camera_ws/install/cv_bridge:/opt/ros/humble LD_LIBRARY_PATH=/home/shengbin/camera_ws/install/tracetools_image_pipeline/lib:/home/shengbin/camera_ws/install/image_transport/lib:/home/shengbin/camera_ws/install/image_geometry/lib:/home/shengbin/camera_ws/install/cv_bridge/lib:${LD_LIBRARY_PATH} PYTHONPATH=/home/shengbin/camera_ws/install/image_geometry/local/lib/python3.10/dist-packages:/home/shengbin/camera_ws/install/cv_bridge/local/lib/python3.10/dist-packages:${PYTHONPATH} /usr/bin/cmake --build /home/shengbin/camera_ws/build/image_proc -- -j16 -l16
[49.118s] Invoking command in '/home/shengbin/camera_ws/build/image_proc': AMENT_PREFIX_PATH=/home/shengbin/camera_ws/install/tracetools_image_pipeline:/home/shengbin/camera_ws/install/image_transport:/home/shengbin/camera_ws/install/image_geometry:/home/shengbin/camera_ws/install/cv_bridge:${AMENT_PREFIX_PATH} CMAKE_PREFIX_PATH=/home/shengbin/camera_ws/install/tracetools_image_pipeline:/home/shengbin/camera_ws/install/image_transport:/home/shengbin/camera_ws/install/image_geometry:/home/shengbin/camera_ws/install/cv_bridge:/opt/ros/humble LD_LIBRARY_PATH=/home/shengbin/camera_ws/install/tracetools_image_pipeline/lib:/home/shengbin/camera_ws/install/image_transport/lib:/home/shengbin/camera_ws/install/image_geometry/lib:/home/shengbin/camera_ws/install/cv_bridge/lib:${LD_LIBRARY_PATH} PYTHONPATH=/home/shengbin/camera_ws/install/image_geometry/local/lib/python3.10/dist-packages:/home/shengbin/camera_ws/install/cv_bridge/local/lib/python3.10/dist-packages:${PYTHONPATH} /usr/bin/cmake --install /home/shengbin/camera_ws/build/image_proc
[49.138s] -- Install configuration: ""
[49.138s] -- Installing: /home/shengbin/camera_ws/install/image_proc/bin/image_proc
[49.139s] -- Set runtime path of "/home/shengbin/camera_ws/install/image_proc/bin/image_proc" to ""
[49.139s] -- Installing: /home/shengbin/camera_ws/install/image_proc/include
[49.139s] -- Installing: /home/shengbin/camera_ws/install/image_proc/include/image_proc
[49.139s] -- Installing: /home/shengbin/camera_ws/install/image_proc/include/image_proc/crop_non_zero.hpp
[49.139s] -- Installing: /home/shengbin/camera_ws/install/image_proc/include/image_proc/resize.hpp
[49.139s] -- Installing: /home/shengbin/camera_ws/install/image_proc/include/image_proc/processor.hpp
[49.140s] -- Installing: /home/shengbin/camera_ws/install/image_proc/include/image_proc/debayer.hpp
[49.140s] -- Installing: /home/shengbin/camera_ws/install/image_proc/include/image_proc/rectify.hpp
[49.140s] -- Installing: /home/shengbin/camera_ws/install/image_proc/include/image_proc/edge_aware.hpp
[49.140s] -- Installing: /home/shengbin/camera_ws/install/image_proc/include/image_proc/crop_decimate.hpp
[49.140s] -- Installing: /home/shengbin/camera_ws/install/image_proc/include/image_proc/utils.hpp
[49.140s] -- Installing: /home/shengbin/camera_ws/install/image_proc/share/image_proc/environment/library_path.sh
[49.140s] -- Installing: /home/shengbin/camera_ws/install/image_proc/share/image_proc/environment/library_path.dsv
[49.140s] -- Installing: /home/shengbin/camera_ws/install/image_proc/lib/libimage_proc.so
[49.140s] -- Set runtime path of "/home/shengbin/camera_ws/install/image_proc/lib/libimage_proc.so" to ""
[49.140s] -- Installing: /home/shengbin/camera_ws/install/image_proc/lib/librectify.so
[49.141s] -- Set runtime path of "/home/shengbin/camera_ws/install/image_proc/lib/librectify.so" to ""
[49.141s] -- Installing: /home/shengbin/camera_ws/install/image_proc/lib/libdebayer.so
[49.141s] -- Set runtime path of "/home/shengbin/camera_ws/install/image_proc/lib/libdebayer.so" to ""
[49.141s] -- Installing: /home/shengbin/camera_ws/install/image_proc/lib/libresize.so
[49.142s] -- Set runtime path of "/home/shengbin/camera_ws/install/image_proc/lib/libresize.so" to ""
[49.142s] -- Installing: /home/shengbin/camera_ws/install/image_proc/lib/libcrop_decimate.so
[49.142s] -- Set runtime path of "/home/shengbin/camera_ws/install/image_proc/lib/libcrop_decimate.so" to ""
[49.143s] -- Installing: /home/shengbin/camera_ws/install/image_proc/lib/libcrop_non_zero.so
[49.143s] -- Set runtime path of "/home/shengbin/camera_ws/install/image_proc/lib/libcrop_non_zero.so" to ""
[49.143s] -- Installing: /home/shengbin/camera_ws/install/image_proc/lib/image_proc/image_proc
[49.143s] -- Set runtime path of "/home/shengbin/camera_ws/install/image_proc/lib/image_proc/image_proc" to ""
[49.143s] -- Installing: /home/shengbin/camera_ws/install/image_proc/share/image_proc/launch
[49.143s] -- Installing: /home/shengbin/camera_ws/install/image_proc/share/image_proc/launch/image_proc.launch.py
[49.144s] -- Installing: /home/shengbin/camera_ws/install/image_proc/share/ament_index/resource_index/package_run_dependencies/image_proc
[49.145s] -- Installing: /home/shengbin/camera_ws/install/image_proc/share/ament_index/resource_index/parent_prefix_path/image_proc
[49.145s] -- Installing: /home/shengbin/camera_ws/install/image_proc/share/image_proc/environment/ament_prefix_path.sh
[49.145s] -- Installing: /home/shengbin/camera_ws/install/image_proc/share/image_proc/environment/ament_prefix_path.dsv
[49.145s] -- Installing: /home/shengbin/camera_ws/install/image_proc/share/image_proc/environment/path.sh
[49.145s] -- Installing: /home/shengbin/camera_ws/install/image_proc/share/image_proc/environment/path.dsv
[49.145s] -- Installing: /home/shengbin/camera_ws/install/image_proc/share/image_proc/local_setup.bash
[49.146s] -- Installing: /home/shengbin/camera_ws/install/image_proc/share/image_proc/local_setup.sh
[49.146s] -- Installing: /home/shengbin/camera_ws/install/image_proc/share/image_proc/local_setup.zsh
[49.146s] -- Installing: /home/shengbin/camera_ws/install/image_proc/share/image_proc/local_setup.dsv
[49.146s] -- Installing: /home/shengbin/camera_ws/install/image_proc/share/image_proc/package.dsv
[49.146s] -- Installing: /home/shengbin/camera_ws/install/image_proc/share/ament_index/resource_index/packages/image_proc
[49.146s] -- Installing: /home/shengbin/camera_ws/install/image_proc/share/ament_index/resource_index/rclcpp_components/image_proc
[49.147s] -- Installing: /home/shengbin/camera_ws/install/image_proc/share/image_proc/cmake/ament_cmake_export_dependencies-extras.cmake
[49.147s] -- Installing: /home/shengbin/camera_ws/install/image_proc/share/image_proc/cmake/ament_cmake_export_include_directories-extras.cmake
[49.147s] -- Installing: /home/shengbin/camera_ws/install/image_proc/share/image_proc/cmake/ament_cmake_export_libraries-extras.cmake
[49.147s] -- Installing: /home/shengbin/camera_ws/install/image_proc/share/image_proc/cmake/image_procConfig.cmake
[49.148s] -- Installing: /home/shengbin/camera_ws/install/image_proc/share/image_proc/cmake/image_procConfig-version.cmake
[49.148s] -- Installing: /home/shengbin/camera_ws/install/image_proc/share/image_proc/package.xml
[49.149s] Invoked command in '/home/shengbin/camera_ws/build/image_proc' returned '0': AMENT_PREFIX_PATH=/home/shengbin/camera_ws/install/tracetools_image_pipeline:/home/shengbin/camera_ws/install/image_transport:/home/shengbin/camera_ws/install/image_geometry:/home/shengbin/camera_ws/install/cv_bridge:${AMENT_PREFIX_PATH} CMAKE_PREFIX_PATH=/home/shengbin/camera_ws/install/tracetools_image_pipeline:/home/shengbin/camera_ws/install/image_transport:/home/shengbin/camera_ws/install/image_geometry:/home/shengbin/camera_ws/install/cv_bridge:/opt/ros/humble LD_LIBRARY_PATH=/home/shengbin/camera_ws/install/tracetools_image_pipeline/lib:/home/shengbin/camera_ws/install/image_transport/lib:/home/shengbin/camera_ws/install/image_geometry/lib:/home/shengbin/camera_ws/install/cv_bridge/lib:${LD_LIBRARY_PATH} PYTHONPATH=/home/shengbin/camera_ws/install/image_geometry/local/lib/python3.10/dist-packages:/home/shengbin/camera_ws/install/cv_bridge/local/lib/python3.10/dist-packages:${PYTHONPATH} /usr/bin/cmake --install /home/shengbin/camera_ws/build/image_proc
