[0.151s] Invoking command in '/home/shengbin/camera_ws/build/image_geometry': CMAKE_PREFIX_PATH=/opt/ros/humble /usr/bin/cmake /home/shengbin/camera_ws/src/vision_opencv/image_geometry -DCMAKE_INSTALL_PREFIX=/home/shengbin/camera_ws/install/image_geometry
[0.407s] -- The C compiler identification is GNU 11.4.0
[0.407s] -- The CXX compiler identification is GNU 11.4.0
[0.407s] -- Detecting C compiler ABI info
[0.407s] -- Detecting C compiler ABI info - done
[0.407s] -- Check for working C compiler: /usr/bin/cc - skipped
[0.407s] -- Detecting C compile features
[0.408s] -- Detecting C compile features - done
[0.408s] -- Detecting CXX compiler ABI info
[0.467s] -- Detecting CXX compiler ABI info - done
[0.477s] -- Check for working CXX compiler: /usr/bin/c++ - skipped
[0.477s] -- Detecting CXX compile features
[0.478s] -- Detecting CXX compile features - done
[0.481s] -- Found ament_cmake_python: 1.3.5 (/opt/ros/humble/share/ament_cmake_python/cmake)
[0.483s] -- Found ament_cmake_ros: 0.10.0 (/opt/ros/humble/share/ament_cmake_ros/cmake)
[0.672s] -- Found Python3: /usr/bin/python3.10 (found version "3.10.12") found components: Interpreter 
[0.872s] -- Found OpenCV: /usr (found version "4.5.4") found components: calib3d core highgui imgproc 
[0.873s] -- Found sensor_msgs: 4.2.3 (/opt/ros/humble/share/sensor_msgs/cmake)
[0.901s] -- Found rosidl_generator_c: 3.1.5 (/opt/ros/humble/share/rosidl_generator_c/cmake)
[0.905s] -- Found rosidl_adapter: 3.1.5 (/opt/ros/humble/share/rosidl_adapter/cmake)
[0.912s] -- Found rosidl_generator_cpp: 3.1.5 (/opt/ros/humble/share/rosidl_generator_cpp/cmake)
[0.922s] -- Using all available rosidl_typesupport_c: rosidl_typesupport_fastrtps_c;rosidl_typesupport_introspection_c
[0.940s] -- Using all available rosidl_typesupport_cpp: rosidl_typesupport_fastrtps_cpp;rosidl_typesupport_introspection_cpp
[1.249s] -- Found gtest sources under '/opt/ros/humble/src/gtest_vendor': C++ tests using 'Google Test' will be built
[1.253s] -- Looking for pthread.h
[1.309s] -- Looking for pthread.h - found
[1.309s] -- Performing Test CMAKE_HAVE_LIBC_PTHREAD
[1.365s] -- Performing Test CMAKE_HAVE_LIBC_PTHREAD - Success
[1.366s] -- Found Threads: TRUE  
[1.421s] -- Configuring done
[1.432s] -- Generating done
[1.433s] -- Build files have been written to: /home/shengbin/camera_ws/build/image_geometry
[1.445s] Invoked command in '/home/shengbin/camera_ws/build/image_geometry' returned '0': CMAKE_PREFIX_PATH=/opt/ros/humble /usr/bin/cmake /home/shengbin/camera_ws/src/vision_opencv/image_geometry -DCMAKE_INSTALL_PREFIX=/home/shengbin/camera_ws/install/image_geometry
[1.446s] Invoking command in '/home/shengbin/camera_ws/build/image_geometry': CMAKE_PREFIX_PATH=/opt/ros/humble /usr/bin/cmake --build /home/shengbin/camera_ws/build/image_geometry -- -j16 -l16
[1.484s] [ 11%] [32mBuilding CXX object gtest/CMakeFiles/gtest.dir/src/gtest-all.cc.o[0m
[1.487s] [ 33%] [32mBuilding CXX object CMakeFiles/image_geometry.dir/src/pinhole_camera_model.cpp.o[0m
[1.487s] [ 44%] [32mBuilding CXX object gtest/CMakeFiles/gtest_main.dir/src/gtest_main.cc.o[0m
[1.487s] [ 44%] [32mBuilding CXX object CMakeFiles/image_geometry.dir/src/stereo_camera_model.cpp.o[0m
[1.487s] [ 44%] Built target ament_cmake_python_copy_image_geometry
[1.716s] running egg_info
[1.717s] creating image_geometry.egg-info
[1.717s] writing image_geometry.egg-info/PKG-INFO
[1.717s] writing dependency_links to image_geometry.egg-info/dependency_links.txt
[1.718s] writing top-level names to image_geometry.egg-info/top_level.txt
[1.718s] writing manifest file 'image_geometry.egg-info/SOURCES.txt'
[1.718s] reading manifest file 'image_geometry.egg-info/SOURCES.txt'
[1.721s] writing manifest file 'image_geometry.egg-info/SOURCES.txt'
[1.746s] [ 44%] Built target ament_cmake_python_build_image_geometry_egg
[2.598s] [ 55%] [32m[1mLinking CXX static library libgtest_main.a[0m
[2.811s] [ 55%] Built target gtest_main
[3.285s] [ 66%] [32m[1mLinking CXX shared library libimage_geometry.so[0m
[3.494s] [ 66%] Built target image_geometry
[6.141s] [ 77%] [32m[1mLinking CXX static library libgtest.a[0m
[6.271s] [ 77%] Built target gtest
[6.301s] [ 88%] [32mBuilding CXX object CMakeFiles/image_geometry-utest.dir/test/utest.cpp.o[0m
[7.901s] [100%] [32m[1mLinking CXX executable image_geometry-utest[0m
[8.031s] [100%] Built target image_geometry-utest
[8.040s] Invoked command in '/home/shengbin/camera_ws/build/image_geometry' returned '0': CMAKE_PREFIX_PATH=/opt/ros/humble /usr/bin/cmake --build /home/shengbin/camera_ws/build/image_geometry -- -j16 -l16
[8.062s] Invoking command in '/home/shengbin/camera_ws/build/image_geometry': CMAKE_PREFIX_PATH=/opt/ros/humble /usr/bin/cmake --install /home/shengbin/camera_ws/build/image_geometry
[8.067s] -- Install configuration: ""
[8.068s] -- Installing: /home/shengbin/camera_ws/install/image_geometry/share/image_geometry/environment/pythonpath.sh
[8.068s] -- Installing: /home/shengbin/camera_ws/install/image_geometry/share/image_geometry/environment/pythonpath.dsv
[8.068s] -- Installing: /home/shengbin/camera_ws/install/image_geometry/local/lib/python3.10/dist-packages/image_geometry-3.2.1-py3.10.egg-info
[8.068s] -- Installing: /home/shengbin/camera_ws/install/image_geometry/local/lib/python3.10/dist-packages/image_geometry-3.2.1-py3.10.egg-info/dependency_links.txt
[8.068s] -- Installing: /home/shengbin/camera_ws/install/image_geometry/local/lib/python3.10/dist-packages/image_geometry-3.2.1-py3.10.egg-info/SOURCES.txt
[8.068s] -- Installing: /home/shengbin/camera_ws/install/image_geometry/local/lib/python3.10/dist-packages/image_geometry-3.2.1-py3.10.egg-info/PKG-INFO
[8.068s] -- Installing: /home/shengbin/camera_ws/install/image_geometry/local/lib/python3.10/dist-packages/image_geometry-3.2.1-py3.10.egg-info/top_level.txt
[8.068s] -- Installing: /home/shengbin/camera_ws/install/image_geometry/local/lib/python3.10/dist-packages/image_geometry
[8.068s] -- Installing: /home/shengbin/camera_ws/install/image_geometry/local/lib/python3.10/dist-packages/image_geometry/__init__.py
[8.069s] -- Installing: /home/shengbin/camera_ws/install/image_geometry/local/lib/python3.10/dist-packages/image_geometry/cameramodels.py
[8.093s] Listing '/home/shengbin/camera_ws/install/image_geometry/local/lib/python3.10/dist-packages/image_geometry'...
[8.093s] Compiling '/home/shengbin/camera_ws/install/image_geometry/local/lib/python3.10/dist-packages/image_geometry/__init__.py'...
[8.093s] Compiling '/home/shengbin/camera_ws/install/image_geometry/local/lib/python3.10/dist-packages/image_geometry/cameramodels.py'...
[8.097s] -- Installing: /home/shengbin/camera_ws/install/image_geometry/include/image_geometry
[8.097s] -- Installing: /home/shengbin/camera_ws/install/image_geometry/include/image_geometry/image_geometry
[8.097s] -- Installing: /home/shengbin/camera_ws/install/image_geometry/include/image_geometry/image_geometry/stereo_camera_model.h
[8.097s] -- Installing: /home/shengbin/camera_ws/install/image_geometry/include/image_geometry/image_geometry/visibility_control.hpp
[8.097s] -- Installing: /home/shengbin/camera_ws/install/image_geometry/include/image_geometry/image_geometry/pinhole_camera_model.h
[8.097s] -- Installing: /home/shengbin/camera_ws/install/image_geometry/lib/libimage_geometry.so
[8.098s] -- Set runtime path of "/home/shengbin/camera_ws/install/image_geometry/lib/libimage_geometry.so" to ""
[8.098s] -- Installing: /home/shengbin/camera_ws/install/image_geometry/share/ament_index/resource_index/package_run_dependencies/image_geometry
[8.098s] -- Installing: /home/shengbin/camera_ws/install/image_geometry/share/ament_index/resource_index/parent_prefix_path/image_geometry
[8.098s] -- Installing: /home/shengbin/camera_ws/install/image_geometry/share/image_geometry/environment/ament_prefix_path.sh
[8.099s] -- Installing: /home/shengbin/camera_ws/install/image_geometry/share/image_geometry/environment/ament_prefix_path.dsv
[8.099s] -- Installing: /home/shengbin/camera_ws/install/image_geometry/share/image_geometry/environment/path.sh
[8.099s] -- Installing: /home/shengbin/camera_ws/install/image_geometry/share/image_geometry/environment/path.dsv
[8.099s] -- Installing: /home/shengbin/camera_ws/install/image_geometry/share/image_geometry/local_setup.bash
[8.099s] -- Installing: /home/shengbin/camera_ws/install/image_geometry/share/image_geometry/local_setup.sh
[8.099s] -- Installing: /home/shengbin/camera_ws/install/image_geometry/share/image_geometry/local_setup.zsh
[8.099s] -- Installing: /home/shengbin/camera_ws/install/image_geometry/share/image_geometry/local_setup.dsv
[8.099s] -- Installing: /home/shengbin/camera_ws/install/image_geometry/share/image_geometry/package.dsv
[8.099s] -- Installing: /home/shengbin/camera_ws/install/image_geometry/share/ament_index/resource_index/packages/image_geometry
[8.099s] -- Installing: /home/shengbin/camera_ws/install/image_geometry/share/image_geometry/cmake/export_image_geometryExport.cmake
[8.099s] -- Installing: /home/shengbin/camera_ws/install/image_geometry/share/image_geometry/cmake/export_image_geometryExport-noconfig.cmake
[8.099s] -- Installing: /home/shengbin/camera_ws/install/image_geometry/share/image_geometry/cmake/ament_cmake_export_targets-extras.cmake
[8.099s] -- Installing: /home/shengbin/camera_ws/install/image_geometry/share/image_geometry/cmake/ament_cmake_export_dependencies-extras.cmake
[8.100s] -- Installing: /home/shengbin/camera_ws/install/image_geometry/share/image_geometry/cmake/image_geometryConfig.cmake
[8.100s] -- Installing: /home/shengbin/camera_ws/install/image_geometry/share/image_geometry/cmake/image_geometryConfig-version.cmake
[8.100s] -- Installing: /home/shengbin/camera_ws/install/image_geometry/share/image_geometry/package.xml
[8.101s] Invoked command in '/home/shengbin/camera_ws/build/image_geometry' returned '0': CMAKE_PREFIX_PATH=/opt/ros/humble /usr/bin/cmake --install /home/shengbin/camera_ws/build/image_geometry
