[0.239s] Invoking command in '/home/shengbin/camera_ws/build/depth_image_proc': AMENT_PREFIX_PATH=/home/shengbin/camera_ws/install/image_transport:/home/shengbin/camera_ws/install/image_geometry:/home/shengbin/camera_ws/install/cv_bridge:${AMENT_PREFIX_PATH} CMAKE_PREFIX_PATH=/home/shengbin/camera_ws/install/image_transport:/home/shengbin/camera_ws/install/image_geometry:/home/shengbin/camera_ws/install/cv_bridge:/opt/ros/humble LD_LIBRARY_PATH=/home/shengbin/camera_ws/install/image_transport/lib:/home/shengbin/camera_ws/install/image_geometry/lib:/home/shengbin/camera_ws/install/cv_bridge/lib:${LD_LIBRARY_PATH} PYTHONPATH=/home/shengbin/camera_ws/install/image_geometry/local/lib/python3.10/dist-packages:/home/shengbin/camera_ws/install/cv_bridge/local/lib/python3.10/dist-packages:${PYTHONPATH} /usr/bin/cmake /home/shengbin/camera_ws/src/image_pipeline/depth_image_proc -DCMAKE_INSTALL_PREFIX=/home/shengbin/camera_ws/install/depth_image_proc
[0.281s] -- The C compiler identification is GNU 11.4.0
[0.333s] -- The CXX compiler identification is GNU 11.4.0
[0.340s] -- Detecting C compiler ABI info
[0.413s] -- Detecting C compiler ABI info - done
[0.421s] -- Check for working C compiler: /usr/bin/cc - skipped
[0.421s] -- Detecting C compile features
[0.422s] -- Detecting C compile features - done
[0.425s] -- Detecting CXX compiler ABI info
[0.541s] -- Detecting CXX compiler ABI info - done
[0.555s] -- Check for working CXX compiler: /usr/bin/c++ - skipped
[0.555s] -- Detecting CXX compile features
[0.556s] -- Detecting CXX compile features - done
[0.559s] -- Found ament_cmake_auto: 1.3.5 (/opt/ros/humble/share/ament_cmake_auto/cmake)
[0.778s] -- Found Python3: /usr/bin/python3.10 (found version "3.10.12") found components: Interpreter 
[1.082s] -- Found rosidl_generator_c: 3.1.5 (/opt/ros/humble/share/rosidl_generator_c/cmake)
[1.087s] -- Found rosidl_adapter: 3.1.5 (/opt/ros/humble/share/rosidl_adapter/cmake)
[1.095s] -- Found rosidl_generator_cpp: 3.1.5 (/opt/ros/humble/share/rosidl_generator_cpp/cmake)
[1.110s] -- Using all available rosidl_typesupport_c: rosidl_typesupport_fastrtps_c;rosidl_typesupport_introspection_c
[1.123s] -- Using all available rosidl_typesupport_cpp: rosidl_typesupport_fastrtps_cpp;rosidl_typesupport_introspection_cpp
[1.399s] -- Found rmw_implementation_cmake: 6.1.1 (/opt/ros/humble/share/rmw_implementation_cmake/cmake)
[1.402s] -- Found rmw_cyclonedds_cpp: 1.3.4 (/opt/ros/humble/share/rmw_cyclonedds_cpp/cmake)
[1.432s] -- Using RMW implementation 'rmw_cyclonedds_cpp' as default
[1.440s] -- Looking for pthread.h
[1.503s] -- Looking for pthread.h - found
[1.503s] -- Performing Test CMAKE_HAVE_LIBC_PTHREAD
[1.570s] -- Performing Test CMAKE_HAVE_LIBC_PTHREAD - Success
[1.572s] -- Found Threads: TRUE  
[2.752s] -- Found OpenCV: /usr (found version "4.5.4") 
[2.777s] -- Found ament_lint_auto: 0.12.8 (/opt/ros/humble/share/ament_lint_auto/cmake)
[2.841s] -- Added test 'copyright' to check source files copyright and LICENSE
[2.845s] -- Added test 'cppcheck' to perform static code analysis on C / C++ code
[2.845s] -- Configured cppcheck include dirs: /home/shengbin/camera_ws/src/image_pipeline/depth_image_proc/include
[2.845s] -- Configured cppcheck exclude dirs and/or files: 
[2.848s] -- Added test 'cpplint' to check C / C++ code against the Google style
[2.848s] -- Configured cpplint exclude dirs and/or files: 
[2.849s] -- Added test 'flake8' to check Python code syntax and style conventions
[2.850s] -- Added test 'lint_cmake' to check CMake code style
[2.851s] -- Added test 'pep257' to check Python code against some of the docstring style conventions in PEP 257
[2.853s] -- Added test 'uncrustify' to check C / C++ code style
[2.854s] -- Configured uncrustify additional arguments: 
[2.854s] -- Added test 'xmllint' to check XML markup files
[2.858s] -- Configuring done
[2.906s] -- Generating done
[2.909s] -- Build files have been written to: /home/shengbin/camera_ws/build/depth_image_proc
[2.942s] Invoked command in '/home/shengbin/camera_ws/build/depth_image_proc' returned '0': AMENT_PREFIX_PATH=/home/shengbin/camera_ws/install/image_transport:/home/shengbin/camera_ws/install/image_geometry:/home/shengbin/camera_ws/install/cv_bridge:${AMENT_PREFIX_PATH} CMAKE_PREFIX_PATH=/home/shengbin/camera_ws/install/image_transport:/home/shengbin/camera_ws/install/image_geometry:/home/shengbin/camera_ws/install/cv_bridge:/opt/ros/humble LD_LIBRARY_PATH=/home/shengbin/camera_ws/install/image_transport/lib:/home/shengbin/camera_ws/install/image_geometry/lib:/home/shengbin/camera_ws/install/cv_bridge/lib:${LD_LIBRARY_PATH} PYTHONPATH=/home/shengbin/camera_ws/install/image_geometry/local/lib/python3.10/dist-packages:/home/shengbin/camera_ws/install/cv_bridge/local/lib/python3.10/dist-packages:${PYTHONPATH} /usr/bin/cmake /home/shengbin/camera_ws/src/image_pipeline/depth_image_proc -DCMAKE_INSTALL_PREFIX=/home/shengbin/camera_ws/install/depth_image_proc
[2.942s] Invoking command in '/home/shengbin/camera_ws/build/depth_image_proc': AMENT_PREFIX_PATH=/home/shengbin/camera_ws/install/image_transport:/home/shengbin/camera_ws/install/image_geometry:/home/shengbin/camera_ws/install/cv_bridge:${AMENT_PREFIX_PATH} CMAKE_PREFIX_PATH=/home/shengbin/camera_ws/install/image_transport:/home/shengbin/camera_ws/install/image_geometry:/home/shengbin/camera_ws/install/cv_bridge:/opt/ros/humble LD_LIBRARY_PATH=/home/shengbin/camera_ws/install/image_transport/lib:/home/shengbin/camera_ws/install/image_geometry/lib:/home/shengbin/camera_ws/install/cv_bridge/lib:${LD_LIBRARY_PATH} PYTHONPATH=/home/shengbin/camera_ws/install/image_geometry/local/lib/python3.10/dist-packages:/home/shengbin/camera_ws/install/cv_bridge/local/lib/python3.10/dist-packages:${PYTHONPATH} /usr/bin/cmake --build /home/shengbin/camera_ws/build/depth_image_proc -- -j16 -l16
[3.216s] [  8%] [32mBuilding CXX object CMakeFiles/depth_image_proc.dir/src/conversions.cpp.o[0m
[3.233s] [ 16%] [32mBuilding CXX object CMakeFiles/depth_image_proc.dir/src/convert_metric.cpp.o[0m
[3.260s] [ 25%] [32mBuilding CXX object CMakeFiles/depth_image_proc.dir/src/disparity.cpp.o[0m
[3.262s] [ 33%] [32mBuilding CXX object CMakeFiles/depth_image_proc.dir/src/crop_foremost.cpp.o[0m
[3.294s] [ 41%] [32mBuilding CXX object CMakeFiles/depth_image_proc.dir/src/point_cloud_xyz.cpp.o[0m
[3.322s] [ 50%] [32mBuilding CXX object CMakeFiles/depth_image_proc.dir/src/point_cloud_xyzrgb.cpp.o[0m
[3.369s] [ 58%] [32mBuilding CXX object CMakeFiles/depth_image_proc.dir/src/point_cloud_xyzi.cpp.o[0m
[3.402s] [ 66%] [32mBuilding CXX object CMakeFiles/depth_image_proc.dir/src/point_cloud_xyz_radial.cpp.o[0m
[3.406s] [ 75%] [32mBuilding CXX object CMakeFiles/depth_image_proc.dir/src/point_cloud_xyzi_radial.cpp.o[0m
[3.413s] [ 83%] [32mBuilding CXX object CMakeFiles/depth_image_proc.dir/src/point_cloud_xyzrgb_radial.cpp.o[0m
[3.424s] [ 91%] [32mBuilding CXX object CMakeFiles/depth_image_proc.dir/src/register.cpp.o[0m
[45.750s] [100%] [32m[1mLinking CXX shared library libdepth_image_proc.so[0m
[48.607s] [100%] Built target depth_image_proc
[48.621s] Invoked command in '/home/shengbin/camera_ws/build/depth_image_proc' returned '0': AMENT_PREFIX_PATH=/home/shengbin/camera_ws/install/image_transport:/home/shengbin/camera_ws/install/image_geometry:/home/shengbin/camera_ws/install/cv_bridge:${AMENT_PREFIX_PATH} CMAKE_PREFIX_PATH=/home/shengbin/camera_ws/install/image_transport:/home/shengbin/camera_ws/install/image_geometry:/home/shengbin/camera_ws/install/cv_bridge:/opt/ros/humble LD_LIBRARY_PATH=/home/shengbin/camera_ws/install/image_transport/lib:/home/shengbin/camera_ws/install/image_geometry/lib:/home/shengbin/camera_ws/install/cv_bridge/lib:${LD_LIBRARY_PATH} PYTHONPATH=/home/shengbin/camera_ws/install/image_geometry/local/lib/python3.10/dist-packages:/home/shengbin/camera_ws/install/cv_bridge/local/lib/python3.10/dist-packages:${PYTHONPATH} /usr/bin/cmake --build /home/shengbin/camera_ws/build/depth_image_proc -- -j16 -l16
[48.685s] Invoking command in '/home/shengbin/camera_ws/build/depth_image_proc': AMENT_PREFIX_PATH=/home/shengbin/camera_ws/install/image_transport:/home/shengbin/camera_ws/install/image_geometry:/home/shengbin/camera_ws/install/cv_bridge:${AMENT_PREFIX_PATH} CMAKE_PREFIX_PATH=/home/shengbin/camera_ws/install/image_transport:/home/shengbin/camera_ws/install/image_geometry:/home/shengbin/camera_ws/install/cv_bridge:/opt/ros/humble LD_LIBRARY_PATH=/home/shengbin/camera_ws/install/image_transport/lib:/home/shengbin/camera_ws/install/image_geometry/lib:/home/shengbin/camera_ws/install/cv_bridge/lib:${LD_LIBRARY_PATH} PYTHONPATH=/home/shengbin/camera_ws/install/image_geometry/local/lib/python3.10/dist-packages:/home/shengbin/camera_ws/install/cv_bridge/local/lib/python3.10/dist-packages:${PYTHONPATH} /usr/bin/cmake --install /home/shengbin/camera_ws/build/depth_image_proc
[48.707s] -- Install configuration: ""
[48.707s] -- Installing: /home/shengbin/camera_ws/install/depth_image_proc/include
[48.708s] -- Installing: /home/shengbin/camera_ws/install/depth_image_proc/include/depth_image_proc
[48.708s] -- Installing: /home/shengbin/camera_ws/install/depth_image_proc/include/depth_image_proc/point_cloud_xyzrgb_radial.hpp
[48.708s] -- Installing: /home/shengbin/camera_ws/install/depth_image_proc/include/depth_image_proc/point_cloud_xyzrgb.hpp
[48.708s] -- Installing: /home/shengbin/camera_ws/install/depth_image_proc/include/depth_image_proc/point_cloud_xyz_radial.hpp
[48.709s] -- Installing: /home/shengbin/camera_ws/install/depth_image_proc/include/depth_image_proc/point_cloud_xyzi.hpp
[48.709s] -- Installing: /home/shengbin/camera_ws/install/depth_image_proc/include/depth_image_proc/conversions.hpp
[48.709s] -- Installing: /home/shengbin/camera_ws/install/depth_image_proc/include/depth_image_proc/point_cloud_xyz.hpp
[48.710s] -- Installing: /home/shengbin/camera_ws/install/depth_image_proc/include/depth_image_proc/visibility.h
[48.710s] -- Installing: /home/shengbin/camera_ws/install/depth_image_proc/include/depth_image_proc/depth_traits.hpp
[48.710s] -- Installing: /home/shengbin/camera_ws/install/depth_image_proc/include/depth_image_proc/point_cloud_xyzi_radial.hpp
[48.710s] -- Installing: /home/shengbin/camera_ws/install/depth_image_proc/share/depth_image_proc/environment/library_path.sh
[48.710s] -- Installing: /home/shengbin/camera_ws/install/depth_image_proc/share/depth_image_proc/environment/library_path.dsv
[48.711s] -- Installing: /home/shengbin/camera_ws/install/depth_image_proc/lib/libdepth_image_proc.so
[48.723s] -- Set runtime path of "/home/shengbin/camera_ws/install/depth_image_proc/lib/libdepth_image_proc.so" to ""
[48.723s] -- Installing: /home/shengbin/camera_ws/install/depth_image_proc/share/depth_image_proc/launch
[48.723s] -- Installing: /home/shengbin/camera_ws/install/depth_image_proc/share/depth_image_proc/launch/point_cloud_xyz_radial.launch.py
[48.723s] -- Installing: /home/shengbin/camera_ws/install/depth_image_proc/share/depth_image_proc/launch/point_cloud_xyzi.launch.py
[48.723s] -- Installing: /home/shengbin/camera_ws/install/depth_image_proc/share/depth_image_proc/launch/rviz
[48.723s] -- Installing: /home/shengbin/camera_ws/install/depth_image_proc/share/depth_image_proc/launch/rviz/convert_metric.rviz
[48.723s] -- Installing: /home/shengbin/camera_ws/install/depth_image_proc/share/depth_image_proc/launch/rviz/point_cloud_xyz_radial.rviz
[48.724s] -- Installing: /home/shengbin/camera_ws/install/depth_image_proc/share/depth_image_proc/launch/rviz/point_cloud_xyzi.rviz
[48.724s] -- Installing: /home/shengbin/camera_ws/install/depth_image_proc/share/depth_image_proc/launch/rviz/crop_formost.rviz
[48.724s] -- Installing: /home/shengbin/camera_ws/install/depth_image_proc/share/depth_image_proc/launch/rviz/disparity.rviz
[48.724s] -- Installing: /home/shengbin/camera_ws/install/depth_image_proc/share/depth_image_proc/launch/rviz/point_cloud_xyzrgb.rviz
[48.724s] -- Installing: /home/shengbin/camera_ws/install/depth_image_proc/share/depth_image_proc/launch/rviz/point_cloud_xyz.rviz
[48.724s] -- Installing: /home/shengbin/camera_ws/install/depth_image_proc/share/depth_image_proc/launch/rviz/register.rviz
[48.724s] -- Installing: /home/shengbin/camera_ws/install/depth_image_proc/share/depth_image_proc/launch/point_cloud_xyzrgb.launch.py
[48.725s] -- Installing: /home/shengbin/camera_ws/install/depth_image_proc/share/depth_image_proc/launch/point_cloud_xyzi_radial.launch.py
[48.725s] -- Installing: /home/shengbin/camera_ws/install/depth_image_proc/share/depth_image_proc/launch/crop_foremost.launch.py
[48.725s] -- Installing: /home/shengbin/camera_ws/install/depth_image_proc/share/depth_image_proc/launch/convert_metric.launch.py
[48.725s] -- Installing: /home/shengbin/camera_ws/install/depth_image_proc/share/depth_image_proc/launch/register.launch.py
[48.726s] -- Installing: /home/shengbin/camera_ws/install/depth_image_proc/share/depth_image_proc/launch/point_cloud_xyz.launch.py
[48.726s] -- Installing: /home/shengbin/camera_ws/install/depth_image_proc/share/depth_image_proc/launch/point_cloud_xyzrgb_radial.launch.py
[48.726s] -- Installing: /home/shengbin/camera_ws/install/depth_image_proc/share/depth_image_proc/launch/disparity.launch.py
[48.728s] -- Installing: /home/shengbin/camera_ws/install/depth_image_proc/share/ament_index/resource_index/package_run_dependencies/depth_image_proc
[48.728s] -- Installing: /home/shengbin/camera_ws/install/depth_image_proc/share/ament_index/resource_index/parent_prefix_path/depth_image_proc
[48.728s] -- Installing: /home/shengbin/camera_ws/install/depth_image_proc/share/depth_image_proc/environment/ament_prefix_path.sh
[48.729s] -- Installing: /home/shengbin/camera_ws/install/depth_image_proc/share/depth_image_proc/environment/ament_prefix_path.dsv
[48.729s] -- Installing: /home/shengbin/camera_ws/install/depth_image_proc/share/depth_image_proc/environment/path.sh
[48.729s] -- Installing: /home/shengbin/camera_ws/install/depth_image_proc/share/depth_image_proc/environment/path.dsv
[48.729s] -- Installing: /home/shengbin/camera_ws/install/depth_image_proc/share/depth_image_proc/local_setup.bash
[48.730s] -- Installing: /home/shengbin/camera_ws/install/depth_image_proc/share/depth_image_proc/local_setup.sh
[48.730s] -- Installing: /home/shengbin/camera_ws/install/depth_image_proc/share/depth_image_proc/local_setup.zsh
[48.730s] -- Installing: /home/shengbin/camera_ws/install/depth_image_proc/share/depth_image_proc/local_setup.dsv
[48.731s] -- Installing: /home/shengbin/camera_ws/install/depth_image_proc/share/depth_image_proc/package.dsv
[48.731s] -- Installing: /home/shengbin/camera_ws/install/depth_image_proc/share/ament_index/resource_index/packages/depth_image_proc
[48.731s] -- Installing: /home/shengbin/camera_ws/install/depth_image_proc/share/ament_index/resource_index/rclcpp_components/depth_image_proc
[48.732s] -- Installing: /home/shengbin/camera_ws/install/depth_image_proc/share/depth_image_proc/cmake/ament_cmake_export_dependencies-extras.cmake
[48.732s] -- Installing: /home/shengbin/camera_ws/install/depth_image_proc/share/depth_image_proc/cmake/ament_cmake_export_include_directories-extras.cmake
[48.733s] -- Installing: /home/shengbin/camera_ws/install/depth_image_proc/share/depth_image_proc/cmake/ament_cmake_export_libraries-extras.cmake
[48.733s] -- Installing: /home/shengbin/camera_ws/install/depth_image_proc/share/depth_image_proc/cmake/depth_image_procConfig.cmake
[48.734s] -- Installing: /home/shengbin/camera_ws/install/depth_image_proc/share/depth_image_proc/cmake/depth_image_procConfig-version.cmake
[48.734s] -- Installing: /home/shengbin/camera_ws/install/depth_image_proc/share/depth_image_proc/package.xml
[48.737s] Invoked command in '/home/shengbin/camera_ws/build/depth_image_proc' returned '0': AMENT_PREFIX_PATH=/home/shengbin/camera_ws/install/image_transport:/home/shengbin/camera_ws/install/image_geometry:/home/shengbin/camera_ws/install/cv_bridge:${AMENT_PREFIX_PATH} CMAKE_PREFIX_PATH=/home/shengbin/camera_ws/install/image_transport:/home/shengbin/camera_ws/install/image_geometry:/home/shengbin/camera_ws/install/cv_bridge:/opt/ros/humble LD_LIBRARY_PATH=/home/shengbin/camera_ws/install/image_transport/lib:/home/shengbin/camera_ws/install/image_geometry/lib:/home/shengbin/camera_ws/install/cv_bridge/lib:${LD_LIBRARY_PATH} PYTHONPATH=/home/shengbin/camera_ws/install/image_geometry/local/lib/python3.10/dist-packages:/home/shengbin/camera_ws/install/cv_bridge/local/lib/python3.10/dist-packages:${PYTHONPATH} /usr/bin/cmake --install /home/shengbin/camera_ws/build/depth_image_proc
