[0.150s] Invoking command in '/home/shengbin/camera_ws/build/theora_image_transport': AMENT_PREFIX_PATH=/home/shengbin/camera_ws/install/image_transport:/home/shengbin/camera_ws/install/cv_bridge:${AMENT_PREFIX_PATH} CMAKE_PREFIX_PATH=/home/shengbin/camera_ws/install/image_transport:/home/shengbin/camera_ws/install/cv_bridge:/opt/ros/humble LD_LIBRARY_PATH=/home/shengbin/camera_ws/install/image_transport/lib:/home/shengbin/camera_ws/install/cv_bridge/lib:${LD_LIBRARY_PATH} PYTHONPATH=/home/shengbin/camera_ws/install/cv_bridge/local/lib/python3.10/dist-packages:${PYTHONPATH} /usr/bin/cmake /home/shengbin/camera_ws/src/image_transport_plugins/theora_image_transport -DCMAKE_INSTALL_PREFIX=/home/shengbin/camera_ws/install/theora_image_transport
[0.179s] -- The C compiler identification is GNU 11.4.0
[0.237s] -- The CXX compiler identification is GNU 11.4.0
[0.246s] -- Detecting C compiler ABI info
[0.327s] -- Detecting C compiler ABI info - done
[0.340s] -- Check for working C compiler: /usr/bin/cc - skipped
[0.340s] -- Detecting C compile features
[0.341s] -- Detecting C compile features - done
[0.346s] -- Detecting CXX compiler ABI info
[0.437s] -- Detecting CXX compiler ABI info - done
[0.446s] -- Check for working CXX compiler: /usr/bin/c++ - skipped
[0.446s] -- Detecting CXX compile features
[0.446s] -- Detecting CXX compile features - done
[0.448s] -- Found ament_cmake: 1.3.5 (/opt/ros/humble/share/ament_cmake/cmake)
[0.656s] -- Found Python3: /usr/bin/python3.10 (found version "3.10.12") found components: Interpreter 
[0.740s] -- Found image_transport: 3.1.7 (/home/shengbin/camera_ws/install/image_transport/share/image_transport/cmake)
[0.786s] -- Found rosidl_generator_c: 3.1.5 (/opt/ros/humble/share/rosidl_generator_c/cmake)
[0.790s] -- Found rosidl_adapter: 3.1.5 (/opt/ros/humble/share/rosidl_adapter/cmake)
[0.798s] -- Found rosidl_generator_cpp: 3.1.5 (/opt/ros/humble/share/rosidl_generator_cpp/cmake)
[0.812s] -- Using all available rosidl_typesupport_c: rosidl_typesupport_fastrtps_c;rosidl_typesupport_introspection_c
[0.830s] -- Using all available rosidl_typesupport_cpp: rosidl_typesupport_fastrtps_cpp;rosidl_typesupport_introspection_cpp
[0.896s] -- Found rmw_implementation_cmake: 6.1.1 (/opt/ros/humble/share/rmw_implementation_cmake/cmake)
[0.899s] -- Found rmw_cyclonedds_cpp: 1.3.4 (/opt/ros/humble/share/rmw_cyclonedds_cpp/cmake)
[0.931s] -- Using RMW implementation 'rmw_cyclonedds_cpp' as default
[0.940s] -- Looking for pthread.h
[1.002s] -- Looking for pthread.h - found
[1.002s] -- Performing Test CMAKE_HAVE_LIBC_PTHREAD
[1.068s] -- Performing Test CMAKE_HAVE_LIBC_PTHREAD - Success
[1.069s] -- Found Threads: TRUE  
[1.621s] -- Found cv_bridge: 3.2.1 (/home/shengbin/camera_ws/install/cv_bridge/share/cv_bridge/cmake)
[1.650s] -- Found rosidl_default_generators: 1.2.0 (/opt/ros/humble/share/rosidl_default_generators/cmake)
[1.667s] -- Found OpenCV: /usr (found version "4.5.4") found components: imgproc 
[1.671s] -- Found PkgConfig: /usr/bin/pkg-config (found version "0.29.2") 
[1.671s] -- Checking for module 'ogg'
[1.686s] --   Found ogg, version 1.3.5
[1.723s] -- Checking for module 'theora'
[1.740s] --   Found theora, version 1.1.1
[1.779s] -- Checking for module 'theoraenc'
[1.797s] --   Found theoraenc, version 1.1.1
[1.840s] -- Checking for module 'theoradec'
[1.857s] --   Found theoradec, version 1.1.1
[2.348s] -- Found ament_cmake_cppcheck: 0.12.8 (/opt/ros/humble/share/ament_cmake_cppcheck/cmake)
[2.352s] -- Found ament_cmake_cpplint: 0.12.8 (/opt/ros/humble/share/ament_cmake_cpplint/cmake)
[2.355s] -- Found ament_cmake_uncrustify: 0.12.8 (/opt/ros/humble/share/ament_cmake_uncrustify/cmake)
[2.360s] -- Found ament_cmake_ros: 0.10.0 (/opt/ros/humble/share/ament_cmake_ros/cmake)
[3.847s] -- Using all available rosidl_typesupport_c: rosidl_typesupport_fastrtps_c;rosidl_typesupport_introspection_c
[4.227s] -- Using all available rosidl_typesupport_cpp: rosidl_typesupport_fastrtps_cpp;rosidl_typesupport_introspection_cpp
[4.279s] -- Found PythonInterp: /usr/bin/python3 (found suitable version "3.10.12", minimum required is "3.6") 
[4.283s] -- Found python_cmake_module: 0.10.0 (/opt/ros/humble/share/python_cmake_module/cmake)
[4.405s] -- Found PythonLibs: /usr/lib/x86_64-linux-gnu/libpython3.10.so (found suitable version "3.10.12", minimum required is "3.5") 
[4.406s] -- Using PYTHON_EXECUTABLE: /usr/bin/python3
[4.406s] -- Using PYTHON_INCLUDE_DIRS: /usr/include/python3.10
[4.407s] -- Using PYTHON_LIBRARIES: /usr/lib/x86_64-linux-gnu/libpython3.10.so
[4.469s] -- Found PythonExtra: .so  
[4.661s] -- Found ament_cmake_flake8: 0.12.8 (/opt/ros/humble/share/ament_cmake_flake8/cmake)
[4.669s] -- Found ament_cmake_pep257: 0.12.8 (/opt/ros/humble/share/ament_cmake_pep257/cmake)
[4.699s] -- Configuring done
[4.861s] -- Generating done
[4.867s] -- Build files have been written to: /home/shengbin/camera_ws/build/theora_image_transport
[4.936s] Invoked command in '/home/shengbin/camera_ws/build/theora_image_transport' returned '0': AMENT_PREFIX_PATH=/home/shengbin/camera_ws/install/image_transport:/home/shengbin/camera_ws/install/cv_bridge:${AMENT_PREFIX_PATH} CMAKE_PREFIX_PATH=/home/shengbin/camera_ws/install/image_transport:/home/shengbin/camera_ws/install/cv_bridge:/opt/ros/humble LD_LIBRARY_PATH=/home/shengbin/camera_ws/install/image_transport/lib:/home/shengbin/camera_ws/install/cv_bridge/lib:${LD_LIBRARY_PATH} PYTHONPATH=/home/shengbin/camera_ws/install/cv_bridge/local/lib/python3.10/dist-packages:${PYTHONPATH} /usr/bin/cmake /home/shengbin/camera_ws/src/image_transport_plugins/theora_image_transport -DCMAKE_INSTALL_PREFIX=/home/shengbin/camera_ws/install/theora_image_transport
[4.937s] Invoking command in '/home/shengbin/camera_ws/build/theora_image_transport': AMENT_PREFIX_PATH=/home/shengbin/camera_ws/install/image_transport:/home/shengbin/camera_ws/install/cv_bridge:${AMENT_PREFIX_PATH} CMAKE_PREFIX_PATH=/home/shengbin/camera_ws/install/image_transport:/home/shengbin/camera_ws/install/cv_bridge:/opt/ros/humble LD_LIBRARY_PATH=/home/shengbin/camera_ws/install/image_transport/lib:/home/shengbin/camera_ws/install/cv_bridge/lib:${LD_LIBRARY_PATH} PYTHONPATH=/home/shengbin/camera_ws/install/cv_bridge/local/lib/python3.10/dist-packages:${PYTHONPATH} /usr/bin/cmake --build /home/shengbin/camera_ws/build/theora_image_transport -- -j16 -l16
[5.159s] [  2%] [34m[1mGenerating C code for ROS interfaces[0m
[5.271s] [  5%] [34m[1mGenerating C++ code for ROS interfaces[0m
[5.281s] [  5%] Built target ament_cmake_python_copy_theora_image_transport
[6.528s] running egg_info
[6.530s] creating theora_image_transport.egg-info
[6.530s] writing theora_image_transport.egg-info/PKG-INFO
[6.534s] writing dependency_links to theora_image_transport.egg-info/dependency_links.txt
[6.534s] writing top-level names to theora_image_transport.egg-info/top_level.txt
[6.535s] writing manifest file 'theora_image_transport.egg-info/SOURCES.txt'
[6.555s] reading manifest file 'theora_image_transport.egg-info/SOURCES.txt'
[6.557s] writing manifest file 'theora_image_transport.egg-info/SOURCES.txt'
[6.618s] [  5%] Built target theora_image_transport__cpp
[6.664s] [  5%] Built target ament_cmake_python_build_theora_image_transport_egg
[6.676s] [  8%] [32mBuilding C object CMakeFiles/theora_image_transport__rosidl_generator_c.dir/rosidl_generator_c/theora_image_transport/msg/detail/packet__functions.c.o[0m
[6.711s] [ 10%] [34m[1mGenerating C++ type support dispatch for ROS interfaces[0m
[6.753s] [ 13%] [34m[1mGenerating C++ type support for eProsima Fast-RTPS[0m
[6.798s] [ 16%] [34m[1mGenerating C++ introspection for ROS interfaces[0m
[6.949s] [ 18%] [32m[1mLinking C shared library libtheora_image_transport__rosidl_generator_c.so[0m
[7.098s] [ 18%] Built target theora_image_transport__rosidl_generator_c
[7.184s] [ 21%] [34m[1mGenerating C type support for eProsima Fast-RTPS[0m
[7.195s] [ 24%] [34m[1mGenerating C type support dispatch for ROS interfaces[0m
[7.196s] [ 27%] [34m[1mGenerating C introspection for ROS interfaces[0m
[7.666s] [ 29%] [32mBuilding CXX object CMakeFiles/theora_image_transport__rosidl_typesupport_cpp.dir/rosidl_typesupport_cpp/theora_image_transport/msg/packet__type_support.cpp.o[0m
[7.942s] [ 32%] [32mBuilding CXX object CMakeFiles/theora_image_transport__rosidl_typesupport_fastrtps_cpp.dir/rosidl_typesupport_fastrtps_cpp/theora_image_transport/msg/detail/dds_fastrtps/packet__type_support.cpp.o[0m
[7.958s] [ 35%] [32mBuilding CXX object CMakeFiles/theora_image_transport__rosidl_typesupport_c.dir/rosidl_typesupport_c/theora_image_transport/msg/packet__type_support.cpp.o[0m
[8.082s] [ 37%] [32m[1mLinking CXX shared library libtheora_image_transport__rosidl_typesupport_c.so[0m
[8.292s] [ 37%] Built target theora_image_transport__rosidl_typesupport_c
[8.388s] [ 40%] [32mBuilding CXX object CMakeFiles/theora_image_transport__rosidl_typesupport_introspection_cpp.dir/rosidl_typesupport_introspection_cpp/theora_image_transport/msg/detail/packet__type_support.cpp.o[0m
[8.478s] [ 43%] [32mBuilding CXX object CMakeFiles/theora_image_transport__rosidl_typesupport_fastrtps_c.dir/rosidl_typesupport_fastrtps_c/theora_image_transport/msg/detail/packet__type_support_c.cpp.o[0m
[8.642s] [ 45%] [32mBuilding C object CMakeFiles/theora_image_transport__rosidl_typesupport_introspection_c.dir/rosidl_typesupport_introspection_c/theora_image_transport/msg/detail/packet__type_support.c.o[0m
[8.647s] [ 48%] [32m[1mLinking CXX shared library libtheora_image_transport__rosidl_typesupport_cpp.so[0m
[8.802s] [ 51%] [32m[1mLinking C shared library libtheora_image_transport__rosidl_typesupport_introspection_c.so[0m
[8.843s] [ 51%] Built target theora_image_transport__rosidl_typesupport_cpp
[8.935s] [ 54%] [32m[1mLinking CXX shared library libtheora_image_transport__rosidl_typesupport_fastrtps_cpp.so[0m
[9.004s] [ 54%] Built target theora_image_transport__rosidl_typesupport_introspection_c
[9.025s] [ 56%] [32mBuilding CXX object CMakeFiles/theora_image_transport_component.dir/src/theora_subscriber.cpp.o[0m
[9.026s] [ 59%] [32mBuilding CXX object CMakeFiles/theora_image_transport_component.dir/src/theora_publisher.cpp.o[0m
[9.037s] [ 62%] [32mBuilding CXX object CMakeFiles/ogg_saver.dir/src/ogg_saver.cpp.o[0m
[9.089s] [ 64%] [32mBuilding CXX object CMakeFiles/theora_image_transport_component.dir/src/manifest.cpp.o[0m
[9.358s] [ 64%] Built target theora_image_transport__rosidl_typesupport_fastrtps_cpp
[9.923s] [ 67%] [32m[1mLinking CXX shared library libtheora_image_transport__rosidl_typesupport_introspection_cpp.so[0m
[10.253s] [ 70%] [32m[1mLinking CXX shared library libtheora_image_transport__rosidl_typesupport_fastrtps_c.so[0m
[10.280s] [ 70%] Built target theora_image_transport__rosidl_typesupport_introspection_cpp
[10.639s] [ 70%] Built target theora_image_transport__rosidl_typesupport_fastrtps_c
[10.816s] [ 70%] Built target theora_image_transport
[10.943s] [ 72%] [34m[1mGenerating Python code for ROS interfaces[0m
[13.501s] [ 72%] Built target theora_image_transport__py
[13.677s] [ 75%] [32mBuilding C object CMakeFiles/theora_image_transport__rosidl_generator_py.dir/rosidl_generator_py/theora_image_transport/msg/_packet_s.c.o[0m
[14.399s] [ 78%] [32m[1mLinking C shared library rosidl_generator_py/theora_image_transport/libtheora_image_transport__rosidl_generator_py.so[0m
[14.642s] [ 78%] Built target theora_image_transport__rosidl_generator_py
[14.779s] [ 81%] [32mBuilding C object CMakeFiles/theora_image_transport__rosidl_typesupport_fastrtps_c__pyext.dir/rosidl_generator_py/theora_image_transport/_theora_image_transport_s.ep.rosidl_typesupport_fastrtps_c.c.o[0m
[14.833s] [ 83%] [32mBuilding C object CMakeFiles/theora_image_transport__rosidl_typesupport_introspection_c__pyext.dir/rosidl_generator_py/theora_image_transport/_theora_image_transport_s.ep.rosidl_typesupport_introspection_c.c.o[0m
[14.839s] [ 86%] [32mBuilding C object CMakeFiles/theora_image_transport__rosidl_typesupport_c__pyext.dir/rosidl_generator_py/theora_image_transport/_theora_image_transport_s.ep.rosidl_typesupport_c.c.o[0m
[15.254s] [ 89%] [32m[1mLinking C shared library rosidl_generator_py/theora_image_transport/theora_image_transport_s__rosidl_typesupport_fastrtps_c.cpython-310-x86_64-linux-gnu.so[0m
[15.335s] [ 91%] [32m[1mLinking C shared library rosidl_generator_py/theora_image_transport/theora_image_transport_s__rosidl_typesupport_c.cpython-310-x86_64-linux-gnu.so[0m
[15.404s] [ 94%] [32m[1mLinking C shared library rosidl_generator_py/theora_image_transport/theora_image_transport_s__rosidl_typesupport_introspection_c.cpython-310-x86_64-linux-gnu.so[0m
[15.505s] [ 94%] Built target theora_image_transport__rosidl_typesupport_fastrtps_c__pyext
[15.566s] [ 94%] Built target theora_image_transport__rosidl_typesupport_c__pyext
[15.629s] [ 94%] Built target theora_image_transport__rosidl_typesupport_introspection_c__pyext
[31.913s] [ 97%] [32m[1mLinking CXX executable ogg_saver[0m
[32.684s] [ 97%] Built target ogg_saver
[32.719s] [100%] [32m[1mLinking CXX shared library libtheora_image_transport_component.so[0m
[36.349s] [100%] Built target theora_image_transport_component
[36.428s] Invoked command in '/home/shengbin/camera_ws/build/theora_image_transport' returned '0': AMENT_PREFIX_PATH=/home/shengbin/camera_ws/install/image_transport:/home/shengbin/camera_ws/install/cv_bridge:${AMENT_PREFIX_PATH} CMAKE_PREFIX_PATH=/home/shengbin/camera_ws/install/image_transport:/home/shengbin/camera_ws/install/cv_bridge:/opt/ros/humble LD_LIBRARY_PATH=/home/shengbin/camera_ws/install/image_transport/lib:/home/shengbin/camera_ws/install/cv_bridge/lib:${LD_LIBRARY_PATH} PYTHONPATH=/home/shengbin/camera_ws/install/cv_bridge/local/lib/python3.10/dist-packages:${PYTHONPATH} /usr/bin/cmake --build /home/shengbin/camera_ws/build/theora_image_transport -- -j16 -l16
[36.568s] Invoking command in '/home/shengbin/camera_ws/build/theora_image_transport': AMENT_PREFIX_PATH=/home/shengbin/camera_ws/install/image_transport:/home/shengbin/camera_ws/install/cv_bridge:${AMENT_PREFIX_PATH} CMAKE_PREFIX_PATH=/home/shengbin/camera_ws/install/image_transport:/home/shengbin/camera_ws/install/cv_bridge:/opt/ros/humble LD_LIBRARY_PATH=/home/shengbin/camera_ws/install/image_transport/lib:/home/shengbin/camera_ws/install/cv_bridge/lib:${LD_LIBRARY_PATH} PYTHONPATH=/home/shengbin/camera_ws/install/cv_bridge/local/lib/python3.10/dist-packages:${PYTHONPATH} /usr/bin/cmake --install /home/shengbin/camera_ws/build/theora_image_transport
[36.635s] -- Install configuration: ""
[36.637s] -- Installing: /home/shengbin/camera_ws/install/theora_image_transport/share/ament_index/resource_index/rosidl_interfaces/theora_image_transport
[36.638s] -- Installing: /home/shengbin/camera_ws/install/theora_image_transport/include/theora_image_transport/theora_image_transport
[36.640s] -- Installing: /home/shengbin/camera_ws/install/theora_image_transport/include/theora_image_transport/theora_image_transport/msg
[36.641s] -- Installing: /home/shengbin/camera_ws/install/theora_image_transport/include/theora_image_transport/theora_image_transport/msg/detail
[36.641s] -- Installing: /home/shengbin/camera_ws/install/theora_image_transport/include/theora_image_transport/theora_image_transport/msg/detail/packet__functions.c
[36.642s] -- Installing: /home/shengbin/camera_ws/install/theora_image_transport/include/theora_image_transport/theora_image_transport/msg/detail/packet__struct.h
[36.642s] -- Installing: /home/shengbin/camera_ws/install/theora_image_transport/include/theora_image_transport/theora_image_transport/msg/detail/packet__functions.h
[36.643s] -- Installing: /home/shengbin/camera_ws/install/theora_image_transport/include/theora_image_transport/theora_image_transport/msg/detail/packet__type_support.h
[36.644s] -- Installing: /home/shengbin/camera_ws/install/theora_image_transport/include/theora_image_transport/theora_image_transport/msg/rosidl_generator_c__visibility_control.h
[36.644s] -- Installing: /home/shengbin/camera_ws/install/theora_image_transport/include/theora_image_transport/theora_image_transport/msg/packet.h
[36.645s] -- Installing: /home/shengbin/camera_ws/install/theora_image_transport/share/theora_image_transport/environment/library_path.sh
[36.646s] -- Installing: /home/shengbin/camera_ws/install/theora_image_transport/share/theora_image_transport/environment/library_path.dsv
[36.648s] -- Installing: /home/shengbin/camera_ws/install/theora_image_transport/lib/libtheora_image_transport__rosidl_generator_c.so
[36.650s] -- Set runtime path of "/home/shengbin/camera_ws/install/theora_image_transport/lib/libtheora_image_transport__rosidl_generator_c.so" to ""
[36.650s] -- Up-to-date: /home/shengbin/camera_ws/install/theora_image_transport/include/theora_image_transport/theora_image_transport
[36.651s] -- Up-to-date: /home/shengbin/camera_ws/install/theora_image_transport/include/theora_image_transport/theora_image_transport/msg
[36.652s] -- Up-to-date: /home/shengbin/camera_ws/install/theora_image_transport/include/theora_image_transport/theora_image_transport/msg/detail
[36.652s] -- Installing: /home/shengbin/camera_ws/install/theora_image_transport/include/theora_image_transport/theora_image_transport/msg/detail/packet__rosidl_typesupport_fastrtps_c.h
[36.653s] -- Installing: /home/shengbin/camera_ws/install/theora_image_transport/include/theora_image_transport/theora_image_transport/msg/rosidl_typesupport_fastrtps_c__visibility_control.h
[36.653s] -- Installing: /home/shengbin/camera_ws/install/theora_image_transport/lib/libtheora_image_transport__rosidl_typesupport_fastrtps_c.so
[36.655s] -- Set runtime path of "/home/shengbin/camera_ws/install/theora_image_transport/lib/libtheora_image_transport__rosidl_typesupport_fastrtps_c.so" to ""
[36.656s] -- Up-to-date: /home/shengbin/camera_ws/install/theora_image_transport/include/theora_image_transport/theora_image_transport
[36.656s] -- Up-to-date: /home/shengbin/camera_ws/install/theora_image_transport/include/theora_image_transport/theora_image_transport/msg
[36.657s] -- Installing: /home/shengbin/camera_ws/install/theora_image_transport/include/theora_image_transport/theora_image_transport/msg/packet.hpp
[36.658s] -- Up-to-date: /home/shengbin/camera_ws/install/theora_image_transport/include/theora_image_transport/theora_image_transport/msg/detail
[36.658s] -- Installing: /home/shengbin/camera_ws/install/theora_image_transport/include/theora_image_transport/theora_image_transport/msg/detail/packet__struct.hpp
[36.659s] -- Installing: /home/shengbin/camera_ws/install/theora_image_transport/include/theora_image_transport/theora_image_transport/msg/detail/packet__traits.hpp
[36.659s] -- Installing: /home/shengbin/camera_ws/install/theora_image_transport/include/theora_image_transport/theora_image_transport/msg/detail/packet__builder.hpp
[36.660s] -- Up-to-date: /home/shengbin/camera_ws/install/theora_image_transport/include/theora_image_transport/theora_image_transport
[36.660s] -- Up-to-date: /home/shengbin/camera_ws/install/theora_image_transport/include/theora_image_transport/theora_image_transport/msg
[36.661s] -- Installing: /home/shengbin/camera_ws/install/theora_image_transport/include/theora_image_transport/theora_image_transport/msg/rosidl_typesupport_fastrtps_cpp__visibility_control.h
[36.662s] -- Up-to-date: /home/shengbin/camera_ws/install/theora_image_transport/include/theora_image_transport/theora_image_transport/msg/detail
[36.662s] -- Installing: /home/shengbin/camera_ws/install/theora_image_transport/include/theora_image_transport/theora_image_transport/msg/detail/dds_fastrtps
[36.663s] -- Installing: /home/shengbin/camera_ws/install/theora_image_transport/include/theora_image_transport/theora_image_transport/msg/detail/packet__rosidl_typesupport_fastrtps_cpp.hpp
[36.663s] -- Installing: /home/shengbin/camera_ws/install/theora_image_transport/lib/libtheora_image_transport__rosidl_typesupport_fastrtps_cpp.so
[36.666s] -- Set runtime path of "/home/shengbin/camera_ws/install/theora_image_transport/lib/libtheora_image_transport__rosidl_typesupport_fastrtps_cpp.so" to ""
[36.667s] -- Up-to-date: /home/shengbin/camera_ws/install/theora_image_transport/include/theora_image_transport/theora_image_transport
[36.668s] -- Up-to-date: /home/shengbin/camera_ws/install/theora_image_transport/include/theora_image_transport/theora_image_transport/msg
[36.668s] -- Up-to-date: /home/shengbin/camera_ws/install/theora_image_transport/include/theora_image_transport/theora_image_transport/msg/detail
[36.669s] -- Installing: /home/shengbin/camera_ws/install/theora_image_transport/include/theora_image_transport/theora_image_transport/msg/detail/packet__type_support.c
[36.669s] -- Installing: /home/shengbin/camera_ws/install/theora_image_transport/include/theora_image_transport/theora_image_transport/msg/detail/packet__rosidl_typesupport_introspection_c.h
[36.670s] -- Installing: /home/shengbin/camera_ws/install/theora_image_transport/include/theora_image_transport/theora_image_transport/msg/rosidl_typesupport_introspection_c__visibility_control.h
[36.670s] -- Installing: /home/shengbin/camera_ws/install/theora_image_transport/lib/libtheora_image_transport__rosidl_typesupport_introspection_c.so
[36.672s] -- Set runtime path of "/home/shengbin/camera_ws/install/theora_image_transport/lib/libtheora_image_transport__rosidl_typesupport_introspection_c.so" to ""
[36.672s] -- Installing: /home/shengbin/camera_ws/install/theora_image_transport/lib/libtheora_image_transport__rosidl_typesupport_c.so
[36.674s] -- Set runtime path of "/home/shengbin/camera_ws/install/theora_image_transport/lib/libtheora_image_transport__rosidl_typesupport_c.so" to ""
[36.675s] -- Up-to-date: /home/shengbin/camera_ws/install/theora_image_transport/include/theora_image_transport/theora_image_transport
[36.675s] -- Up-to-date: /home/shengbin/camera_ws/install/theora_image_transport/include/theora_image_transport/theora_image_transport/msg
[36.676s] -- Up-to-date: /home/shengbin/camera_ws/install/theora_image_transport/include/theora_image_transport/theora_image_transport/msg/detail
[36.677s] -- Installing: /home/shengbin/camera_ws/install/theora_image_transport/include/theora_image_transport/theora_image_transport/msg/detail/packet__type_support.cpp
[36.677s] -- Installing: /home/shengbin/camera_ws/install/theora_image_transport/include/theora_image_transport/theora_image_transport/msg/detail/packet__rosidl_typesupport_introspection_cpp.hpp
[36.678s] -- Installing: /home/shengbin/camera_ws/install/theora_image_transport/lib/libtheora_image_transport__rosidl_typesupport_introspection_cpp.so
[36.679s] -- Set runtime path of "/home/shengbin/camera_ws/install/theora_image_transport/lib/libtheora_image_transport__rosidl_typesupport_introspection_cpp.so" to ""
[36.680s] -- Installing: /home/shengbin/camera_ws/install/theora_image_transport/lib/libtheora_image_transport__rosidl_typesupport_cpp.so
[36.681s] -- Set runtime path of "/home/shengbin/camera_ws/install/theora_image_transport/lib/libtheora_image_transport__rosidl_typesupport_cpp.so" to ""
[36.682s] -- Installing: /home/shengbin/camera_ws/install/theora_image_transport/share/theora_image_transport/environment/pythonpath.sh
[36.683s] -- Installing: /home/shengbin/camera_ws/install/theora_image_transport/share/theora_image_transport/environment/pythonpath.dsv
[36.684s] -- Installing: /home/shengbin/camera_ws/install/theora_image_transport/local/lib/python3.10/dist-packages/theora_image_transport-2.5.0-py3.10.egg-info
[36.684s] -- Installing: /home/shengbin/camera_ws/install/theora_image_transport/local/lib/python3.10/dist-packages/theora_image_transport-2.5.0-py3.10.egg-info/dependency_links.txt
[36.685s] -- Installing: /home/shengbin/camera_ws/install/theora_image_transport/local/lib/python3.10/dist-packages/theora_image_transport-2.5.0-py3.10.egg-info/SOURCES.txt
[36.686s] -- Installing: /home/shengbin/camera_ws/install/theora_image_transport/local/lib/python3.10/dist-packages/theora_image_transport-2.5.0-py3.10.egg-info/PKG-INFO
[36.687s] -- Installing: /home/shengbin/camera_ws/install/theora_image_transport/local/lib/python3.10/dist-packages/theora_image_transport-2.5.0-py3.10.egg-info/top_level.txt
[36.687s] -- Installing: /home/shengbin/camera_ws/install/theora_image_transport/local/lib/python3.10/dist-packages/theora_image_transport
[36.688s] -- Installing: /home/shengbin/camera_ws/install/theora_image_transport/local/lib/python3.10/dist-packages/theora_image_transport/theora_image_transport_s__rosidl_typesupport_introspection_c.cpython-310-x86_64-linux-gnu.so
[36.689s] -- Installing: /home/shengbin/camera_ws/install/theora_image_transport/local/lib/python3.10/dist-packages/theora_image_transport/_theora_image_transport_s.ep.rosidl_typesupport_c.c
[36.689s] -- Installing: /home/shengbin/camera_ws/install/theora_image_transport/local/lib/python3.10/dist-packages/theora_image_transport/_theora_image_transport_s.ep.rosidl_typesupport_fastrtps_c.c
[36.690s] -- Installing: /home/shengbin/camera_ws/install/theora_image_transport/local/lib/python3.10/dist-packages/theora_image_transport/msg
[36.691s] -- Installing: /home/shengbin/camera_ws/install/theora_image_transport/local/lib/python3.10/dist-packages/theora_image_transport/msg/_packet.py
[36.691s] -- Installing: /home/shengbin/camera_ws/install/theora_image_transport/local/lib/python3.10/dist-packages/theora_image_transport/msg/_packet_s.c
[36.692s] -- Installing: /home/shengbin/camera_ws/install/theora_image_transport/local/lib/python3.10/dist-packages/theora_image_transport/msg/__init__.py
[36.693s] -- Installing: /home/shengbin/camera_ws/install/theora_image_transport/local/lib/python3.10/dist-packages/theora_image_transport/libtheora_image_transport__rosidl_generator_py.so
[36.694s] -- Installing: /home/shengbin/camera_ws/install/theora_image_transport/local/lib/python3.10/dist-packages/theora_image_transport/theora_image_transport_s__rosidl_typesupport_c.cpython-310-x86_64-linux-gnu.so
[36.695s] -- Installing: /home/shengbin/camera_ws/install/theora_image_transport/local/lib/python3.10/dist-packages/theora_image_transport/theora_image_transport_s__rosidl_typesupport_fastrtps_c.cpython-310-x86_64-linux-gnu.so
[36.696s] -- Installing: /home/shengbin/camera_ws/install/theora_image_transport/local/lib/python3.10/dist-packages/theora_image_transport/_theora_image_transport_s.ep.rosidl_typesupport_introspection_c.c
[36.697s] -- Installing: /home/shengbin/camera_ws/install/theora_image_transport/local/lib/python3.10/dist-packages/theora_image_transport/__init__.py
[37.004s] Listing '/home/shengbin/camera_ws/install/theora_image_transport/local/lib/python3.10/dist-packages/theora_image_transport'...
[37.004s] Compiling '/home/shengbin/camera_ws/install/theora_image_transport/local/lib/python3.10/dist-packages/theora_image_transport/__init__.py'...
[37.004s] Listing '/home/shengbin/camera_ws/install/theora_image_transport/local/lib/python3.10/dist-packages/theora_image_transport/msg'...
[37.004s] Compiling '/home/shengbin/camera_ws/install/theora_image_transport/local/lib/python3.10/dist-packages/theora_image_transport/msg/__init__.py'...
[37.004s] Compiling '/home/shengbin/camera_ws/install/theora_image_transport/local/lib/python3.10/dist-packages/theora_image_transport/msg/_packet.py'...
[37.028s] -- Installing: /home/shengbin/camera_ws/install/theora_image_transport/local/lib/python3.10/dist-packages/theora_image_transport/theora_image_transport_s__rosidl_typesupport_fastrtps_c.cpython-310-x86_64-linux-gnu.so
[37.028s] -- Set runtime path of "/home/shengbin/camera_ws/install/theora_image_transport/local/lib/python3.10/dist-packages/theora_image_transport/theora_image_transport_s__rosidl_typesupport_fastrtps_c.cpython-310-x86_64-linux-gnu.so" to ""
[37.029s] -- Installing: /home/shengbin/camera_ws/install/theora_image_transport/local/lib/python3.10/dist-packages/theora_image_transport/theora_image_transport_s__rosidl_typesupport_introspection_c.cpython-310-x86_64-linux-gnu.so
[37.029s] -- Set runtime path of "/home/shengbin/camera_ws/install/theora_image_transport/local/lib/python3.10/dist-packages/theora_image_transport/theora_image_transport_s__rosidl_typesupport_introspection_c.cpython-310-x86_64-linux-gnu.so" to ""
[37.029s] -- Installing: /home/shengbin/camera_ws/install/theora_image_transport/local/lib/python3.10/dist-packages/theora_image_transport/theora_image_transport_s__rosidl_typesupport_c.cpython-310-x86_64-linux-gnu.so
[37.030s] -- Set runtime path of "/home/shengbin/camera_ws/install/theora_image_transport/local/lib/python3.10/dist-packages/theora_image_transport/theora_image_transport_s__rosidl_typesupport_c.cpython-310-x86_64-linux-gnu.so" to ""
[37.030s] -- Installing: /home/shengbin/camera_ws/install/theora_image_transport/lib/libtheora_image_transport__rosidl_generator_py.so
[37.031s] -- Set runtime path of "/home/shengbin/camera_ws/install/theora_image_transport/lib/libtheora_image_transport__rosidl_generator_py.so" to ""
[37.031s] -- Installing: /home/shengbin/camera_ws/install/theora_image_transport/share/theora_image_transport/msg/Packet.idl
[37.045s] -- Installing: /home/shengbin/camera_ws/install/theora_image_transport/share/theora_image_transport/msg/Packet.msg
[37.045s] -- Installing: /home/shengbin/camera_ws/install/theora_image_transport/lib/libtheora_image_transport_component.so
[37.065s] -- Set runtime path of "/home/shengbin/camera_ws/install/theora_image_transport/lib/libtheora_image_transport_component.so" to ""
[37.066s] -- Installing: /home/shengbin/camera_ws/install/theora_image_transport/lib/theora_image_transport/ogg_saver
[37.086s] -- Set runtime path of "/home/shengbin/camera_ws/install/theora_image_transport/lib/theora_image_transport/ogg_saver" to ""
[37.086s] -- Up-to-date: /home/shengbin/camera_ws/install/theora_image_transport/include/theora_image_transport
[37.093s] -- Up-to-date: /home/shengbin/camera_ws/install/theora_image_transport/include/theora_image_transport/theora_image_transport
[37.093s] -- Installing: /home/shengbin/camera_ws/install/theora_image_transport/include/theora_image_transport/theora_image_transport/theora_publisher.h
[37.094s] -- Installing: /home/shengbin/camera_ws/install/theora_image_transport/include/theora_image_transport/theora_image_transport/theora_subscriber.h
[37.095s] -- Installing: /home/shengbin/camera_ws/install/theora_image_transport/share/theora_image_transport/theora_plugins.xml
[37.096s] -- Installing: /home/shengbin/camera_ws/install/theora_image_transport/share/ament_index/resource_index/package_run_dependencies/theora_image_transport
[37.097s] -- Installing: /home/shengbin/camera_ws/install/theora_image_transport/share/ament_index/resource_index/parent_prefix_path/theora_image_transport
[37.097s] -- Installing: /home/shengbin/camera_ws/install/theora_image_transport/share/theora_image_transport/environment/ament_prefix_path.sh
[37.097s] -- Installing: /home/shengbin/camera_ws/install/theora_image_transport/share/theora_image_transport/environment/ament_prefix_path.dsv
[37.097s] -- Installing: /home/shengbin/camera_ws/install/theora_image_transport/share/theora_image_transport/environment/path.sh
[37.098s] -- Installing: /home/shengbin/camera_ws/install/theora_image_transport/share/theora_image_transport/environment/path.dsv
[37.098s] -- Installing: /home/shengbin/camera_ws/install/theora_image_transport/share/theora_image_transport/local_setup.bash
[37.098s] -- Installing: /home/shengbin/camera_ws/install/theora_image_transport/share/theora_image_transport/local_setup.sh
[37.098s] -- Installing: /home/shengbin/camera_ws/install/theora_image_transport/share/theora_image_transport/local_setup.zsh
[37.098s] -- Installing: /home/shengbin/camera_ws/install/theora_image_transport/share/theora_image_transport/local_setup.dsv
[37.099s] -- Installing: /home/shengbin/camera_ws/install/theora_image_transport/share/theora_image_transport/package.dsv
[37.099s] -- Installing: /home/shengbin/camera_ws/install/theora_image_transport/share/ament_index/resource_index/packages/theora_image_transport
[37.100s] -- Installing: /home/shengbin/camera_ws/install/theora_image_transport/share/ament_index/resource_index/image_transport__pluginlib__plugin/theora_image_transport
[37.102s] -- Installing: /home/shengbin/camera_ws/install/theora_image_transport/share/theora_image_transport/cmake/export_theora_image_transport__rosidl_generator_cExport.cmake
[37.103s] -- Installing: /home/shengbin/camera_ws/install/theora_image_transport/share/theora_image_transport/cmake/export_theora_image_transport__rosidl_generator_cExport-noconfig.cmake
[37.104s] -- Installing: /home/shengbin/camera_ws/install/theora_image_transport/share/theora_image_transport/cmake/export_theora_image_transport__rosidl_typesupport_fastrtps_cExport.cmake
[37.105s] -- Installing: /home/shengbin/camera_ws/install/theora_image_transport/share/theora_image_transport/cmake/export_theora_image_transport__rosidl_typesupport_fastrtps_cExport-noconfig.cmake
[37.106s] -- Installing: /home/shengbin/camera_ws/install/theora_image_transport/share/theora_image_transport/cmake/export_theora_image_transport__rosidl_generator_cppExport.cmake
[37.107s] -- Installing: /home/shengbin/camera_ws/install/theora_image_transport/share/theora_image_transport/cmake/export_theora_image_transport__rosidl_typesupport_fastrtps_cppExport.cmake
[37.108s] -- Installing: /home/shengbin/camera_ws/install/theora_image_transport/share/theora_image_transport/cmake/export_theora_image_transport__rosidl_typesupport_fastrtps_cppExport-noconfig.cmake
[37.110s] -- Installing: /home/shengbin/camera_ws/install/theora_image_transport/share/theora_image_transport/cmake/theora_image_transport__rosidl_typesupport_introspection_cExport.cmake
[37.111s] -- Installing: /home/shengbin/camera_ws/install/theora_image_transport/share/theora_image_transport/cmake/theora_image_transport__rosidl_typesupport_introspection_cExport-noconfig.cmake
[37.112s] -- Installing: /home/shengbin/camera_ws/install/theora_image_transport/share/theora_image_transport/cmake/theora_image_transport__rosidl_typesupport_cExport.cmake
[37.113s] -- Installing: /home/shengbin/camera_ws/install/theora_image_transport/share/theora_image_transport/cmake/theora_image_transport__rosidl_typesupport_cExport-noconfig.cmake
[37.114s] -- Installing: /home/shengbin/camera_ws/install/theora_image_transport/share/theora_image_transport/cmake/theora_image_transport__rosidl_typesupport_introspection_cppExport.cmake
[37.115s] -- Installing: /home/shengbin/camera_ws/install/theora_image_transport/share/theora_image_transport/cmake/theora_image_transport__rosidl_typesupport_introspection_cppExport-noconfig.cmake
[37.116s] -- Installing: /home/shengbin/camera_ws/install/theora_image_transport/share/theora_image_transport/cmake/theora_image_transport__rosidl_typesupport_cppExport.cmake
[37.117s] -- Installing: /home/shengbin/camera_ws/install/theora_image_transport/share/theora_image_transport/cmake/theora_image_transport__rosidl_typesupport_cppExport-noconfig.cmake
[37.119s] -- Installing: /home/shengbin/camera_ws/install/theora_image_transport/share/theora_image_transport/cmake/export_theora_image_transport__rosidl_generator_pyExport.cmake
[37.119s] -- Installing: /home/shengbin/camera_ws/install/theora_image_transport/share/theora_image_transport/cmake/export_theora_image_transport__rosidl_generator_pyExport-noconfig.cmake
[37.121s] -- Installing: /home/shengbin/camera_ws/install/theora_image_transport/share/theora_image_transport/cmake/export_theora_image_transport_componentExport.cmake
[37.122s] -- Installing: /home/shengbin/camera_ws/install/theora_image_transport/share/theora_image_transport/cmake/export_theora_image_transport_componentExport-noconfig.cmake
[37.123s] -- Installing: /home/shengbin/camera_ws/install/theora_image_transport/share/theora_image_transport/cmake/rosidl_cmake-extras.cmake
[37.124s] -- Installing: /home/shengbin/camera_ws/install/theora_image_transport/share/theora_image_transport/cmake/ament_cmake_export_dependencies-extras.cmake
[37.125s] -- Installing: /home/shengbin/camera_ws/install/theora_image_transport/share/theora_image_transport/cmake/ament_cmake_export_include_directories-extras.cmake
[37.127s] -- Installing: /home/shengbin/camera_ws/install/theora_image_transport/share/theora_image_transport/cmake/ament_cmake_export_libraries-extras.cmake
[37.128s] -- Installing: /home/shengbin/camera_ws/install/theora_image_transport/share/theora_image_transport/cmake/ament_cmake_export_targets-extras.cmake
[37.130s] -- Installing: /home/shengbin/camera_ws/install/theora_image_transport/share/theora_image_transport/cmake/rosidl_cmake_export_typesupport_targets-extras.cmake
[37.130s] -- Installing: /home/shengbin/camera_ws/install/theora_image_transport/share/theora_image_transport/cmake/rosidl_cmake_export_typesupport_libraries-extras.cmake
[37.131s] -- Installing: /home/shengbin/camera_ws/install/theora_image_transport/share/theora_image_transport/cmake/theora_image_transportConfig.cmake
[37.132s] -- Installing: /home/shengbin/camera_ws/install/theora_image_transport/share/theora_image_transport/cmake/theora_image_transportConfig-version.cmake
[37.133s] -- Installing: /home/shengbin/camera_ws/install/theora_image_transport/share/theora_image_transport/package.xml
[37.146s] Invoked command in '/home/shengbin/camera_ws/build/theora_image_transport' returned '0': AMENT_PREFIX_PATH=/home/shengbin/camera_ws/install/image_transport:/home/shengbin/camera_ws/install/cv_bridge:${AMENT_PREFIX_PATH} CMAKE_PREFIX_PATH=/home/shengbin/camera_ws/install/image_transport:/home/shengbin/camera_ws/install/cv_bridge:/opt/ros/humble LD_LIBRARY_PATH=/home/shengbin/camera_ws/install/image_transport/lib:/home/shengbin/camera_ws/install/cv_bridge/lib:${LD_LIBRARY_PATH} PYTHONPATH=/home/shengbin/camera_ws/install/cv_bridge/local/lib/python3.10/dist-packages:${PYTHONPATH} /usr/bin/cmake --install /home/shengbin/camera_ws/build/theora_image_transport
