[0.294s] Invoking command in '/home/shengbin/camera_ws/build/compressed_depth_image_transport': AMENT_PREFIX_PATH=/home/shengbin/camera_ws/install/image_transport:/home/shengbin/camera_ws/install/cv_bridge:${AMENT_PREFIX_PATH} CMAKE_PREFIX_PATH=/home/shengbin/camera_ws/install/image_transport:/home/shengbin/camera_ws/install/cv_bridge:/opt/ros/humble LD_LIBRARY_PATH=/home/shengbin/camera_ws/install/image_transport/lib:/home/shengbin/camera_ws/install/cv_bridge/lib:${LD_LIBRARY_PATH} PYTHONPATH=/home/shengbin/camera_ws/install/cv_bridge/local/lib/python3.10/dist-packages:${PYTHONPATH} /usr/bin/cmake /home/shengbin/camera_ws/src/image_transport_plugins/compressed_depth_image_transport -DCMAKE_INSTALL_PREFIX=/home/shengbin/camera_ws/install/compressed_depth_image_transport
[0.328s] -- The C compiler identification is GNU 11.4.0
[0.393s] -- The CXX compiler identification is GNU 11.4.0
[0.399s] -- Detecting C compiler ABI info
[0.477s] -- Detecting C compiler ABI info - done
[0.488s] -- Check for working C compiler: /usr/bin/cc - skipped
[0.489s] -- Detecting C compile features
[0.489s] -- Detecting C compile features - done
[0.494s] -- Detecting CXX compiler ABI info
[0.581s] -- Detecting CXX compiler ABI info - done
[0.593s] -- Check for working CXX compiler: /usr/bin/c++ - skipped
[0.593s] -- Detecting CXX compile features
[0.594s] -- Detecting CXX compile features - done
[0.598s] -- Found ament_cmake: 1.3.5 (/opt/ros/humble/share/ament_cmake/cmake)
[0.803s] -- Found Python3: /usr/bin/python3.10 (found version "3.10.12") found components: Interpreter 
[0.886s] -- Found image_transport: 3.1.7 (/home/shengbin/camera_ws/install/image_transport/share/image_transport/cmake)
[0.952s] -- Found rosidl_generator_c: 3.1.5 (/opt/ros/humble/share/rosidl_generator_c/cmake)
[0.958s] -- Found rosidl_adapter: 3.1.5 (/opt/ros/humble/share/rosidl_adapter/cmake)
[0.971s] -- Found rosidl_generator_cpp: 3.1.5 (/opt/ros/humble/share/rosidl_generator_cpp/cmake)
[0.989s] -- Using all available rosidl_typesupport_c: rosidl_typesupport_fastrtps_c;rosidl_typesupport_introspection_c
[1.016s] -- Using all available rosidl_typesupport_cpp: rosidl_typesupport_fastrtps_cpp;rosidl_typesupport_introspection_cpp
[1.116s] -- Found rmw_implementation_cmake: 6.1.1 (/opt/ros/humble/share/rmw_implementation_cmake/cmake)
[1.120s] -- Found rmw_cyclonedds_cpp: 1.3.4 (/opt/ros/humble/share/rmw_cyclonedds_cpp/cmake)
[1.167s] -- Using RMW implementation 'rmw_cyclonedds_cpp' as default
[1.179s] -- Looking for pthread.h
[1.250s] -- Looking for pthread.h - found
[1.250s] -- Performing Test CMAKE_HAVE_LIBC_PTHREAD
[1.308s] -- Performing Test CMAKE_HAVE_LIBC_PTHREAD - Success
[1.309s] -- Found Threads: TRUE  
[1.805s] -- Found cv_bridge: 3.2.1 (/home/shengbin/camera_ws/install/cv_bridge/share/cv_bridge/cmake)
[1.836s] -- Found OpenCV: /usr (found version "4.5.4") 
[1.930s] -- Configuring done
[1.942s] -- Generating done
[1.943s] -- Build files have been written to: /home/shengbin/camera_ws/build/compressed_depth_image_transport
[1.952s] Invoked command in '/home/shengbin/camera_ws/build/compressed_depth_image_transport' returned '0': AMENT_PREFIX_PATH=/home/shengbin/camera_ws/install/image_transport:/home/shengbin/camera_ws/install/cv_bridge:${AMENT_PREFIX_PATH} CMAKE_PREFIX_PATH=/home/shengbin/camera_ws/install/image_transport:/home/shengbin/camera_ws/install/cv_bridge:/opt/ros/humble LD_LIBRARY_PATH=/home/shengbin/camera_ws/install/image_transport/lib:/home/shengbin/camera_ws/install/cv_bridge/lib:${LD_LIBRARY_PATH} PYTHONPATH=/home/shengbin/camera_ws/install/cv_bridge/local/lib/python3.10/dist-packages:${PYTHONPATH} /usr/bin/cmake /home/shengbin/camera_ws/src/image_transport_plugins/compressed_depth_image_transport -DCMAKE_INSTALL_PREFIX=/home/shengbin/camera_ws/install/compressed_depth_image_transport
[1.953s] Invoking command in '/home/shengbin/camera_ws/build/compressed_depth_image_transport': AMENT_PREFIX_PATH=/home/shengbin/camera_ws/install/image_transport:/home/shengbin/camera_ws/install/cv_bridge:${AMENT_PREFIX_PATH} CMAKE_PREFIX_PATH=/home/shengbin/camera_ws/install/image_transport:/home/shengbin/camera_ws/install/cv_bridge:/opt/ros/humble LD_LIBRARY_PATH=/home/shengbin/camera_ws/install/image_transport/lib:/home/shengbin/camera_ws/install/cv_bridge/lib:${LD_LIBRARY_PATH} PYTHONPATH=/home/shengbin/camera_ws/install/cv_bridge/local/lib/python3.10/dist-packages:${PYTHONPATH} /usr/bin/cmake --build /home/shengbin/camera_ws/build/compressed_depth_image_transport -- -j16 -l16
[1.996s] [ 20%] [32mBuilding CXX object CMakeFiles/compressed_depth_image_transport.dir/src/manifest.cpp.o[0m
[1.997s] [ 40%] [32mBuilding CXX object CMakeFiles/compressed_depth_image_transport.dir/src/codec.cpp.o[0m
[1.998s] [ 60%] [32mBuilding CXX object CMakeFiles/compressed_depth_image_transport.dir/src/compressed_depth_subscriber.cpp.o[0m
[1.999s] [ 80%] [32mBuilding CXX object CMakeFiles/compressed_depth_image_transport.dir/src/compressed_depth_publisher.cpp.o[0m
[25.544s] [100%] [32m[1mLinking CXX shared library libcompressed_depth_image_transport.so[0m
[27.291s] [100%] Built target compressed_depth_image_transport
[27.343s] Invoked command in '/home/shengbin/camera_ws/build/compressed_depth_image_transport' returned '0': AMENT_PREFIX_PATH=/home/shengbin/camera_ws/install/image_transport:/home/shengbin/camera_ws/install/cv_bridge:${AMENT_PREFIX_PATH} CMAKE_PREFIX_PATH=/home/shengbin/camera_ws/install/image_transport:/home/shengbin/camera_ws/install/cv_bridge:/opt/ros/humble LD_LIBRARY_PATH=/home/shengbin/camera_ws/install/image_transport/lib:/home/shengbin/camera_ws/install/cv_bridge/lib:${LD_LIBRARY_PATH} PYTHONPATH=/home/shengbin/camera_ws/install/cv_bridge/local/lib/python3.10/dist-packages:${PYTHONPATH} /usr/bin/cmake --build /home/shengbin/camera_ws/build/compressed_depth_image_transport -- -j16 -l16
[27.464s] Invoking command in '/home/shengbin/camera_ws/build/compressed_depth_image_transport': AMENT_PREFIX_PATH=/home/shengbin/camera_ws/install/image_transport:/home/shengbin/camera_ws/install/cv_bridge:${AMENT_PREFIX_PATH} CMAKE_PREFIX_PATH=/home/shengbin/camera_ws/install/image_transport:/home/shengbin/camera_ws/install/cv_bridge:/opt/ros/humble LD_LIBRARY_PATH=/home/shengbin/camera_ws/install/image_transport/lib:/home/shengbin/camera_ws/install/cv_bridge/lib:${LD_LIBRARY_PATH} PYTHONPATH=/home/shengbin/camera_ws/install/cv_bridge/local/lib/python3.10/dist-packages:${PYTHONPATH} /usr/bin/cmake --install /home/shengbin/camera_ws/build/compressed_depth_image_transport
[27.498s] -- Install configuration: ""
[27.502s] -- Installing: /home/shengbin/camera_ws/install/compressed_depth_image_transport/lib/libcompressed_depth_image_transport.so
[27.520s] -- Set runtime path of "/home/shengbin/camera_ws/install/compressed_depth_image_transport/lib/libcompressed_depth_image_transport.so" to ""
[27.523s] -- Installing: /home/shengbin/camera_ws/install/compressed_depth_image_transport/include
[27.525s] -- Installing: /home/shengbin/camera_ws/install/compressed_depth_image_transport/include/compressed_depth_image_transport
[27.529s] -- Installing: /home/shengbin/camera_ws/install/compressed_depth_image_transport/include/compressed_depth_image_transport/compression_common.h
[27.533s] -- Installing: /home/shengbin/camera_ws/install/compressed_depth_image_transport/include/compressed_depth_image_transport/compressed_depth_publisher.h
[27.537s] -- Installing: /home/shengbin/camera_ws/install/compressed_depth_image_transport/include/compressed_depth_image_transport/compressed_depth_subscriber.h
[27.539s] -- Installing: /home/shengbin/camera_ws/install/compressed_depth_image_transport/include/compressed_depth_image_transport/codec.h
[27.542s] -- Installing: /home/shengbin/camera_ws/install/compressed_depth_image_transport/share/compressed_depth_image_transport/compressed_depth_plugins.xml
[27.547s] -- Installing: /home/shengbin/camera_ws/install/compressed_depth_image_transport/share/ament_index/resource_index/package_run_dependencies/compressed_depth_image_transport
[27.550s] -- Installing: /home/shengbin/camera_ws/install/compressed_depth_image_transport/share/ament_index/resource_index/parent_prefix_path/compressed_depth_image_transport
[27.555s] -- Installing: /home/shengbin/camera_ws/install/compressed_depth_image_transport/share/compressed_depth_image_transport/environment/ament_prefix_path.sh
[27.556s] -- Installing: /home/shengbin/camera_ws/install/compressed_depth_image_transport/share/compressed_depth_image_transport/environment/ament_prefix_path.dsv
[27.557s] -- Installing: /home/shengbin/camera_ws/install/compressed_depth_image_transport/share/compressed_depth_image_transport/environment/path.sh
[27.558s] -- Installing: /home/shengbin/camera_ws/install/compressed_depth_image_transport/share/compressed_depth_image_transport/environment/path.dsv
[27.558s] -- Installing: /home/shengbin/camera_ws/install/compressed_depth_image_transport/share/compressed_depth_image_transport/local_setup.bash
[27.559s] -- Installing: /home/shengbin/camera_ws/install/compressed_depth_image_transport/share/compressed_depth_image_transport/local_setup.sh
[27.559s] -- Installing: /home/shengbin/camera_ws/install/compressed_depth_image_transport/share/compressed_depth_image_transport/local_setup.zsh
[27.559s] -- Installing: /home/shengbin/camera_ws/install/compressed_depth_image_transport/share/compressed_depth_image_transport/local_setup.dsv
[27.559s] -- Installing: /home/shengbin/camera_ws/install/compressed_depth_image_transport/share/compressed_depth_image_transport/package.dsv
[27.559s] -- Installing: /home/shengbin/camera_ws/install/compressed_depth_image_transport/share/ament_index/resource_index/packages/compressed_depth_image_transport
[27.559s] -- Installing: /home/shengbin/camera_ws/install/compressed_depth_image_transport/share/ament_index/resource_index/image_transport__pluginlib__plugin/compressed_depth_image_transport
[27.560s] -- Installing: /home/shengbin/camera_ws/install/compressed_depth_image_transport/share/compressed_depth_image_transport/cmake/compressed_depth_image_transportConfig.cmake
[27.560s] -- Installing: /home/shengbin/camera_ws/install/compressed_depth_image_transport/share/compressed_depth_image_transport/cmake/compressed_depth_image_transportConfig-version.cmake
[27.561s] -- Installing: /home/shengbin/camera_ws/install/compressed_depth_image_transport/share/compressed_depth_image_transport/package.xml
[27.567s] Invoked command in '/home/shengbin/camera_ws/build/compressed_depth_image_transport' returned '0': AMENT_PREFIX_PATH=/home/shengbin/camera_ws/install/image_transport:/home/shengbin/camera_ws/install/cv_bridge:${AMENT_PREFIX_PATH} CMAKE_PREFIX_PATH=/home/shengbin/camera_ws/install/image_transport:/home/shengbin/camera_ws/install/cv_bridge:/opt/ros/humble LD_LIBRARY_PATH=/home/shengbin/camera_ws/install/image_transport/lib:/home/shengbin/camera_ws/install/cv_bridge/lib:${LD_LIBRARY_PATH} PYTHONPATH=/home/shengbin/camera_ws/install/cv_bridge/local/lib/python3.10/dist-packages:${PYTHONPATH} /usr/bin/cmake --install /home/shengbin/camera_ws/build/compressed_depth_image_transport
