[0.140s] Invoking command in '/home/shengbin/camera_ws/build/stereo_image_proc': AMENT_PREFIX_PATH=/home/shengbin/camera_ws/install/image_proc:/home/shengbin/camera_ws/install/tracetools_image_pipeline:/home/shengbin/camera_ws/install/image_transport:/home/shengbin/camera_ws/install/image_geometry:/home/shengbin/camera_ws/install/cv_bridge:${AMENT_PREFIX_PATH} CMAKE_PREFIX_PATH=/home/shengbin/camera_ws/install/image_proc:/home/shengbin/camera_ws/install/tracetools_image_pipeline:/home/shengbin/camera_ws/install/image_transport:/home/shengbin/camera_ws/install/image_geometry:/home/shengbin/camera_ws/install/cv_bridge:/opt/ros/humble LD_LIBRARY_PATH=/home/shengbin/camera_ws/install/image_proc/lib:/home/shengbin/camera_ws/install/tracetools_image_pipeline/lib:/home/shengbin/camera_ws/install/image_transport/lib:/home/shengbin/camera_ws/install/image_geometry/lib:/home/shengbin/camera_ws/install/cv_bridge/lib:${LD_LIBRARY_PATH} PATH=/home/shengbin/camera_ws/install/image_proc/bin:${PATH} PYTHONPATH=/home/shengbin/camera_ws/install/image_geometry/local/lib/python3.10/dist-packages:/home/shengbin/camera_ws/install/cv_bridge/local/lib/python3.10/dist-packages:${PYTHONPATH} /usr/bin/cmake --build /home/shengbin/camera_ws/build/stereo_image_proc -- -j16 -l16
[0.172s] [ 25%] Built target point_cloud_node
[0.173s] [ 75%] Built target stereo_image_proc
[0.173s] [100%] Built target disparity_node
[0.289s] Invoked command in '/home/shengbin/camera_ws/build/stereo_image_proc' returned '0': AMENT_PREFIX_PATH=/home/shengbin/camera_ws/install/image_proc:/home/shengbin/camera_ws/install/tracetools_image_pipeline:/home/shengbin/camera_ws/install/image_transport:/home/shengbin/camera_ws/install/image_geometry:/home/shengbin/camera_ws/install/cv_bridge:${AMENT_PREFIX_PATH} CMAKE_PREFIX_PATH=/home/shengbin/camera_ws/install/image_proc:/home/shengbin/camera_ws/install/tracetools_image_pipeline:/home/shengbin/camera_ws/install/image_transport:/home/shengbin/camera_ws/install/image_geometry:/home/shengbin/camera_ws/install/cv_bridge:/opt/ros/humble LD_LIBRARY_PATH=/home/shengbin/camera_ws/install/image_proc/lib:/home/shengbin/camera_ws/install/tracetools_image_pipeline/lib:/home/shengbin/camera_ws/install/image_transport/lib:/home/shengbin/camera_ws/install/image_geometry/lib:/home/shengbin/camera_ws/install/cv_bridge/lib:${LD_LIBRARY_PATH} PATH=/home/shengbin/camera_ws/install/image_proc/bin:${PATH} PYTHONPATH=/home/shengbin/camera_ws/install/image_geometry/local/lib/python3.10/dist-packages:/home/shengbin/camera_ws/install/cv_bridge/local/lib/python3.10/dist-packages:${PYTHONPATH} /usr/bin/cmake --build /home/shengbin/camera_ws/build/stereo_image_proc -- -j16 -l16
[0.429s] Invoking command in '/home/shengbin/camera_ws/build/stereo_image_proc': AMENT_PREFIX_PATH=/home/shengbin/camera_ws/install/image_proc:/home/shengbin/camera_ws/install/tracetools_image_pipeline:/home/shengbin/camera_ws/install/image_transport:/home/shengbin/camera_ws/install/image_geometry:/home/shengbin/camera_ws/install/cv_bridge:${AMENT_PREFIX_PATH} CMAKE_PREFIX_PATH=/home/shengbin/camera_ws/install/image_proc:/home/shengbin/camera_ws/install/tracetools_image_pipeline:/home/shengbin/camera_ws/install/image_transport:/home/shengbin/camera_ws/install/image_geometry:/home/shengbin/camera_ws/install/cv_bridge:/opt/ros/humble LD_LIBRARY_PATH=/home/shengbin/camera_ws/install/image_proc/lib:/home/shengbin/camera_ws/install/tracetools_image_pipeline/lib:/home/shengbin/camera_ws/install/image_transport/lib:/home/shengbin/camera_ws/install/image_geometry/lib:/home/shengbin/camera_ws/install/cv_bridge/lib:${LD_LIBRARY_PATH} PATH=/home/shengbin/camera_ws/install/image_proc/bin:${PATH} PYTHONPATH=/home/shengbin/camera_ws/install/image_geometry/local/lib/python3.10/dist-packages:/home/shengbin/camera_ws/install/cv_bridge/local/lib/python3.10/dist-packages:${PYTHONPATH} /usr/bin/cmake --install /home/shengbin/camera_ws/build/stereo_image_proc
[0.529s] -- Install configuration: ""
[0.529s] -- Up-to-date: /home/shengbin/camera_ws/install/stereo_image_proc/lib/stereo_image_proc/disparity_node
[0.529s] -- Up-to-date: /home/shengbin/camera_ws/install/stereo_image_proc/lib/stereo_image_proc/point_cloud_node
[0.529s] -- Up-to-date: /home/shengbin/camera_ws/install/stereo_image_proc/include
[0.529s] -- Up-to-date: /home/shengbin/camera_ws/install/stereo_image_proc/include/stereo_image_proc
[0.529s] -- Up-to-date: /home/shengbin/camera_ws/install/stereo_image_proc/include/stereo_image_proc/stereo_processor.hpp
[0.529s] -- Up-to-date: /home/shengbin/camera_ws/install/stereo_image_proc/share/stereo_image_proc/environment/library_path.sh
[0.529s] -- Up-to-date: /home/shengbin/camera_ws/install/stereo_image_proc/share/stereo_image_proc/environment/library_path.dsv
[0.529s] -- Up-to-date: /home/shengbin/camera_ws/install/stereo_image_proc/lib/libstereo_image_proc.so
[0.529s] -- Up-to-date: /home/shengbin/camera_ws/install/stereo_image_proc/share/stereo_image_proc/launch
[0.529s] -- Up-to-date: /home/shengbin/camera_ws/install/stereo_image_proc/share/stereo_image_proc/launch/stereo_image_proc.launch.py
[0.529s] -- Up-to-date: /home/shengbin/camera_ws/install/stereo_image_proc/share/ament_index/resource_index/package_run_dependencies/stereo_image_proc
[0.529s] -- Up-to-date: /home/shengbin/camera_ws/install/stereo_image_proc/share/ament_index/resource_index/parent_prefix_path/stereo_image_proc
[0.530s] -- Up-to-date: /home/shengbin/camera_ws/install/stereo_image_proc/share/stereo_image_proc/environment/ament_prefix_path.sh
[0.530s] -- Up-to-date: /home/shengbin/camera_ws/install/stereo_image_proc/share/stereo_image_proc/environment/ament_prefix_path.dsv
[0.530s] -- Up-to-date: /home/shengbin/camera_ws/install/stereo_image_proc/share/stereo_image_proc/environment/path.sh
[0.530s] -- Up-to-date: /home/shengbin/camera_ws/install/stereo_image_proc/share/stereo_image_proc/environment/path.dsv
[0.530s] -- Up-to-date: /home/shengbin/camera_ws/install/stereo_image_proc/share/stereo_image_proc/local_setup.bash
[0.530s] -- Up-to-date: /home/shengbin/camera_ws/install/stereo_image_proc/share/stereo_image_proc/local_setup.sh
[0.530s] -- Up-to-date: /home/shengbin/camera_ws/install/stereo_image_proc/share/stereo_image_proc/local_setup.zsh
[0.530s] -- Up-to-date: /home/shengbin/camera_ws/install/stereo_image_proc/share/stereo_image_proc/local_setup.dsv
[0.530s] -- Installing: /home/shengbin/camera_ws/install/stereo_image_proc/share/stereo_image_proc/package.dsv
[0.530s] -- Up-to-date: /home/shengbin/camera_ws/install/stereo_image_proc/share/ament_index/resource_index/packages/stereo_image_proc
[0.530s] -- Up-to-date: /home/shengbin/camera_ws/install/stereo_image_proc/share/ament_index/resource_index/rclcpp_components/stereo_image_proc
[0.530s] -- Up-to-date: /home/shengbin/camera_ws/install/stereo_image_proc/share/stereo_image_proc/cmake/ament_cmake_export_dependencies-extras.cmake
[0.530s] -- Up-to-date: /home/shengbin/camera_ws/install/stereo_image_proc/share/stereo_image_proc/cmake/ament_cmake_export_include_directories-extras.cmake
[0.530s] -- Up-to-date: /home/shengbin/camera_ws/install/stereo_image_proc/share/stereo_image_proc/cmake/ament_cmake_export_libraries-extras.cmake
[0.530s] -- Up-to-date: /home/shengbin/camera_ws/install/stereo_image_proc/share/stereo_image_proc/cmake/stereo_image_procConfig.cmake
[0.530s] -- Up-to-date: /home/shengbin/camera_ws/install/stereo_image_proc/share/stereo_image_proc/cmake/stereo_image_procConfig-version.cmake
[0.530s] -- Up-to-date: /home/shengbin/camera_ws/install/stereo_image_proc/share/stereo_image_proc/package.xml
[0.531s] Invoked command in '/home/shengbin/camera_ws/build/stereo_image_proc' returned '0': AMENT_PREFIX_PATH=/home/shengbin/camera_ws/install/image_proc:/home/shengbin/camera_ws/install/tracetools_image_pipeline:/home/shengbin/camera_ws/install/image_transport:/home/shengbin/camera_ws/install/image_geometry:/home/shengbin/camera_ws/install/cv_bridge:${AMENT_PREFIX_PATH} CMAKE_PREFIX_PATH=/home/shengbin/camera_ws/install/image_proc:/home/shengbin/camera_ws/install/tracetools_image_pipeline:/home/shengbin/camera_ws/install/image_transport:/home/shengbin/camera_ws/install/image_geometry:/home/shengbin/camera_ws/install/cv_bridge:/opt/ros/humble LD_LIBRARY_PATH=/home/shengbin/camera_ws/install/image_proc/lib:/home/shengbin/camera_ws/install/tracetools_image_pipeline/lib:/home/shengbin/camera_ws/install/image_transport/lib:/home/shengbin/camera_ws/install/image_geometry/lib:/home/shengbin/camera_ws/install/cv_bridge/lib:${LD_LIBRARY_PATH} PATH=/home/shengbin/camera_ws/install/image_proc/bin:${PATH} PYTHONPATH=/home/shengbin/camera_ws/install/image_geometry/local/lib/python3.10/dist-packages:/home/shengbin/camera_ws/install/cv_bridge/local/lib/python3.10/dist-packages:${PYTHONPATH} /usr/bin/cmake --install /home/shengbin/camera_ws/build/stereo_image_proc
