[35m[1mConsolidate compiler generated dependencies of target image_rotate[0m
[ 50%] Built target image_rotate
[35m[1mConsolidate compiler generated dependencies of target image_rotate_bin[0m
[100%] Built target image_rotate_bin
-- Install configuration: ""
-- Up-to-date: /home/shengbin/camera_ws/install/image_rotate/include
-- Up-to-date: /home/shengbin/camera_ws/install/image_rotate/include/image_rotate
-- Up-to-date: /home/shengbin/camera_ws/install/image_rotate/include/image_rotate/visibility.h
-- Up-to-date: /home/shengbin/camera_ws/install/image_rotate/include/image_rotate/image_rotate_node.hpp
-- Up-to-date: /home/shengbin/camera_ws/install/image_rotate/share/image_rotate/environment/library_path.sh
-- Up-to-date: /home/shengbin/camera_ws/install/image_rotate/share/image_rotate/environment/library_path.dsv
-- Up-to-date: /home/shengbin/camera_ws/install/image_rotate/lib/libimage_rotate.so
-- Up-to-date: /home/shengbin/camera_ws/install/image_rotate/lib/image_rotate/image_rotate
-- Up-to-date: /home/shengbin/camera_ws/install/image_rotate/share/image_rotate/launch
-- Up-to-date: /home/shengbin/camera_ws/install/image_rotate/share/image_rotate/launch/image_rotate.launch.py
-- Up-to-date: /home/shengbin/camera_ws/install/image_rotate/share/ament_index/resource_index/package_run_dependencies/image_rotate
-- Up-to-date: /home/shengbin/camera_ws/install/image_rotate/share/ament_index/resource_index/parent_prefix_path/image_rotate
-- Up-to-date: /home/shengbin/camera_ws/install/image_rotate/share/image_rotate/environment/ament_prefix_path.sh
-- Up-to-date: /home/shengbin/camera_ws/install/image_rotate/share/image_rotate/environment/ament_prefix_path.dsv
-- Up-to-date: /home/shengbin/camera_ws/install/image_rotate/share/image_rotate/environment/path.sh
-- Up-to-date: /home/shengbin/camera_ws/install/image_rotate/share/image_rotate/environment/path.dsv
-- Up-to-date: /home/shengbin/camera_ws/install/image_rotate/share/image_rotate/local_setup.bash
-- Up-to-date: /home/shengbin/camera_ws/install/image_rotate/share/image_rotate/local_setup.sh
-- Up-to-date: /home/shengbin/camera_ws/install/image_rotate/share/image_rotate/local_setup.zsh
-- Up-to-date: /home/shengbin/camera_ws/install/image_rotate/share/image_rotate/local_setup.dsv
-- Installing: /home/shengbin/camera_ws/install/image_rotate/share/image_rotate/package.dsv
-- Up-to-date: /home/shengbin/camera_ws/install/image_rotate/share/ament_index/resource_index/packages/image_rotate
-- Up-to-date: /home/shengbin/camera_ws/install/image_rotate/share/ament_index/resource_index/rclcpp_components/image_rotate
-- Up-to-date: /home/shengbin/camera_ws/install/image_rotate/share/image_rotate/cmake/ament_cmake_export_dependencies-extras.cmake
-- Up-to-date: /home/shengbin/camera_ws/install/image_rotate/share/image_rotate/cmake/ament_cmake_export_include_directories-extras.cmake
-- Up-to-date: /home/shengbin/camera_ws/install/image_rotate/share/image_rotate/cmake/ament_cmake_export_libraries-extras.cmake
-- Up-to-date: /home/shengbin/camera_ws/install/image_rotate/share/image_rotate/cmake/image_rotateConfig.cmake
-- Up-to-date: /home/shengbin/camera_ws/install/image_rotate/share/image_rotate/cmake/image_rotateConfig-version.cmake
-- Up-to-date: /home/shengbin/camera_ws/install/image_rotate/share/image_rotate/package.xml
