-- The C compiler identification is GNU 11.4.0
-- The CXX compiler identification is GNU 11.4.0
-- Detecting C compiler ABI info
-- Detecting C compiler ABI info - done
-- Check for working C compiler: /usr/bin/cc - skipped
-- Detecting C compile features
-- Detecting C compile features - done
-- Detecting CXX compiler ABI info
-- Detecting CXX compiler ABI info - done
-- Check for working CXX compiler: /usr/bin/c++ - skipped
-- Detecting CXX compile features
-- Detecting CXX compile features - done
-- Found ament_cmake: 1.3.5 (/opt/ros/humble/share/ament_cmake/cmake)
-- Found Python3: /usr/bin/python3.10 (found version "3.10.12") found components: Interpreter 
-- Found ament_lint_auto: 0.12.8 (/opt/ros/humble/share/ament_lint_auto/cmake)
-- Added test 'lint_cmake' to check CMake code style
-- Added test 'xmllint' to check XML markup files
-- Configuring done
-- Generating done
-- Build files have been written to: /home/shengbin/camera_ws/build/image_pipeline
-- Install configuration: ""
-- Installing: /home/shengbin/camera_ws/install/image_pipeline/share/ament_index/resource_index/package_run_dependencies/image_pipeline
-- Installing: /home/shengbin/camera_ws/install/image_pipeline/share/ament_index/resource_index/parent_prefix_path/image_pipeline
-- Installing: /home/shengbin/camera_ws/install/image_pipeline/share/image_pipeline/environment/ament_prefix_path.sh
-- Installing: /home/shengbin/camera_ws/install/image_pipeline/share/image_pipeline/environment/ament_prefix_path.dsv
-- Installing: /home/shengbin/camera_ws/install/image_pipeline/share/image_pipeline/environment/path.sh
-- Installing: /home/shengbin/camera_ws/install/image_pipeline/share/image_pipeline/environment/path.dsv
-- Installing: /home/shengbin/camera_ws/install/image_pipeline/share/image_pipeline/local_setup.bash
-- Installing: /home/shengbin/camera_ws/install/image_pipeline/share/image_pipeline/local_setup.sh
-- Installing: /home/shengbin/camera_ws/install/image_pipeline/share/image_pipeline/local_setup.zsh
-- Installing: /home/shengbin/camera_ws/install/image_pipeline/share/image_pipeline/local_setup.dsv
-- Installing: /home/shengbin/camera_ws/install/image_pipeline/share/image_pipeline/package.dsv
-- Installing: /home/shengbin/camera_ws/install/image_pipeline/share/ament_index/resource_index/packages/image_pipeline
-- Installing: /home/shengbin/camera_ws/install/image_pipeline/share/image_pipeline/cmake/image_pipelineConfig.cmake
-- Installing: /home/shengbin/camera_ws/install/image_pipeline/share/image_pipeline/cmake/image_pipelineConfig-version.cmake
-- Installing: /home/shengbin/camera_ws/install/image_pipeline/share/image_pipeline/package.xml
