[0.666s] Invoking command in '/home/shengbin/camera_ws/build/compressed_image_transport': AMENT_PREFIX_PATH=/home/shengbin/camera_ws/install/image_transport:/home/shengbin/camera_ws/install/cv_bridge:${AMENT_PREFIX_PATH} CMAKE_PREFIX_PATH=/home/shengbin/camera_ws/install/image_transport:/home/shengbin/camera_ws/install/cv_bridge:/opt/ros/humble LD_LIBRARY_PATH=/home/shengbin/camera_ws/install/image_transport/lib:/home/shengbin/camera_ws/install/cv_bridge/lib:${LD_LIBRARY_PATH} PYTHONPATH=/home/shengbin/camera_ws/install/cv_bridge/local/lib/python3.10/dist-packages:${PYTHONPATH} /usr/bin/cmake --build /home/shengbin/camera_ws/build/compressed_image_transport -- -j16 -l16
[0.700s] [100%] Built target compressed_image_transport
[0.822s] Invoked command in '/home/shengbin/camera_ws/build/compressed_image_transport' returned '0': AMENT_PREFIX_PATH=/home/shengbin/camera_ws/install/image_transport:/home/shengbin/camera_ws/install/cv_bridge:${AMENT_PREFIX_PATH} CMAKE_PREFIX_PATH=/home/shengbin/camera_ws/install/image_transport:/home/shengbin/camera_ws/install/cv_bridge:/opt/ros/humble LD_LIBRARY_PATH=/home/shengbin/camera_ws/install/image_transport/lib:/home/shengbin/camera_ws/install/cv_bridge/lib:${LD_LIBRARY_PATH} PYTHONPATH=/home/shengbin/camera_ws/install/cv_bridge/local/lib/python3.10/dist-packages:${PYTHONPATH} /usr/bin/cmake --build /home/shengbin/camera_ws/build/compressed_image_transport -- -j16 -l16
[0.972s] Invoking command in '/home/shengbin/camera_ws/build/compressed_image_transport': AMENT_PREFIX_PATH=/home/shengbin/camera_ws/install/image_transport:/home/shengbin/camera_ws/install/cv_bridge:${AMENT_PREFIX_PATH} CMAKE_PREFIX_PATH=/home/shengbin/camera_ws/install/image_transport:/home/shengbin/camera_ws/install/cv_bridge:/opt/ros/humble LD_LIBRARY_PATH=/home/shengbin/camera_ws/install/image_transport/lib:/home/shengbin/camera_ws/install/cv_bridge/lib:${LD_LIBRARY_PATH} PYTHONPATH=/home/shengbin/camera_ws/install/cv_bridge/local/lib/python3.10/dist-packages:${PYTHONPATH} /usr/bin/cmake --install /home/shengbin/camera_ws/build/compressed_image_transport
[1.108s] -- Install configuration: ""
[1.108s] -- Up-to-date: /home/shengbin/camera_ws/install/compressed_image_transport/lib/libcompressed_image_transport.so
[1.108s] -- Up-to-date: /home/shengbin/camera_ws/install/compressed_image_transport/include
[1.108s] -- Up-to-date: /home/shengbin/camera_ws/install/compressed_image_transport/include/compressed_image_transport
[1.108s] -- Up-to-date: /home/shengbin/camera_ws/install/compressed_image_transport/include/compressed_image_transport/compressed_subscriber.h
[1.108s] -- Up-to-date: /home/shengbin/camera_ws/install/compressed_image_transport/include/compressed_image_transport/compression_common.h
[1.108s] -- Up-to-date: /home/shengbin/camera_ws/install/compressed_image_transport/include/compressed_image_transport/compressed_publisher.h
[1.108s] -- Up-to-date: /home/shengbin/camera_ws/install/compressed_image_transport/share/compressed_image_transport/compressed_plugins.xml
[1.108s] -- Up-to-date: /home/shengbin/camera_ws/install/compressed_image_transport/share/ament_index/resource_index/package_run_dependencies/compressed_image_transport
[1.108s] -- Up-to-date: /home/shengbin/camera_ws/install/compressed_image_transport/share/ament_index/resource_index/parent_prefix_path/compressed_image_transport
[1.108s] -- Up-to-date: /home/shengbin/camera_ws/install/compressed_image_transport/share/compressed_image_transport/environment/ament_prefix_path.sh
[1.108s] -- Up-to-date: /home/shengbin/camera_ws/install/compressed_image_transport/share/compressed_image_transport/environment/ament_prefix_path.dsv
[1.108s] -- Up-to-date: /home/shengbin/camera_ws/install/compressed_image_transport/share/compressed_image_transport/environment/path.sh
[1.108s] -- Up-to-date: /home/shengbin/camera_ws/install/compressed_image_transport/share/compressed_image_transport/environment/path.dsv
[1.108s] -- Up-to-date: /home/shengbin/camera_ws/install/compressed_image_transport/share/compressed_image_transport/local_setup.bash
[1.108s] -- Up-to-date: /home/shengbin/camera_ws/install/compressed_image_transport/share/compressed_image_transport/local_setup.sh
[1.109s] -- Up-to-date: /home/shengbin/camera_ws/install/compressed_image_transport/share/compressed_image_transport/local_setup.zsh
[1.109s] -- Up-to-date: /home/shengbin/camera_ws/install/compressed_image_transport/share/compressed_image_transport/local_setup.dsv
[1.109s] -- Installing: /home/shengbin/camera_ws/install/compressed_image_transport/share/compressed_image_transport/package.dsv
[1.109s] -- Up-to-date: /home/shengbin/camera_ws/install/compressed_image_transport/share/ament_index/resource_index/packages/compressed_image_transport
[1.109s] -- Up-to-date: /home/shengbin/camera_ws/install/compressed_image_transport/share/ament_index/resource_index/image_transport__pluginlib__plugin/compressed_image_transport
[1.109s] -- Up-to-date: /home/shengbin/camera_ws/install/compressed_image_transport/share/compressed_image_transport/cmake/compressed_image_transportConfig.cmake
[1.109s] -- Up-to-date: /home/shengbin/camera_ws/install/compressed_image_transport/share/compressed_image_transport/cmake/compressed_image_transportConfig-version.cmake
[1.109s] -- Up-to-date: /home/shengbin/camera_ws/install/compressed_image_transport/share/compressed_image_transport/package.xml
[1.202s] Invoked command in '/home/shengbin/camera_ws/build/compressed_image_transport' returned '0': AMENT_PREFIX_PATH=/home/shengbin/camera_ws/install/image_transport:/home/shengbin/camera_ws/install/cv_bridge:${AMENT_PREFIX_PATH} CMAKE_PREFIX_PATH=/home/shengbin/camera_ws/install/image_transport:/home/shengbin/camera_ws/install/cv_bridge:/opt/ros/humble LD_LIBRARY_PATH=/home/shengbin/camera_ws/install/image_transport/lib:/home/shengbin/camera_ws/install/cv_bridge/lib:${LD_LIBRARY_PATH} PYTHONPATH=/home/shengbin/camera_ws/install/cv_bridge/local/lib/python3.10/dist-packages:${PYTHONPATH} /usr/bin/cmake --install /home/shengbin/camera_ws/build/compressed_image_transport
