[ 16%] [32mBuilding C object CMakeFiles/tracetools_image_pipeline.dir/src/tracetools.c.o[0m
[ 33%] [32mBuilding CXX object CMakeFiles/tracetools_image_pipeline.dir/src/utils.cpp.o[0m
[ 50%] [32mBuilding C object CMakeFiles/tracetools_image_pipeline.dir/src/tp_call.c.o[0m
[ 66%] [32m[1mLinking CXX shared library libtracetools_image_pipeline.so[0m
[ 66%] Built target tracetools_image_pipeline
[ 83%] [32mBuilding C object CMakeFiles/status.dir/src/status.c.o[0m
[100%] [32m[1mLinking C executable status[0m
[100%] Built target status
-- Install configuration: ""
-- Installing: /home/shengbin/camera_ws/install/tracetools_image_pipeline/share/tracetools_image_pipeline/environment/library_path.sh
-- Installing: /home/shengbin/camera_ws/install/tracetools_image_pipeline/share/tracetools_image_pipeline/environment/library_path.dsv
-- Installing: /home/shengbin/camera_ws/install/tracetools_image_pipeline/lib/tracetools_image_pipeline/status
-- Set runtime path of "/home/shengbin/camera_ws/install/tracetools_image_pipeline/lib/tracetools_image_pipeline/status" to ""
-- Installing: /home/shengbin/camera_ws/install/tracetools_image_pipeline/include
-- Installing: /home/shengbin/camera_ws/install/tracetools_image_pipeline/include/tracetools_image_pipeline
-- Installing: /home/shengbin/camera_ws/install/tracetools_image_pipeline/include/tracetools_image_pipeline/tracetools.h
-- Installing: /home/shengbin/camera_ws/install/tracetools_image_pipeline/include/tracetools_image_pipeline/visibility_control.hpp
-- Installing: /home/shengbin/camera_ws/install/tracetools_image_pipeline/include/tracetools_image_pipeline/tp_call.h
-- Installing: /home/shengbin/camera_ws/install/tracetools_image_pipeline/include/tracetools_image_pipeline/utils.hpp
-- Installing: /home/shengbin/camera_ws/install/tracetools_image_pipeline/include/tracetools_image_pipeline/config.h
-- Installing: /home/shengbin/camera_ws/install/tracetools_image_pipeline/lib/libtracetools_image_pipeline.so
-- Installing: /home/shengbin/camera_ws/install/tracetools_image_pipeline/share/ament_index/resource_index/package_run_dependencies/tracetools_image_pipeline
-- Installing: /home/shengbin/camera_ws/install/tracetools_image_pipeline/share/ament_index/resource_index/parent_prefix_path/tracetools_image_pipeline
-- Installing: /home/shengbin/camera_ws/install/tracetools_image_pipeline/share/tracetools_image_pipeline/environment/ament_prefix_path.sh
-- Installing: /home/shengbin/camera_ws/install/tracetools_image_pipeline/share/tracetools_image_pipeline/environment/ament_prefix_path.dsv
-- Installing: /home/shengbin/camera_ws/install/tracetools_image_pipeline/share/tracetools_image_pipeline/environment/path.sh
-- Installing: /home/shengbin/camera_ws/install/tracetools_image_pipeline/share/tracetools_image_pipeline/environment/path.dsv
-- Installing: /home/shengbin/camera_ws/install/tracetools_image_pipeline/share/tracetools_image_pipeline/local_setup.bash
-- Installing: /home/shengbin/camera_ws/install/tracetools_image_pipeline/share/tracetools_image_pipeline/local_setup.sh
-- Installing: /home/shengbin/camera_ws/install/tracetools_image_pipeline/share/tracetools_image_pipeline/local_setup.zsh
-- Installing: /home/shengbin/camera_ws/install/tracetools_image_pipeline/share/tracetools_image_pipeline/local_setup.dsv
-- Installing: /home/shengbin/camera_ws/install/tracetools_image_pipeline/share/tracetools_image_pipeline/package.dsv
-- Installing: /home/shengbin/camera_ws/install/tracetools_image_pipeline/share/ament_index/resource_index/packages/tracetools_image_pipeline
-- Installing: /home/shengbin/camera_ws/install/tracetools_image_pipeline/share/tracetools_image_pipeline/cmake/tracetools_image_pipeline_exportExport.cmake
-- Installing: /home/shengbin/camera_ws/install/tracetools_image_pipeline/share/tracetools_image_pipeline/cmake/tracetools_image_pipeline_exportExport-noconfig.cmake
-- Installing: /home/shengbin/camera_ws/install/tracetools_image_pipeline/share/tracetools_image_pipeline/cmake/ament_cmake_export_targets-extras.cmake
-- Installing: /home/shengbin/camera_ws/install/tracetools_image_pipeline/share/tracetools_image_pipeline/cmake/ament_cmake_export_include_directories-extras.cmake
-- Installing: /home/shengbin/camera_ws/install/tracetools_image_pipeline/share/tracetools_image_pipeline/cmake/ament_cmake_export_libraries-extras.cmake
-- Installing: /home/shengbin/camera_ws/install/tracetools_image_pipeline/share/tracetools_image_pipeline/cmake/ament_cmake_export_link_flags-extras.cmake
-- Installing: /home/shengbin/camera_ws/install/tracetools_image_pipeline/share/tracetools_image_pipeline/cmake/tracetools_image_pipelineConfig.cmake
-- Installing: /home/shengbin/camera_ws/install/tracetools_image_pipeline/share/tracetools_image_pipeline/cmake/tracetools_image_pipelineConfig-version.cmake
-- Installing: /home/shengbin/camera_ws/install/tracetools_image_pipeline/share/tracetools_image_pipeline/package.xml
