[0.261s] Invoking command in '/home/shengbin/camera_ws/build/image_transport': CMAKE_PREFIX_PATH=${CMAKE_PREFIX_PATH}:/home/shengbin/camera_ws/install/opencv_tests:/home/shengbin/camera_ws/install/camera_calibration:/home/shengbin/camera_ws/install/camera:/opt/ros/humble /usr/bin/cmake --build /home/shengbin/camera_ws/build/image_transport -- -j16 -l16
[0.526s] [  6%] Built target gtest_main
[0.526s] [ 13%] Built target gtest
[0.526s] [ 40%] Built target image_transport
[0.526s] [ 46%] Built target image_transport_plugins
[0.527s] [ 53%] Built target image_transport-camera_common
[0.527s] [ 60%] Built target image_transport-publisher
[0.528s] [ 66%] Built target list_transports
[0.528s] [ 73%] Built target image_transport-subscriber
[0.528s] [ 83%] Built target image_transport-message_passing
[0.529s] [ 86%] Built target republish
[0.529s] [ 93%] Built target image_transport-remapping
[0.529s] [100%] Built target image_transport-single_subscriber_publisher
[0.537s] Invoked command in '/home/shengbin/camera_ws/build/image_transport' returned '0': CMAKE_PREFIX_PATH=${CMAKE_PREFIX_PATH}:/home/shengbin/camera_ws/install/opencv_tests:/home/shengbin/camera_ws/install/camera_calibration:/home/shengbin/camera_ws/install/camera:/opt/ros/humble /usr/bin/cmake --build /home/shengbin/camera_ws/build/image_transport -- -j16 -l16
[0.645s] Invoking command in '/home/shengbin/camera_ws/build/image_transport': CMAKE_PREFIX_PATH=${CMAKE_PREFIX_PATH}:/home/shengbin/camera_ws/install/opencv_tests:/home/shengbin/camera_ws/install/camera_calibration:/home/shengbin/camera_ws/install/camera:/opt/ros/humble /usr/bin/cmake --install /home/shengbin/camera_ws/build/image_transport
[0.652s] -- Install configuration: ""
[0.653s] -- Up-to-date: /home/shengbin/camera_ws/install/image_transport/share/image_transport/default_plugins.xml
[0.654s] -- Up-to-date: /home/shengbin/camera_ws/install/image_transport/lib/libimage_transport.so
[0.655s] -- Up-to-date: /home/shengbin/camera_ws/install/image_transport/lib/libimage_transport_plugins.so
[0.655s] -- Up-to-date: /home/shengbin/camera_ws/install/image_transport/lib/libimage_transport.so
[0.656s] -- Up-to-date: /home/shengbin/camera_ws/install/image_transport/lib/image_transport/list_transports
[0.656s] -- Up-to-date: /home/shengbin/camera_ws/install/image_transport/lib/image_transport/republish
[0.657s] -- Up-to-date: /home/shengbin/camera_ws/install/image_transport/include/image_transport
[0.657s] -- Up-to-date: /home/shengbin/camera_ws/install/image_transport/include/image_transport/image_transport
[0.657s] -- Up-to-date: /home/shengbin/camera_ws/install/image_transport/include/image_transport/image_transport/subscriber.hpp
[0.658s] -- Up-to-date: /home/shengbin/camera_ws/install/image_transport/include/image_transport/image_transport/transport_hints.hpp
[0.658s] -- Up-to-date: /home/shengbin/camera_ws/install/image_transport/include/image_transport/image_transport/loader_fwds.h
[0.658s] -- Up-to-date: /home/shengbin/camera_ws/install/image_transport/include/image_transport/image_transport/publisher.h
[0.659s] -- Up-to-date: /home/shengbin/camera_ws/install/image_transport/include/image_transport/image_transport/subscriber_filter.h
[0.659s] -- Up-to-date: /home/shengbin/camera_ws/install/image_transport/include/image_transport/image_transport/camera_subscriber.hpp
[0.659s] -- Up-to-date: /home/shengbin/camera_ws/install/image_transport/include/image_transport/image_transport/transport_hints.h
[0.659s] -- Up-to-date: /home/shengbin/camera_ws/install/image_transport/include/image_transport/image_transport/visibility_control.hpp
[0.660s] -- Up-to-date: /home/shengbin/camera_ws/install/image_transport/include/image_transport/image_transport/publisher.hpp
[0.660s] -- Up-to-date: /home/shengbin/camera_ws/install/image_transport/include/image_transport/image_transport/camera_common.h
[0.661s] -- Up-to-date: /home/shengbin/camera_ws/install/image_transport/include/image_transport/image_transport/simple_publisher_plugin.hpp
[0.661s] -- Up-to-date: /home/shengbin/camera_ws/install/image_transport/include/image_transport/image_transport/subscriber_plugin.h
[0.661s] -- Up-to-date: /home/shengbin/camera_ws/install/image_transport/include/image_transport/image_transport/raw_subscriber.h
[0.662s] -- Up-to-date: /home/shengbin/camera_ws/install/image_transport/include/image_transport/image_transport/camera_publisher.h
[0.662s] -- Up-to-date: /home/shengbin/camera_ws/install/image_transport/include/image_transport/image_transport/image_transport.hpp
[0.662s] -- Up-to-date: /home/shengbin/camera_ws/install/image_transport/include/image_transport/image_transport/camera_subscriber.h
[0.663s] -- Up-to-date: /home/shengbin/camera_ws/install/image_transport/include/image_transport/image_transport/camera_common.hpp
[0.663s] -- Up-to-date: /home/shengbin/camera_ws/install/image_transport/include/image_transport/image_transport/simple_publisher_plugin.h
[0.664s] -- Up-to-date: /home/shengbin/camera_ws/install/image_transport/include/image_transport/image_transport/loader_fwds.hpp
[0.664s] -- Up-to-date: /home/shengbin/camera_ws/install/image_transport/include/image_transport/image_transport/subscriber_filter.hpp
[0.665s] -- Up-to-date: /home/shengbin/camera_ws/install/image_transport/include/image_transport/image_transport/simple_subscriber_plugin.hpp
[0.665s] -- Up-to-date: /home/shengbin/camera_ws/install/image_transport/include/image_transport/image_transport/image_transport.h
[0.665s] -- Up-to-date: /home/shengbin/camera_ws/install/image_transport/include/image_transport/image_transport/raw_subscriber.hpp
[0.665s] -- Up-to-date: /home/shengbin/camera_ws/install/image_transport/include/image_transport/image_transport/exception.h
[0.665s] -- Up-to-date: /home/shengbin/camera_ws/install/image_transport/include/image_transport/image_transport/publisher_plugin.h
[0.665s] -- Up-to-date: /home/shengbin/camera_ws/install/image_transport/include/image_transport/image_transport/single_subscriber_publisher.h
[0.665s] -- Up-to-date: /home/shengbin/camera_ws/install/image_transport/include/image_transport/image_transport/simple_subscriber_plugin.h
[0.666s] -- Up-to-date: /home/shengbin/camera_ws/install/image_transport/include/image_transport/image_transport/raw_publisher.h
[0.666s] -- Up-to-date: /home/shengbin/camera_ws/install/image_transport/include/image_transport/image_transport/subscriber_plugin.hpp
[0.666s] -- Up-to-date: /home/shengbin/camera_ws/install/image_transport/include/image_transport/image_transport/camera_publisher.hpp
[0.666s] -- Up-to-date: /home/shengbin/camera_ws/install/image_transport/include/image_transport/image_transport/subscriber.h
[0.666s] -- Up-to-date: /home/shengbin/camera_ws/install/image_transport/include/image_transport/image_transport/raw_publisher.hpp
[0.667s] -- Up-to-date: /home/shengbin/camera_ws/install/image_transport/include/image_transport/image_transport/single_subscriber_publisher.hpp
[0.667s] -- Up-to-date: /home/shengbin/camera_ws/install/image_transport/include/image_transport/image_transport/publisher_plugin.hpp
[0.667s] -- Up-to-date: /home/shengbin/camera_ws/install/image_transport/include/image_transport/image_transport/exception.hpp
[0.667s] -- Up-to-date: /home/shengbin/camera_ws/install/image_transport/share/ament_index/resource_index/package_run_dependencies/image_transport
[0.668s] -- Up-to-date: /home/shengbin/camera_ws/install/image_transport/share/ament_index/resource_index/parent_prefix_path/image_transport
[0.668s] -- Up-to-date: /home/shengbin/camera_ws/install/image_transport/share/image_transport/environment/ament_prefix_path.sh
[0.668s] -- Up-to-date: /home/shengbin/camera_ws/install/image_transport/share/image_transport/environment/ament_prefix_path.dsv
[0.668s] -- Up-to-date: /home/shengbin/camera_ws/install/image_transport/share/image_transport/environment/path.sh
[0.668s] -- Up-to-date: /home/shengbin/camera_ws/install/image_transport/share/image_transport/environment/path.dsv
[0.668s] -- Up-to-date: /home/shengbin/camera_ws/install/image_transport/share/image_transport/local_setup.bash
[0.669s] -- Up-to-date: /home/shengbin/camera_ws/install/image_transport/share/image_transport/local_setup.sh
[0.669s] -- Up-to-date: /home/shengbin/camera_ws/install/image_transport/share/image_transport/local_setup.zsh
[0.669s] -- Up-to-date: /home/shengbin/camera_ws/install/image_transport/share/image_transport/local_setup.dsv
[0.669s] -- Installing: /home/shengbin/camera_ws/install/image_transport/share/image_transport/package.dsv
[0.675s] -- Up-to-date: /home/shengbin/camera_ws/install/image_transport/share/ament_index/resource_index/packages/image_transport
[0.675s] -- Up-to-date: /home/shengbin/camera_ws/install/image_transport/share/ament_index/resource_index/image_transport__pluginlib__plugin/image_transport
[0.677s] -- Up-to-date: /home/shengbin/camera_ws/install/image_transport/share/image_transport/cmake/export_image_transportExport.cmake
[0.677s] -- Up-to-date: /home/shengbin/camera_ws/install/image_transport/share/image_transport/cmake/export_image_transportExport-noconfig.cmake
[0.677s] -- Up-to-date: /home/shengbin/camera_ws/install/image_transport/share/image_transport/cmake/ament_cmake_export_targets-extras.cmake
[0.678s] -- Up-to-date: /home/shengbin/camera_ws/install/image_transport/share/image_transport/cmake/ament_cmake_export_dependencies-extras.cmake
[0.678s] -- Up-to-date: /home/shengbin/camera_ws/install/image_transport/share/image_transport/cmake/image_transportConfig.cmake
[0.678s] -- Up-to-date: /home/shengbin/camera_ws/install/image_transport/share/image_transport/cmake/image_transportConfig-version.cmake
[0.679s] -- Up-to-date: /home/shengbin/camera_ws/install/image_transport/share/image_transport/package.xml
[0.946s] Invoked command in '/home/shengbin/camera_ws/build/image_transport' returned '0': CMAKE_PREFIX_PATH=${CMAKE_PREFIX_PATH}:/home/shengbin/camera_ws/install/opencv_tests:/home/shengbin/camera_ws/install/camera_calibration:/home/shengbin/camera_ws/install/camera:/opt/ros/humble /usr/bin/cmake --install /home/shengbin/camera_ws/build/image_transport
