[0.121s] Invoking command in '/home/shengbin/camera_ws/build/tracetools_image_pipeline': CMAKE_PREFIX_PATH=/opt/ros/humble /usr/bin/cmake /home/shengbin/camera_ws/src/image_pipeline/tracetools_image_pipeline -DCMAKE_INSTALL_PREFIX=/home/shengbin/camera_ws/install/tracetools_image_pipeline
[0.376s] -- The C compiler identification is GNU 11.4.0
[0.376s] -- The CXX compiler identification is GNU 11.4.0
[0.376s] -- Detecting C compiler ABI info
[0.377s] -- Detecting C compiler ABI info - done
[0.377s] -- Check for working C compiler: /usr/bin/cc - skipped
[0.377s] -- Detecting C compile features
[0.377s] -- Detecting C compile features - done
[0.377s] -- Detecting CXX compiler ABI info
[0.435s] -- Detecting CXX compiler ABI info - done
[0.441s] -- Check for working CXX compiler: /usr/bin/c++ - skipped
[0.441s] -- Detecting CXX compile features
[0.441s] -- Detecting CXX compile features - done
[0.443s] -- Found ament_cmake_ros: 0.10.0 (/opt/ros/humble/share/ament_cmake_ros/cmake)
[0.603s] -- Found Python3: /usr/bin/python3.10 (found version "3.10.12") found components: Interpreter 
[0.702s] -- Found PkgConfig: /usr/bin/pkg-config (found version "0.29.2") 
[0.702s] -- Checking for module 'lttng-ust'
[0.714s] --   Found lttng-ust, version 2.13.1
[0.747s] [0mLTTng found: tracing enabled[0m
[0.753s] -- Found ament_lint_auto: 0.12.8 (/opt/ros/humble/share/ament_lint_auto/cmake)
[0.837s] -- Added test 'copyright' to check source files copyright and LICENSE
[0.839s] -- Added test 'cppcheck' to perform static code analysis on C / C++ code
[0.839s] -- Configured cppcheck include dirs: /usr/include/x86_64-linux-gnu
[0.839s] -- Configured cppcheck exclude dirs and/or files: 
[0.840s] -- Added test 'cpplint' to check C / C++ code against the Google style
[0.840s] -- Configured cpplint exclude dirs and/or files: 
[0.841s] -- Added test 'lint_cmake' to check CMake code style
[0.843s] -- Added test 'uncrustify' to check C / C++ code style
[0.843s] -- Configured uncrustify additional arguments: 
[0.844s] -- Added test 'xmllint' to check XML markup files
[0.847s] -- Configuring done
[0.854s] -- Generating done
[0.855s] -- Build files have been written to: /home/shengbin/camera_ws/build/tracetools_image_pipeline
[0.862s] Invoked command in '/home/shengbin/camera_ws/build/tracetools_image_pipeline' returned '0': CMAKE_PREFIX_PATH=/opt/ros/humble /usr/bin/cmake /home/shengbin/camera_ws/src/image_pipeline/tracetools_image_pipeline -DCMAKE_INSTALL_PREFIX=/home/shengbin/camera_ws/install/tracetools_image_pipeline
[0.864s] Invoking command in '/home/shengbin/camera_ws/build/tracetools_image_pipeline': CMAKE_PREFIX_PATH=/opt/ros/humble /usr/bin/cmake --build /home/shengbin/camera_ws/build/tracetools_image_pipeline -- -j16 -l16
[0.903s] [ 16%] [32mBuilding C object CMakeFiles/tracetools_image_pipeline.dir/src/tracetools.c.o[0m
[0.907s] [ 50%] [32mBuilding C object CMakeFiles/tracetools_image_pipeline.dir/src/tp_call.c.o[0m
[0.907s] [ 50%] [32mBuilding CXX object CMakeFiles/tracetools_image_pipeline.dir/src/utils.cpp.o[0m
[1.177s] [ 66%] [32m[1mLinking CXX shared library libtracetools_image_pipeline.so[0m
[1.256s] [ 66%] Built target tracetools_image_pipeline
[1.270s] [ 83%] [32mBuilding C object CMakeFiles/status.dir/src/status.c.o[0m
[1.289s] [100%] [32m[1mLinking C executable status[0m
[1.353s] [100%] Built target status
[1.365s] Invoked command in '/home/shengbin/camera_ws/build/tracetools_image_pipeline' returned '0': CMAKE_PREFIX_PATH=/opt/ros/humble /usr/bin/cmake --build /home/shengbin/camera_ws/build/tracetools_image_pipeline -- -j16 -l16
[1.401s] Invoking command in '/home/shengbin/camera_ws/build/tracetools_image_pipeline': CMAKE_PREFIX_PATH=/opt/ros/humble /usr/bin/cmake --install /home/shengbin/camera_ws/build/tracetools_image_pipeline
[1.406s] -- Install configuration: ""
[1.407s] -- Installing: /home/shengbin/camera_ws/install/tracetools_image_pipeline/share/tracetools_image_pipeline/environment/library_path.sh
[1.407s] -- Installing: /home/shengbin/camera_ws/install/tracetools_image_pipeline/share/tracetools_image_pipeline/environment/library_path.dsv
[1.407s] -- Installing: /home/shengbin/camera_ws/install/tracetools_image_pipeline/lib/tracetools_image_pipeline/status
[1.407s] -- Set runtime path of "/home/shengbin/camera_ws/install/tracetools_image_pipeline/lib/tracetools_image_pipeline/status" to ""
[1.407s] -- Installing: /home/shengbin/camera_ws/install/tracetools_image_pipeline/include
[1.407s] -- Installing: /home/shengbin/camera_ws/install/tracetools_image_pipeline/include/tracetools_image_pipeline
[1.407s] -- Installing: /home/shengbin/camera_ws/install/tracetools_image_pipeline/include/tracetools_image_pipeline/tracetools.h
[1.407s] -- Installing: /home/shengbin/camera_ws/install/tracetools_image_pipeline/include/tracetools_image_pipeline/visibility_control.hpp
[1.407s] -- Installing: /home/shengbin/camera_ws/install/tracetools_image_pipeline/include/tracetools_image_pipeline/tp_call.h
[1.408s] -- Installing: /home/shengbin/camera_ws/install/tracetools_image_pipeline/include/tracetools_image_pipeline/utils.hpp
[1.408s] -- Installing: /home/shengbin/camera_ws/install/tracetools_image_pipeline/include/tracetools_image_pipeline/config.h
[1.408s] -- Installing: /home/shengbin/camera_ws/install/tracetools_image_pipeline/lib/libtracetools_image_pipeline.so
[1.408s] -- Installing: /home/shengbin/camera_ws/install/tracetools_image_pipeline/share/ament_index/resource_index/package_run_dependencies/tracetools_image_pipeline
[1.409s] -- Installing: /home/shengbin/camera_ws/install/tracetools_image_pipeline/share/ament_index/resource_index/parent_prefix_path/tracetools_image_pipeline
[1.409s] -- Installing: /home/shengbin/camera_ws/install/tracetools_image_pipeline/share/tracetools_image_pipeline/environment/ament_prefix_path.sh
[1.410s] -- Installing: /home/shengbin/camera_ws/install/tracetools_image_pipeline/share/tracetools_image_pipeline/environment/ament_prefix_path.dsv
[1.411s] -- Installing: /home/shengbin/camera_ws/install/tracetools_image_pipeline/share/tracetools_image_pipeline/environment/path.sh
[1.411s] -- Installing: /home/shengbin/camera_ws/install/tracetools_image_pipeline/share/tracetools_image_pipeline/environment/path.dsv
[1.411s] -- Installing: /home/shengbin/camera_ws/install/tracetools_image_pipeline/share/tracetools_image_pipeline/local_setup.bash
[1.411s] -- Installing: /home/shengbin/camera_ws/install/tracetools_image_pipeline/share/tracetools_image_pipeline/local_setup.sh
[1.412s] -- Installing: /home/shengbin/camera_ws/install/tracetools_image_pipeline/share/tracetools_image_pipeline/local_setup.zsh
[1.412s] -- Installing: /home/shengbin/camera_ws/install/tracetools_image_pipeline/share/tracetools_image_pipeline/local_setup.dsv
[1.413s] -- Installing: /home/shengbin/camera_ws/install/tracetools_image_pipeline/share/tracetools_image_pipeline/package.dsv
[1.413s] -- Installing: /home/shengbin/camera_ws/install/tracetools_image_pipeline/share/ament_index/resource_index/packages/tracetools_image_pipeline
[1.413s] -- Installing: /home/shengbin/camera_ws/install/tracetools_image_pipeline/share/tracetools_image_pipeline/cmake/tracetools_image_pipeline_exportExport.cmake
[1.413s] -- Installing: /home/shengbin/camera_ws/install/tracetools_image_pipeline/share/tracetools_image_pipeline/cmake/tracetools_image_pipeline_exportExport-noconfig.cmake
[1.413s] -- Installing: /home/shengbin/camera_ws/install/tracetools_image_pipeline/share/tracetools_image_pipeline/cmake/ament_cmake_export_targets-extras.cmake
[1.414s] -- Installing: /home/shengbin/camera_ws/install/tracetools_image_pipeline/share/tracetools_image_pipeline/cmake/ament_cmake_export_include_directories-extras.cmake
[1.414s] -- Installing: /home/shengbin/camera_ws/install/tracetools_image_pipeline/share/tracetools_image_pipeline/cmake/ament_cmake_export_libraries-extras.cmake
[1.414s] -- Installing: /home/shengbin/camera_ws/install/tracetools_image_pipeline/share/tracetools_image_pipeline/cmake/ament_cmake_export_link_flags-extras.cmake
[1.414s] -- Installing: /home/shengbin/camera_ws/install/tracetools_image_pipeline/share/tracetools_image_pipeline/cmake/tracetools_image_pipelineConfig.cmake
[1.414s] -- Installing: /home/shengbin/camera_ws/install/tracetools_image_pipeline/share/tracetools_image_pipeline/cmake/tracetools_image_pipelineConfig-version.cmake
[1.414s] -- Installing: /home/shengbin/camera_ws/install/tracetools_image_pipeline/share/tracetools_image_pipeline/package.xml
[1.415s] Invoked command in '/home/shengbin/camera_ws/build/tracetools_image_pipeline' returned '0': CMAKE_PREFIX_PATH=/opt/ros/humble /usr/bin/cmake --install /home/shengbin/camera_ws/build/tracetools_image_pipeline
