[0.065s] Invoking command in '/home/shengbin/camera_ws/build/v4l2_camera': AMENT_PREFIX_PATH=/home/shengbin/camera_ws/install/camera_info_manager:/home/shengbin/camera_ws/install/image_transport:/home/shengbin/camera_ws/install/cv_bridge:/home/shengbin/camera_ws/install/camera_calibration_parsers:${AMENT_PREFIX_PATH} CMAKE_PREFIX_PATH=/home/shengbin/camera_ws/install/camera_info_manager:/home/shengbin/camera_ws/install/image_transport:/home/shengbin/camera_ws/install/cv_bridge:/home/shengbin/camera_ws/install/camera_calibration_parsers:/opt/ros/humble LD_LIBRARY_PATH=/home/shengbin/camera_ws/install/camera_info_manager/lib:/home/shengbin/camera_ws/install/image_transport/lib:/home/shengbin/camera_ws/install/cv_bridge/lib:/home/shengbin/camera_ws/install/camera_calibration_parsers/lib:${LD_LIBRARY_PATH} PYTHONPATH=/home/shengbin/camera_ws/install/cv_bridge/local/lib/python3.10/dist-packages:${PYTHONPATH} /usr/bin/cmake /home/shengbin/camera_ws/src/ros2_v4l2_camera -DCMAKE_INSTALL_PREFIX=/home/shengbin/camera_ws/install/v4l2_camera
[0.108s] -- The C compiler identification is GNU 11.4.0
[0.149s] -- The CXX compiler identification is GNU 11.4.0
[0.159s] -- Detecting C compiler ABI info
[0.246s] -- Detecting C compiler ABI info - done
[0.256s] -- Check for working C compiler: /usr/bin/cc - skipped
[0.257s] -- Detecting C compile features
[0.257s] -- Detecting C compile features - done
[0.262s] -- Detecting CXX compiler ABI info
[0.365s] -- Detecting CXX compiler ABI info - done
[0.372s] -- Check for working CXX compiler: /usr/bin/c++ - skipped
[0.372s] -- Detecting CXX compile features
[0.373s] -- Detecting CXX compile features - done
[0.376s] -- Found ament_cmake: 1.3.5 (/opt/ros/humble/share/ament_cmake/cmake)
[0.594s] -- Found Python3: /usr/bin/python3.10 (found version "3.10.12") found components: Interpreter 
[0.688s] -- Found ament_cmake_ros: 0.10.0 (/opt/ros/humble/share/ament_cmake_ros/cmake)
[0.695s] -- Found rclcpp: 16.0.6 (/opt/ros/humble/share/rclcpp/cmake)
[0.734s] -- Found rosidl_generator_c: 3.1.5 (/opt/ros/humble/share/rosidl_generator_c/cmake)
[0.738s] -- Found rosidl_adapter: 3.1.5 (/opt/ros/humble/share/rosidl_adapter/cmake)
[0.746s] -- Found rosidl_generator_cpp: 3.1.5 (/opt/ros/humble/share/rosidl_generator_cpp/cmake)
[0.760s] -- Using all available rosidl_typesupport_c: rosidl_typesupport_fastrtps_c;rosidl_typesupport_introspection_c
[0.777s] -- Using all available rosidl_typesupport_cpp: rosidl_typesupport_fastrtps_cpp;rosidl_typesupport_introspection_cpp
[0.843s] -- Found rmw_implementation_cmake: 6.1.1 (/opt/ros/humble/share/rmw_implementation_cmake/cmake)
[0.845s] -- Found rmw_cyclonedds_cpp: 1.3.4 (/opt/ros/humble/share/rmw_cyclonedds_cpp/cmake)
[0.875s] -- Using RMW implementation 'rmw_cyclonedds_cpp' as default
[0.883s] -- Looking for pthread.h
[0.944s] -- Looking for pthread.h - found
[0.944s] -- Performing Test CMAKE_HAVE_LIBC_PTHREAD
[1.029s] -- Performing Test CMAKE_HAVE_LIBC_PTHREAD - Success
[1.030s] -- Found Threads: TRUE  
[1.264s] -- Found rclcpp_components: 16.0.6 (/opt/ros/humble/share/rclcpp_components/cmake)
[1.356s] -- Found camera_info_manager: 3.1.7 (/home/shengbin/camera_ws/install/camera_info_manager/share/camera_info_manager/cmake)
[1.628s] -- Found cv_bridge: 3.2.1 (/home/shengbin/camera_ws/install/cv_bridge/share/cv_bridge/cmake)
[1.652s] -- Found image_transport: 3.1.7 (/home/shengbin/camera_ws/install/image_transport/share/image_transport/cmake)
[1.716s] -- Found ament_lint_auto: 0.12.8 (/opt/ros/humble/share/ament_lint_auto/cmake)
[1.849s] -- Added test 'cppcheck' to perform static code analysis on C / C++ code
[1.850s] -- Configured cppcheck include dirs: $<BUILD_INTERFACE:/home/shengbin/camera_ws/src/ros2_v4l2_camera/include>
[1.850s] -- Configured cppcheck exclude dirs and/or files: 
[1.852s] -- Added test 'cpplint' to check C / C++ code against the Google style
[1.852s] -- Configured cpplint exclude dirs and/or files: 
[1.854s] -- Added test 'lint_cmake' to check CMake code style
[1.858s] -- Added test 'uncrustify' to check C / C++ code style
[1.858s] -- Configured uncrustify additional arguments: 
[1.860s] -- Added test 'xmllint' to check XML markup files
[1.866s] -- Configuring done
[1.929s] -- Generating done
[1.934s] -- Build files have been written to: /home/shengbin/camera_ws/build/v4l2_camera
[1.952s] Invoked command in '/home/shengbin/camera_ws/build/v4l2_camera' returned '0': AMENT_PREFIX_PATH=/home/shengbin/camera_ws/install/camera_info_manager:/home/shengbin/camera_ws/install/image_transport:/home/shengbin/camera_ws/install/cv_bridge:/home/shengbin/camera_ws/install/camera_calibration_parsers:${AMENT_PREFIX_PATH} CMAKE_PREFIX_PATH=/home/shengbin/camera_ws/install/camera_info_manager:/home/shengbin/camera_ws/install/image_transport:/home/shengbin/camera_ws/install/cv_bridge:/home/shengbin/camera_ws/install/camera_calibration_parsers:/opt/ros/humble LD_LIBRARY_PATH=/home/shengbin/camera_ws/install/camera_info_manager/lib:/home/shengbin/camera_ws/install/image_transport/lib:/home/shengbin/camera_ws/install/cv_bridge/lib:/home/shengbin/camera_ws/install/camera_calibration_parsers/lib:${LD_LIBRARY_PATH} PYTHONPATH=/home/shengbin/camera_ws/install/cv_bridge/local/lib/python3.10/dist-packages:${PYTHONPATH} /usr/bin/cmake /home/shengbin/camera_ws/src/ros2_v4l2_camera -DCMAKE_INSTALL_PREFIX=/home/shengbin/camera_ws/install/v4l2_camera
[1.955s] Invoking command in '/home/shengbin/camera_ws/build/v4l2_camera': AMENT_PREFIX_PATH=/home/shengbin/camera_ws/install/camera_info_manager:/home/shengbin/camera_ws/install/image_transport:/home/shengbin/camera_ws/install/cv_bridge:/home/shengbin/camera_ws/install/camera_calibration_parsers:${AMENT_PREFIX_PATH} CMAKE_PREFIX_PATH=/home/shengbin/camera_ws/install/camera_info_manager:/home/shengbin/camera_ws/install/image_transport:/home/shengbin/camera_ws/install/cv_bridge:/home/shengbin/camera_ws/install/camera_calibration_parsers:/opt/ros/humble LD_LIBRARY_PATH=/home/shengbin/camera_ws/install/camera_info_manager/lib:/home/shengbin/camera_ws/install/image_transport/lib:/home/shengbin/camera_ws/install/cv_bridge/lib:/home/shengbin/camera_ws/install/camera_calibration_parsers/lib:${LD_LIBRARY_PATH} PYTHONPATH=/home/shengbin/camera_ws/install/cv_bridge/local/lib/python3.10/dist-packages:${PYTHONPATH} /usr/bin/cmake --build /home/shengbin/camera_ws/build/v4l2_camera -- -j16 -l16
[2.051s] [ 12%] [32mBuilding CXX object CMakeFiles/v4l2_camera.dir/src/v4l2_camera_device.cpp.o[0m
[2.052s] [ 25%] [32mBuilding CXX object CMakeFiles/v4l2_camera.dir/src/parameters.cpp.o[0m
[2.065s] [ 37%] [32mBuilding CXX object CMakeFiles/v4l2_camera.dir/src/v4l2_camera.cpp.o[0m
[26.237s] [ 50%] [32m[1mLinking CXX shared library libv4l2_camera.so[0m
[28.097s] [ 50%] Built target v4l2_camera
[28.157s] [ 62%] [32mBuilding CXX object CMakeFiles/v4l2_camera_node.dir/src/v4l2_camera_node.cpp.o[0m
[28.210s] [ 75%] [32mBuilding CXX object CMakeFiles/v4l2_camera_compose_test.dir/src/v4l2_camera_compose_test.cpp.o[0m
[34.028s] [ 87%] [32m[1mLinking CXX executable v4l2_camera_node[0m
[34.607s] [ 87%] Built target v4l2_camera_node
[41.642s] [100%] [32m[1mLinking CXX executable v4l2_camera_compose_test[0m
[42.523s] [100%] Built target v4l2_camera_compose_test
[42.543s] Invoked command in '/home/shengbin/camera_ws/build/v4l2_camera' returned '0': AMENT_PREFIX_PATH=/home/shengbin/camera_ws/install/camera_info_manager:/home/shengbin/camera_ws/install/image_transport:/home/shengbin/camera_ws/install/cv_bridge:/home/shengbin/camera_ws/install/camera_calibration_parsers:${AMENT_PREFIX_PATH} CMAKE_PREFIX_PATH=/home/shengbin/camera_ws/install/camera_info_manager:/home/shengbin/camera_ws/install/image_transport:/home/shengbin/camera_ws/install/cv_bridge:/home/shengbin/camera_ws/install/camera_calibration_parsers:/opt/ros/humble LD_LIBRARY_PATH=/home/shengbin/camera_ws/install/camera_info_manager/lib:/home/shengbin/camera_ws/install/image_transport/lib:/home/shengbin/camera_ws/install/cv_bridge/lib:/home/shengbin/camera_ws/install/camera_calibration_parsers/lib:${LD_LIBRARY_PATH} PYTHONPATH=/home/shengbin/camera_ws/install/cv_bridge/local/lib/python3.10/dist-packages:${PYTHONPATH} /usr/bin/cmake --build /home/shengbin/camera_ws/build/v4l2_camera -- -j16 -l16
[42.598s] Invoking command in '/home/shengbin/camera_ws/build/v4l2_camera': AMENT_PREFIX_PATH=/home/shengbin/camera_ws/install/camera_info_manager:/home/shengbin/camera_ws/install/image_transport:/home/shengbin/camera_ws/install/cv_bridge:/home/shengbin/camera_ws/install/camera_calibration_parsers:${AMENT_PREFIX_PATH} CMAKE_PREFIX_PATH=/home/shengbin/camera_ws/install/camera_info_manager:/home/shengbin/camera_ws/install/image_transport:/home/shengbin/camera_ws/install/cv_bridge:/home/shengbin/camera_ws/install/camera_calibration_parsers:/opt/ros/humble LD_LIBRARY_PATH=/home/shengbin/camera_ws/install/camera_info_manager/lib:/home/shengbin/camera_ws/install/image_transport/lib:/home/shengbin/camera_ws/install/cv_bridge/lib:/home/shengbin/camera_ws/install/camera_calibration_parsers/lib:${LD_LIBRARY_PATH} PYTHONPATH=/home/shengbin/camera_ws/install/cv_bridge/local/lib/python3.10/dist-packages:${PYTHONPATH} /usr/bin/cmake --install /home/shengbin/camera_ws/build/v4l2_camera
[42.620s] -- Install configuration: ""
[42.620s] -- Installing: /home/shengbin/camera_ws/install/v4l2_camera/include
[42.620s] -- Installing: /home/shengbin/camera_ws/install/v4l2_camera/include/v4l2_camera
[42.620s] -- Installing: /home/shengbin/camera_ws/install/v4l2_camera/include/v4l2_camera/parameters.hpp
[42.620s] -- Installing: /home/shengbin/camera_ws/install/v4l2_camera/include/v4l2_camera/v4l2_camera.hpp
[42.621s] -- Installing: /home/shengbin/camera_ws/install/v4l2_camera/include/v4l2_camera/fourcc.hpp
[42.621s] -- Installing: /home/shengbin/camera_ws/install/v4l2_camera/include/v4l2_camera/image_format.hpp
[42.621s] -- Installing: /home/shengbin/camera_ws/install/v4l2_camera/include/v4l2_camera/pixel_format.hpp
[42.621s] -- Installing: /home/shengbin/camera_ws/install/v4l2_camera/include/v4l2_camera/control.hpp
[42.621s] -- Installing: /home/shengbin/camera_ws/install/v4l2_camera/include/v4l2_camera/visibility_control.h
[42.621s] -- Installing: /home/shengbin/camera_ws/install/v4l2_camera/include/v4l2_camera/v4l2_camera_device.hpp
[42.621s] -- Installing: /home/shengbin/camera_ws/install/v4l2_camera/lib/libv4l2_camera.so
[42.635s] -- Set runtime path of "/home/shengbin/camera_ws/install/v4l2_camera/lib/libv4l2_camera.so" to ""
[42.635s] -- Installing: /home/shengbin/camera_ws/install/v4l2_camera/lib/v4l2_camera/v4l2_camera_node
[42.636s] -- Set runtime path of "/home/shengbin/camera_ws/install/v4l2_camera/lib/v4l2_camera/v4l2_camera_node" to ""
[42.636s] -- Installing: /home/shengbin/camera_ws/install/v4l2_camera/lib/v4l2_camera/v4l2_camera_compose_test
[42.645s] -- Set runtime path of "/home/shengbin/camera_ws/install/v4l2_camera/lib/v4l2_camera/v4l2_camera_compose_test" to ""
[42.646s] -- Installing: /home/shengbin/camera_ws/install/v4l2_camera/share/v4l2_camera/environment/library_path.sh
[42.660s] -- Installing: /home/shengbin/camera_ws/install/v4l2_camera/share/v4l2_camera/environment/library_path.dsv
[42.661s] -- Installing: /home/shengbin/camera_ws/install/v4l2_camera/share/ament_index/resource_index/package_run_dependencies/v4l2_camera
[42.661s] -- Installing: /home/shengbin/camera_ws/install/v4l2_camera/share/ament_index/resource_index/parent_prefix_path/v4l2_camera
[42.661s] -- Installing: /home/shengbin/camera_ws/install/v4l2_camera/share/v4l2_camera/environment/ament_prefix_path.sh
[42.661s] -- Installing: /home/shengbin/camera_ws/install/v4l2_camera/share/v4l2_camera/environment/ament_prefix_path.dsv
[42.662s] -- Installing: /home/shengbin/camera_ws/install/v4l2_camera/share/v4l2_camera/environment/path.sh
[42.662s] -- Installing: /home/shengbin/camera_ws/install/v4l2_camera/share/v4l2_camera/environment/path.dsv
[42.662s] -- Installing: /home/shengbin/camera_ws/install/v4l2_camera/share/v4l2_camera/local_setup.bash
[42.663s] -- Installing: /home/shengbin/camera_ws/install/v4l2_camera/share/v4l2_camera/local_setup.sh
[42.663s] -- Installing: /home/shengbin/camera_ws/install/v4l2_camera/share/v4l2_camera/local_setup.zsh
[42.663s] -- Installing: /home/shengbin/camera_ws/install/v4l2_camera/share/v4l2_camera/local_setup.dsv
[42.663s] -- Installing: /home/shengbin/camera_ws/install/v4l2_camera/share/v4l2_camera/package.dsv
[42.664s] -- Installing: /home/shengbin/camera_ws/install/v4l2_camera/share/ament_index/resource_index/packages/v4l2_camera
[42.664s] -- Installing: /home/shengbin/camera_ws/install/v4l2_camera/share/ament_index/resource_index/rclcpp_components/v4l2_camera
[42.664s] -- Installing: /home/shengbin/camera_ws/install/v4l2_camera/share/v4l2_camera/cmake/export_v4l2_cameraExport.cmake
[42.665s] -- Installing: /home/shengbin/camera_ws/install/v4l2_camera/share/v4l2_camera/cmake/export_v4l2_cameraExport-noconfig.cmake
[42.665s] -- Installing: /home/shengbin/camera_ws/install/v4l2_camera/share/v4l2_camera/cmake/ament_cmake_export_include_directories-extras.cmake
[42.665s] -- Installing: /home/shengbin/camera_ws/install/v4l2_camera/share/v4l2_camera/cmake/ament_cmake_export_targets-extras.cmake
[42.666s] -- Installing: /home/shengbin/camera_ws/install/v4l2_camera/share/v4l2_camera/cmake/ament_cmake_export_libraries-extras.cmake
[42.666s] -- Installing: /home/shengbin/camera_ws/install/v4l2_camera/share/v4l2_camera/cmake/ament_cmake_export_dependencies-extras.cmake
[42.666s] -- Installing: /home/shengbin/camera_ws/install/v4l2_camera/share/v4l2_camera/cmake/v4l2_cameraConfig.cmake
[42.666s] -- Installing: /home/shengbin/camera_ws/install/v4l2_camera/share/v4l2_camera/cmake/v4l2_cameraConfig-version.cmake
[42.667s] -- Installing: /home/shengbin/camera_ws/install/v4l2_camera/share/v4l2_camera/package.xml
[42.670s] Invoked command in '/home/shengbin/camera_ws/build/v4l2_camera' returned '0': AMENT_PREFIX_PATH=/home/shengbin/camera_ws/install/camera_info_manager:/home/shengbin/camera_ws/install/image_transport:/home/shengbin/camera_ws/install/cv_bridge:/home/shengbin/camera_ws/install/camera_calibration_parsers:${AMENT_PREFIX_PATH} CMAKE_PREFIX_PATH=/home/shengbin/camera_ws/install/camera_info_manager:/home/shengbin/camera_ws/install/image_transport:/home/shengbin/camera_ws/install/cv_bridge:/home/shengbin/camera_ws/install/camera_calibration_parsers:/opt/ros/humble LD_LIBRARY_PATH=/home/shengbin/camera_ws/install/camera_info_manager/lib:/home/shengbin/camera_ws/install/image_transport/lib:/home/shengbin/camera_ws/install/cv_bridge/lib:/home/shengbin/camera_ws/install/camera_calibration_parsers/lib:${LD_LIBRARY_PATH} PYTHONPATH=/home/shengbin/camera_ws/install/cv_bridge/local/lib/python3.10/dist-packages:${PYTHONPATH} /usr/bin/cmake --install /home/shengbin/camera_ws/build/v4l2_camera
