[0.264s] Invoking command in '/home/shengbin/camera_ws/build/compressed_image_transport': AMENT_PREFIX_PATH=/home/shengbin/camera_ws/install/image_transport:/home/shengbin/camera_ws/install/cv_bridge:${AMENT_PREFIX_PATH} CMAKE_PREFIX_PATH=/home/shengbin/camera_ws/install/image_transport:/home/shengbin/camera_ws/install/cv_bridge:/opt/ros/humble LD_LIBRARY_PATH=/home/shengbin/camera_ws/install/image_transport/lib:/home/shengbin/camera_ws/install/cv_bridge/lib:${LD_LIBRARY_PATH} PYTHONPATH=/home/shengbin/camera_ws/install/cv_bridge/local/lib/python3.10/dist-packages:${PYTHONPATH} /usr/bin/cmake /home/shengbin/camera_ws/src/image_transport_plugins/compressed_image_transport -DCMAKE_INSTALL_PREFIX=/home/shengbin/camera_ws/install/compressed_image_transport
[0.315s] -- The C compiler identification is GNU 11.4.0
[0.381s] -- The CXX compiler identification is GNU 11.4.0
[0.390s] -- Detecting C compiler ABI info
[0.471s] -- Detecting C compiler ABI info - done
[0.479s] -- Check for working C compiler: /usr/bin/cc - skipped
[0.480s] -- Detecting C compile features
[0.480s] -- Detecting C compile features - done
[0.483s] -- Detecting CXX compiler ABI info
[0.567s] -- Detecting CXX compiler ABI info - done
[0.574s] -- Check for working CXX compiler: /usr/bin/c++ - skipped
[0.574s] -- Detecting CXX compile features
[0.575s] -- Detecting CXX compile features - done
[0.577s] -- Found ament_cmake: 1.3.5 (/opt/ros/humble/share/ament_cmake/cmake)
[0.766s] -- Found Python3: /usr/bin/python3.10 (found version "3.10.12") found components: Interpreter 
[0.852s] -- Found image_transport: 3.1.7 (/home/shengbin/camera_ws/install/image_transport/share/image_transport/cmake)
[0.919s] -- Found rosidl_generator_c: 3.1.5 (/opt/ros/humble/share/rosidl_generator_c/cmake)
[0.926s] -- Found rosidl_adapter: 3.1.5 (/opt/ros/humble/share/rosidl_adapter/cmake)
[0.938s] -- Found rosidl_generator_cpp: 3.1.5 (/opt/ros/humble/share/rosidl_generator_cpp/cmake)
[0.956s] -- Using all available rosidl_typesupport_c: rosidl_typesupport_fastrtps_c;rosidl_typesupport_introspection_c
[0.983s] -- Using all available rosidl_typesupport_cpp: rosidl_typesupport_fastrtps_cpp;rosidl_typesupport_introspection_cpp
[1.082s] -- Found rmw_implementation_cmake: 6.1.1 (/opt/ros/humble/share/rmw_implementation_cmake/cmake)
[1.085s] -- Found rmw_cyclonedds_cpp: 1.3.4 (/opt/ros/humble/share/rmw_cyclonedds_cpp/cmake)
[1.131s] -- Using RMW implementation 'rmw_cyclonedds_cpp' as default
[1.143s] -- Looking for pthread.h
[1.210s] -- Looking for pthread.h - found
[1.210s] -- Performing Test CMAKE_HAVE_LIBC_PTHREAD
[1.295s] -- Performing Test CMAKE_HAVE_LIBC_PTHREAD - Success
[1.297s] -- Found Threads: TRUE  
[1.587s] -- Found cv_bridge: 3.2.1 (/home/shengbin/camera_ws/install/cv_bridge/share/cv_bridge/cmake)
[1.603s] -- Found OpenCV: /usr (found version "4.5.4") 
[1.661s] -- Configuring done
[1.672s] -- Generating done
[1.674s] -- Build files have been written to: /home/shengbin/camera_ws/build/compressed_image_transport
[1.682s] Invoked command in '/home/shengbin/camera_ws/build/compressed_image_transport' returned '0': AMENT_PREFIX_PATH=/home/shengbin/camera_ws/install/image_transport:/home/shengbin/camera_ws/install/cv_bridge:${AMENT_PREFIX_PATH} CMAKE_PREFIX_PATH=/home/shengbin/camera_ws/install/image_transport:/home/shengbin/camera_ws/install/cv_bridge:/opt/ros/humble LD_LIBRARY_PATH=/home/shengbin/camera_ws/install/image_transport/lib:/home/shengbin/camera_ws/install/cv_bridge/lib:${LD_LIBRARY_PATH} PYTHONPATH=/home/shengbin/camera_ws/install/cv_bridge/local/lib/python3.10/dist-packages:${PYTHONPATH} /usr/bin/cmake /home/shengbin/camera_ws/src/image_transport_plugins/compressed_image_transport -DCMAKE_INSTALL_PREFIX=/home/shengbin/camera_ws/install/compressed_image_transport
[1.685s] Invoking command in '/home/shengbin/camera_ws/build/compressed_image_transport': AMENT_PREFIX_PATH=/home/shengbin/camera_ws/install/image_transport:/home/shengbin/camera_ws/install/cv_bridge:${AMENT_PREFIX_PATH} CMAKE_PREFIX_PATH=/home/shengbin/camera_ws/install/image_transport:/home/shengbin/camera_ws/install/cv_bridge:/opt/ros/humble LD_LIBRARY_PATH=/home/shengbin/camera_ws/install/image_transport/lib:/home/shengbin/camera_ws/install/cv_bridge/lib:${LD_LIBRARY_PATH} PYTHONPATH=/home/shengbin/camera_ws/install/cv_bridge/local/lib/python3.10/dist-packages:${PYTHONPATH} /usr/bin/cmake --build /home/shengbin/camera_ws/build/compressed_image_transport -- -j16 -l16
[1.742s] [ 25%] [32mBuilding CXX object CMakeFiles/compressed_image_transport.dir/src/compressed_publisher.cpp.o[0m
[1.744s] [ 50%] [32mBuilding CXX object CMakeFiles/compressed_image_transport.dir/src/compressed_subscriber.cpp.o[0m
[1.744s] [ 75%] [32mBuilding CXX object CMakeFiles/compressed_image_transport.dir/src/manifest.cpp.o[0m
[27.944s] [100%] [32m[1mLinking CXX shared library libcompressed_image_transport.so[0m
[30.369s] [100%] Built target compressed_image_transport
[30.394s] Invoked command in '/home/shengbin/camera_ws/build/compressed_image_transport' returned '0': AMENT_PREFIX_PATH=/home/shengbin/camera_ws/install/image_transport:/home/shengbin/camera_ws/install/cv_bridge:${AMENT_PREFIX_PATH} CMAKE_PREFIX_PATH=/home/shengbin/camera_ws/install/image_transport:/home/shengbin/camera_ws/install/cv_bridge:/opt/ros/humble LD_LIBRARY_PATH=/home/shengbin/camera_ws/install/image_transport/lib:/home/shengbin/camera_ws/install/cv_bridge/lib:${LD_LIBRARY_PATH} PYTHONPATH=/home/shengbin/camera_ws/install/cv_bridge/local/lib/python3.10/dist-packages:${PYTHONPATH} /usr/bin/cmake --build /home/shengbin/camera_ws/build/compressed_image_transport -- -j16 -l16
[30.461s] Invoking command in '/home/shengbin/camera_ws/build/compressed_image_transport': AMENT_PREFIX_PATH=/home/shengbin/camera_ws/install/image_transport:/home/shengbin/camera_ws/install/cv_bridge:${AMENT_PREFIX_PATH} CMAKE_PREFIX_PATH=/home/shengbin/camera_ws/install/image_transport:/home/shengbin/camera_ws/install/cv_bridge:/opt/ros/humble LD_LIBRARY_PATH=/home/shengbin/camera_ws/install/image_transport/lib:/home/shengbin/camera_ws/install/cv_bridge/lib:${LD_LIBRARY_PATH} PYTHONPATH=/home/shengbin/camera_ws/install/cv_bridge/local/lib/python3.10/dist-packages:${PYTHONPATH} /usr/bin/cmake --install /home/shengbin/camera_ws/build/compressed_image_transport
[30.476s] -- Install configuration: ""
[30.478s] -- Installing: /home/shengbin/camera_ws/install/compressed_image_transport/lib/libcompressed_image_transport.so
[30.513s] -- Set runtime path of "/home/shengbin/camera_ws/install/compressed_image_transport/lib/libcompressed_image_transport.so" to ""
[30.514s] -- Installing: /home/shengbin/camera_ws/install/compressed_image_transport/include
[30.514s] -- Installing: /home/shengbin/camera_ws/install/compressed_image_transport/include/compressed_image_transport
[30.520s] -- Installing: /home/shengbin/camera_ws/install/compressed_image_transport/include/compressed_image_transport/compressed_subscriber.h
[30.526s] -- Installing: /home/shengbin/camera_ws/install/compressed_image_transport/include/compressed_image_transport/compression_common.h
[30.526s] -- Installing: /home/shengbin/camera_ws/install/compressed_image_transport/include/compressed_image_transport/compressed_publisher.h
[30.526s] -- Installing: /home/shengbin/camera_ws/install/compressed_image_transport/share/compressed_image_transport/compressed_plugins.xml
[30.527s] -- Installing: /home/shengbin/camera_ws/install/compressed_image_transport/share/ament_index/resource_index/package_run_dependencies/compressed_image_transport
[30.527s] -- Installing: /home/shengbin/camera_ws/install/compressed_image_transport/share/ament_index/resource_index/parent_prefix_path/compressed_image_transport
[30.528s] -- Installing: /home/shengbin/camera_ws/install/compressed_image_transport/share/compressed_image_transport/environment/ament_prefix_path.sh
[30.531s] -- Installing: /home/shengbin/camera_ws/install/compressed_image_transport/share/compressed_image_transport/environment/ament_prefix_path.dsv
[30.531s] -- Installing: /home/shengbin/camera_ws/install/compressed_image_transport/share/compressed_image_transport/environment/path.sh
[30.531s] -- Installing: /home/shengbin/camera_ws/install/compressed_image_transport/share/compressed_image_transport/environment/path.dsv
[30.532s] -- Installing: /home/shengbin/camera_ws/install/compressed_image_transport/share/compressed_image_transport/local_setup.bash
[30.532s] -- Installing: /home/shengbin/camera_ws/install/compressed_image_transport/share/compressed_image_transport/local_setup.sh
[30.533s] -- Installing: /home/shengbin/camera_ws/install/compressed_image_transport/share/compressed_image_transport/local_setup.zsh
[30.536s] -- Installing: /home/shengbin/camera_ws/install/compressed_image_transport/share/compressed_image_transport/local_setup.dsv
[30.537s] -- Installing: /home/shengbin/camera_ws/install/compressed_image_transport/share/compressed_image_transport/package.dsv
[30.544s] -- Installing: /home/shengbin/camera_ws/install/compressed_image_transport/share/ament_index/resource_index/packages/compressed_image_transport
[30.544s] -- Installing: /home/shengbin/camera_ws/install/compressed_image_transport/share/ament_index/resource_index/image_transport__pluginlib__plugin/compressed_image_transport
[30.545s] -- Installing: /home/shengbin/camera_ws/install/compressed_image_transport/share/compressed_image_transport/cmake/compressed_image_transportConfig.cmake
[30.545s] -- Installing: /home/shengbin/camera_ws/install/compressed_image_transport/share/compressed_image_transport/cmake/compressed_image_transportConfig-version.cmake
[30.547s] -- Installing: /home/shengbin/camera_ws/install/compressed_image_transport/share/compressed_image_transport/package.xml
[30.670s] Invoked command in '/home/shengbin/camera_ws/build/compressed_image_transport' returned '0': AMENT_PREFIX_PATH=/home/shengbin/camera_ws/install/image_transport:/home/shengbin/camera_ws/install/cv_bridge:${AMENT_PREFIX_PATH} CMAKE_PREFIX_PATH=/home/shengbin/camera_ws/install/image_transport:/home/shengbin/camera_ws/install/cv_bridge:/opt/ros/humble LD_LIBRARY_PATH=/home/shengbin/camera_ws/install/image_transport/lib:/home/shengbin/camera_ws/install/cv_bridge/lib:${LD_LIBRARY_PATH} PYTHONPATH=/home/shengbin/camera_ws/install/cv_bridge/local/lib/python3.10/dist-packages:${PYTHONPATH} /usr/bin/cmake --install /home/shengbin/camera_ws/build/compressed_image_transport
