[0.557s] Invoking command in '/home/shengbin/camera_ws/build/vision_opencv': AMENT_PREFIX_PATH=/home/shengbin/camera_ws/install/image_geometry:/home/shengbin/camera_ws/install/cv_bridge:${AMENT_PREFIX_PATH} CMAKE_PREFIX_PATH=/home/shengbin/camera_ws/install/image_geometry:/home/shengbin/camera_ws/install/cv_bridge:/opt/ros/humble LD_LIBRARY_PATH=/home/shengbin/camera_ws/install/image_geometry/lib:/home/shengbin/camera_ws/install/cv_bridge/lib:${LD_LIBRARY_PATH} PYTHONPATH=/home/shengbin/camera_ws/install/image_geometry/local/lib/python3.10/dist-packages:/home/shengbin/camera_ws/install/cv_bridge/local/lib/python3.10/dist-packages:${PYTHONPATH} /usr/bin/cmake --build /home/shengbin/camera_ws/build/vision_opencv -- -j16 -l16
[0.610s] Invoked command in '/home/shengbin/camera_ws/build/vision_opencv' returned '0': AMENT_PREFIX_PATH=/home/shengbin/camera_ws/install/image_geometry:/home/shengbin/camera_ws/install/cv_bridge:${AMENT_PREFIX_PATH} CMAKE_PREFIX_PATH=/home/shengbin/camera_ws/install/image_geometry:/home/shengbin/camera_ws/install/cv_bridge:/opt/ros/humble LD_LIBRARY_PATH=/home/shengbin/camera_ws/install/image_geometry/lib:/home/shengbin/camera_ws/install/cv_bridge/lib:${LD_LIBRARY_PATH} PYTHONPATH=/home/shengbin/camera_ws/install/image_geometry/local/lib/python3.10/dist-packages:/home/shengbin/camera_ws/install/cv_bridge/local/lib/python3.10/dist-packages:${PYTHONPATH} /usr/bin/cmake --build /home/shengbin/camera_ws/build/vision_opencv -- -j16 -l16
[0.781s] Invoking command in '/home/shengbin/camera_ws/build/vision_opencv': AMENT_PREFIX_PATH=/home/shengbin/camera_ws/install/image_geometry:/home/shengbin/camera_ws/install/cv_bridge:${AMENT_PREFIX_PATH} CMAKE_PREFIX_PATH=/home/shengbin/camera_ws/install/image_geometry:/home/shengbin/camera_ws/install/cv_bridge:/opt/ros/humble LD_LIBRARY_PATH=/home/shengbin/camera_ws/install/image_geometry/lib:/home/shengbin/camera_ws/install/cv_bridge/lib:${LD_LIBRARY_PATH} PYTHONPATH=/home/shengbin/camera_ws/install/image_geometry/local/lib/python3.10/dist-packages:/home/shengbin/camera_ws/install/cv_bridge/local/lib/python3.10/dist-packages:${PYTHONPATH} /usr/bin/cmake --install /home/shengbin/camera_ws/build/vision_opencv
[0.999s] -- Install configuration: ""
[1.000s] -- Up-to-date: /home/shengbin/camera_ws/install/vision_opencv/share/ament_index/resource_index/package_run_dependencies/vision_opencv
[1.000s] -- Up-to-date: /home/shengbin/camera_ws/install/vision_opencv/share/ament_index/resource_index/parent_prefix_path/vision_opencv
[1.001s] -- Up-to-date: /home/shengbin/camera_ws/install/vision_opencv/share/vision_opencv/environment/ament_prefix_path.sh
[1.001s] -- Up-to-date: /home/shengbin/camera_ws/install/vision_opencv/share/vision_opencv/environment/ament_prefix_path.dsv
[1.001s] -- Up-to-date: /home/shengbin/camera_ws/install/vision_opencv/share/vision_opencv/environment/path.sh
[1.001s] -- Up-to-date: /home/shengbin/camera_ws/install/vision_opencv/share/vision_opencv/environment/path.dsv
[1.001s] -- Up-to-date: /home/shengbin/camera_ws/install/vision_opencv/share/vision_opencv/local_setup.bash
[1.001s] -- Up-to-date: /home/shengbin/camera_ws/install/vision_opencv/share/vision_opencv/local_setup.sh
[1.001s] -- Up-to-date: /home/shengbin/camera_ws/install/vision_opencv/share/vision_opencv/local_setup.zsh
[1.001s] -- Up-to-date: /home/shengbin/camera_ws/install/vision_opencv/share/vision_opencv/local_setup.dsv
[1.001s] -- Up-to-date: /home/shengbin/camera_ws/install/vision_opencv/share/vision_opencv/package.dsv
[1.001s] -- Up-to-date: /home/shengbin/camera_ws/install/vision_opencv/share/ament_index/resource_index/packages/vision_opencv
[1.001s] -- Up-to-date: /home/shengbin/camera_ws/install/vision_opencv/share/vision_opencv/cmake/vision_opencvConfig.cmake
[1.001s] -- Up-to-date: /home/shengbin/camera_ws/install/vision_opencv/share/vision_opencv/cmake/vision_opencvConfig-version.cmake
[1.001s] -- Up-to-date: /home/shengbin/camera_ws/install/vision_opencv/share/vision_opencv/package.xml
[1.136s] Invoked command in '/home/shengbin/camera_ws/build/vision_opencv' returned '0': AMENT_PREFIX_PATH=/home/shengbin/camera_ws/install/image_geometry:/home/shengbin/camera_ws/install/cv_bridge:${AMENT_PREFIX_PATH} CMAKE_PREFIX_PATH=/home/shengbin/camera_ws/install/image_geometry:/home/shengbin/camera_ws/install/cv_bridge:/opt/ros/humble LD_LIBRARY_PATH=/home/shengbin/camera_ws/install/image_geometry/lib:/home/shengbin/camera_ws/install/cv_bridge/lib:${LD_LIBRARY_PATH} PYTHONPATH=/home/shengbin/camera_ws/install/image_geometry/local/lib/python3.10/dist-packages:/home/shengbin/camera_ws/install/cv_bridge/local/lib/python3.10/dist-packages:${PYTHONPATH} /usr/bin/cmake --install /home/shengbin/camera_ws/build/vision_opencv
