[1.748s] Invoking command in '/home/shengbin/camera_ws/src/image_pipeline/camera_calibration': AMENT_PREFIX_PATH=/home/shengbin/camera_ws/install/image_geometry:/home/shengbin/camera_ws/install/cv_bridge:${AMENT_PREFIX_PATH} CMAKE_PREFIX_PATH=/home/shengbin/camera_ws/install/image_geometry:/home/shengbin/camera_ws/install/cv_bridge LD_LIBRARY_PATH=/home/shengbin/camera_ws/install/image_geometry/lib:/home/shengbin/camera_ws/install/cv_bridge/lib:${LD_LIBRARY_PATH} PYTHONPATH=/home/shengbin/camera_ws/build/camera_calibration/prefix_override:/home/shengbin/camera_ws/install/camera_calibration/lib/python3.10/site-packages:/home/shengbin/camera_ws/install/image_geometry/local/lib/python3.10/dist-packages:/home/shengbin/camera_ws/install/cv_bridge/local/lib/python3.10/dist-packages:${PYTHONPATH} /usr/bin/python3 setup.py egg_info --egg-base ../../../build/camera_calibration build --build-base /home/shengbin/camera_ws/build/camera_calibration/build install --record /home/shengbin/camera_ws/build/camera_calibration/install.log --single-version-externally-managed
[2.183s] running egg_info
[2.183s] creating ../../../build/camera_calibration/camera_calibration.egg-info
[2.184s] writing ../../../build/camera_calibration/camera_calibration.egg-info/PKG-INFO
[2.184s] writing dependency_links to ../../../build/camera_calibration/camera_calibration.egg-info/dependency_links.txt
[2.184s] writing entry points to ../../../build/camera_calibration/camera_calibration.egg-info/entry_points.txt
[2.184s] writing requirements to ../../../build/camera_calibration/camera_calibration.egg-info/requires.txt
[2.184s] writing top-level names to ../../../build/camera_calibration/camera_calibration.egg-info/top_level.txt
[2.184s] writing manifest file '../../../build/camera_calibration/camera_calibration.egg-info/SOURCES.txt'
[2.186s] reading manifest file '../../../build/camera_calibration/camera_calibration.egg-info/SOURCES.txt'
[2.187s] writing manifest file '../../../build/camera_calibration/camera_calibration.egg-info/SOURCES.txt'
[2.187s] running build
[2.187s] running build_py
[2.187s] creating /home/shengbin/camera_ws/build/camera_calibration/build
[2.187s] creating /home/shengbin/camera_ws/build/camera_calibration/build/lib
[2.187s] creating /home/shengbin/camera_ws/build/camera_calibration/build/lib/camera_calibration
[2.187s] copying src/camera_calibration/calibrator.py -> /home/shengbin/camera_ws/build/camera_calibration/build/lib/camera_calibration
[2.188s] copying src/camera_calibration/camera_checker.py -> /home/shengbin/camera_ws/build/camera_calibration/build/lib/camera_calibration
[2.188s] copying src/camera_calibration/__init__.py -> /home/shengbin/camera_ws/build/camera_calibration/build/lib/camera_calibration
[2.188s] copying src/camera_calibration/camera_calibrator.py -> /home/shengbin/camera_ws/build/camera_calibration/build/lib/camera_calibration
[2.188s] creating /home/shengbin/camera_ws/build/camera_calibration/build/lib/camera_calibration/nodes
[2.189s] copying src/camera_calibration/nodes/cameracheck.py -> /home/shengbin/camera_ws/build/camera_calibration/build/lib/camera_calibration/nodes
[2.189s] copying src/camera_calibration/nodes/__init__.py -> /home/shengbin/camera_ws/build/camera_calibration/build/lib/camera_calibration/nodes
[2.189s] copying src/camera_calibration/nodes/cameracalibrator.py -> /home/shengbin/camera_ws/build/camera_calibration/build/lib/camera_calibration/nodes
[2.190s] running install
[2.190s] /usr/lib/python3/dist-packages/setuptools/command/install.py:34: SetuptoolsDeprecationWarning: setup.py install is deprecated. Use build and pip and other standards-based tools.
[2.190s]   warnings.warn(
[2.190s] running install_lib
[2.190s] creating /home/shengbin/camera_ws/install/camera_calibration/lib/python3.10/site-packages/camera_calibration
[2.190s] copying /home/shengbin/camera_ws/build/camera_calibration/build/lib/camera_calibration/calibrator.py -> /home/shengbin/camera_ws/install/camera_calibration/lib/python3.10/site-packages/camera_calibration
[2.191s] creating /home/shengbin/camera_ws/install/camera_calibration/lib/python3.10/site-packages/camera_calibration/nodes
[2.191s] copying /home/shengbin/camera_ws/build/camera_calibration/build/lib/camera_calibration/nodes/cameracheck.py -> /home/shengbin/camera_ws/install/camera_calibration/lib/python3.10/site-packages/camera_calibration/nodes
[2.191s] copying /home/shengbin/camera_ws/build/camera_calibration/build/lib/camera_calibration/nodes/__init__.py -> /home/shengbin/camera_ws/install/camera_calibration/lib/python3.10/site-packages/camera_calibration/nodes
[2.192s] copying /home/shengbin/camera_ws/build/camera_calibration/build/lib/camera_calibration/nodes/cameracalibrator.py -> /home/shengbin/camera_ws/install/camera_calibration/lib/python3.10/site-packages/camera_calibration/nodes
[2.192s] copying /home/shengbin/camera_ws/build/camera_calibration/build/lib/camera_calibration/camera_checker.py -> /home/shengbin/camera_ws/install/camera_calibration/lib/python3.10/site-packages/camera_calibration
[2.192s] copying /home/shengbin/camera_ws/build/camera_calibration/build/lib/camera_calibration/__init__.py -> /home/shengbin/camera_ws/install/camera_calibration/lib/python3.10/site-packages/camera_calibration
[2.192s] copying /home/shengbin/camera_ws/build/camera_calibration/build/lib/camera_calibration/camera_calibrator.py -> /home/shengbin/camera_ws/install/camera_calibration/lib/python3.10/site-packages/camera_calibration
[2.192s] byte-compiling /home/shengbin/camera_ws/install/camera_calibration/lib/python3.10/site-packages/camera_calibration/calibrator.py to calibrator.cpython-310.pyc
[2.200s] byte-compiling /home/shengbin/camera_ws/install/camera_calibration/lib/python3.10/site-packages/camera_calibration/nodes/cameracheck.py to cameracheck.cpython-310.pyc
[2.200s] byte-compiling /home/shengbin/camera_ws/install/camera_calibration/lib/python3.10/site-packages/camera_calibration/nodes/__init__.py to __init__.cpython-310.pyc
[2.200s] byte-compiling /home/shengbin/camera_ws/install/camera_calibration/lib/python3.10/site-packages/camera_calibration/nodes/cameracalibrator.py to cameracalibrator.cpython-310.pyc
[2.201s] byte-compiling /home/shengbin/camera_ws/install/camera_calibration/lib/python3.10/site-packages/camera_calibration/camera_checker.py to camera_checker.cpython-310.pyc
[2.203s] byte-compiling /home/shengbin/camera_ws/install/camera_calibration/lib/python3.10/site-packages/camera_calibration/__init__.py to __init__.cpython-310.pyc
[2.203s] byte-compiling /home/shengbin/camera_ws/install/camera_calibration/lib/python3.10/site-packages/camera_calibration/camera_calibrator.py to camera_calibrator.cpython-310.pyc
[2.205s] running install_data
[2.206s] creating /home/shengbin/camera_ws/install/camera_calibration/share/ament_index
[2.206s] creating /home/shengbin/camera_ws/install/camera_calibration/share/ament_index/resource_index
[2.206s] creating /home/shengbin/camera_ws/install/camera_calibration/share/ament_index/resource_index/packages
[2.206s] copying resource/camera_calibration -> /home/shengbin/camera_ws/install/camera_calibration/share/ament_index/resource_index/packages
[2.207s] copying package.xml -> /home/shengbin/camera_ws/install/camera_calibration/share/camera_calibration
[2.207s] running install_egg_info
[2.208s] Copying ../../../build/camera_calibration/camera_calibration.egg-info to /home/shengbin/camera_ws/install/camera_calibration/lib/python3.10/site-packages/camera_calibration-3.0.0-py3.10.egg-info
[2.208s] running install_scripts
[2.227s] Installing cameracalibrator script to /home/shengbin/camera_ws/install/camera_calibration/lib/camera_calibration
[2.227s] Installing cameracheck script to /home/shengbin/camera_ws/install/camera_calibration/lib/camera_calibration
[2.228s] writing list of installed files to '/home/shengbin/camera_ws/build/camera_calibration/install.log'
[2.376s] Invoked command in '/home/shengbin/camera_ws/src/image_pipeline/camera_calibration' returned '0': AMENT_PREFIX_PATH=/home/shengbin/camera_ws/install/image_geometry:/home/shengbin/camera_ws/install/cv_bridge:${AMENT_PREFIX_PATH} CMAKE_PREFIX_PATH=/home/shengbin/camera_ws/install/image_geometry:/home/shengbin/camera_ws/install/cv_bridge LD_LIBRARY_PATH=/home/shengbin/camera_ws/install/image_geometry/lib:/home/shengbin/camera_ws/install/cv_bridge/lib:${LD_LIBRARY_PATH} PYTHONPATH=/home/shengbin/camera_ws/build/camera_calibration/prefix_override:/home/shengbin/camera_ws/install/camera_calibration/lib/python3.10/site-packages:/home/shengbin/camera_ws/install/image_geometry/local/lib/python3.10/dist-packages:/home/shengbin/camera_ws/install/cv_bridge/local/lib/python3.10/dist-packages:${PYTHONPATH} /usr/bin/python3 setup.py egg_info --egg-base ../../../build/camera_calibration build --build-base /home/shengbin/camera_ws/build/camera_calibration/build install --record /home/shengbin/camera_ws/build/camera_calibration/install.log --single-version-externally-managed
