[0.453s] Invoking command in '/home/shengbin/camera_ws/build/image_view': AMENT_PREFIX_PATH=/home/shengbin/camera_ws/install/image_transport:/home/shengbin/camera_ws/install/cv_bridge:/home/shengbin/camera_ws/install/camera_calibration_parsers:${AMENT_PREFIX_PATH} CMAKE_PREFIX_PATH=/home/shengbin/camera_ws/install/image_transport:/home/shengbin/camera_ws/install/cv_bridge:/home/shengbin/camera_ws/install/camera_calibration_parsers:/opt/ros/humble LD_LIBRARY_PATH=/home/shengbin/camera_ws/install/image_transport/lib:/home/shengbin/camera_ws/install/cv_bridge/lib:/home/shengbin/camera_ws/install/camera_calibration_parsers/lib:${LD_LIBRARY_PATH} PYTHONPATH=/home/shengbin/camera_ws/install/cv_bridge/local/lib/python3.10/dist-packages:${PYTHONPATH} /usr/bin/cmake --build /home/shengbin/camera_ws/build/image_view -- -j16 -l16
[0.739s] [ 36%] Built target image_view_nodes
[0.739s] [ 47%] Built target extract_images
[0.739s] [ 57%] Built target disparity_view
[0.739s] [ 68%] Built target video_recorder
[0.739s] [ 78%] Built target image_saver
[0.740s] [ 89%] Built target stereo_view
[0.740s] [100%] Built target image_view
[0.756s] Invoked command in '/home/shengbin/camera_ws/build/image_view' returned '0': AMENT_PREFIX_PATH=/home/shengbin/camera_ws/install/image_transport:/home/shengbin/camera_ws/install/cv_bridge:/home/shengbin/camera_ws/install/camera_calibration_parsers:${AMENT_PREFIX_PATH} CMAKE_PREFIX_PATH=/home/shengbin/camera_ws/install/image_transport:/home/shengbin/camera_ws/install/cv_bridge:/home/shengbin/camera_ws/install/camera_calibration_parsers:/opt/ros/humble LD_LIBRARY_PATH=/home/shengbin/camera_ws/install/image_transport/lib:/home/shengbin/camera_ws/install/cv_bridge/lib:/home/shengbin/camera_ws/install/camera_calibration_parsers/lib:${LD_LIBRARY_PATH} PYTHONPATH=/home/shengbin/camera_ws/install/cv_bridge/local/lib/python3.10/dist-packages:${PYTHONPATH} /usr/bin/cmake --build /home/shengbin/camera_ws/build/image_view -- -j16 -l16
[0.828s] Invoking command in '/home/shengbin/camera_ws/build/image_view': AMENT_PREFIX_PATH=/home/shengbin/camera_ws/install/image_transport:/home/shengbin/camera_ws/install/cv_bridge:/home/shengbin/camera_ws/install/camera_calibration_parsers:${AMENT_PREFIX_PATH} CMAKE_PREFIX_PATH=/home/shengbin/camera_ws/install/image_transport:/home/shengbin/camera_ws/install/cv_bridge:/home/shengbin/camera_ws/install/camera_calibration_parsers:/opt/ros/humble LD_LIBRARY_PATH=/home/shengbin/camera_ws/install/image_transport/lib:/home/shengbin/camera_ws/install/cv_bridge/lib:/home/shengbin/camera_ws/install/camera_calibration_parsers/lib:${LD_LIBRARY_PATH} PYTHONPATH=/home/shengbin/camera_ws/install/cv_bridge/local/lib/python3.10/dist-packages:${PYTHONPATH} /usr/bin/cmake --install /home/shengbin/camera_ws/build/image_view
[0.842s] -- Install configuration: ""
[0.842s] -- Up-to-date: /home/shengbin/camera_ws/install/image_view/include
[0.842s] -- Up-to-date: /home/shengbin/camera_ws/install/image_view/include/image_view
[0.842s] -- Up-to-date: /home/shengbin/camera_ws/install/image_view/include/image_view/video_recorder_node.hpp
[0.842s] -- Up-to-date: /home/shengbin/camera_ws/install/image_view/include/image_view/image_view_node.hpp
[0.842s] -- Up-to-date: /home/shengbin/camera_ws/install/image_view/include/image_view/stereo_view_node.hpp
[0.842s] -- Up-to-date: /home/shengbin/camera_ws/install/image_view/include/image_view/extract_images_node.hpp
[0.842s] -- Up-to-date: /home/shengbin/camera_ws/install/image_view/include/image_view/image_saver_node.hpp
[0.842s] -- Up-to-date: /home/shengbin/camera_ws/install/image_view/include/image_view/disparity_view_node.hpp
[0.842s] -- Up-to-date: /home/shengbin/camera_ws/install/image_view/share/image_view/environment/library_path.sh
[0.842s] -- Up-to-date: /home/shengbin/camera_ws/install/image_view/share/image_view/environment/library_path.dsv
[0.842s] -- Up-to-date: /home/shengbin/camera_ws/install/image_view/lib/libimage_view_nodes.so
[0.842s] -- Up-to-date: /home/shengbin/camera_ws/install/image_view/lib/image_view/disparity_view
[0.842s] -- Up-to-date: /home/shengbin/camera_ws/install/image_view/lib/image_view/image_view
[0.843s] -- Up-to-date: /home/shengbin/camera_ws/install/image_view/lib/image_view/stereo_view
[0.843s] -- Up-to-date: /home/shengbin/camera_ws/install/image_view/lib/image_view/extract_images
[0.843s] -- Up-to-date: /home/shengbin/camera_ws/install/image_view/lib/image_view/image_saver
[0.843s] -- Up-to-date: /home/shengbin/camera_ws/install/image_view/lib/image_view/video_recorder
[0.843s] -- Up-to-date: /home/shengbin/camera_ws/install/image_view/share/ament_index/resource_index/package_run_dependencies/image_view
[0.843s] -- Up-to-date: /home/shengbin/camera_ws/install/image_view/share/ament_index/resource_index/parent_prefix_path/image_view
[0.843s] -- Up-to-date: /home/shengbin/camera_ws/install/image_view/share/image_view/environment/ament_prefix_path.sh
[0.843s] -- Up-to-date: /home/shengbin/camera_ws/install/image_view/share/image_view/environment/ament_prefix_path.dsv
[0.843s] -- Up-to-date: /home/shengbin/camera_ws/install/image_view/share/image_view/environment/path.sh
[0.843s] -- Up-to-date: /home/shengbin/camera_ws/install/image_view/share/image_view/environment/path.dsv
[0.843s] -- Up-to-date: /home/shengbin/camera_ws/install/image_view/share/image_view/local_setup.bash
[0.843s] -- Up-to-date: /home/shengbin/camera_ws/install/image_view/share/image_view/local_setup.sh
[0.843s] -- Up-to-date: /home/shengbin/camera_ws/install/image_view/share/image_view/local_setup.zsh
[0.843s] -- Up-to-date: /home/shengbin/camera_ws/install/image_view/share/image_view/local_setup.dsv
[0.843s] -- Installing: /home/shengbin/camera_ws/install/image_view/share/image_view/package.dsv
[0.844s] -- Up-to-date: /home/shengbin/camera_ws/install/image_view/share/ament_index/resource_index/packages/image_view
[0.844s] -- Up-to-date: /home/shengbin/camera_ws/install/image_view/share/ament_index/resource_index/rclcpp_components/image_view
[0.844s] -- Up-to-date: /home/shengbin/camera_ws/install/image_view/share/image_view/cmake/ament_cmake_export_dependencies-extras.cmake
[0.844s] -- Up-to-date: /home/shengbin/camera_ws/install/image_view/share/image_view/cmake/ament_cmake_export_include_directories-extras.cmake
[0.844s] -- Up-to-date: /home/shengbin/camera_ws/install/image_view/share/image_view/cmake/ament_cmake_export_libraries-extras.cmake
[0.844s] -- Up-to-date: /home/shengbin/camera_ws/install/image_view/share/image_view/cmake/image_viewConfig.cmake
[0.844s] -- Up-to-date: /home/shengbin/camera_ws/install/image_view/share/image_view/cmake/image_viewConfig-version.cmake
[0.844s] -- Up-to-date: /home/shengbin/camera_ws/install/image_view/share/image_view/package.xml
[1.241s] Invoked command in '/home/shengbin/camera_ws/build/image_view' returned '0': AMENT_PREFIX_PATH=/home/shengbin/camera_ws/install/image_transport:/home/shengbin/camera_ws/install/cv_bridge:/home/shengbin/camera_ws/install/camera_calibration_parsers:${AMENT_PREFIX_PATH} CMAKE_PREFIX_PATH=/home/shengbin/camera_ws/install/image_transport:/home/shengbin/camera_ws/install/cv_bridge:/home/shengbin/camera_ws/install/camera_calibration_parsers:/opt/ros/humble LD_LIBRARY_PATH=/home/shengbin/camera_ws/install/image_transport/lib:/home/shengbin/camera_ws/install/cv_bridge/lib:/home/shengbin/camera_ws/install/camera_calibration_parsers/lib:${LD_LIBRARY_PATH} PYTHONPATH=/home/shengbin/camera_ws/install/cv_bridge/local/lib/python3.10/dist-packages:${PYTHONPATH} /usr/bin/cmake --install /home/shengbin/camera_ws/build/image_view
