[0.958s] Invoking command in '/home/shengbin/camera_ws/src/camera': PYTHONPATH=/home/shengbin/camera_ws/build/camera/prefix_override:/home/shengbin/camera_ws/install/camera/lib/python3.10/site-packages:${PYTHONPATH} /usr/bin/python3 setup.py egg_info --egg-base ../../build/camera build --build-base /home/shengbin/camera_ws/build/camera/build install --record /home/shengbin/camera_ws/build/camera/install.log --single-version-externally-managed
[1.123s] running egg_info
[1.123s] creating ../../build/camera/camera.egg-info
[1.123s] writing ../../build/camera/camera.egg-info/PKG-INFO
[1.123s] writing dependency_links to ../../build/camera/camera.egg-info/dependency_links.txt
[1.123s] writing entry points to ../../build/camera/camera.egg-info/entry_points.txt
[1.123s] writing requirements to ../../build/camera/camera.egg-info/requires.txt
[1.123s] writing top-level names to ../../build/camera/camera.egg-info/top_level.txt
[1.123s] writing manifest file '../../build/camera/camera.egg-info/SOURCES.txt'
[1.124s] reading manifest file '../../build/camera/camera.egg-info/SOURCES.txt'
[1.124s] writing manifest file '../../build/camera/camera.egg-info/SOURCES.txt'
[1.124s] running build
[1.125s] running build_py
[1.125s] creating /home/shengbin/camera_ws/build/camera/build
[1.125s] creating /home/shengbin/camera_ws/build/camera/build/lib
[1.125s] creating /home/shengbin/camera_ws/build/camera/build/lib/camera
[1.125s] copying camera/__init__.py -> /home/shengbin/camera_ws/build/camera/build/lib/camera
[1.125s] running install
[1.125s] running install_lib
[1.125s] creating /home/shengbin/camera_ws/install/camera/lib/python3.10/site-packages/camera
[1.125s] copying /home/shengbin/camera_ws/build/camera/build/lib/camera/__init__.py -> /home/shengbin/camera_ws/install/camera/lib/python3.10/site-packages/camera
[1.125s] byte-compiling /home/shengbin/camera_ws/install/camera/lib/python3.10/site-packages/camera/__init__.py to __init__.cpython-310.pyc
[1.125s] running install_data
[1.126s] creating /home/shengbin/camera_ws/install/camera/share/ament_index
[1.126s] creating /home/shengbin/camera_ws/install/camera/share/ament_index/resource_index
[1.126s] creating /home/shengbin/camera_ws/install/camera/share/ament_index/resource_index/packages
[1.126s] copying resource/camera -> /home/shengbin/camera_ws/install/camera/share/ament_index/resource_index/packages
[1.126s] copying package.xml -> /home/shengbin/camera_ws/install/camera/share/camera
[1.126s] creating /home/shengbin/camera_ws/install/camera/share/camera/launch
[1.126s] copying launch/cam.launch.py -> /home/shengbin/camera_ws/install/camera/share/camera/launch
[1.126s] running install_egg_info
[1.127s] Copying ../../build/camera/camera.egg-info to /home/shengbin/camera_ws/install/camera/lib/python3.10/site-packages/camera-0.0.0-py3.10.egg-info
[1.127s] running install_scripts
[1.141s] writing list of installed files to '/home/shengbin/camera_ws/build/camera/install.log'
[1.617s] Invoked command in '/home/shengbin/camera_ws/src/camera' returned '0': PYTHONPATH=/home/shengbin/camera_ws/build/camera/prefix_override:/home/shengbin/camera_ws/install/camera/lib/python3.10/site-packages:${PYTHONPATH} /usr/bin/python3 setup.py egg_info --egg-base ../../build/camera build --build-base /home/shengbin/camera_ws/build/camera/build install --record /home/shengbin/camera_ws/build/camera/install.log --single-version-externally-managed
