[  3%] [32mBuilding CXX object gtest/CMakeFiles/gtest_main.dir/src/gtest_main.cc.o[0m
[  6%] [32mBuilding CXX object gtest/CMakeFiles/gtest.dir/src/gtest-all.cc.o[0m
[ 10%] [32mBuilding CXX object CMakeFiles/image_transport.dir/src/subscriber.cpp.o[0m
[ 13%] [32mBuilding CXX object CMakeFiles/image_transport.dir/src/camera_publisher.cpp.o[0m
[ 16%] [32mBuilding CXX object CMakeFiles/image_transport.dir/src/camera_common.cpp.o[0m
[ 20%] [32mBuilding CXX object CMakeFiles/image_transport.dir/src/publisher.cpp.o[0m
[ 23%] [32mBuilding CXX object CMakeFiles/image_transport.dir/src/camera_subscriber.cpp.o[0m
[ 26%] [32mBuilding CXX object CMakeFiles/image_transport.dir/src/single_subscriber_publisher.cpp.o[0m
[ 30%] [32mBuilding CXX object CMakeFiles/image_transport.dir/src/image_transport.cpp.o[0m
[ 33%] [32m[1mLinking CXX static library libgtest_main.a[0m
[ 33%] Built target gtest_main
[ 36%] [32m[1mLinking CXX static library libgtest.a[0m
[ 36%] Built target gtest
[ 40%] [32m[1mLinking CXX shared library libimage_transport.so[0m
[ 40%] Built target image_transport
[ 46%] [32mBuilding CXX object CMakeFiles/list_transports.dir/src/list_transports.cpp.o[0m
[ 46%] [32mBuilding CXX object CMakeFiles/image_transport_plugins.dir/src/manifest.cpp.o[0m
[ 50%] [32mBuilding CXX object CMakeFiles/image_transport-single_subscriber_publisher.dir/test/test_single_subscriber_publisher.cpp.o[0m
[ 53%] [32mBuilding CXX object CMakeFiles/image_transport-publisher.dir/test/test_publisher.cpp.o[0m
[ 56%] [32mBuilding CXX object CMakeFiles/image_transport-message_passing.dir/test/test_message_passing.cpp.o[0m
[ 60%] [32mBuilding CXX object CMakeFiles/republish.dir/src/republish.cpp.o[0m
[ 63%] [32mBuilding CXX object CMakeFiles/image_transport-camera_common.dir/test/test_camera_common.cpp.o[0m
[ 66%] [32mBuilding CXX object CMakeFiles/image_transport-subscriber.dir/test/test_subscriber.cpp.o[0m
[ 70%] [32mBuilding CXX object CMakeFiles/image_transport-remapping.dir/test/test_remapping.cpp.o[0m
[ 73%] [32m[1mLinking CXX executable image_transport-camera_common[0m
[ 73%] Built target image_transport-camera_common
[ 76%] [32m[1mLinking CXX executable image_transport-single_subscriber_publisher[0m
[ 80%] [32m[1mLinking CXX executable image_transport-publisher[0m
[ 80%] Built target image_transport-publisher
[ 80%] Built target image_transport-single_subscriber_publisher
[ 83%] [32m[1mLinking CXX executable image_transport-message_passing[0m
[ 83%] Built target image_transport-message_passing
[ 86%] [32m[1mLinking CXX executable image_transport-subscriber[0m
[ 90%] [32m[1mLinking CXX executable image_transport-remapping[0m
[ 90%] Built target image_transport-subscriber
[ 90%] Built target image_transport-remapping
[ 93%] [32m[1mLinking CXX executable list_transports[0m
[ 93%] Built target list_transports
[ 96%] [32m[1mLinking CXX executable republish[0m
[ 96%] Built target republish
[100%] [32m[1mLinking CXX shared library libimage_transport_plugins.so[0m
[100%] Built target image_transport_plugins
-- Install configuration: ""
-- Installing: /home/shengbin/camera_ws/install/image_transport/share/image_transport/default_plugins.xml
-- Installing: /home/shengbin/camera_ws/install/image_transport/lib/libimage_transport.so
-- Set runtime path of "/home/shengbin/camera_ws/install/image_transport/lib/libimage_transport.so" to ""
-- Installing: /home/shengbin/camera_ws/install/image_transport/lib/libimage_transport_plugins.so
-- Set runtime path of "/home/shengbin/camera_ws/install/image_transport/lib/libimage_transport_plugins.so" to ""
-- Up-to-date: /home/shengbin/camera_ws/install/image_transport/lib/libimage_transport.so
-- Installing: /home/shengbin/camera_ws/install/image_transport/lib/image_transport/list_transports
-- Set runtime path of "/home/shengbin/camera_ws/install/image_transport/lib/image_transport/list_transports" to ""
-- Installing: /home/shengbin/camera_ws/install/image_transport/lib/image_transport/republish
-- Set runtime path of "/home/shengbin/camera_ws/install/image_transport/lib/image_transport/republish" to ""
-- Installing: /home/shengbin/camera_ws/install/image_transport/include/image_transport
-- Installing: /home/shengbin/camera_ws/install/image_transport/include/image_transport/image_transport
-- Installing: /home/shengbin/camera_ws/install/image_transport/include/image_transport/image_transport/subscriber.hpp
-- Installing: /home/shengbin/camera_ws/install/image_transport/include/image_transport/image_transport/transport_hints.hpp
-- Installing: /home/shengbin/camera_ws/install/image_transport/include/image_transport/image_transport/loader_fwds.h
-- Installing: /home/shengbin/camera_ws/install/image_transport/include/image_transport/image_transport/publisher.h
-- Installing: /home/shengbin/camera_ws/install/image_transport/include/image_transport/image_transport/subscriber_filter.h
-- Installing: /home/shengbin/camera_ws/install/image_transport/include/image_transport/image_transport/camera_subscriber.hpp
-- Installing: /home/shengbin/camera_ws/install/image_transport/include/image_transport/image_transport/transport_hints.h
-- Installing: /home/shengbin/camera_ws/install/image_transport/include/image_transport/image_transport/visibility_control.hpp
-- Installing: /home/shengbin/camera_ws/install/image_transport/include/image_transport/image_transport/publisher.hpp
-- Installing: /home/shengbin/camera_ws/install/image_transport/include/image_transport/image_transport/camera_common.h
-- Installing: /home/shengbin/camera_ws/install/image_transport/include/image_transport/image_transport/simple_publisher_plugin.hpp
-- Installing: /home/shengbin/camera_ws/install/image_transport/include/image_transport/image_transport/subscriber_plugin.h
-- Installing: /home/shengbin/camera_ws/install/image_transport/include/image_transport/image_transport/raw_subscriber.h
-- Installing: /home/shengbin/camera_ws/install/image_transport/include/image_transport/image_transport/camera_publisher.h
-- Installing: /home/shengbin/camera_ws/install/image_transport/include/image_transport/image_transport/image_transport.hpp
-- Installing: /home/shengbin/camera_ws/install/image_transport/include/image_transport/image_transport/camera_subscriber.h
-- Installing: /home/shengbin/camera_ws/install/image_transport/include/image_transport/image_transport/camera_common.hpp
-- Installing: /home/shengbin/camera_ws/install/image_transport/include/image_transport/image_transport/simple_publisher_plugin.h
-- Installing: /home/shengbin/camera_ws/install/image_transport/include/image_transport/image_transport/loader_fwds.hpp
-- Installing: /home/shengbin/camera_ws/install/image_transport/include/image_transport/image_transport/subscriber_filter.hpp
-- Installing: /home/shengbin/camera_ws/install/image_transport/include/image_transport/image_transport/simple_subscriber_plugin.hpp
-- Installing: /home/shengbin/camera_ws/install/image_transport/include/image_transport/image_transport/image_transport.h
-- Installing: /home/shengbin/camera_ws/install/image_transport/include/image_transport/image_transport/raw_subscriber.hpp
-- Installing: /home/shengbin/camera_ws/install/image_transport/include/image_transport/image_transport/exception.h
-- Installing: /home/shengbin/camera_ws/install/image_transport/include/image_transport/image_transport/publisher_plugin.h
-- Installing: /home/shengbin/camera_ws/install/image_transport/include/image_transport/image_transport/single_subscriber_publisher.h
-- Installing: /home/shengbin/camera_ws/install/image_transport/include/image_transport/image_transport/simple_subscriber_plugin.h
-- Installing: /home/shengbin/camera_ws/install/image_transport/include/image_transport/image_transport/raw_publisher.h
-- Installing: /home/shengbin/camera_ws/install/image_transport/include/image_transport/image_transport/subscriber_plugin.hpp
-- Installing: /home/shengbin/camera_ws/install/image_transport/include/image_transport/image_transport/camera_publisher.hpp
-- Installing: /home/shengbin/camera_ws/install/image_transport/include/image_transport/image_transport/subscriber.h
-- Installing: /home/shengbin/camera_ws/install/image_transport/include/image_transport/image_transport/raw_publisher.hpp
-- Installing: /home/shengbin/camera_ws/install/image_transport/include/image_transport/image_transport/single_subscriber_publisher.hpp
-- Installing: /home/shengbin/camera_ws/install/image_transport/include/image_transport/image_transport/publisher_plugin.hpp
-- Installing: /home/shengbin/camera_ws/install/image_transport/include/image_transport/image_transport/exception.hpp
-- Installing: /home/shengbin/camera_ws/install/image_transport/share/ament_index/resource_index/package_run_dependencies/image_transport
-- Installing: /home/shengbin/camera_ws/install/image_transport/share/ament_index/resource_index/parent_prefix_path/image_transport
-- Installing: /home/shengbin/camera_ws/install/image_transport/share/image_transport/environment/ament_prefix_path.sh
-- Installing: /home/shengbin/camera_ws/install/image_transport/share/image_transport/environment/ament_prefix_path.dsv
-- Installing: /home/shengbin/camera_ws/install/image_transport/share/image_transport/environment/path.sh
-- Installing: /home/shengbin/camera_ws/install/image_transport/share/image_transport/environment/path.dsv
-- Installing: /home/shengbin/camera_ws/install/image_transport/share/image_transport/local_setup.bash
-- Installing: /home/shengbin/camera_ws/install/image_transport/share/image_transport/local_setup.sh
-- Installing: /home/shengbin/camera_ws/install/image_transport/share/image_transport/local_setup.zsh
-- Installing: /home/shengbin/camera_ws/install/image_transport/share/image_transport/local_setup.dsv
-- Installing: /home/shengbin/camera_ws/install/image_transport/share/image_transport/package.dsv
-- Installing: /home/shengbin/camera_ws/install/image_transport/share/ament_index/resource_index/packages/image_transport
-- Installing: /home/shengbin/camera_ws/install/image_transport/share/ament_index/resource_index/image_transport__pluginlib__plugin/image_transport
-- Installing: /home/shengbin/camera_ws/install/image_transport/share/image_transport/cmake/export_image_transportExport.cmake
-- Installing: /home/shengbin/camera_ws/install/image_transport/share/image_transport/cmake/export_image_transportExport-noconfig.cmake
-- Installing: /home/shengbin/camera_ws/install/image_transport/share/image_transport/cmake/ament_cmake_export_targets-extras.cmake
-- Installing: /home/shengbin/camera_ws/install/image_transport/share/image_transport/cmake/ament_cmake_export_dependencies-extras.cmake
-- Installing: /home/shengbin/camera_ws/install/image_transport/share/image_transport/cmake/image_transportConfig.cmake
-- Installing: /home/shengbin/camera_ws/install/image_transport/share/image_transport/cmake/image_transportConfig-version.cmake
-- Installing: /home/shengbin/camera_ws/install/image_transport/share/image_transport/package.xml
