[0.552s] Invoking command in '/home/shengbin/camera_ws/build/theora_image_transport': AMENT_PREFIX_PATH=/home/shengbin/camera_ws/install/image_transport:/home/shengbin/camera_ws/install/cv_bridge:${AMENT_PREFIX_PATH} CMAKE_PREFIX_PATH=/home/shengbin/camera_ws/install/image_transport:/home/shengbin/camera_ws/install/cv_bridge:/opt/ros/humble LD_LIBRARY_PATH=/home/shengbin/camera_ws/install/image_transport/lib:/home/shengbin/camera_ws/install/cv_bridge/lib:${LD_LIBRARY_PATH} PYTHONPATH=/home/shengbin/camera_ws/install/cv_bridge/local/lib/python3.10/dist-packages:${PYTHONPATH} /usr/bin/cmake --build /home/shengbin/camera_ws/build/theora_image_transport -- -j16 -l16
[0.603s] [  2%] Built target theora_image_transport__cpp
[0.603s] [ 10%] Built target theora_image_transport__rosidl_generator_c
[0.614s] [ 10%] Built target ament_cmake_python_copy_theora_image_transport
[0.626s] [ 18%] Built target theora_image_transport__rosidl_typesupport_cpp
[0.635s] [ 27%] Built target theora_image_transport__rosidl_typesupport_fastrtps_cpp
[0.637s] [ 35%] Built target theora_image_transport__rosidl_typesupport_introspection_cpp
[0.638s] [ 43%] Built target theora_image_transport__rosidl_typesupport_c
[0.640s] [ 51%] Built target theora_image_transport__rosidl_typesupport_introspection_c
[0.641s] [ 59%] Built target theora_image_transport__rosidl_typesupport_fastrtps_c
[0.649s] [ 70%] Built target theora_image_transport_component
[0.654s] [ 75%] Built target ogg_saver
[0.658s] [ 75%] Built target theora_image_transport
[0.675s] [ 78%] Built target theora_image_transport__py
[0.694s] [ 83%] Built target theora_image_transport__rosidl_generator_py
[0.714s] [ 89%] Built target theora_image_transport__rosidl_typesupport_fastrtps_c__pyext
[0.720s] [ 94%] Built target theora_image_transport__rosidl_typesupport_c__pyext
[0.720s] [100%] Built target theora_image_transport__rosidl_typesupport_introspection_c__pyext
[0.867s] running egg_info
[0.868s] writing theora_image_transport.egg-info/PKG-INFO
[0.868s] writing dependency_links to theora_image_transport.egg-info/dependency_links.txt
[0.868s] writing top-level names to theora_image_transport.egg-info/top_level.txt
[0.870s] reading manifest file 'theora_image_transport.egg-info/SOURCES.txt'
[0.870s] writing manifest file 'theora_image_transport.egg-info/SOURCES.txt'
[0.896s] [100%] Built target ament_cmake_python_build_theora_image_transport_egg
[1.202s] Invoked command in '/home/shengbin/camera_ws/build/theora_image_transport' returned '0': AMENT_PREFIX_PATH=/home/shengbin/camera_ws/install/image_transport:/home/shengbin/camera_ws/install/cv_bridge:${AMENT_PREFIX_PATH} CMAKE_PREFIX_PATH=/home/shengbin/camera_ws/install/image_transport:/home/shengbin/camera_ws/install/cv_bridge:/opt/ros/humble LD_LIBRARY_PATH=/home/shengbin/camera_ws/install/image_transport/lib:/home/shengbin/camera_ws/install/cv_bridge/lib:${LD_LIBRARY_PATH} PYTHONPATH=/home/shengbin/camera_ws/install/cv_bridge/local/lib/python3.10/dist-packages:${PYTHONPATH} /usr/bin/cmake --build /home/shengbin/camera_ws/build/theora_image_transport -- -j16 -l16
[1.524s] Invoking command in '/home/shengbin/camera_ws/build/theora_image_transport': AMENT_PREFIX_PATH=/home/shengbin/camera_ws/install/image_transport:/home/shengbin/camera_ws/install/cv_bridge:${AMENT_PREFIX_PATH} CMAKE_PREFIX_PATH=/home/shengbin/camera_ws/install/image_transport:/home/shengbin/camera_ws/install/cv_bridge:/opt/ros/humble LD_LIBRARY_PATH=/home/shengbin/camera_ws/install/image_transport/lib:/home/shengbin/camera_ws/install/cv_bridge/lib:${LD_LIBRARY_PATH} PYTHONPATH=/home/shengbin/camera_ws/install/cv_bridge/local/lib/python3.10/dist-packages:${PYTHONPATH} /usr/bin/cmake --install /home/shengbin/camera_ws/build/theora_image_transport
[1.528s] -- Install configuration: ""
[1.528s] -- Up-to-date: /home/shengbin/camera_ws/install/theora_image_transport/share/ament_index/resource_index/rosidl_interfaces/theora_image_transport
[1.528s] -- Up-to-date: /home/shengbin/camera_ws/install/theora_image_transport/include/theora_image_transport/theora_image_transport
[1.528s] -- Up-to-date: /home/shengbin/camera_ws/install/theora_image_transport/include/theora_image_transport/theora_image_transport/msg
[1.529s] -- Up-to-date: /home/shengbin/camera_ws/install/theora_image_transport/include/theora_image_transport/theora_image_transport/msg/detail
[1.529s] -- Up-to-date: /home/shengbin/camera_ws/install/theora_image_transport/include/theora_image_transport/theora_image_transport/msg/detail/packet__functions.c
[1.529s] -- Up-to-date: /home/shengbin/camera_ws/install/theora_image_transport/include/theora_image_transport/theora_image_transport/msg/detail/packet__struct.h
[1.529s] -- Up-to-date: /home/shengbin/camera_ws/install/theora_image_transport/include/theora_image_transport/theora_image_transport/msg/detail/packet__functions.h
[1.529s] -- Up-to-date: /home/shengbin/camera_ws/install/theora_image_transport/include/theora_image_transport/theora_image_transport/msg/detail/packet__type_support.h
[1.529s] -- Up-to-date: /home/shengbin/camera_ws/install/theora_image_transport/include/theora_image_transport/theora_image_transport/msg/rosidl_generator_c__visibility_control.h
[1.529s] -- Up-to-date: /home/shengbin/camera_ws/install/theora_image_transport/include/theora_image_transport/theora_image_transport/msg/packet.h
[1.529s] -- Up-to-date: /home/shengbin/camera_ws/install/theora_image_transport/share/theora_image_transport/environment/library_path.sh
[1.529s] -- Up-to-date: /home/shengbin/camera_ws/install/theora_image_transport/share/theora_image_transport/environment/library_path.dsv
[1.529s] -- Up-to-date: /home/shengbin/camera_ws/install/theora_image_transport/lib/libtheora_image_transport__rosidl_generator_c.so
[1.529s] -- Up-to-date: /home/shengbin/camera_ws/install/theora_image_transport/include/theora_image_transport/theora_image_transport
[1.529s] -- Up-to-date: /home/shengbin/camera_ws/install/theora_image_transport/include/theora_image_transport/theora_image_transport/msg
[1.529s] -- Up-to-date: /home/shengbin/camera_ws/install/theora_image_transport/include/theora_image_transport/theora_image_transport/msg/detail
[1.529s] -- Up-to-date: /home/shengbin/camera_ws/install/theora_image_transport/include/theora_image_transport/theora_image_transport/msg/detail/packet__rosidl_typesupport_fastrtps_c.h
[1.529s] -- Up-to-date: /home/shengbin/camera_ws/install/theora_image_transport/include/theora_image_transport/theora_image_transport/msg/rosidl_typesupport_fastrtps_c__visibility_control.h
[1.529s] -- Up-to-date: /home/shengbin/camera_ws/install/theora_image_transport/lib/libtheora_image_transport__rosidl_typesupport_fastrtps_c.so
[1.529s] -- Up-to-date: /home/shengbin/camera_ws/install/theora_image_transport/include/theora_image_transport/theora_image_transport
[1.529s] -- Up-to-date: /home/shengbin/camera_ws/install/theora_image_transport/include/theora_image_transport/theora_image_transport/msg
[1.529s] -- Up-to-date: /home/shengbin/camera_ws/install/theora_image_transport/include/theora_image_transport/theora_image_transport/msg/packet.hpp
[1.529s] -- Up-to-date: /home/shengbin/camera_ws/install/theora_image_transport/include/theora_image_transport/theora_image_transport/msg/detail
[1.529s] -- Up-to-date: /home/shengbin/camera_ws/install/theora_image_transport/include/theora_image_transport/theora_image_transport/msg/detail/packet__struct.hpp
[1.529s] -- Up-to-date: /home/shengbin/camera_ws/install/theora_image_transport/include/theora_image_transport/theora_image_transport/msg/detail/packet__traits.hpp
[1.529s] -- Up-to-date: /home/shengbin/camera_ws/install/theora_image_transport/include/theora_image_transport/theora_image_transport/msg/detail/packet__builder.hpp
[1.529s] -- Up-to-date: /home/shengbin/camera_ws/install/theora_image_transport/include/theora_image_transport/theora_image_transport
[1.529s] -- Up-to-date: /home/shengbin/camera_ws/install/theora_image_transport/include/theora_image_transport/theora_image_transport/msg
[1.529s] -- Up-to-date: /home/shengbin/camera_ws/install/theora_image_transport/include/theora_image_transport/theora_image_transport/msg/rosidl_typesupport_fastrtps_cpp__visibility_control.h
[1.530s] -- Up-to-date: /home/shengbin/camera_ws/install/theora_image_transport/include/theora_image_transport/theora_image_transport/msg/detail
[1.530s] -- Up-to-date: /home/shengbin/camera_ws/install/theora_image_transport/include/theora_image_transport/theora_image_transport/msg/detail/dds_fastrtps
[1.530s] -- Up-to-date: /home/shengbin/camera_ws/install/theora_image_transport/include/theora_image_transport/theora_image_transport/msg/detail/packet__rosidl_typesupport_fastrtps_cpp.hpp
[1.530s] -- Up-to-date: /home/shengbin/camera_ws/install/theora_image_transport/lib/libtheora_image_transport__rosidl_typesupport_fastrtps_cpp.so
[1.530s] -- Up-to-date: /home/shengbin/camera_ws/install/theora_image_transport/include/theora_image_transport/theora_image_transport
[1.530s] -- Up-to-date: /home/shengbin/camera_ws/install/theora_image_transport/include/theora_image_transport/theora_image_transport/msg
[1.530s] -- Up-to-date: /home/shengbin/camera_ws/install/theora_image_transport/include/theora_image_transport/theora_image_transport/msg/detail
[1.530s] -- Up-to-date: /home/shengbin/camera_ws/install/theora_image_transport/include/theora_image_transport/theora_image_transport/msg/detail/packet__type_support.c
[1.530s] -- Up-to-date: /home/shengbin/camera_ws/install/theora_image_transport/include/theora_image_transport/theora_image_transport/msg/detail/packet__rosidl_typesupport_introspection_c.h
[1.530s] -- Up-to-date: /home/shengbin/camera_ws/install/theora_image_transport/include/theora_image_transport/theora_image_transport/msg/rosidl_typesupport_introspection_c__visibility_control.h
[1.530s] -- Up-to-date: /home/shengbin/camera_ws/install/theora_image_transport/lib/libtheora_image_transport__rosidl_typesupport_introspection_c.so
[1.530s] -- Up-to-date: /home/shengbin/camera_ws/install/theora_image_transport/lib/libtheora_image_transport__rosidl_typesupport_c.so
[1.530s] -- Up-to-date: /home/shengbin/camera_ws/install/theora_image_transport/include/theora_image_transport/theora_image_transport
[1.530s] -- Up-to-date: /home/shengbin/camera_ws/install/theora_image_transport/include/theora_image_transport/theora_image_transport/msg
[1.530s] -- Up-to-date: /home/shengbin/camera_ws/install/theora_image_transport/include/theora_image_transport/theora_image_transport/msg/detail
[1.530s] -- Up-to-date: /home/shengbin/camera_ws/install/theora_image_transport/include/theora_image_transport/theora_image_transport/msg/detail/packet__type_support.cpp
[1.530s] -- Up-to-date: /home/shengbin/camera_ws/install/theora_image_transport/include/theora_image_transport/theora_image_transport/msg/detail/packet__rosidl_typesupport_introspection_cpp.hpp
[1.530s] -- Up-to-date: /home/shengbin/camera_ws/install/theora_image_transport/lib/libtheora_image_transport__rosidl_typesupport_introspection_cpp.so
[1.530s] -- Up-to-date: /home/shengbin/camera_ws/install/theora_image_transport/lib/libtheora_image_transport__rosidl_typesupport_cpp.so
[1.530s] -- Up-to-date: /home/shengbin/camera_ws/install/theora_image_transport/share/theora_image_transport/environment/pythonpath.sh
[1.530s] -- Up-to-date: /home/shengbin/camera_ws/install/theora_image_transport/share/theora_image_transport/environment/pythonpath.dsv
[1.530s] -- Up-to-date: /home/shengbin/camera_ws/install/theora_image_transport/local/lib/python3.10/dist-packages/theora_image_transport-2.5.0-py3.10.egg-info
[1.530s] -- Installing: /home/shengbin/camera_ws/install/theora_image_transport/local/lib/python3.10/dist-packages/theora_image_transport-2.5.0-py3.10.egg-info/dependency_links.txt
[1.530s] -- Installing: /home/shengbin/camera_ws/install/theora_image_transport/local/lib/python3.10/dist-packages/theora_image_transport-2.5.0-py3.10.egg-info/SOURCES.txt
[1.530s] -- Installing: /home/shengbin/camera_ws/install/theora_image_transport/local/lib/python3.10/dist-packages/theora_image_transport-2.5.0-py3.10.egg-info/PKG-INFO
[1.530s] -- Installing: /home/shengbin/camera_ws/install/theora_image_transport/local/lib/python3.10/dist-packages/theora_image_transport-2.5.0-py3.10.egg-info/top_level.txt
[1.530s] -- Up-to-date: /home/shengbin/camera_ws/install/theora_image_transport/local/lib/python3.10/dist-packages/theora_image_transport
[1.530s] -- Up-to-date: /home/shengbin/camera_ws/install/theora_image_transport/local/lib/python3.10/dist-packages/theora_image_transport/theora_image_transport_s__rosidl_typesupport_introspection_c.cpython-310-x86_64-linux-gnu.so
[1.531s] -- Up-to-date: /home/shengbin/camera_ws/install/theora_image_transport/local/lib/python3.10/dist-packages/theora_image_transport/_theora_image_transport_s.ep.rosidl_typesupport_c.c
[1.531s] -- Up-to-date: /home/shengbin/camera_ws/install/theora_image_transport/local/lib/python3.10/dist-packages/theora_image_transport/_theora_image_transport_s.ep.rosidl_typesupport_fastrtps_c.c
[1.531s] -- Up-to-date: /home/shengbin/camera_ws/install/theora_image_transport/local/lib/python3.10/dist-packages/theora_image_transport/msg
[1.531s] -- Up-to-date: /home/shengbin/camera_ws/install/theora_image_transport/local/lib/python3.10/dist-packages/theora_image_transport/msg/_packet.py
[1.531s] -- Up-to-date: /home/shengbin/camera_ws/install/theora_image_transport/local/lib/python3.10/dist-packages/theora_image_transport/msg/_packet_s.c
[1.531s] -- Up-to-date: /home/shengbin/camera_ws/install/theora_image_transport/local/lib/python3.10/dist-packages/theora_image_transport/msg/__init__.py
[1.531s] -- Up-to-date: /home/shengbin/camera_ws/install/theora_image_transport/local/lib/python3.10/dist-packages/theora_image_transport/libtheora_image_transport__rosidl_generator_py.so
[1.531s] -- Up-to-date: /home/shengbin/camera_ws/install/theora_image_transport/local/lib/python3.10/dist-packages/theora_image_transport/theora_image_transport_s__rosidl_typesupport_c.cpython-310-x86_64-linux-gnu.so
[1.531s] -- Up-to-date: /home/shengbin/camera_ws/install/theora_image_transport/local/lib/python3.10/dist-packages/theora_image_transport/theora_image_transport_s__rosidl_typesupport_fastrtps_c.cpython-310-x86_64-linux-gnu.so
[1.531s] -- Up-to-date: /home/shengbin/camera_ws/install/theora_image_transport/local/lib/python3.10/dist-packages/theora_image_transport/_theora_image_transport_s.ep.rosidl_typesupport_introspection_c.c
[1.531s] -- Up-to-date: /home/shengbin/camera_ws/install/theora_image_transport/local/lib/python3.10/dist-packages/theora_image_transport/__init__.py
[1.552s] Listing '/home/shengbin/camera_ws/install/theora_image_transport/local/lib/python3.10/dist-packages/theora_image_transport'...
[1.552s] Listing '/home/shengbin/camera_ws/install/theora_image_transport/local/lib/python3.10/dist-packages/theora_image_transport/msg'...
[1.555s] -- Up-to-date: /home/shengbin/camera_ws/install/theora_image_transport/local/lib/python3.10/dist-packages/theora_image_transport/theora_image_transport_s__rosidl_typesupport_fastrtps_c.cpython-310-x86_64-linux-gnu.so
[1.556s] -- Up-to-date: /home/shengbin/camera_ws/install/theora_image_transport/local/lib/python3.10/dist-packages/theora_image_transport/theora_image_transport_s__rosidl_typesupport_introspection_c.cpython-310-x86_64-linux-gnu.so
[1.556s] -- Up-to-date: /home/shengbin/camera_ws/install/theora_image_transport/local/lib/python3.10/dist-packages/theora_image_transport/theora_image_transport_s__rosidl_typesupport_c.cpython-310-x86_64-linux-gnu.so
[1.556s] -- Up-to-date: /home/shengbin/camera_ws/install/theora_image_transport/lib/libtheora_image_transport__rosidl_generator_py.so
[1.557s] -- Up-to-date: /home/shengbin/camera_ws/install/theora_image_transport/share/theora_image_transport/msg/Packet.idl
[1.557s] -- Up-to-date: /home/shengbin/camera_ws/install/theora_image_transport/share/theora_image_transport/msg/Packet.msg
[1.557s] -- Up-to-date: /home/shengbin/camera_ws/install/theora_image_transport/lib/libtheora_image_transport_component.so
[1.558s] -- Up-to-date: /home/shengbin/camera_ws/install/theora_image_transport/lib/theora_image_transport/ogg_saver
[1.558s] -- Up-to-date: /home/shengbin/camera_ws/install/theora_image_transport/include/theora_image_transport
[1.558s] -- Up-to-date: /home/shengbin/camera_ws/install/theora_image_transport/include/theora_image_transport/theora_image_transport
[1.558s] -- Up-to-date: /home/shengbin/camera_ws/install/theora_image_transport/include/theora_image_transport/theora_image_transport/theora_publisher.h
[1.559s] -- Up-to-date: /home/shengbin/camera_ws/install/theora_image_transport/include/theora_image_transport/theora_image_transport/theora_subscriber.h
[1.559s] -- Up-to-date: /home/shengbin/camera_ws/install/theora_image_transport/share/theora_image_transport/theora_plugins.xml
[1.559s] -- Up-to-date: /home/shengbin/camera_ws/install/theora_image_transport/share/ament_index/resource_index/package_run_dependencies/theora_image_transport
[1.559s] -- Up-to-date: /home/shengbin/camera_ws/install/theora_image_transport/share/ament_index/resource_index/parent_prefix_path/theora_image_transport
[1.560s] -- Up-to-date: /home/shengbin/camera_ws/install/theora_image_transport/share/theora_image_transport/environment/ament_prefix_path.sh
[1.560s] -- Up-to-date: /home/shengbin/camera_ws/install/theora_image_transport/share/theora_image_transport/environment/ament_prefix_path.dsv
[1.560s] -- Up-to-date: /home/shengbin/camera_ws/install/theora_image_transport/share/theora_image_transport/environment/path.sh
[1.560s] -- Up-to-date: /home/shengbin/camera_ws/install/theora_image_transport/share/theora_image_transport/environment/path.dsv
[1.560s] -- Up-to-date: /home/shengbin/camera_ws/install/theora_image_transport/share/theora_image_transport/local_setup.bash
[1.560s] -- Up-to-date: /home/shengbin/camera_ws/install/theora_image_transport/share/theora_image_transport/local_setup.sh
[1.560s] -- Up-to-date: /home/shengbin/camera_ws/install/theora_image_transport/share/theora_image_transport/local_setup.zsh
[1.560s] -- Up-to-date: /home/shengbin/camera_ws/install/theora_image_transport/share/theora_image_transport/local_setup.dsv
[1.560s] -- Installing: /home/shengbin/camera_ws/install/theora_image_transport/share/theora_image_transport/package.dsv
[1.560s] -- Up-to-date: /home/shengbin/camera_ws/install/theora_image_transport/share/ament_index/resource_index/packages/theora_image_transport
[1.560s] -- Up-to-date: /home/shengbin/camera_ws/install/theora_image_transport/share/ament_index/resource_index/image_transport__pluginlib__plugin/theora_image_transport
[1.560s] -- Up-to-date: /home/shengbin/camera_ws/install/theora_image_transport/share/theora_image_transport/cmake/export_theora_image_transport__rosidl_generator_cExport.cmake
[1.561s] -- Up-to-date: /home/shengbin/camera_ws/install/theora_image_transport/share/theora_image_transport/cmake/export_theora_image_transport__rosidl_generator_cExport-noconfig.cmake
[1.561s] -- Up-to-date: /home/shengbin/camera_ws/install/theora_image_transport/share/theora_image_transport/cmake/export_theora_image_transport__rosidl_typesupport_fastrtps_cExport.cmake
[1.561s] -- Up-to-date: /home/shengbin/camera_ws/install/theora_image_transport/share/theora_image_transport/cmake/export_theora_image_transport__rosidl_typesupport_fastrtps_cExport-noconfig.cmake
[1.561s] -- Up-to-date: /home/shengbin/camera_ws/install/theora_image_transport/share/theora_image_transport/cmake/export_theora_image_transport__rosidl_generator_cppExport.cmake
[1.561s] -- Up-to-date: /home/shengbin/camera_ws/install/theora_image_transport/share/theora_image_transport/cmake/export_theora_image_transport__rosidl_typesupport_fastrtps_cppExport.cmake
[1.561s] -- Up-to-date: /home/shengbin/camera_ws/install/theora_image_transport/share/theora_image_transport/cmake/export_theora_image_transport__rosidl_typesupport_fastrtps_cppExport-noconfig.cmake
[1.561s] -- Up-to-date: /home/shengbin/camera_ws/install/theora_image_transport/share/theora_image_transport/cmake/theora_image_transport__rosidl_typesupport_introspection_cExport.cmake
[1.561s] -- Up-to-date: /home/shengbin/camera_ws/install/theora_image_transport/share/theora_image_transport/cmake/theora_image_transport__rosidl_typesupport_introspection_cExport-noconfig.cmake
[1.561s] -- Up-to-date: /home/shengbin/camera_ws/install/theora_image_transport/share/theora_image_transport/cmake/theora_image_transport__rosidl_typesupport_cExport.cmake
[1.561s] -- Up-to-date: /home/shengbin/camera_ws/install/theora_image_transport/share/theora_image_transport/cmake/theora_image_transport__rosidl_typesupport_cExport-noconfig.cmake
[1.561s] -- Up-to-date: /home/shengbin/camera_ws/install/theora_image_transport/share/theora_image_transport/cmake/theora_image_transport__rosidl_typesupport_introspection_cppExport.cmake
[1.561s] -- Up-to-date: /home/shengbin/camera_ws/install/theora_image_transport/share/theora_image_transport/cmake/theora_image_transport__rosidl_typesupport_introspection_cppExport-noconfig.cmake
[1.561s] -- Up-to-date: /home/shengbin/camera_ws/install/theora_image_transport/share/theora_image_transport/cmake/theora_image_transport__rosidl_typesupport_cppExport.cmake
[1.561s] -- Up-to-date: /home/shengbin/camera_ws/install/theora_image_transport/share/theora_image_transport/cmake/theora_image_transport__rosidl_typesupport_cppExport-noconfig.cmake
[1.561s] -- Up-to-date: /home/shengbin/camera_ws/install/theora_image_transport/share/theora_image_transport/cmake/export_theora_image_transport__rosidl_generator_pyExport.cmake
[1.561s] -- Up-to-date: /home/shengbin/camera_ws/install/theora_image_transport/share/theora_image_transport/cmake/export_theora_image_transport__rosidl_generator_pyExport-noconfig.cmake
[1.561s] -- Up-to-date: /home/shengbin/camera_ws/install/theora_image_transport/share/theora_image_transport/cmake/export_theora_image_transport_componentExport.cmake
[1.561s] -- Up-to-date: /home/shengbin/camera_ws/install/theora_image_transport/share/theora_image_transport/cmake/export_theora_image_transport_componentExport-noconfig.cmake
[1.561s] -- Up-to-date: /home/shengbin/camera_ws/install/theora_image_transport/share/theora_image_transport/cmake/rosidl_cmake-extras.cmake
[1.561s] -- Up-to-date: /home/shengbin/camera_ws/install/theora_image_transport/share/theora_image_transport/cmake/ament_cmake_export_dependencies-extras.cmake
[1.561s] -- Up-to-date: /home/shengbin/camera_ws/install/theora_image_transport/share/theora_image_transport/cmake/ament_cmake_export_include_directories-extras.cmake
[1.561s] -- Up-to-date: /home/shengbin/camera_ws/install/theora_image_transport/share/theora_image_transport/cmake/ament_cmake_export_libraries-extras.cmake
[1.562s] -- Up-to-date: /home/shengbin/camera_ws/install/theora_image_transport/share/theora_image_transport/cmake/ament_cmake_export_targets-extras.cmake
[1.562s] -- Up-to-date: /home/shengbin/camera_ws/install/theora_image_transport/share/theora_image_transport/cmake/rosidl_cmake_export_typesupport_targets-extras.cmake
[1.562s] -- Up-to-date: /home/shengbin/camera_ws/install/theora_image_transport/share/theora_image_transport/cmake/rosidl_cmake_export_typesupport_libraries-extras.cmake
[1.562s] -- Up-to-date: /home/shengbin/camera_ws/install/theora_image_transport/share/theora_image_transport/cmake/theora_image_transportConfig.cmake
[1.562s] -- Up-to-date: /home/shengbin/camera_ws/install/theora_image_transport/share/theora_image_transport/cmake/theora_image_transportConfig-version.cmake
[1.562s] -- Up-to-date: /home/shengbin/camera_ws/install/theora_image_transport/share/theora_image_transport/package.xml
[1.738s] Invoked command in '/home/shengbin/camera_ws/build/theora_image_transport' returned '0': AMENT_PREFIX_PATH=/home/shengbin/camera_ws/install/image_transport:/home/shengbin/camera_ws/install/cv_bridge:${AMENT_PREFIX_PATH} CMAKE_PREFIX_PATH=/home/shengbin/camera_ws/install/image_transport:/home/shengbin/camera_ws/install/cv_bridge:/opt/ros/humble LD_LIBRARY_PATH=/home/shengbin/camera_ws/install/image_transport/lib:/home/shengbin/camera_ws/install/cv_bridge/lib:${LD_LIBRARY_PATH} PYTHONPATH=/home/shengbin/camera_ws/install/cv_bridge/local/lib/python3.10/dist-packages:${PYTHONPATH} /usr/bin/cmake --install /home/shengbin/camera_ws/build/theora_image_transport
