[100%] Built target depth_image_proc
-- Install configuration: ""
-- Up-to-date: /home/shengbin/camera_ws/install/depth_image_proc/include
-- Up-to-date: /home/shengbin/camera_ws/install/depth_image_proc/include/depth_image_proc
-- Up-to-date: /home/shengbin/camera_ws/install/depth_image_proc/include/depth_image_proc/point_cloud_xyzrgb_radial.hpp
-- Up-to-date: /home/shengbin/camera_ws/install/depth_image_proc/include/depth_image_proc/point_cloud_xyzrgb.hpp
-- Up-to-date: /home/shengbin/camera_ws/install/depth_image_proc/include/depth_image_proc/point_cloud_xyz_radial.hpp
-- Up-to-date: /home/shengbin/camera_ws/install/depth_image_proc/include/depth_image_proc/point_cloud_xyzi.hpp
-- Up-to-date: /home/shengbin/camera_ws/install/depth_image_proc/include/depth_image_proc/conversions.hpp
-- Up-to-date: /home/shengbin/camera_ws/install/depth_image_proc/include/depth_image_proc/point_cloud_xyz.hpp
-- Up-to-date: /home/shengbin/camera_ws/install/depth_image_proc/include/depth_image_proc/visibility.h
-- Up-to-date: /home/shengbin/camera_ws/install/depth_image_proc/include/depth_image_proc/depth_traits.hpp
-- Up-to-date: /home/shengbin/camera_ws/install/depth_image_proc/include/depth_image_proc/point_cloud_xyzi_radial.hpp
-- Up-to-date: /home/shengbin/camera_ws/install/depth_image_proc/share/depth_image_proc/environment/library_path.sh
-- Up-to-date: /home/shengbin/camera_ws/install/depth_image_proc/share/depth_image_proc/environment/library_path.dsv
-- Up-to-date: /home/shengbin/camera_ws/install/depth_image_proc/lib/libdepth_image_proc.so
-- Up-to-date: /home/shengbin/camera_ws/install/depth_image_proc/share/depth_image_proc/launch
-- Up-to-date: /home/shengbin/camera_ws/install/depth_image_proc/share/depth_image_proc/launch/point_cloud_xyz_radial.launch.py
-- Up-to-date: /home/shengbin/camera_ws/install/depth_image_proc/share/depth_image_proc/launch/point_cloud_xyzi.launch.py
-- Up-to-date: /home/shengbin/camera_ws/install/depth_image_proc/share/depth_image_proc/launch/rviz
-- Up-to-date: /home/shengbin/camera_ws/install/depth_image_proc/share/depth_image_proc/launch/rviz/convert_metric.rviz
-- Up-to-date: /home/shengbin/camera_ws/install/depth_image_proc/share/depth_image_proc/launch/rviz/point_cloud_xyz_radial.rviz
-- Up-to-date: /home/shengbin/camera_ws/install/depth_image_proc/share/depth_image_proc/launch/rviz/point_cloud_xyzi.rviz
-- Up-to-date: /home/shengbin/camera_ws/install/depth_image_proc/share/depth_image_proc/launch/rviz/crop_formost.rviz
-- Up-to-date: /home/shengbin/camera_ws/install/depth_image_proc/share/depth_image_proc/launch/rviz/disparity.rviz
-- Up-to-date: /home/shengbin/camera_ws/install/depth_image_proc/share/depth_image_proc/launch/rviz/point_cloud_xyzrgb.rviz
-- Up-to-date: /home/shengbin/camera_ws/install/depth_image_proc/share/depth_image_proc/launch/rviz/point_cloud_xyz.rviz
-- Up-to-date: /home/shengbin/camera_ws/install/depth_image_proc/share/depth_image_proc/launch/rviz/register.rviz
-- Up-to-date: /home/shengbin/camera_ws/install/depth_image_proc/share/depth_image_proc/launch/point_cloud_xyzrgb.launch.py
-- Up-to-date: /home/shengbin/camera_ws/install/depth_image_proc/share/depth_image_proc/launch/point_cloud_xyzi_radial.launch.py
-- Up-to-date: /home/shengbin/camera_ws/install/depth_image_proc/share/depth_image_proc/launch/crop_foremost.launch.py
-- Up-to-date: /home/shengbin/camera_ws/install/depth_image_proc/share/depth_image_proc/launch/convert_metric.launch.py
-- Up-to-date: /home/shengbin/camera_ws/install/depth_image_proc/share/depth_image_proc/launch/register.launch.py
-- Up-to-date: /home/shengbin/camera_ws/install/depth_image_proc/share/depth_image_proc/launch/point_cloud_xyz.launch.py
-- Up-to-date: /home/shengbin/camera_ws/install/depth_image_proc/share/depth_image_proc/launch/point_cloud_xyzrgb_radial.launch.py
-- Up-to-date: /home/shengbin/camera_ws/install/depth_image_proc/share/depth_image_proc/launch/disparity.launch.py
-- Up-to-date: /home/shengbin/camera_ws/install/depth_image_proc/share/ament_index/resource_index/package_run_dependencies/depth_image_proc
-- Up-to-date: /home/shengbin/camera_ws/install/depth_image_proc/share/ament_index/resource_index/parent_prefix_path/depth_image_proc
-- Up-to-date: /home/shengbin/camera_ws/install/depth_image_proc/share/depth_image_proc/environment/ament_prefix_path.sh
-- Up-to-date: /home/shengbin/camera_ws/install/depth_image_proc/share/depth_image_proc/environment/ament_prefix_path.dsv
-- Up-to-date: /home/shengbin/camera_ws/install/depth_image_proc/share/depth_image_proc/environment/path.sh
-- Up-to-date: /home/shengbin/camera_ws/install/depth_image_proc/share/depth_image_proc/environment/path.dsv
-- Up-to-date: /home/shengbin/camera_ws/install/depth_image_proc/share/depth_image_proc/local_setup.bash
-- Up-to-date: /home/shengbin/camera_ws/install/depth_image_proc/share/depth_image_proc/local_setup.sh
-- Up-to-date: /home/shengbin/camera_ws/install/depth_image_proc/share/depth_image_proc/local_setup.zsh
-- Up-to-date: /home/shengbin/camera_ws/install/depth_image_proc/share/depth_image_proc/local_setup.dsv
-- Installing: /home/shengbin/camera_ws/install/depth_image_proc/share/depth_image_proc/package.dsv
-- Up-to-date: /home/shengbin/camera_ws/install/depth_image_proc/share/ament_index/resource_index/packages/depth_image_proc
-- Up-to-date: /home/shengbin/camera_ws/install/depth_image_proc/share/ament_index/resource_index/rclcpp_components/depth_image_proc
-- Up-to-date: /home/shengbin/camera_ws/install/depth_image_proc/share/depth_image_proc/cmake/ament_cmake_export_dependencies-extras.cmake
-- Up-to-date: /home/shengbin/camera_ws/install/depth_image_proc/share/depth_image_proc/cmake/ament_cmake_export_include_directories-extras.cmake
-- Up-to-date: /home/shengbin/camera_ws/install/depth_image_proc/share/depth_image_proc/cmake/ament_cmake_export_libraries-extras.cmake
-- Up-to-date: /home/shengbin/camera_ws/install/depth_image_proc/share/depth_image_proc/cmake/depth_image_procConfig.cmake
-- Up-to-date: /home/shengbin/camera_ws/install/depth_image_proc/share/depth_image_proc/cmake/depth_image_procConfig-version.cmake
-- Up-to-date: /home/shengbin/camera_ws/install/depth_image_proc/share/depth_image_proc/package.xml
