[0.119s] Invoking command in '/home/shengbin/camera_ws/build/image_publisher': AMENT_PREFIX_PATH=/home/shengbin/camera_ws/install/camera_info_manager:/home/shengbin/camera_ws/install/image_transport:/home/shengbin/camera_ws/install/cv_bridge:/home/shengbin/camera_ws/install/camera_calibration_parsers:${AMENT_PREFIX_PATH} CMAKE_PREFIX_PATH=/home/shengbin/camera_ws/install/camera_info_manager:/home/shengbin/camera_ws/install/image_transport:/home/shengbin/camera_ws/install/cv_bridge:/home/shengbin/camera_ws/install/camera_calibration_parsers:/opt/ros/humble LD_LIBRARY_PATH=/home/shengbin/camera_ws/install/camera_info_manager/lib:/home/shengbin/camera_ws/install/image_transport/lib:/home/shengbin/camera_ws/install/cv_bridge/lib:/home/shengbin/camera_ws/install/camera_calibration_parsers/lib:${LD_LIBRARY_PATH} PYTHONPATH=/home/shengbin/camera_ws/install/cv_bridge/local/lib/python3.10/dist-packages:${PYTHONPATH} /usr/bin/cmake /home/shengbin/camera_ws/src/image_pipeline/image_publisher -DCMAKE_INSTALL_PREFIX=/home/shengbin/camera_ws/install/image_publisher
[0.156s] -- The C compiler identification is GNU 11.4.0
[0.222s] -- The CXX compiler identification is GNU 11.4.0
[0.232s] -- Detecting C compiler ABI info
[0.332s] -- Detecting C compiler ABI info - done
[0.345s] -- Check for working C compiler: /usr/bin/cc - skipped
[0.345s] -- Detecting C compile features
[0.346s] -- Detecting C compile features - done
[0.351s] -- Detecting CXX compiler ABI info
[0.434s] -- Detecting CXX compiler ABI info - done
[0.448s] -- Check for working CXX compiler: /usr/bin/c++ - skipped
[0.448s] -- Detecting CXX compile features
[0.449s] -- Detecting CXX compile features - done
[0.453s] -- Found ament_cmake_auto: 1.3.5 (/opt/ros/humble/share/ament_cmake_auto/cmake)
[0.689s] -- Found Python3: /usr/bin/python3.10 (found version "3.10.12") found components: Interpreter 
[0.957s] -- Found rosidl_generator_c: 3.1.5 (/opt/ros/humble/share/rosidl_generator_c/cmake)
[0.965s] -- Found rosidl_adapter: 3.1.5 (/opt/ros/humble/share/rosidl_adapter/cmake)
[0.981s] -- Found rosidl_generator_cpp: 3.1.5 (/opt/ros/humble/share/rosidl_generator_cpp/cmake)
[1.002s] -- Using all available rosidl_typesupport_c: rosidl_typesupport_fastrtps_c;rosidl_typesupport_introspection_c
[1.034s] -- Using all available rosidl_typesupport_cpp: rosidl_typesupport_fastrtps_cpp;rosidl_typesupport_introspection_cpp
[1.105s] -- Found rmw_implementation_cmake: 6.1.1 (/opt/ros/humble/share/rmw_implementation_cmake/cmake)
[1.107s] -- Found rmw_cyclonedds_cpp: 1.3.4 (/opt/ros/humble/share/rmw_cyclonedds_cpp/cmake)
[1.138s] -- Using RMW implementation 'rmw_cyclonedds_cpp' as default
[1.145s] -- Looking for pthread.h
[1.210s] -- Looking for pthread.h - found
[1.210s] -- Performing Test CMAKE_HAVE_LIBC_PTHREAD
[1.308s] -- Performing Test CMAKE_HAVE_LIBC_PTHREAD - Success
[1.309s] -- Found Threads: TRUE  
[2.106s] -- Found OpenCV: /usr (found version "4.5.4") found components: core imgcodecs videoio 
[2.107s] -- opencv version 4.5.4
[2.115s] -- Found ament_lint_auto: 0.12.8 (/opt/ros/humble/share/ament_lint_auto/cmake)
[2.152s] -- Added test 'copyright' to check source files copyright and LICENSE
[2.155s] -- Added test 'cppcheck' to perform static code analysis on C / C++ code
[2.155s] -- Configured cppcheck include dirs: /home/shengbin/camera_ws/src/image_pipeline/image_publisher/include
[2.156s] -- Configured cppcheck exclude dirs and/or files: 
[2.158s] -- Added test 'cpplint' to check C / C++ code against the Google style
[2.158s] -- Configured cpplint exclude dirs and/or files: 
[2.159s] -- Added test 'flake8' to check Python code syntax and style conventions
[2.160s] -- Added test 'lint_cmake' to check CMake code style
[2.161s] -- Added test 'pep257' to check Python code against some of the docstring style conventions in PEP 257
[2.162s] -- Added test 'uncrustify' to check C / C++ code style
[2.163s] -- Configured uncrustify additional arguments: 
[2.164s] -- Added test 'xmllint' to check XML markup files
[2.168s] -- Configuring done
[2.211s] -- Generating done
[2.215s] -- Build files have been written to: /home/shengbin/camera_ws/build/image_publisher
[2.237s] Invoked command in '/home/shengbin/camera_ws/build/image_publisher' returned '0': AMENT_PREFIX_PATH=/home/shengbin/camera_ws/install/camera_info_manager:/home/shengbin/camera_ws/install/image_transport:/home/shengbin/camera_ws/install/cv_bridge:/home/shengbin/camera_ws/install/camera_calibration_parsers:${AMENT_PREFIX_PATH} CMAKE_PREFIX_PATH=/home/shengbin/camera_ws/install/camera_info_manager:/home/shengbin/camera_ws/install/image_transport:/home/shengbin/camera_ws/install/cv_bridge:/home/shengbin/camera_ws/install/camera_calibration_parsers:/opt/ros/humble LD_LIBRARY_PATH=/home/shengbin/camera_ws/install/camera_info_manager/lib:/home/shengbin/camera_ws/install/image_transport/lib:/home/shengbin/camera_ws/install/cv_bridge/lib:/home/shengbin/camera_ws/install/camera_calibration_parsers/lib:${LD_LIBRARY_PATH} PYTHONPATH=/home/shengbin/camera_ws/install/cv_bridge/local/lib/python3.10/dist-packages:${PYTHONPATH} /usr/bin/cmake /home/shengbin/camera_ws/src/image_pipeline/image_publisher -DCMAKE_INSTALL_PREFIX=/home/shengbin/camera_ws/install/image_publisher
[2.238s] Invoking command in '/home/shengbin/camera_ws/build/image_publisher': AMENT_PREFIX_PATH=/home/shengbin/camera_ws/install/camera_info_manager:/home/shengbin/camera_ws/install/image_transport:/home/shengbin/camera_ws/install/cv_bridge:/home/shengbin/camera_ws/install/camera_calibration_parsers:${AMENT_PREFIX_PATH} CMAKE_PREFIX_PATH=/home/shengbin/camera_ws/install/camera_info_manager:/home/shengbin/camera_ws/install/image_transport:/home/shengbin/camera_ws/install/cv_bridge:/home/shengbin/camera_ws/install/camera_calibration_parsers:/opt/ros/humble LD_LIBRARY_PATH=/home/shengbin/camera_ws/install/camera_info_manager/lib:/home/shengbin/camera_ws/install/image_transport/lib:/home/shengbin/camera_ws/install/cv_bridge/lib:/home/shengbin/camera_ws/install/camera_calibration_parsers/lib:${LD_LIBRARY_PATH} PYTHONPATH=/home/shengbin/camera_ws/install/cv_bridge/local/lib/python3.10/dist-packages:${PYTHONPATH} /usr/bin/cmake --build /home/shengbin/camera_ws/build/image_publisher -- -j16 -l16
[2.417s] [ 25%] [32mBuilding CXX object CMakeFiles/image_publisher.dir/src/image_publisher.cpp.o[0m
[14.746s] [ 50%] [32m[1mLinking CXX shared library libimage_publisher.so[0m
[17.019s] [ 50%] Built target image_publisher
[17.201s] [ 75%] [32mBuilding CXX object CMakeFiles/image_publisher_node.dir/src/image_publisher_node.cpp.o[0m
[27.597s] [100%] [32m[1mLinking CXX executable image_publisher_node[0m
[29.119s] [100%] Built target image_publisher_node
[29.272s] Invoked command in '/home/shengbin/camera_ws/build/image_publisher' returned '0': AMENT_PREFIX_PATH=/home/shengbin/camera_ws/install/camera_info_manager:/home/shengbin/camera_ws/install/image_transport:/home/shengbin/camera_ws/install/cv_bridge:/home/shengbin/camera_ws/install/camera_calibration_parsers:${AMENT_PREFIX_PATH} CMAKE_PREFIX_PATH=/home/shengbin/camera_ws/install/camera_info_manager:/home/shengbin/camera_ws/install/image_transport:/home/shengbin/camera_ws/install/cv_bridge:/home/shengbin/camera_ws/install/camera_calibration_parsers:/opt/ros/humble LD_LIBRARY_PATH=/home/shengbin/camera_ws/install/camera_info_manager/lib:/home/shengbin/camera_ws/install/image_transport/lib:/home/shengbin/camera_ws/install/cv_bridge/lib:/home/shengbin/camera_ws/install/camera_calibration_parsers/lib:${LD_LIBRARY_PATH} PYTHONPATH=/home/shengbin/camera_ws/install/cv_bridge/local/lib/python3.10/dist-packages:${PYTHONPATH} /usr/bin/cmake --build /home/shengbin/camera_ws/build/image_publisher -- -j16 -l16
[29.482s] Invoking command in '/home/shengbin/camera_ws/build/image_publisher': AMENT_PREFIX_PATH=/home/shengbin/camera_ws/install/camera_info_manager:/home/shengbin/camera_ws/install/image_transport:/home/shengbin/camera_ws/install/cv_bridge:/home/shengbin/camera_ws/install/camera_calibration_parsers:${AMENT_PREFIX_PATH} CMAKE_PREFIX_PATH=/home/shengbin/camera_ws/install/camera_info_manager:/home/shengbin/camera_ws/install/image_transport:/home/shengbin/camera_ws/install/cv_bridge:/home/shengbin/camera_ws/install/camera_calibration_parsers:/opt/ros/humble LD_LIBRARY_PATH=/home/shengbin/camera_ws/install/camera_info_manager/lib:/home/shengbin/camera_ws/install/image_transport/lib:/home/shengbin/camera_ws/install/cv_bridge/lib:/home/shengbin/camera_ws/install/camera_calibration_parsers/lib:${LD_LIBRARY_PATH} PYTHONPATH=/home/shengbin/camera_ws/install/cv_bridge/local/lib/python3.10/dist-packages:${PYTHONPATH} /usr/bin/cmake --install /home/shengbin/camera_ws/build/image_publisher
[29.562s] -- Install configuration: ""
[29.563s] -- Installing: /home/shengbin/camera_ws/install/image_publisher/include
[29.564s] -- Installing: /home/shengbin/camera_ws/install/image_publisher/include/image_publisher
[29.565s] -- Installing: /home/shengbin/camera_ws/install/image_publisher/include/image_publisher/visibility.h
[29.565s] -- Installing: /home/shengbin/camera_ws/install/image_publisher/include/image_publisher/image_publisher.hpp
[29.567s] -- Installing: /home/shengbin/camera_ws/install/image_publisher/share/image_publisher/environment/library_path.sh
[29.567s] -- Installing: /home/shengbin/camera_ws/install/image_publisher/share/image_publisher/environment/library_path.dsv
[29.569s] -- Installing: /home/shengbin/camera_ws/install/image_publisher/lib/libimage_publisher.so
[29.574s] -- Set runtime path of "/home/shengbin/camera_ws/install/image_publisher/lib/libimage_publisher.so" to ""
[29.575s] -- Installing: /home/shengbin/camera_ws/install/image_publisher/lib/image_publisher/image_publisher_node
[29.577s] -- Set runtime path of "/home/shengbin/camera_ws/install/image_publisher/lib/image_publisher/image_publisher_node" to ""
[29.578s] -- Installing: /home/shengbin/camera_ws/install/image_publisher/share/image_publisher/launch
[29.579s] -- Installing: /home/shengbin/camera_ws/install/image_publisher/share/image_publisher/launch/image_publisher_stereo.launch.py
[29.581s] -- Installing: /home/shengbin/camera_ws/install/image_publisher/share/image_publisher/launch/image_publisher_file.launch.py
[29.581s] -- Installing: /home/shengbin/camera_ws/install/image_publisher/share/image_publisher/launch/splash.png
[29.582s] -- Installing: /home/shengbin/camera_ws/install/image_publisher/share/image_publisher/launch/image_publisher_mono.launch.py
[29.585s] -- Installing: /home/shengbin/camera_ws/install/image_publisher/share/ament_index/resource_index/package_run_dependencies/image_publisher
[29.586s] -- Installing: /home/shengbin/camera_ws/install/image_publisher/share/ament_index/resource_index/parent_prefix_path/image_publisher
[29.588s] -- Installing: /home/shengbin/camera_ws/install/image_publisher/share/image_publisher/environment/ament_prefix_path.sh
[29.589s] -- Installing: /home/shengbin/camera_ws/install/image_publisher/share/image_publisher/environment/ament_prefix_path.dsv
[29.590s] -- Installing: /home/shengbin/camera_ws/install/image_publisher/share/image_publisher/environment/path.sh
[29.591s] -- Installing: /home/shengbin/camera_ws/install/image_publisher/share/image_publisher/environment/path.dsv
[29.592s] -- Installing: /home/shengbin/camera_ws/install/image_publisher/share/image_publisher/local_setup.bash
[29.593s] -- Installing: /home/shengbin/camera_ws/install/image_publisher/share/image_publisher/local_setup.sh
[29.594s] -- Installing: /home/shengbin/camera_ws/install/image_publisher/share/image_publisher/local_setup.zsh
[29.595s] -- Installing: /home/shengbin/camera_ws/install/image_publisher/share/image_publisher/local_setup.dsv
[29.596s] -- Installing: /home/shengbin/camera_ws/install/image_publisher/share/image_publisher/package.dsv
[29.599s] -- Installing: /home/shengbin/camera_ws/install/image_publisher/share/ament_index/resource_index/packages/image_publisher
[29.600s] -- Installing: /home/shengbin/camera_ws/install/image_publisher/share/ament_index/resource_index/rclcpp_components/image_publisher
[29.601s] -- Installing: /home/shengbin/camera_ws/install/image_publisher/share/image_publisher/cmake/ament_cmake_export_dependencies-extras.cmake
[29.602s] -- Installing: /home/shengbin/camera_ws/install/image_publisher/share/image_publisher/cmake/ament_cmake_export_include_directories-extras.cmake
[29.604s] -- Installing: /home/shengbin/camera_ws/install/image_publisher/share/image_publisher/cmake/ament_cmake_export_libraries-extras.cmake
[29.605s] -- Installing: /home/shengbin/camera_ws/install/image_publisher/share/image_publisher/cmake/image_publisherConfig.cmake
[29.606s] -- Installing: /home/shengbin/camera_ws/install/image_publisher/share/image_publisher/cmake/image_publisherConfig-version.cmake
[29.607s] -- Installing: /home/shengbin/camera_ws/install/image_publisher/share/image_publisher/package.xml
[29.632s] Invoked command in '/home/shengbin/camera_ws/build/image_publisher' returned '0': AMENT_PREFIX_PATH=/home/shengbin/camera_ws/install/camera_info_manager:/home/shengbin/camera_ws/install/image_transport:/home/shengbin/camera_ws/install/cv_bridge:/home/shengbin/camera_ws/install/camera_calibration_parsers:${AMENT_PREFIX_PATH} CMAKE_PREFIX_PATH=/home/shengbin/camera_ws/install/camera_info_manager:/home/shengbin/camera_ws/install/image_transport:/home/shengbin/camera_ws/install/cv_bridge:/home/shengbin/camera_ws/install/camera_calibration_parsers:/opt/ros/humble LD_LIBRARY_PATH=/home/shengbin/camera_ws/install/camera_info_manager/lib:/home/shengbin/camera_ws/install/image_transport/lib:/home/shengbin/camera_ws/install/cv_bridge/lib:/home/shengbin/camera_ws/install/camera_calibration_parsers/lib:${LD_LIBRARY_PATH} PYTHONPATH=/home/shengbin/camera_ws/install/cv_bridge/local/lib/python3.10/dist-packages:${PYTHONPATH} /usr/bin/cmake --install /home/shengbin/camera_ws/build/image_publisher
