[0.640s] Invoking command in '/home/shengbin/camera_ws/build/image_view': CMAKE_PREFIX_PATH=/home/shengbin/camera_ws/install/image_transport:/home/shengbin/camera_ws/install/cv_bridge:/home/shengbin/camera_ws/install/camera_calibration_parsers:/home/shengbin/camera_ws/install/vision_opencv:/home/shengbin/camera_ws/install/v4l2_camera:/home/shengbin/camera_ws/install/image_pipeline:/home/shengbin/camera_ws/install/stereo_image_proc:/home/shengbin/camera_ws/install/image_proc:/home/shengbin/camera_ws/install/tracetools_image_pipeline:/home/shengbin/camera_ws/install/image_transport_plugins:/home/shengbin/camera_ws/install/theora_image_transport:/home/shengbin/camera_ws/install/ros2_shared:/home/shengbin/camera_ws/install/image_view:/home/shengbin/camera_ws/install/image_rotate:/home/shengbin/camera_ws/install/image_publisher:/home/shengbin/camera_ws/install/image_common:/home/shengbin/camera_ws/install/depth_image_proc:/home/shengbin/camera_ws/install/compressed_image_transport:/home/shengbin/camera_ws/install/compressed_depth_image_transport:/home/shengbin/camera_ws/install/image_geometry:/home/shengbin/camera_ws/install/camera_info_manager:/home/shengbin/camera_ws/install/opencv_tests:/home/shengbin/camera_ws/install/camera_calibration:/home/shengbin/camera_ws/install/camera:/opt/ros/humble LD_LIBRARY_PATH=/home/shengbin/camera_ws/install/image_transport/lib:/home/shengbin/camera_ws/install/cv_bridge/lib:/home/shengbin/camera_ws/install/camera_calibration_parsers/lib:/home/shengbin/camera_ws/install/v4l2_camera/lib:/home/shengbin/camera_ws/install/stereo_image_proc/lib:/home/shengbin/camera_ws/install/image_proc/lib:/home/shengbin/camera_ws/install/tracetools_image_pipeline/lib:/home/shengbin/camera_ws/install/theora_image_transport/lib:/home/shengbin/camera_ws/install/image_view/lib:/home/shengbin/camera_ws/install/image_rotate/lib:/home/shengbin/camera_ws/install/image_publisher/lib:/home/shengbin/camera_ws/install/depth_image_proc/lib:/home/shengbin/camera_ws/install/compressed_image_transport/lib:/home/shengbin/camera_ws/install/compressed_depth_image_transport/lib:/home/shengbin/camera_ws/install/image_geometry/lib:/home/shengbin/camera_ws/install/camera_info_manager/lib:/opt/ros/humble/opt/rviz_ogre_vendor/lib:/opt/ros/humble/lib/x86_64-linux-gnu:/opt/ros/humble/lib /usr/bin/cmake --build /home/shengbin/camera_ws/build/image_view -- -j16 -l16
[0.704s] [ 36%] Built target image_view_nodes
[0.747s] [ 47%] Built target stereo_view
[0.749s] [ 57%] Built target disparity_view
[0.753s] [ 68%] Built target image_view
[0.756s] [ 78%] Built target video_recorder
[0.757s] [ 89%] Built target extract_images
[0.758s] [100%] Built target image_saver
[0.789s] Invoked command in '/home/shengbin/camera_ws/build/image_view' returned '0': CMAKE_PREFIX_PATH=/home/shengbin/camera_ws/install/image_transport:/home/shengbin/camera_ws/install/cv_bridge:/home/shengbin/camera_ws/install/camera_calibration_parsers:/home/shengbin/camera_ws/install/vision_opencv:/home/shengbin/camera_ws/install/v4l2_camera:/home/shengbin/camera_ws/install/image_pipeline:/home/shengbin/camera_ws/install/stereo_image_proc:/home/shengbin/camera_ws/install/image_proc:/home/shengbin/camera_ws/install/tracetools_image_pipeline:/home/shengbin/camera_ws/install/image_transport_plugins:/home/shengbin/camera_ws/install/theora_image_transport:/home/shengbin/camera_ws/install/ros2_shared:/home/shengbin/camera_ws/install/image_view:/home/shengbin/camera_ws/install/image_rotate:/home/shengbin/camera_ws/install/image_publisher:/home/shengbin/camera_ws/install/image_common:/home/shengbin/camera_ws/install/depth_image_proc:/home/shengbin/camera_ws/install/compressed_image_transport:/home/shengbin/camera_ws/install/compressed_depth_image_transport:/home/shengbin/camera_ws/install/image_geometry:/home/shengbin/camera_ws/install/camera_info_manager:/home/shengbin/camera_ws/install/opencv_tests:/home/shengbin/camera_ws/install/camera_calibration:/home/shengbin/camera_ws/install/camera:/opt/ros/humble LD_LIBRARY_PATH=/home/shengbin/camera_ws/install/image_transport/lib:/home/shengbin/camera_ws/install/cv_bridge/lib:/home/shengbin/camera_ws/install/camera_calibration_parsers/lib:/home/shengbin/camera_ws/install/v4l2_camera/lib:/home/shengbin/camera_ws/install/stereo_image_proc/lib:/home/shengbin/camera_ws/install/image_proc/lib:/home/shengbin/camera_ws/install/tracetools_image_pipeline/lib:/home/shengbin/camera_ws/install/theora_image_transport/lib:/home/shengbin/camera_ws/install/image_view/lib:/home/shengbin/camera_ws/install/image_rotate/lib:/home/shengbin/camera_ws/install/image_publisher/lib:/home/shengbin/camera_ws/install/depth_image_proc/lib:/home/shengbin/camera_ws/install/compressed_image_transport/lib:/home/shengbin/camera_ws/install/compressed_depth_image_transport/lib:/home/shengbin/camera_ws/install/image_geometry/lib:/home/shengbin/camera_ws/install/camera_info_manager/lib:/opt/ros/humble/opt/rviz_ogre_vendor/lib:/opt/ros/humble/lib/x86_64-linux-gnu:/opt/ros/humble/lib /usr/bin/cmake --build /home/shengbin/camera_ws/build/image_view -- -j16 -l16
[0.961s] Invoking command in '/home/shengbin/camera_ws/build/image_view': CMAKE_PREFIX_PATH=/home/shengbin/camera_ws/install/image_transport:/home/shengbin/camera_ws/install/cv_bridge:/home/shengbin/camera_ws/install/camera_calibration_parsers:/home/shengbin/camera_ws/install/vision_opencv:/home/shengbin/camera_ws/install/v4l2_camera:/home/shengbin/camera_ws/install/image_pipeline:/home/shengbin/camera_ws/install/stereo_image_proc:/home/shengbin/camera_ws/install/image_proc:/home/shengbin/camera_ws/install/tracetools_image_pipeline:/home/shengbin/camera_ws/install/image_transport_plugins:/home/shengbin/camera_ws/install/theora_image_transport:/home/shengbin/camera_ws/install/ros2_shared:/home/shengbin/camera_ws/install/image_view:/home/shengbin/camera_ws/install/image_rotate:/home/shengbin/camera_ws/install/image_publisher:/home/shengbin/camera_ws/install/image_common:/home/shengbin/camera_ws/install/depth_image_proc:/home/shengbin/camera_ws/install/compressed_image_transport:/home/shengbin/camera_ws/install/compressed_depth_image_transport:/home/shengbin/camera_ws/install/image_geometry:/home/shengbin/camera_ws/install/camera_info_manager:/home/shengbin/camera_ws/install/opencv_tests:/home/shengbin/camera_ws/install/camera_calibration:/home/shengbin/camera_ws/install/camera:/opt/ros/humble LD_LIBRARY_PATH=/home/shengbin/camera_ws/install/image_transport/lib:/home/shengbin/camera_ws/install/cv_bridge/lib:/home/shengbin/camera_ws/install/camera_calibration_parsers/lib:/home/shengbin/camera_ws/install/v4l2_camera/lib:/home/shengbin/camera_ws/install/stereo_image_proc/lib:/home/shengbin/camera_ws/install/image_proc/lib:/home/shengbin/camera_ws/install/tracetools_image_pipeline/lib:/home/shengbin/camera_ws/install/theora_image_transport/lib:/home/shengbin/camera_ws/install/image_view/lib:/home/shengbin/camera_ws/install/image_rotate/lib:/home/shengbin/camera_ws/install/image_publisher/lib:/home/shengbin/camera_ws/install/depth_image_proc/lib:/home/shengbin/camera_ws/install/compressed_image_transport/lib:/home/shengbin/camera_ws/install/compressed_depth_image_transport/lib:/home/shengbin/camera_ws/install/image_geometry/lib:/home/shengbin/camera_ws/install/camera_info_manager/lib:/opt/ros/humble/opt/rviz_ogre_vendor/lib:/opt/ros/humble/lib/x86_64-linux-gnu:/opt/ros/humble/lib /usr/bin/cmake --install /home/shengbin/camera_ws/build/image_view
[1.120s] -- Install configuration: ""
[1.120s] -- Up-to-date: /home/shengbin/camera_ws/install/image_view/include
[1.120s] -- Up-to-date: /home/shengbin/camera_ws/install/image_view/include/image_view
[1.120s] -- Up-to-date: /home/shengbin/camera_ws/install/image_view/include/image_view/video_recorder_node.hpp
[1.120s] -- Up-to-date: /home/shengbin/camera_ws/install/image_view/include/image_view/image_view_node.hpp
[1.120s] -- Up-to-date: /home/shengbin/camera_ws/install/image_view/include/image_view/stereo_view_node.hpp
[1.120s] -- Up-to-date: /home/shengbin/camera_ws/install/image_view/include/image_view/extract_images_node.hpp
[1.120s] -- Up-to-date: /home/shengbin/camera_ws/install/image_view/include/image_view/image_saver_node.hpp
[1.120s] -- Up-to-date: /home/shengbin/camera_ws/install/image_view/include/image_view/disparity_view_node.hpp
[1.120s] -- Up-to-date: /home/shengbin/camera_ws/install/image_view/share/image_view/environment/library_path.sh
[1.121s] -- Up-to-date: /home/shengbin/camera_ws/install/image_view/share/image_view/environment/library_path.dsv
[1.121s] -- Up-to-date: /home/shengbin/camera_ws/install/image_view/lib/libimage_view_nodes.so
[1.121s] -- Up-to-date: /home/shengbin/camera_ws/install/image_view/lib/image_view/disparity_view
[1.121s] -- Up-to-date: /home/shengbin/camera_ws/install/image_view/lib/image_view/image_view
[1.121s] -- Up-to-date: /home/shengbin/camera_ws/install/image_view/lib/image_view/stereo_view
[1.121s] -- Up-to-date: /home/shengbin/camera_ws/install/image_view/lib/image_view/extract_images
[1.121s] -- Up-to-date: /home/shengbin/camera_ws/install/image_view/lib/image_view/image_saver
[1.121s] -- Up-to-date: /home/shengbin/camera_ws/install/image_view/lib/image_view/video_recorder
[1.121s] -- Up-to-date: /home/shengbin/camera_ws/install/image_view/share/ament_index/resource_index/package_run_dependencies/image_view
[1.121s] -- Up-to-date: /home/shengbin/camera_ws/install/image_view/share/ament_index/resource_index/parent_prefix_path/image_view
[1.122s] -- Up-to-date: /home/shengbin/camera_ws/install/image_view/share/image_view/environment/ament_prefix_path.sh
[1.122s] -- Up-to-date: /home/shengbin/camera_ws/install/image_view/share/image_view/environment/ament_prefix_path.dsv
[1.122s] -- Up-to-date: /home/shengbin/camera_ws/install/image_view/share/image_view/environment/path.sh
[1.122s] -- Up-to-date: /home/shengbin/camera_ws/install/image_view/share/image_view/environment/path.dsv
[1.122s] -- Up-to-date: /home/shengbin/camera_ws/install/image_view/share/image_view/local_setup.bash
[1.122s] -- Up-to-date: /home/shengbin/camera_ws/install/image_view/share/image_view/local_setup.sh
[1.122s] -- Up-to-date: /home/shengbin/camera_ws/install/image_view/share/image_view/local_setup.zsh
[1.122s] -- Up-to-date: /home/shengbin/camera_ws/install/image_view/share/image_view/local_setup.dsv
[1.122s] -- Installing: /home/shengbin/camera_ws/install/image_view/share/image_view/package.dsv
[1.122s] -- Up-to-date: /home/shengbin/camera_ws/install/image_view/share/ament_index/resource_index/packages/image_view
[1.123s] -- Up-to-date: /home/shengbin/camera_ws/install/image_view/share/ament_index/resource_index/rclcpp_components/image_view
[1.123s] -- Up-to-date: /home/shengbin/camera_ws/install/image_view/share/image_view/cmake/ament_cmake_export_dependencies-extras.cmake
[1.123s] -- Up-to-date: /home/shengbin/camera_ws/install/image_view/share/image_view/cmake/ament_cmake_export_include_directories-extras.cmake
[1.123s] -- Up-to-date: /home/shengbin/camera_ws/install/image_view/share/image_view/cmake/ament_cmake_export_libraries-extras.cmake
[1.123s] -- Up-to-date: /home/shengbin/camera_ws/install/image_view/share/image_view/cmake/image_viewConfig.cmake
[1.123s] -- Up-to-date: /home/shengbin/camera_ws/install/image_view/share/image_view/cmake/image_viewConfig-version.cmake
[1.123s] -- Up-to-date: /home/shengbin/camera_ws/install/image_view/share/image_view/package.xml
[1.263s] Invoked command in '/home/shengbin/camera_ws/build/image_view' returned '0': CMAKE_PREFIX_PATH=/home/shengbin/camera_ws/install/image_transport:/home/shengbin/camera_ws/install/cv_bridge:/home/shengbin/camera_ws/install/camera_calibration_parsers:/home/shengbin/camera_ws/install/vision_opencv:/home/shengbin/camera_ws/install/v4l2_camera:/home/shengbin/camera_ws/install/image_pipeline:/home/shengbin/camera_ws/install/stereo_image_proc:/home/shengbin/camera_ws/install/image_proc:/home/shengbin/camera_ws/install/tracetools_image_pipeline:/home/shengbin/camera_ws/install/image_transport_plugins:/home/shengbin/camera_ws/install/theora_image_transport:/home/shengbin/camera_ws/install/ros2_shared:/home/shengbin/camera_ws/install/image_view:/home/shengbin/camera_ws/install/image_rotate:/home/shengbin/camera_ws/install/image_publisher:/home/shengbin/camera_ws/install/image_common:/home/shengbin/camera_ws/install/depth_image_proc:/home/shengbin/camera_ws/install/compressed_image_transport:/home/shengbin/camera_ws/install/compressed_depth_image_transport:/home/shengbin/camera_ws/install/image_geometry:/home/shengbin/camera_ws/install/camera_info_manager:/home/shengbin/camera_ws/install/opencv_tests:/home/shengbin/camera_ws/install/camera_calibration:/home/shengbin/camera_ws/install/camera:/opt/ros/humble LD_LIBRARY_PATH=/home/shengbin/camera_ws/install/image_transport/lib:/home/shengbin/camera_ws/install/cv_bridge/lib:/home/shengbin/camera_ws/install/camera_calibration_parsers/lib:/home/shengbin/camera_ws/install/v4l2_camera/lib:/home/shengbin/camera_ws/install/stereo_image_proc/lib:/home/shengbin/camera_ws/install/image_proc/lib:/home/shengbin/camera_ws/install/tracetools_image_pipeline/lib:/home/shengbin/camera_ws/install/theora_image_transport/lib:/home/shengbin/camera_ws/install/image_view/lib:/home/shengbin/camera_ws/install/image_rotate/lib:/home/shengbin/camera_ws/install/image_publisher/lib:/home/shengbin/camera_ws/install/depth_image_proc/lib:/home/shengbin/camera_ws/install/compressed_image_transport/lib:/home/shengbin/camera_ws/install/compressed_depth_image_transport/lib:/home/shengbin/camera_ws/install/image_geometry/lib:/home/shengbin/camera_ws/install/camera_info_manager/lib:/opt/ros/humble/opt/rviz_ogre_vendor/lib:/opt/ros/humble/lib/x86_64-linux-gnu:/opt/ros/humble/lib /usr/bin/cmake --install /home/shengbin/camera_ws/build/image_view
