[0.129s] Invoking command in '/home/shengbin/camera_ws/build/image_publisher': AMENT_PREFIX_PATH=/home/shengbin/camera_ws/install/camera_info_manager:/home/shengbin/camera_ws/install/image_transport:/home/shengbin/camera_ws/install/cv_bridge:/home/shengbin/camera_ws/install/camera_calibration_parsers:${AMENT_PREFIX_PATH} CMAKE_PREFIX_PATH=/home/shengbin/camera_ws/install/camera_info_manager:/home/shengbin/camera_ws/install/image_transport:/home/shengbin/camera_ws/install/cv_bridge:/home/shengbin/camera_ws/install/camera_calibration_parsers:/opt/ros/humble LD_LIBRARY_PATH=/home/shengbin/camera_ws/install/camera_info_manager/lib:/home/shengbin/camera_ws/install/image_transport/lib:/home/shengbin/camera_ws/install/cv_bridge/lib:/home/shengbin/camera_ws/install/camera_calibration_parsers/lib:${LD_LIBRARY_PATH} PYTHONPATH=/home/shengbin/camera_ws/install/cv_bridge/local/lib/python3.10/dist-packages:${PYTHONPATH} /usr/bin/cmake /home/shengbin/camera_ws/src/image_pipeline/image_publisher -DCMAKE_INSTALL_PREFIX=/home/shengbin/camera_ws/install/image_publisher
[0.176s] -- The C compiler identification is GNU 11.4.0
[0.235s] -- The CXX compiler identification is GNU 11.4.0
[0.245s] -- Detecting C compiler ABI info
[0.328s] -- Detecting C compiler ABI info - done
[0.335s] -- Check for working C compiler: /usr/bin/cc - skipped
[0.335s] -- Detecting C compile features
[0.335s] -- Detecting C compile features - done
[0.338s] -- Detecting CXX compiler ABI info
[0.430s] -- Detecting CXX compiler ABI info - done
[0.443s] -- Check for working CXX compiler: /usr/bin/c++ - skipped
[0.443s] -- Detecting CXX compile features
[0.444s] -- Detecting CXX compile features - done
[0.447s] -- Found ament_cmake_auto: 1.3.5 (/opt/ros/humble/share/ament_cmake_auto/cmake)
[0.653s] -- Found Python3: /usr/bin/python3.10 (found version "3.10.12") found components: Interpreter 
[0.828s] -- Found rosidl_generator_c: 3.1.5 (/opt/ros/humble/share/rosidl_generator_c/cmake)
[0.833s] -- Found rosidl_adapter: 3.1.5 (/opt/ros/humble/share/rosidl_adapter/cmake)
[0.841s] -- Found rosidl_generator_cpp: 3.1.5 (/opt/ros/humble/share/rosidl_generator_cpp/cmake)
[0.853s] -- Using all available rosidl_typesupport_c: rosidl_typesupport_fastrtps_c;rosidl_typesupport_introspection_c
[0.874s] -- Using all available rosidl_typesupport_cpp: rosidl_typesupport_fastrtps_cpp;rosidl_typesupport_introspection_cpp
[0.938s] -- Found rmw_implementation_cmake: 6.1.1 (/opt/ros/humble/share/rmw_implementation_cmake/cmake)
[0.940s] -- Found rmw_cyclonedds_cpp: 1.3.4 (/opt/ros/humble/share/rmw_cyclonedds_cpp/cmake)
[0.971s] -- Using RMW implementation 'rmw_cyclonedds_cpp' as default
[0.979s] -- Looking for pthread.h
[1.038s] -- Looking for pthread.h - found
[1.038s] -- Performing Test CMAKE_HAVE_LIBC_PTHREAD
[1.104s] -- Performing Test CMAKE_HAVE_LIBC_PTHREAD - Success
[1.105s] -- Found Threads: TRUE  
[1.796s] -- Found OpenCV: /usr (found version "4.5.4") found components: core imgcodecs videoio 
[1.796s] -- opencv version 4.5.4
[1.803s] -- Found ament_lint_auto: 0.12.8 (/opt/ros/humble/share/ament_lint_auto/cmake)
[1.835s] -- Added test 'copyright' to check source files copyright and LICENSE
[1.838s] -- Added test 'cppcheck' to perform static code analysis on C / C++ code
[1.838s] -- Configured cppcheck include dirs: /home/shengbin/camera_ws/src/image_pipeline/image_publisher/include
[1.838s] -- Configured cppcheck exclude dirs and/or files: 
[1.840s] -- Added test 'cpplint' to check C / C++ code against the Google style
[1.841s] -- Configured cpplint exclude dirs and/or files: 
[1.842s] -- Added test 'flake8' to check Python code syntax and style conventions
[1.843s] -- Added test 'lint_cmake' to check CMake code style
[1.844s] -- Added test 'pep257' to check Python code against some of the docstring style conventions in PEP 257
[1.846s] -- Added test 'uncrustify' to check C / C++ code style
[1.846s] -- Configured uncrustify additional arguments: 
[1.847s] -- Added test 'xmllint' to check XML markup files
[1.852s] -- Configuring done
[1.893s] -- Generating done
[1.895s] -- Build files have been written to: /home/shengbin/camera_ws/build/image_publisher
[1.914s] Invoked command in '/home/shengbin/camera_ws/build/image_publisher' returned '0': AMENT_PREFIX_PATH=/home/shengbin/camera_ws/install/camera_info_manager:/home/shengbin/camera_ws/install/image_transport:/home/shengbin/camera_ws/install/cv_bridge:/home/shengbin/camera_ws/install/camera_calibration_parsers:${AMENT_PREFIX_PATH} CMAKE_PREFIX_PATH=/home/shengbin/camera_ws/install/camera_info_manager:/home/shengbin/camera_ws/install/image_transport:/home/shengbin/camera_ws/install/cv_bridge:/home/shengbin/camera_ws/install/camera_calibration_parsers:/opt/ros/humble LD_LIBRARY_PATH=/home/shengbin/camera_ws/install/camera_info_manager/lib:/home/shengbin/camera_ws/install/image_transport/lib:/home/shengbin/camera_ws/install/cv_bridge/lib:/home/shengbin/camera_ws/install/camera_calibration_parsers/lib:${LD_LIBRARY_PATH} PYTHONPATH=/home/shengbin/camera_ws/install/cv_bridge/local/lib/python3.10/dist-packages:${PYTHONPATH} /usr/bin/cmake /home/shengbin/camera_ws/src/image_pipeline/image_publisher -DCMAKE_INSTALL_PREFIX=/home/shengbin/camera_ws/install/image_publisher
[1.915s] Invoking command in '/home/shengbin/camera_ws/build/image_publisher': AMENT_PREFIX_PATH=/home/shengbin/camera_ws/install/camera_info_manager:/home/shengbin/camera_ws/install/image_transport:/home/shengbin/camera_ws/install/cv_bridge:/home/shengbin/camera_ws/install/camera_calibration_parsers:${AMENT_PREFIX_PATH} CMAKE_PREFIX_PATH=/home/shengbin/camera_ws/install/camera_info_manager:/home/shengbin/camera_ws/install/image_transport:/home/shengbin/camera_ws/install/cv_bridge:/home/shengbin/camera_ws/install/camera_calibration_parsers:/opt/ros/humble LD_LIBRARY_PATH=/home/shengbin/camera_ws/install/camera_info_manager/lib:/home/shengbin/camera_ws/install/image_transport/lib:/home/shengbin/camera_ws/install/cv_bridge/lib:/home/shengbin/camera_ws/install/camera_calibration_parsers/lib:${LD_LIBRARY_PATH} PYTHONPATH=/home/shengbin/camera_ws/install/cv_bridge/local/lib/python3.10/dist-packages:${PYTHONPATH} /usr/bin/cmake --build /home/shengbin/camera_ws/build/image_publisher -- -j16 -l16
[1.995s] [ 25%] [32mBuilding CXX object CMakeFiles/image_publisher.dir/src/image_publisher.cpp.o[0m
[17.814s] [ 50%] [32m[1mLinking CXX shared library libimage_publisher.so[0m
[19.414s] [ 50%] Built target image_publisher
[19.609s] [ 75%] [32mBuilding CXX object CMakeFiles/image_publisher_node.dir/src/image_publisher_node.cpp.o[0m
[28.619s] [100%] [32m[1mLinking CXX executable image_publisher_node[0m
[30.134s] [100%] Built target image_publisher_node
[30.161s] Invoked command in '/home/shengbin/camera_ws/build/image_publisher' returned '0': AMENT_PREFIX_PATH=/home/shengbin/camera_ws/install/camera_info_manager:/home/shengbin/camera_ws/install/image_transport:/home/shengbin/camera_ws/install/cv_bridge:/home/shengbin/camera_ws/install/camera_calibration_parsers:${AMENT_PREFIX_PATH} CMAKE_PREFIX_PATH=/home/shengbin/camera_ws/install/camera_info_manager:/home/shengbin/camera_ws/install/image_transport:/home/shengbin/camera_ws/install/cv_bridge:/home/shengbin/camera_ws/install/camera_calibration_parsers:/opt/ros/humble LD_LIBRARY_PATH=/home/shengbin/camera_ws/install/camera_info_manager/lib:/home/shengbin/camera_ws/install/image_transport/lib:/home/shengbin/camera_ws/install/cv_bridge/lib:/home/shengbin/camera_ws/install/camera_calibration_parsers/lib:${LD_LIBRARY_PATH} PYTHONPATH=/home/shengbin/camera_ws/install/cv_bridge/local/lib/python3.10/dist-packages:${PYTHONPATH} /usr/bin/cmake --build /home/shengbin/camera_ws/build/image_publisher -- -j16 -l16
[30.276s] Invoking command in '/home/shengbin/camera_ws/build/image_publisher': AMENT_PREFIX_PATH=/home/shengbin/camera_ws/install/camera_info_manager:/home/shengbin/camera_ws/install/image_transport:/home/shengbin/camera_ws/install/cv_bridge:/home/shengbin/camera_ws/install/camera_calibration_parsers:${AMENT_PREFIX_PATH} CMAKE_PREFIX_PATH=/home/shengbin/camera_ws/install/camera_info_manager:/home/shengbin/camera_ws/install/image_transport:/home/shengbin/camera_ws/install/cv_bridge:/home/shengbin/camera_ws/install/camera_calibration_parsers:/opt/ros/humble LD_LIBRARY_PATH=/home/shengbin/camera_ws/install/camera_info_manager/lib:/home/shengbin/camera_ws/install/image_transport/lib:/home/shengbin/camera_ws/install/cv_bridge/lib:/home/shengbin/camera_ws/install/camera_calibration_parsers/lib:${LD_LIBRARY_PATH} PYTHONPATH=/home/shengbin/camera_ws/install/cv_bridge/local/lib/python3.10/dist-packages:${PYTHONPATH} /usr/bin/cmake --install /home/shengbin/camera_ws/build/image_publisher
[30.293s] -- Install configuration: ""
[30.293s] -- Installing: /home/shengbin/camera_ws/install/image_publisher/include
[30.294s] -- Installing: /home/shengbin/camera_ws/install/image_publisher/include/image_publisher
[30.294s] -- Installing: /home/shengbin/camera_ws/install/image_publisher/include/image_publisher/visibility.h
[30.300s] -- Installing: /home/shengbin/camera_ws/install/image_publisher/include/image_publisher/image_publisher.hpp
[30.301s] -- Installing: /home/shengbin/camera_ws/install/image_publisher/share/image_publisher/environment/library_path.sh
[30.302s] -- Installing: /home/shengbin/camera_ws/install/image_publisher/share/image_publisher/environment/library_path.dsv
[30.302s] -- Installing: /home/shengbin/camera_ws/install/image_publisher/lib/libimage_publisher.so
[30.304s] -- Set runtime path of "/home/shengbin/camera_ws/install/image_publisher/lib/libimage_publisher.so" to ""
[30.304s] -- Installing: /home/shengbin/camera_ws/install/image_publisher/lib/image_publisher/image_publisher_node
[30.305s] -- Set runtime path of "/home/shengbin/camera_ws/install/image_publisher/lib/image_publisher/image_publisher_node" to ""
[30.305s] -- Installing: /home/shengbin/camera_ws/install/image_publisher/share/image_publisher/launch
[30.309s] -- Installing: /home/shengbin/camera_ws/install/image_publisher/share/image_publisher/launch/image_publisher_stereo.launch.py
[30.310s] -- Installing: /home/shengbin/camera_ws/install/image_publisher/share/image_publisher/launch/image_publisher_file.launch.py
[30.310s] -- Installing: /home/shengbin/camera_ws/install/image_publisher/share/image_publisher/launch/splash.png
[30.324s] -- Installing: /home/shengbin/camera_ws/install/image_publisher/share/image_publisher/launch/image_publisher_mono.launch.py
[30.325s] -- Installing: /home/shengbin/camera_ws/install/image_publisher/share/ament_index/resource_index/package_run_dependencies/image_publisher
[30.326s] -- Installing: /home/shengbin/camera_ws/install/image_publisher/share/ament_index/resource_index/parent_prefix_path/image_publisher
[30.326s] -- Installing: /home/shengbin/camera_ws/install/image_publisher/share/image_publisher/environment/ament_prefix_path.sh
[30.326s] -- Installing: /home/shengbin/camera_ws/install/image_publisher/share/image_publisher/environment/ament_prefix_path.dsv
[30.326s] -- Installing: /home/shengbin/camera_ws/install/image_publisher/share/image_publisher/environment/path.sh
[30.327s] -- Installing: /home/shengbin/camera_ws/install/image_publisher/share/image_publisher/environment/path.dsv
[30.327s] -- Installing: /home/shengbin/camera_ws/install/image_publisher/share/image_publisher/local_setup.bash
[30.328s] -- Installing: /home/shengbin/camera_ws/install/image_publisher/share/image_publisher/local_setup.sh
[30.328s] -- Installing: /home/shengbin/camera_ws/install/image_publisher/share/image_publisher/local_setup.zsh
[30.328s] -- Installing: /home/shengbin/camera_ws/install/image_publisher/share/image_publisher/local_setup.dsv
[30.329s] -- Installing: /home/shengbin/camera_ws/install/image_publisher/share/image_publisher/package.dsv
[30.329s] -- Installing: /home/shengbin/camera_ws/install/image_publisher/share/ament_index/resource_index/packages/image_publisher
[30.330s] -- Installing: /home/shengbin/camera_ws/install/image_publisher/share/ament_index/resource_index/rclcpp_components/image_publisher
[30.330s] -- Installing: /home/shengbin/camera_ws/install/image_publisher/share/image_publisher/cmake/ament_cmake_export_dependencies-extras.cmake
[30.331s] -- Installing: /home/shengbin/camera_ws/install/image_publisher/share/image_publisher/cmake/ament_cmake_export_include_directories-extras.cmake
[30.331s] -- Installing: /home/shengbin/camera_ws/install/image_publisher/share/image_publisher/cmake/ament_cmake_export_libraries-extras.cmake
[30.332s] -- Installing: /home/shengbin/camera_ws/install/image_publisher/share/image_publisher/cmake/image_publisherConfig.cmake
[30.332s] -- Installing: /home/shengbin/camera_ws/install/image_publisher/share/image_publisher/cmake/image_publisherConfig-version.cmake
[30.332s] -- Installing: /home/shengbin/camera_ws/install/image_publisher/share/image_publisher/package.xml
[30.351s] Invoked command in '/home/shengbin/camera_ws/build/image_publisher' returned '0': AMENT_PREFIX_PATH=/home/shengbin/camera_ws/install/camera_info_manager:/home/shengbin/camera_ws/install/image_transport:/home/shengbin/camera_ws/install/cv_bridge:/home/shengbin/camera_ws/install/camera_calibration_parsers:${AMENT_PREFIX_PATH} CMAKE_PREFIX_PATH=/home/shengbin/camera_ws/install/camera_info_manager:/home/shengbin/camera_ws/install/image_transport:/home/shengbin/camera_ws/install/cv_bridge:/home/shengbin/camera_ws/install/camera_calibration_parsers:/opt/ros/humble LD_LIBRARY_PATH=/home/shengbin/camera_ws/install/camera_info_manager/lib:/home/shengbin/camera_ws/install/image_transport/lib:/home/shengbin/camera_ws/install/cv_bridge/lib:/home/shengbin/camera_ws/install/camera_calibration_parsers/lib:${LD_LIBRARY_PATH} PYTHONPATH=/home/shengbin/camera_ws/install/cv_bridge/local/lib/python3.10/dist-packages:${PYTHONPATH} /usr/bin/cmake --install /home/shengbin/camera_ws/build/image_publisher
