[0.638s] Invoking command in '/home/shengbin/camera_ws/build/vision_opencv': AMENT_PREFIX_PATH=/home/shengbin/camera_ws/install/image_geometry:/home/shengbin/camera_ws/install/cv_bridge:${AMENT_PREFIX_PATH} CMAKE_PREFIX_PATH=/home/shengbin/camera_ws/install/image_geometry:/home/shengbin/camera_ws/install/cv_bridge:/opt/ros/humble LD_LIBRARY_PATH=/home/shengbin/camera_ws/install/image_geometry/lib:/home/shengbin/camera_ws/install/cv_bridge/lib:${LD_LIBRARY_PATH} PYTHONPATH=/home/shengbin/camera_ws/install/image_geometry/local/lib/python3.10/dist-packages:/home/shengbin/camera_ws/install/cv_bridge/local/lib/python3.10/dist-packages:${PYTHONPATH} /usr/bin/cmake /home/shengbin/camera_ws/src/vision_opencv/vision_opencv -DCMAKE_INSTALL_PREFIX=/home/shengbin/camera_ws/install/vision_opencv
[0.704s] -- The C compiler identification is GNU 11.4.0
[0.791s] -- The CXX compiler identification is GNU 11.4.0
[0.799s] -- Detecting C compiler ABI info
[0.891s] -- Detecting C compiler ABI info - done
[0.901s] -- Check for working C compiler: /usr/bin/cc - skipped
[0.901s] -- Detecting C compile features
[0.901s] -- Detecting C compile features - done
[0.905s] -- Detecting CXX compiler ABI info
[1.013s] -- Detecting CXX compiler ABI info - done
[1.022s] -- Check for working CXX compiler: /usr/bin/c++ - skipped
[1.022s] -- Detecting CXX compile features
[1.023s] -- Detecting CXX compile features - done
[1.025s] -- Found ament_cmake: 1.3.5 (/opt/ros/humble/share/ament_cmake/cmake)
[1.278s] -- Found Python3: /usr/bin/python3.10 (found version "3.10.12") found components: Interpreter 
[1.533s] -- Configuring done
[1.535s] -- Generating done
[1.536s] -- Build files have been written to: /home/shengbin/camera_ws/build/vision_opencv
[1.543s] Invoked command in '/home/shengbin/camera_ws/build/vision_opencv' returned '0': AMENT_PREFIX_PATH=/home/shengbin/camera_ws/install/image_geometry:/home/shengbin/camera_ws/install/cv_bridge:${AMENT_PREFIX_PATH} CMAKE_PREFIX_PATH=/home/shengbin/camera_ws/install/image_geometry:/home/shengbin/camera_ws/install/cv_bridge:/opt/ros/humble LD_LIBRARY_PATH=/home/shengbin/camera_ws/install/image_geometry/lib:/home/shengbin/camera_ws/install/cv_bridge/lib:${LD_LIBRARY_PATH} PYTHONPATH=/home/shengbin/camera_ws/install/image_geometry/local/lib/python3.10/dist-packages:/home/shengbin/camera_ws/install/cv_bridge/local/lib/python3.10/dist-packages:${PYTHONPATH} /usr/bin/cmake /home/shengbin/camera_ws/src/vision_opencv/vision_opencv -DCMAKE_INSTALL_PREFIX=/home/shengbin/camera_ws/install/vision_opencv
[1.544s] Invoking command in '/home/shengbin/camera_ws/build/vision_opencv': AMENT_PREFIX_PATH=/home/shengbin/camera_ws/install/image_geometry:/home/shengbin/camera_ws/install/cv_bridge:${AMENT_PREFIX_PATH} CMAKE_PREFIX_PATH=/home/shengbin/camera_ws/install/image_geometry:/home/shengbin/camera_ws/install/cv_bridge:/opt/ros/humble LD_LIBRARY_PATH=/home/shengbin/camera_ws/install/image_geometry/lib:/home/shengbin/camera_ws/install/cv_bridge/lib:${LD_LIBRARY_PATH} PYTHONPATH=/home/shengbin/camera_ws/install/image_geometry/local/lib/python3.10/dist-packages:/home/shengbin/camera_ws/install/cv_bridge/local/lib/python3.10/dist-packages:${PYTHONPATH} /usr/bin/cmake --build /home/shengbin/camera_ws/build/vision_opencv -- -j16 -l16
[1.593s] Invoked command in '/home/shengbin/camera_ws/build/vision_opencv' returned '0': AMENT_PREFIX_PATH=/home/shengbin/camera_ws/install/image_geometry:/home/shengbin/camera_ws/install/cv_bridge:${AMENT_PREFIX_PATH} CMAKE_PREFIX_PATH=/home/shengbin/camera_ws/install/image_geometry:/home/shengbin/camera_ws/install/cv_bridge:/opt/ros/humble LD_LIBRARY_PATH=/home/shengbin/camera_ws/install/image_geometry/lib:/home/shengbin/camera_ws/install/cv_bridge/lib:${LD_LIBRARY_PATH} PYTHONPATH=/home/shengbin/camera_ws/install/image_geometry/local/lib/python3.10/dist-packages:/home/shengbin/camera_ws/install/cv_bridge/local/lib/python3.10/dist-packages:${PYTHONPATH} /usr/bin/cmake --build /home/shengbin/camera_ws/build/vision_opencv -- -j16 -l16
[1.678s] Invoking command in '/home/shengbin/camera_ws/build/vision_opencv': AMENT_PREFIX_PATH=/home/shengbin/camera_ws/install/image_geometry:/home/shengbin/camera_ws/install/cv_bridge:${AMENT_PREFIX_PATH} CMAKE_PREFIX_PATH=/home/shengbin/camera_ws/install/image_geometry:/home/shengbin/camera_ws/install/cv_bridge:/opt/ros/humble LD_LIBRARY_PATH=/home/shengbin/camera_ws/install/image_geometry/lib:/home/shengbin/camera_ws/install/cv_bridge/lib:${LD_LIBRARY_PATH} PYTHONPATH=/home/shengbin/camera_ws/install/image_geometry/local/lib/python3.10/dist-packages:/home/shengbin/camera_ws/install/cv_bridge/local/lib/python3.10/dist-packages:${PYTHONPATH} /usr/bin/cmake --install /home/shengbin/camera_ws/build/vision_opencv
[1.686s] -- Install configuration: ""
[1.687s] -- Installing: /home/shengbin/camera_ws/install/vision_opencv/share/ament_index/resource_index/package_run_dependencies/vision_opencv
[1.687s] -- Installing: /home/shengbin/camera_ws/install/vision_opencv/share/ament_index/resource_index/parent_prefix_path/vision_opencv
[1.687s] -- Installing: /home/shengbin/camera_ws/install/vision_opencv/share/vision_opencv/environment/ament_prefix_path.sh
[1.687s] -- Installing: /home/shengbin/camera_ws/install/vision_opencv/share/vision_opencv/environment/ament_prefix_path.dsv
[1.687s] -- Installing: /home/shengbin/camera_ws/install/vision_opencv/share/vision_opencv/environment/path.sh
[1.687s] -- Installing: /home/shengbin/camera_ws/install/vision_opencv/share/vision_opencv/environment/path.dsv
[1.687s] -- Installing: /home/shengbin/camera_ws/install/vision_opencv/share/vision_opencv/local_setup.bash
[1.688s] -- Installing: /home/shengbin/camera_ws/install/vision_opencv/share/vision_opencv/local_setup.sh
[1.688s] -- Installing: /home/shengbin/camera_ws/install/vision_opencv/share/vision_opencv/local_setup.zsh
[1.688s] -- Installing: /home/shengbin/camera_ws/install/vision_opencv/share/vision_opencv/local_setup.dsv
[1.688s] -- Installing: /home/shengbin/camera_ws/install/vision_opencv/share/vision_opencv/package.dsv
[1.688s] -- Installing: /home/shengbin/camera_ws/install/vision_opencv/share/ament_index/resource_index/packages/vision_opencv
[1.688s] -- Installing: /home/shengbin/camera_ws/install/vision_opencv/share/vision_opencv/cmake/vision_opencvConfig.cmake
[1.688s] -- Installing: /home/shengbin/camera_ws/install/vision_opencv/share/vision_opencv/cmake/vision_opencvConfig-version.cmake
[1.688s] -- Installing: /home/shengbin/camera_ws/install/vision_opencv/share/vision_opencv/package.xml
[1.692s] Invoked command in '/home/shengbin/camera_ws/build/vision_opencv' returned '0': AMENT_PREFIX_PATH=/home/shengbin/camera_ws/install/image_geometry:/home/shengbin/camera_ws/install/cv_bridge:${AMENT_PREFIX_PATH} CMAKE_PREFIX_PATH=/home/shengbin/camera_ws/install/image_geometry:/home/shengbin/camera_ws/install/cv_bridge:/opt/ros/humble LD_LIBRARY_PATH=/home/shengbin/camera_ws/install/image_geometry/lib:/home/shengbin/camera_ws/install/cv_bridge/lib:${LD_LIBRARY_PATH} PYTHONPATH=/home/shengbin/camera_ws/install/image_geometry/local/lib/python3.10/dist-packages:/home/shengbin/camera_ws/install/cv_bridge/local/lib/python3.10/dist-packages:${PYTHONPATH} /usr/bin/cmake --install /home/shengbin/camera_ws/build/vision_opencv
