[0.399s] Invoking command in '/home/shengbin/camera_ws/build/image_proc': AMENT_PREFIX_PATH=/home/shengbin/camera_ws/install/tracetools_image_pipeline:/home/shengbin/camera_ws/install/image_transport:/home/shengbin/camera_ws/install/image_geometry:/home/shengbin/camera_ws/install/cv_bridge:${AMENT_PREFIX_PATH} CMAKE_PREFIX_PATH=/home/shengbin/camera_ws/install/tracetools_image_pipeline:/home/shengbin/camera_ws/install/image_transport:/home/shengbin/camera_ws/install/image_geometry:/home/shengbin/camera_ws/install/cv_bridge:/opt/ros/humble LD_LIBRARY_PATH=/home/shengbin/camera_ws/install/tracetools_image_pipeline/lib:/home/shengbin/camera_ws/install/image_transport/lib:/home/shengbin/camera_ws/install/image_geometry/lib:/home/shengbin/camera_ws/install/cv_bridge/lib:${LD_LIBRARY_PATH} PYTHONPATH=/home/shengbin/camera_ws/install/image_geometry/local/lib/python3.10/dist-packages:/home/shengbin/camera_ws/install/cv_bridge/local/lib/python3.10/dist-packages:${PYTHONPATH} /usr/bin/cmake --build /home/shengbin/camera_ws/build/image_proc -- -j16 -l16
[0.879s] [35m[1mConsolidate compiler generated dependencies of target image_proc[0m
[0.879s] [ 13%] Built target image_proc
[0.879s] [35m[1mConsolidate compiler generated dependencies of target rectify[0m
[0.879s] [ 26%] Built target rectify
[0.879s] [35m[1mConsolidate compiler generated dependencies of target debayer[0m
[0.879s] [ 46%] Built target debayer
[0.879s] [35m[1mConsolidate compiler generated dependencies of target resize[0m
[0.880s] [ 60%] Built target resize
[0.880s] [35m[1mConsolidate compiler generated dependencies of target crop_decimate[0m
[0.880s] [ 73%] Built target crop_decimate
[0.880s] [35m[1mConsolidate compiler generated dependencies of target crop_non_zero[0m
[0.881s] [ 86%] Built target crop_non_zero
[0.881s] [35m[1mConsolidate compiler generated dependencies of target image_proc_exe[0m
[0.881s] [100%] Built target image_proc_exe
[0.892s] Invoked command in '/home/shengbin/camera_ws/build/image_proc' returned '0': AMENT_PREFIX_PATH=/home/shengbin/camera_ws/install/tracetools_image_pipeline:/home/shengbin/camera_ws/install/image_transport:/home/shengbin/camera_ws/install/image_geometry:/home/shengbin/camera_ws/install/cv_bridge:${AMENT_PREFIX_PATH} CMAKE_PREFIX_PATH=/home/shengbin/camera_ws/install/tracetools_image_pipeline:/home/shengbin/camera_ws/install/image_transport:/home/shengbin/camera_ws/install/image_geometry:/home/shengbin/camera_ws/install/cv_bridge:/opt/ros/humble LD_LIBRARY_PATH=/home/shengbin/camera_ws/install/tracetools_image_pipeline/lib:/home/shengbin/camera_ws/install/image_transport/lib:/home/shengbin/camera_ws/install/image_geometry/lib:/home/shengbin/camera_ws/install/cv_bridge/lib:${LD_LIBRARY_PATH} PYTHONPATH=/home/shengbin/camera_ws/install/image_geometry/local/lib/python3.10/dist-packages:/home/shengbin/camera_ws/install/cv_bridge/local/lib/python3.10/dist-packages:${PYTHONPATH} /usr/bin/cmake --build /home/shengbin/camera_ws/build/image_proc -- -j16 -l16
[0.929s] Invoking command in '/home/shengbin/camera_ws/build/image_proc': AMENT_PREFIX_PATH=/home/shengbin/camera_ws/install/tracetools_image_pipeline:/home/shengbin/camera_ws/install/image_transport:/home/shengbin/camera_ws/install/image_geometry:/home/shengbin/camera_ws/install/cv_bridge:${AMENT_PREFIX_PATH} CMAKE_PREFIX_PATH=/home/shengbin/camera_ws/install/tracetools_image_pipeline:/home/shengbin/camera_ws/install/image_transport:/home/shengbin/camera_ws/install/image_geometry:/home/shengbin/camera_ws/install/cv_bridge:/opt/ros/humble LD_LIBRARY_PATH=/home/shengbin/camera_ws/install/tracetools_image_pipeline/lib:/home/shengbin/camera_ws/install/image_transport/lib:/home/shengbin/camera_ws/install/image_geometry/lib:/home/shengbin/camera_ws/install/cv_bridge/lib:${LD_LIBRARY_PATH} PYTHONPATH=/home/shengbin/camera_ws/install/image_geometry/local/lib/python3.10/dist-packages:/home/shengbin/camera_ws/install/cv_bridge/local/lib/python3.10/dist-packages:${PYTHONPATH} /usr/bin/cmake --install /home/shengbin/camera_ws/build/image_proc
[0.931s] -- Install configuration: ""
[0.931s] -- Up-to-date: /home/shengbin/camera_ws/install/image_proc/bin/image_proc
[0.931s] -- Up-to-date: /home/shengbin/camera_ws/install/image_proc/include
[0.932s] -- Up-to-date: /home/shengbin/camera_ws/install/image_proc/include/image_proc
[0.932s] -- Up-to-date: /home/shengbin/camera_ws/install/image_proc/include/image_proc/crop_non_zero.hpp
[0.932s] -- Up-to-date: /home/shengbin/camera_ws/install/image_proc/include/image_proc/resize.hpp
[0.932s] -- Up-to-date: /home/shengbin/camera_ws/install/image_proc/include/image_proc/processor.hpp
[0.932s] -- Up-to-date: /home/shengbin/camera_ws/install/image_proc/include/image_proc/debayer.hpp
[0.932s] -- Up-to-date: /home/shengbin/camera_ws/install/image_proc/include/image_proc/rectify.hpp
[0.932s] -- Up-to-date: /home/shengbin/camera_ws/install/image_proc/include/image_proc/edge_aware.hpp
[0.933s] -- Up-to-date: /home/shengbin/camera_ws/install/image_proc/include/image_proc/crop_decimate.hpp
[0.933s] -- Up-to-date: /home/shengbin/camera_ws/install/image_proc/include/image_proc/utils.hpp
[0.933s] -- Up-to-date: /home/shengbin/camera_ws/install/image_proc/share/image_proc/environment/library_path.sh
[0.933s] -- Up-to-date: /home/shengbin/camera_ws/install/image_proc/share/image_proc/environment/library_path.dsv
[0.933s] -- Up-to-date: /home/shengbin/camera_ws/install/image_proc/lib/libimage_proc.so
[0.933s] -- Up-to-date: /home/shengbin/camera_ws/install/image_proc/lib/librectify.so
[0.933s] -- Up-to-date: /home/shengbin/camera_ws/install/image_proc/lib/libdebayer.so
[0.933s] -- Up-to-date: /home/shengbin/camera_ws/install/image_proc/lib/libresize.so
[0.933s] -- Up-to-date: /home/shengbin/camera_ws/install/image_proc/lib/libcrop_decimate.so
[0.934s] -- Up-to-date: /home/shengbin/camera_ws/install/image_proc/lib/libcrop_non_zero.so
[0.934s] -- Up-to-date: /home/shengbin/camera_ws/install/image_proc/lib/image_proc/image_proc
[0.934s] -- Up-to-date: /home/shengbin/camera_ws/install/image_proc/share/image_proc/launch
[0.934s] -- Up-to-date: /home/shengbin/camera_ws/install/image_proc/share/image_proc/launch/image_proc.launch.py
[0.934s] -- Up-to-date: /home/shengbin/camera_ws/install/image_proc/share/ament_index/resource_index/package_run_dependencies/image_proc
[0.934s] -- Up-to-date: /home/shengbin/camera_ws/install/image_proc/share/ament_index/resource_index/parent_prefix_path/image_proc
[0.934s] -- Up-to-date: /home/shengbin/camera_ws/install/image_proc/share/image_proc/environment/ament_prefix_path.sh
[0.934s] -- Up-to-date: /home/shengbin/camera_ws/install/image_proc/share/image_proc/environment/ament_prefix_path.dsv
[0.934s] -- Up-to-date: /home/shengbin/camera_ws/install/image_proc/share/image_proc/environment/path.sh
[0.935s] -- Up-to-date: /home/shengbin/camera_ws/install/image_proc/share/image_proc/environment/path.dsv
[0.935s] -- Up-to-date: /home/shengbin/camera_ws/install/image_proc/share/image_proc/local_setup.bash
[0.935s] -- Up-to-date: /home/shengbin/camera_ws/install/image_proc/share/image_proc/local_setup.sh
[0.935s] -- Up-to-date: /home/shengbin/camera_ws/install/image_proc/share/image_proc/local_setup.zsh
[0.935s] -- Up-to-date: /home/shengbin/camera_ws/install/image_proc/share/image_proc/local_setup.dsv
[0.935s] -- Installing: /home/shengbin/camera_ws/install/image_proc/share/image_proc/package.dsv
[0.935s] -- Up-to-date: /home/shengbin/camera_ws/install/image_proc/share/ament_index/resource_index/packages/image_proc
[0.935s] -- Up-to-date: /home/shengbin/camera_ws/install/image_proc/share/ament_index/resource_index/rclcpp_components/image_proc
[0.936s] -- Up-to-date: /home/shengbin/camera_ws/install/image_proc/share/image_proc/cmake/ament_cmake_export_dependencies-extras.cmake
[0.936s] -- Up-to-date: /home/shengbin/camera_ws/install/image_proc/share/image_proc/cmake/ament_cmake_export_include_directories-extras.cmake
[0.936s] -- Up-to-date: /home/shengbin/camera_ws/install/image_proc/share/image_proc/cmake/ament_cmake_export_libraries-extras.cmake
[0.936s] -- Up-to-date: /home/shengbin/camera_ws/install/image_proc/share/image_proc/cmake/image_procConfig.cmake
[0.936s] -- Up-to-date: /home/shengbin/camera_ws/install/image_proc/share/image_proc/cmake/image_procConfig-version.cmake
[0.936s] -- Up-to-date: /home/shengbin/camera_ws/install/image_proc/share/image_proc/package.xml
[1.238s] Invoked command in '/home/shengbin/camera_ws/build/image_proc' returned '0': AMENT_PREFIX_PATH=/home/shengbin/camera_ws/install/tracetools_image_pipeline:/home/shengbin/camera_ws/install/image_transport:/home/shengbin/camera_ws/install/image_geometry:/home/shengbin/camera_ws/install/cv_bridge:${AMENT_PREFIX_PATH} CMAKE_PREFIX_PATH=/home/shengbin/camera_ws/install/tracetools_image_pipeline:/home/shengbin/camera_ws/install/image_transport:/home/shengbin/camera_ws/install/image_geometry:/home/shengbin/camera_ws/install/cv_bridge:/opt/ros/humble LD_LIBRARY_PATH=/home/shengbin/camera_ws/install/tracetools_image_pipeline/lib:/home/shengbin/camera_ws/install/image_transport/lib:/home/shengbin/camera_ws/install/image_geometry/lib:/home/shengbin/camera_ws/install/cv_bridge/lib:${LD_LIBRARY_PATH} PYTHONPATH=/home/shengbin/camera_ws/install/image_geometry/local/lib/python3.10/dist-packages:/home/shengbin/camera_ws/install/cv_bridge/local/lib/python3.10/dist-packages:${PYTHONPATH} /usr/bin/cmake --install /home/shengbin/camera_ws/build/image_proc
