-- The C compiler identification is GNU 11.4.0
-- The CXX compiler identification is GNU 11.4.0
-- Detecting C compiler ABI info
-- Detecting C compiler ABI info - done
-- Check for working C compiler: /usr/bin/cc - skipped
-- Detecting C compile features
-- Detecting C compile features - done
-- Detecting CXX compiler ABI info
-- Detecting CXX compiler ABI info - done
-- Check for working CXX compiler: /usr/bin/c++ - skipped
-- Detecting CXX compile features
-- Detecting CXX compile features - done
-- Found ament_cmake: 1.3.5 (/opt/ros/humble/share/ament_cmake/cmake)
-- Found Python3: /usr/bin/python3.10 (found version "3.10.12") found components: Interpreter 
-- Configuring done
-- Generating done
-- Build files have been written to: /home/shengbin/camera_ws/build/image_transport_plugins
-- Install configuration: ""
-- Installing: /home/shengbin/camera_ws/install/image_transport_plugins/share/ament_index/resource_index/package_run_dependencies/image_transport_plugins
-- Installing: /home/shengbin/camera_ws/install/image_transport_plugins/share/ament_index/resource_index/parent_prefix_path/image_transport_plugins
-- Installing: /home/shengbin/camera_ws/install/image_transport_plugins/share/image_transport_plugins/environment/ament_prefix_path.sh
-- Installing: /home/shengbin/camera_ws/install/image_transport_plugins/share/image_transport_plugins/environment/ament_prefix_path.dsv
-- Installing: /home/shengbin/camera_ws/install/image_transport_plugins/share/image_transport_plugins/environment/path.sh
-- Installing: /home/shengbin/camera_ws/install/image_transport_plugins/share/image_transport_plugins/environment/path.dsv
-- Installing: /home/shengbin/camera_ws/install/image_transport_plugins/share/image_transport_plugins/local_setup.bash
-- Installing: /home/shengbin/camera_ws/install/image_transport_plugins/share/image_transport_plugins/local_setup.sh
-- Installing: /home/shengbin/camera_ws/install/image_transport_plugins/share/image_transport_plugins/local_setup.zsh
-- Installing: /home/shengbin/camera_ws/install/image_transport_plugins/share/image_transport_plugins/local_setup.dsv
-- Installing: /home/shengbin/camera_ws/install/image_transport_plugins/share/image_transport_plugins/package.dsv
-- Installing: /home/shengbin/camera_ws/install/image_transport_plugins/share/ament_index/resource_index/packages/image_transport_plugins
-- Installing: /home/shengbin/camera_ws/install/image_transport_plugins/share/image_transport_plugins/cmake/image_transport_pluginsConfig.cmake
-- Installing: /home/shengbin/camera_ws/install/image_transport_plugins/share/image_transport_plugins/cmake/image_transport_pluginsConfig-version.cmake
-- Installing: /home/shengbin/camera_ws/install/image_transport_plugins/share/image_transport_plugins/package.xml
