[0.114s] Invoking command in '/home/shengbin/camera_ws/build/image_transport_plugins': AMENT_PREFIX_PATH=/home/shengbin/camera_ws/install/theora_image_transport:/home/shengbin/camera_ws/install/compressed_image_transport:/home/shengbin/camera_ws/install/compressed_depth_image_transport:/home/shengbin/camera_ws/install/image_transport:/home/shengbin/camera_ws/install/cv_bridge:${AMENT_PREFIX_PATH} CMAKE_PREFIX_PATH=/home/shengbin/camera_ws/install/theora_image_transport:/home/shengbin/camera_ws/install/compressed_image_transport:/home/shengbin/camera_ws/install/compressed_depth_image_transport:/home/shengbin/camera_ws/install/image_transport:/home/shengbin/camera_ws/install/cv_bridge:/opt/ros/humble LD_LIBRARY_PATH=/home/shengbin/camera_ws/install/theora_image_transport/lib:/home/shengbin/camera_ws/install/compressed_image_transport/lib:/home/shengbin/camera_ws/install/compressed_depth_image_transport/lib:/home/shengbin/camera_ws/install/image_transport/lib:/home/shengbin/camera_ws/install/cv_bridge/lib:${LD_LIBRARY_PATH} PYTHONPATH=/home/shengbin/camera_ws/install/theora_image_transport/local/lib/python3.10/dist-packages:/home/shengbin/camera_ws/install/cv_bridge/local/lib/python3.10/dist-packages:${PYTHONPATH} /usr/bin/cmake /home/shengbin/camera_ws/src/image_transport_plugins/image_transport_plugins -DCMAKE_INSTALL_PREFIX=/home/shengbin/camera_ws/install/image_transport_plugins
[0.259s] -- The C compiler identification is GNU 11.4.0
[0.401s] -- The CXX compiler identification is GNU 11.4.0
[0.427s] -- Detecting C compiler ABI info
[0.566s] -- Detecting C compiler ABI info - done
[0.577s] -- Check for working C compiler: /usr/bin/cc - skipped
[0.580s] -- Detecting C compile features
[0.584s] -- Detecting C compile features - done
[0.604s] -- Detecting CXX compiler ABI info
[0.746s] -- Detecting CXX compiler ABI info - done
[0.758s] -- Check for working CXX compiler: /usr/bin/c++ - skipped
[0.758s] -- Detecting CXX compile features
[0.759s] -- Detecting CXX compile features - done
[0.773s] -- Found ament_cmake: 1.3.5 (/opt/ros/humble/share/ament_cmake/cmake)
[1.069s] -- Found Python3: /usr/bin/python3.10 (found version "3.10.12") found components: Interpreter 
[1.405s] -- Configuring done
[1.409s] -- Generating done
[1.411s] -- Build files have been written to: /home/shengbin/camera_ws/build/image_transport_plugins
[1.417s] Invoked command in '/home/shengbin/camera_ws/build/image_transport_plugins' returned '0': AMENT_PREFIX_PATH=/home/shengbin/camera_ws/install/theora_image_transport:/home/shengbin/camera_ws/install/compressed_image_transport:/home/shengbin/camera_ws/install/compressed_depth_image_transport:/home/shengbin/camera_ws/install/image_transport:/home/shengbin/camera_ws/install/cv_bridge:${AMENT_PREFIX_PATH} CMAKE_PREFIX_PATH=/home/shengbin/camera_ws/install/theora_image_transport:/home/shengbin/camera_ws/install/compressed_image_transport:/home/shengbin/camera_ws/install/compressed_depth_image_transport:/home/shengbin/camera_ws/install/image_transport:/home/shengbin/camera_ws/install/cv_bridge:/opt/ros/humble LD_LIBRARY_PATH=/home/shengbin/camera_ws/install/theora_image_transport/lib:/home/shengbin/camera_ws/install/compressed_image_transport/lib:/home/shengbin/camera_ws/install/compressed_depth_image_transport/lib:/home/shengbin/camera_ws/install/image_transport/lib:/home/shengbin/camera_ws/install/cv_bridge/lib:${LD_LIBRARY_PATH} PYTHONPATH=/home/shengbin/camera_ws/install/theora_image_transport/local/lib/python3.10/dist-packages:/home/shengbin/camera_ws/install/cv_bridge/local/lib/python3.10/dist-packages:${PYTHONPATH} /usr/bin/cmake /home/shengbin/camera_ws/src/image_transport_plugins/image_transport_plugins -DCMAKE_INSTALL_PREFIX=/home/shengbin/camera_ws/install/image_transport_plugins
[1.420s] Invoking command in '/home/shengbin/camera_ws/build/image_transport_plugins': AMENT_PREFIX_PATH=/home/shengbin/camera_ws/install/theora_image_transport:/home/shengbin/camera_ws/install/compressed_image_transport:/home/shengbin/camera_ws/install/compressed_depth_image_transport:/home/shengbin/camera_ws/install/image_transport:/home/shengbin/camera_ws/install/cv_bridge:${AMENT_PREFIX_PATH} CMAKE_PREFIX_PATH=/home/shengbin/camera_ws/install/theora_image_transport:/home/shengbin/camera_ws/install/compressed_image_transport:/home/shengbin/camera_ws/install/compressed_depth_image_transport:/home/shengbin/camera_ws/install/image_transport:/home/shengbin/camera_ws/install/cv_bridge:/opt/ros/humble LD_LIBRARY_PATH=/home/shengbin/camera_ws/install/theora_image_transport/lib:/home/shengbin/camera_ws/install/compressed_image_transport/lib:/home/shengbin/camera_ws/install/compressed_depth_image_transport/lib:/home/shengbin/camera_ws/install/image_transport/lib:/home/shengbin/camera_ws/install/cv_bridge/lib:${LD_LIBRARY_PATH} PYTHONPATH=/home/shengbin/camera_ws/install/theora_image_transport/local/lib/python3.10/dist-packages:/home/shengbin/camera_ws/install/cv_bridge/local/lib/python3.10/dist-packages:${PYTHONPATH} /usr/bin/cmake --build /home/shengbin/camera_ws/build/image_transport_plugins -- -j16 -l16
[1.488s] Invoked command in '/home/shengbin/camera_ws/build/image_transport_plugins' returned '0': AMENT_PREFIX_PATH=/home/shengbin/camera_ws/install/theora_image_transport:/home/shengbin/camera_ws/install/compressed_image_transport:/home/shengbin/camera_ws/install/compressed_depth_image_transport:/home/shengbin/camera_ws/install/image_transport:/home/shengbin/camera_ws/install/cv_bridge:${AMENT_PREFIX_PATH} CMAKE_PREFIX_PATH=/home/shengbin/camera_ws/install/theora_image_transport:/home/shengbin/camera_ws/install/compressed_image_transport:/home/shengbin/camera_ws/install/compressed_depth_image_transport:/home/shengbin/camera_ws/install/image_transport:/home/shengbin/camera_ws/install/cv_bridge:/opt/ros/humble LD_LIBRARY_PATH=/home/shengbin/camera_ws/install/theora_image_transport/lib:/home/shengbin/camera_ws/install/compressed_image_transport/lib:/home/shengbin/camera_ws/install/compressed_depth_image_transport/lib:/home/shengbin/camera_ws/install/image_transport/lib:/home/shengbin/camera_ws/install/cv_bridge/lib:${LD_LIBRARY_PATH} PYTHONPATH=/home/shengbin/camera_ws/install/theora_image_transport/local/lib/python3.10/dist-packages:/home/shengbin/camera_ws/install/cv_bridge/local/lib/python3.10/dist-packages:${PYTHONPATH} /usr/bin/cmake --build /home/shengbin/camera_ws/build/image_transport_plugins -- -j16 -l16
[1.523s] Invoking command in '/home/shengbin/camera_ws/build/image_transport_plugins': AMENT_PREFIX_PATH=/home/shengbin/camera_ws/install/theora_image_transport:/home/shengbin/camera_ws/install/compressed_image_transport:/home/shengbin/camera_ws/install/compressed_depth_image_transport:/home/shengbin/camera_ws/install/image_transport:/home/shengbin/camera_ws/install/cv_bridge:${AMENT_PREFIX_PATH} CMAKE_PREFIX_PATH=/home/shengbin/camera_ws/install/theora_image_transport:/home/shengbin/camera_ws/install/compressed_image_transport:/home/shengbin/camera_ws/install/compressed_depth_image_transport:/home/shengbin/camera_ws/install/image_transport:/home/shengbin/camera_ws/install/cv_bridge:/opt/ros/humble LD_LIBRARY_PATH=/home/shengbin/camera_ws/install/theora_image_transport/lib:/home/shengbin/camera_ws/install/compressed_image_transport/lib:/home/shengbin/camera_ws/install/compressed_depth_image_transport/lib:/home/shengbin/camera_ws/install/image_transport/lib:/home/shengbin/camera_ws/install/cv_bridge/lib:${LD_LIBRARY_PATH} PYTHONPATH=/home/shengbin/camera_ws/install/theora_image_transport/local/lib/python3.10/dist-packages:/home/shengbin/camera_ws/install/cv_bridge/local/lib/python3.10/dist-packages:${PYTHONPATH} /usr/bin/cmake --install /home/shengbin/camera_ws/build/image_transport_plugins
[1.538s] -- Install configuration: ""
[1.539s] -- Installing: /home/shengbin/camera_ws/install/image_transport_plugins/share/ament_index/resource_index/package_run_dependencies/image_transport_plugins
[1.539s] -- Installing: /home/shengbin/camera_ws/install/image_transport_plugins/share/ament_index/resource_index/parent_prefix_path/image_transport_plugins
[1.557s] -- Installing: /home/shengbin/camera_ws/install/image_transport_plugins/share/image_transport_plugins/environment/ament_prefix_path.sh
[1.557s] -- Installing: /home/shengbin/camera_ws/install/image_transport_plugins/share/image_transport_plugins/environment/ament_prefix_path.dsv
[1.557s] -- Installing: /home/shengbin/camera_ws/install/image_transport_plugins/share/image_transport_plugins/environment/path.sh
[1.557s] -- Installing: /home/shengbin/camera_ws/install/image_transport_plugins/share/image_transport_plugins/environment/path.dsv
[1.557s] -- Installing: /home/shengbin/camera_ws/install/image_transport_plugins/share/image_transport_plugins/local_setup.bash
[1.557s] -- Installing: /home/shengbin/camera_ws/install/image_transport_plugins/share/image_transport_plugins/local_setup.sh
[1.557s] -- Installing: /home/shengbin/camera_ws/install/image_transport_plugins/share/image_transport_plugins/local_setup.zsh
[1.558s] -- Installing: /home/shengbin/camera_ws/install/image_transport_plugins/share/image_transport_plugins/local_setup.dsv
[1.558s] -- Installing: /home/shengbin/camera_ws/install/image_transport_plugins/share/image_transport_plugins/package.dsv
[1.558s] -- Installing: /home/shengbin/camera_ws/install/image_transport_plugins/share/ament_index/resource_index/packages/image_transport_plugins
[1.558s] -- Installing: /home/shengbin/camera_ws/install/image_transport_plugins/share/image_transport_plugins/cmake/image_transport_pluginsConfig.cmake
[1.558s] -- Installing: /home/shengbin/camera_ws/install/image_transport_plugins/share/image_transport_plugins/cmake/image_transport_pluginsConfig-version.cmake
[1.558s] -- Installing: /home/shengbin/camera_ws/install/image_transport_plugins/share/image_transport_plugins/package.xml
[1.559s] Invoked command in '/home/shengbin/camera_ws/build/image_transport_plugins' returned '0': AMENT_PREFIX_PATH=/home/shengbin/camera_ws/install/theora_image_transport:/home/shengbin/camera_ws/install/compressed_image_transport:/home/shengbin/camera_ws/install/compressed_depth_image_transport:/home/shengbin/camera_ws/install/image_transport:/home/shengbin/camera_ws/install/cv_bridge:${AMENT_PREFIX_PATH} CMAKE_PREFIX_PATH=/home/shengbin/camera_ws/install/theora_image_transport:/home/shengbin/camera_ws/install/compressed_image_transport:/home/shengbin/camera_ws/install/compressed_depth_image_transport:/home/shengbin/camera_ws/install/image_transport:/home/shengbin/camera_ws/install/cv_bridge:/opt/ros/humble LD_LIBRARY_PATH=/home/shengbin/camera_ws/install/theora_image_transport/lib:/home/shengbin/camera_ws/install/compressed_image_transport/lib:/home/shengbin/camera_ws/install/compressed_depth_image_transport/lib:/home/shengbin/camera_ws/install/image_transport/lib:/home/shengbin/camera_ws/install/cv_bridge/lib:${LD_LIBRARY_PATH} PYTHONPATH=/home/shengbin/camera_ws/install/theora_image_transport/local/lib/python3.10/dist-packages:/home/shengbin/camera_ws/install/cv_bridge/local/lib/python3.10/dist-packages:${PYTHONPATH} /usr/bin/cmake --install /home/shengbin/camera_ws/build/image_transport_plugins
