[0.336s] Invoking command in '/home/shengbin/camera_ws/build/image_proc': AMENT_PREFIX_PATH=/home/shengbin/camera_ws/install/tracetools_image_pipeline:/home/shengbin/camera_ws/install/image_transport:/home/shengbin/camera_ws/install/image_geometry:/home/shengbin/camera_ws/install/cv_bridge:${AMENT_PREFIX_PATH} CMAKE_PREFIX_PATH=/home/shengbin/camera_ws/install/tracetools_image_pipeline:/home/shengbin/camera_ws/install/image_transport:/home/shengbin/camera_ws/install/image_geometry:/home/shengbin/camera_ws/install/cv_bridge:/opt/ros/humble LD_LIBRARY_PATH=/home/shengbin/camera_ws/install/tracetools_image_pipeline/lib:/home/shengbin/camera_ws/install/image_transport/lib:/home/shengbin/camera_ws/install/image_geometry/lib:/home/shengbin/camera_ws/install/cv_bridge/lib:${LD_LIBRARY_PATH} PYTHONPATH=/home/shengbin/camera_ws/install/image_geometry/local/lib/python3.10/dist-packages:/home/shengbin/camera_ws/install/cv_bridge/local/lib/python3.10/dist-packages:${PYTHONPATH} /usr/bin/cmake /home/shengbin/camera_ws/src/image_pipeline/image_proc -DCMAKE_INSTALL_PREFIX=/home/shengbin/camera_ws/install/image_proc
[0.384s] -- The C compiler identification is GNU 11.4.0
[0.454s] -- The CXX compiler identification is GNU 11.4.0
[0.464s] -- Detecting C compiler ABI info
[0.536s] -- Detecting C compiler ABI info - done
[0.550s] -- Check for working C compiler: /usr/bin/cc - skipped
[0.550s] -- Detecting C compile features
[0.550s] -- Detecting C compile features - done
[0.555s] -- Detecting CXX compiler ABI info
[0.661s] -- Detecting CXX compiler ABI info - done
[0.670s] -- Check for working CXX compiler: /usr/bin/c++ - skipped
[0.670s] -- Detecting CXX compile features
[0.671s] -- Detecting CXX compile features - done
[0.673s] -- Found ament_cmake_auto: 1.3.5 (/opt/ros/humble/share/ament_cmake_auto/cmake)
[0.848s] -- Found Python3: /usr/bin/python3.10 (found version "3.10.12") found components: Interpreter 
[1.103s] -- Found rosidl_generator_c: 3.1.5 (/opt/ros/humble/share/rosidl_generator_c/cmake)
[1.107s] -- Found rosidl_adapter: 3.1.5 (/opt/ros/humble/share/rosidl_adapter/cmake)
[1.115s] -- Found rosidl_generator_cpp: 3.1.5 (/opt/ros/humble/share/rosidl_generator_cpp/cmake)
[1.128s] -- Using all available rosidl_typesupport_c: rosidl_typesupport_fastrtps_c;rosidl_typesupport_introspection_c
[1.146s] -- Using all available rosidl_typesupport_cpp: rosidl_typesupport_fastrtps_cpp;rosidl_typesupport_introspection_cpp
[1.424s] -- Found rmw_implementation_cmake: 6.1.1 (/opt/ros/humble/share/rmw_implementation_cmake/cmake)
[1.426s] -- Found rmw_cyclonedds_cpp: 1.3.4 (/opt/ros/humble/share/rmw_cyclonedds_cpp/cmake)
[1.457s] -- Using RMW implementation 'rmw_cyclonedds_cpp' as default
[1.466s] -- Looking for pthread.h
[1.543s] -- Looking for pthread.h - found
[1.544s] -- Performing Test CMAKE_HAVE_LIBC_PTHREAD
[1.639s] -- Performing Test CMAKE_HAVE_LIBC_PTHREAD - Success
[1.640s] -- Found Threads: TRUE  
[1.951s] -- Found OpenCV: /usr (found version "4.5.4") 
[1.975s] -- Found ament_lint_auto: 0.12.8 (/opt/ros/humble/share/ament_lint_auto/cmake)
[2.010s] -- Added test 'copyright' to check source files copyright and LICENSE
[2.013s] -- Added test 'cppcheck' to perform static code analysis on C / C++ code
[2.014s] -- Configured cppcheck include dirs: /home/shengbin/camera_ws/src/image_pipeline/image_proc/include
[2.015s] -- Configured cppcheck exclude dirs and/or files: 
[2.017s] -- Added test 'cpplint' to check C / C++ code against the Google style
[2.017s] -- Configured cpplint exclude dirs and/or files: 
[2.018s] -- Added test 'flake8' to check Python code syntax and style conventions
[2.019s] -- Added test 'lint_cmake' to check CMake code style
[2.020s] -- Added test 'pep257' to check Python code against some of the docstring style conventions in PEP 257
[2.022s] -- Added test 'uncrustify' to check C / C++ code style
[2.023s] -- Configured uncrustify additional arguments: 
[2.023s] -- Added test 'xmllint' to check XML markup files
[2.028s] -- Configuring done
[2.135s] -- Generating done
[2.138s] -- Build files have been written to: /home/shengbin/camera_ws/build/image_proc
[2.157s] Invoked command in '/home/shengbin/camera_ws/build/image_proc' returned '0': AMENT_PREFIX_PATH=/home/shengbin/camera_ws/install/tracetools_image_pipeline:/home/shengbin/camera_ws/install/image_transport:/home/shengbin/camera_ws/install/image_geometry:/home/shengbin/camera_ws/install/cv_bridge:${AMENT_PREFIX_PATH} CMAKE_PREFIX_PATH=/home/shengbin/camera_ws/install/tracetools_image_pipeline:/home/shengbin/camera_ws/install/image_transport:/home/shengbin/camera_ws/install/image_geometry:/home/shengbin/camera_ws/install/cv_bridge:/opt/ros/humble LD_LIBRARY_PATH=/home/shengbin/camera_ws/install/tracetools_image_pipeline/lib:/home/shengbin/camera_ws/install/image_transport/lib:/home/shengbin/camera_ws/install/image_geometry/lib:/home/shengbin/camera_ws/install/cv_bridge/lib:${LD_LIBRARY_PATH} PYTHONPATH=/home/shengbin/camera_ws/install/image_geometry/local/lib/python3.10/dist-packages:/home/shengbin/camera_ws/install/cv_bridge/local/lib/python3.10/dist-packages:${PYTHONPATH} /usr/bin/cmake /home/shengbin/camera_ws/src/image_pipeline/image_proc -DCMAKE_INSTALL_PREFIX=/home/shengbin/camera_ws/install/image_proc
[2.159s] Invoking command in '/home/shengbin/camera_ws/build/image_proc': AMENT_PREFIX_PATH=/home/shengbin/camera_ws/install/tracetools_image_pipeline:/home/shengbin/camera_ws/install/image_transport:/home/shengbin/camera_ws/install/image_geometry:/home/shengbin/camera_ws/install/cv_bridge:${AMENT_PREFIX_PATH} CMAKE_PREFIX_PATH=/home/shengbin/camera_ws/install/tracetools_image_pipeline:/home/shengbin/camera_ws/install/image_transport:/home/shengbin/camera_ws/install/image_geometry:/home/shengbin/camera_ws/install/cv_bridge:/opt/ros/humble LD_LIBRARY_PATH=/home/shengbin/camera_ws/install/tracetools_image_pipeline/lib:/home/shengbin/camera_ws/install/image_transport/lib:/home/shengbin/camera_ws/install/image_geometry/lib:/home/shengbin/camera_ws/install/cv_bridge/lib:${LD_LIBRARY_PATH} PYTHONPATH=/home/shengbin/camera_ws/install/image_geometry/local/lib/python3.10/dist-packages:/home/shengbin/camera_ws/install/cv_bridge/local/lib/python3.10/dist-packages:${PYTHONPATH} /usr/bin/cmake --build /home/shengbin/camera_ws/build/image_proc -- -j16 -l16
[2.234s] [  6%] [32mBuilding CXX object CMakeFiles/image_proc.dir/src/image_proc/processor.cpp.o[0m
[4.943s] [ 13%] [32m[1mLinking CXX shared library libimage_proc.so[0m
[5.614s] [ 13%] Built target image_proc
[5.770s] [ 20%] [32mBuilding CXX object CMakeFiles/rectify.dir/src/rectify.cpp.o[0m
[19.713s] [ 26%] [32m[1mLinking CXX shared library librectify.so[0m
[20.909s] [ 26%] Built target rectify
[21.068s] [ 33%] [32mBuilding CXX object CMakeFiles/debayer.dir/src/debayer.cpp.o[0m
[21.084s] [ 40%] [32mBuilding CXX object CMakeFiles/debayer.dir/src/edge_aware.cpp.o[0m
[31.022s] [ 46%] [32m[1mLinking CXX shared library libdebayer.so[0m
[32.287s] [ 46%] Built target debayer
[32.325s] [ 53%] [32mBuilding CXX object CMakeFiles/resize.dir/src/resize.cpp.o[0m
[37.129s] [ 60%] [32m[1mLinking CXX shared library libresize.so[0m
[37.558s] [ 60%] Built target resize
[37.675s] [ 66%] [32mBuilding CXX object CMakeFiles/crop_decimate.dir/src/crop_decimate.cpp.o[0m
[43.655s] [ 73%] [32m[1mLinking CXX shared library libcrop_decimate.so[0m
[44.047s] [ 73%] Built target crop_decimate
[44.076s] [ 80%] [32mBuilding CXX object CMakeFiles/crop_non_zero.dir/src/crop_non_zero.cpp.o[0m
[47.998s] [ 86%] [32m[1mLinking CXX shared library libcrop_non_zero.so[0m
[48.415s] [ 86%] Built target crop_non_zero
[48.446s] [ 93%] [32mBuilding CXX object CMakeFiles/image_proc_exe.dir/src/image_proc.cpp.o[0m
[52.489s] [100%] [32m[1mLinking CXX executable image_proc[0m
[52.825s] [100%] Built target image_proc_exe
[52.869s] Invoked command in '/home/shengbin/camera_ws/build/image_proc' returned '0': AMENT_PREFIX_PATH=/home/shengbin/camera_ws/install/tracetools_image_pipeline:/home/shengbin/camera_ws/install/image_transport:/home/shengbin/camera_ws/install/image_geometry:/home/shengbin/camera_ws/install/cv_bridge:${AMENT_PREFIX_PATH} CMAKE_PREFIX_PATH=/home/shengbin/camera_ws/install/tracetools_image_pipeline:/home/shengbin/camera_ws/install/image_transport:/home/shengbin/camera_ws/install/image_geometry:/home/shengbin/camera_ws/install/cv_bridge:/opt/ros/humble LD_LIBRARY_PATH=/home/shengbin/camera_ws/install/tracetools_image_pipeline/lib:/home/shengbin/camera_ws/install/image_transport/lib:/home/shengbin/camera_ws/install/image_geometry/lib:/home/shengbin/camera_ws/install/cv_bridge/lib:${LD_LIBRARY_PATH} PYTHONPATH=/home/shengbin/camera_ws/install/image_geometry/local/lib/python3.10/dist-packages:/home/shengbin/camera_ws/install/cv_bridge/local/lib/python3.10/dist-packages:${PYTHONPATH} /usr/bin/cmake --build /home/shengbin/camera_ws/build/image_proc -- -j16 -l16
[52.925s] Invoking command in '/home/shengbin/camera_ws/build/image_proc': AMENT_PREFIX_PATH=/home/shengbin/camera_ws/install/tracetools_image_pipeline:/home/shengbin/camera_ws/install/image_transport:/home/shengbin/camera_ws/install/image_geometry:/home/shengbin/camera_ws/install/cv_bridge:${AMENT_PREFIX_PATH} CMAKE_PREFIX_PATH=/home/shengbin/camera_ws/install/tracetools_image_pipeline:/home/shengbin/camera_ws/install/image_transport:/home/shengbin/camera_ws/install/image_geometry:/home/shengbin/camera_ws/install/cv_bridge:/opt/ros/humble LD_LIBRARY_PATH=/home/shengbin/camera_ws/install/tracetools_image_pipeline/lib:/home/shengbin/camera_ws/install/image_transport/lib:/home/shengbin/camera_ws/install/image_geometry/lib:/home/shengbin/camera_ws/install/cv_bridge/lib:${LD_LIBRARY_PATH} PYTHONPATH=/home/shengbin/camera_ws/install/image_geometry/local/lib/python3.10/dist-packages:/home/shengbin/camera_ws/install/cv_bridge/local/lib/python3.10/dist-packages:${PYTHONPATH} /usr/bin/cmake --install /home/shengbin/camera_ws/build/image_proc
[52.934s] -- Install configuration: ""
[52.934s] -- Installing: /home/shengbin/camera_ws/install/image_proc/bin/image_proc
[52.935s] -- Set runtime path of "/home/shengbin/camera_ws/install/image_proc/bin/image_proc" to ""
[52.935s] -- Installing: /home/shengbin/camera_ws/install/image_proc/include
[52.935s] -- Installing: /home/shengbin/camera_ws/install/image_proc/include/image_proc
[52.935s] -- Installing: /home/shengbin/camera_ws/install/image_proc/include/image_proc/crop_non_zero.hpp
[52.935s] -- Installing: /home/shengbin/camera_ws/install/image_proc/include/image_proc/resize.hpp
[52.935s] -- Installing: /home/shengbin/camera_ws/install/image_proc/include/image_proc/processor.hpp
[52.936s] -- Installing: /home/shengbin/camera_ws/install/image_proc/include/image_proc/debayer.hpp
[52.936s] -- Installing: /home/shengbin/camera_ws/install/image_proc/include/image_proc/rectify.hpp
[52.936s] -- Installing: /home/shengbin/camera_ws/install/image_proc/include/image_proc/edge_aware.hpp
[52.936s] -- Installing: /home/shengbin/camera_ws/install/image_proc/include/image_proc/crop_decimate.hpp
[52.936s] -- Installing: /home/shengbin/camera_ws/install/image_proc/include/image_proc/utils.hpp
[52.936s] -- Installing: /home/shengbin/camera_ws/install/image_proc/share/image_proc/environment/library_path.sh
[52.936s] -- Installing: /home/shengbin/camera_ws/install/image_proc/share/image_proc/environment/library_path.dsv
[52.936s] -- Installing: /home/shengbin/camera_ws/install/image_proc/lib/libimage_proc.so
[52.936s] -- Set runtime path of "/home/shengbin/camera_ws/install/image_proc/lib/libimage_proc.so" to ""
[52.937s] -- Installing: /home/shengbin/camera_ws/install/image_proc/lib/librectify.so
[52.937s] -- Set runtime path of "/home/shengbin/camera_ws/install/image_proc/lib/librectify.so" to ""
[52.937s] -- Installing: /home/shengbin/camera_ws/install/image_proc/lib/libdebayer.so
[52.938s] -- Set runtime path of "/home/shengbin/camera_ws/install/image_proc/lib/libdebayer.so" to ""
[52.938s] -- Installing: /home/shengbin/camera_ws/install/image_proc/lib/libresize.so
[52.939s] -- Set runtime path of "/home/shengbin/camera_ws/install/image_proc/lib/libresize.so" to ""
[52.939s] -- Installing: /home/shengbin/camera_ws/install/image_proc/lib/libcrop_decimate.so
[52.940s] -- Set runtime path of "/home/shengbin/camera_ws/install/image_proc/lib/libcrop_decimate.so" to ""
[52.940s] -- Installing: /home/shengbin/camera_ws/install/image_proc/lib/libcrop_non_zero.so
[52.940s] -- Set runtime path of "/home/shengbin/camera_ws/install/image_proc/lib/libcrop_non_zero.so" to ""
[52.940s] -- Installing: /home/shengbin/camera_ws/install/image_proc/lib/image_proc/image_proc
[52.940s] -- Set runtime path of "/home/shengbin/camera_ws/install/image_proc/lib/image_proc/image_proc" to ""
[52.940s] -- Installing: /home/shengbin/camera_ws/install/image_proc/share/image_proc/launch
[52.941s] -- Installing: /home/shengbin/camera_ws/install/image_proc/share/image_proc/launch/image_proc.launch.py
[52.942s] -- Installing: /home/shengbin/camera_ws/install/image_proc/share/ament_index/resource_index/package_run_dependencies/image_proc
[52.942s] -- Installing: /home/shengbin/camera_ws/install/image_proc/share/ament_index/resource_index/parent_prefix_path/image_proc
[52.942s] -- Installing: /home/shengbin/camera_ws/install/image_proc/share/image_proc/environment/ament_prefix_path.sh
[52.942s] -- Installing: /home/shengbin/camera_ws/install/image_proc/share/image_proc/environment/ament_prefix_path.dsv
[52.943s] -- Installing: /home/shengbin/camera_ws/install/image_proc/share/image_proc/environment/path.sh
[52.943s] -- Installing: /home/shengbin/camera_ws/install/image_proc/share/image_proc/environment/path.dsv
[52.943s] -- Installing: /home/shengbin/camera_ws/install/image_proc/share/image_proc/local_setup.bash
[52.943s] -- Installing: /home/shengbin/camera_ws/install/image_proc/share/image_proc/local_setup.sh
[52.943s] -- Installing: /home/shengbin/camera_ws/install/image_proc/share/image_proc/local_setup.zsh
[52.943s] -- Installing: /home/shengbin/camera_ws/install/image_proc/share/image_proc/local_setup.dsv
[52.944s] -- Installing: /home/shengbin/camera_ws/install/image_proc/share/image_proc/package.dsv
[52.944s] -- Installing: /home/shengbin/camera_ws/install/image_proc/share/ament_index/resource_index/packages/image_proc
[52.944s] -- Installing: /home/shengbin/camera_ws/install/image_proc/share/ament_index/resource_index/rclcpp_components/image_proc
[52.944s] -- Installing: /home/shengbin/camera_ws/install/image_proc/share/image_proc/cmake/ament_cmake_export_dependencies-extras.cmake
[52.945s] -- Installing: /home/shengbin/camera_ws/install/image_proc/share/image_proc/cmake/ament_cmake_export_include_directories-extras.cmake
[52.945s] -- Installing: /home/shengbin/camera_ws/install/image_proc/share/image_proc/cmake/ament_cmake_export_libraries-extras.cmake
[52.946s] -- Installing: /home/shengbin/camera_ws/install/image_proc/share/image_proc/cmake/image_procConfig.cmake
[52.946s] -- Installing: /home/shengbin/camera_ws/install/image_proc/share/image_proc/cmake/image_procConfig-version.cmake
[52.947s] -- Installing: /home/shengbin/camera_ws/install/image_proc/share/image_proc/package.xml
[52.949s] Invoked command in '/home/shengbin/camera_ws/build/image_proc' returned '0': AMENT_PREFIX_PATH=/home/shengbin/camera_ws/install/tracetools_image_pipeline:/home/shengbin/camera_ws/install/image_transport:/home/shengbin/camera_ws/install/image_geometry:/home/shengbin/camera_ws/install/cv_bridge:${AMENT_PREFIX_PATH} CMAKE_PREFIX_PATH=/home/shengbin/camera_ws/install/tracetools_image_pipeline:/home/shengbin/camera_ws/install/image_transport:/home/shengbin/camera_ws/install/image_geometry:/home/shengbin/camera_ws/install/cv_bridge:/opt/ros/humble LD_LIBRARY_PATH=/home/shengbin/camera_ws/install/tracetools_image_pipeline/lib:/home/shengbin/camera_ws/install/image_transport/lib:/home/shengbin/camera_ws/install/image_geometry/lib:/home/shengbin/camera_ws/install/cv_bridge/lib:${LD_LIBRARY_PATH} PYTHONPATH=/home/shengbin/camera_ws/install/image_geometry/local/lib/python3.10/dist-packages:/home/shengbin/camera_ws/install/cv_bridge/local/lib/python3.10/dist-packages:${PYTHONPATH} /usr/bin/cmake --install /home/shengbin/camera_ws/build/image_proc
