[0.679s] Invoking command in '/home/shengbin/camera_ws/build/depth_image_proc': CMAKE_PREFIX_PATH=/home/shengbin/camera_ws/install/image_transport:/home/shengbin/camera_ws/install/image_geometry:/home/shengbin/camera_ws/install/cv_bridge:/home/shengbin/camera_ws/install/vision_opencv:/home/shengbin/camera_ws/install/v4l2_camera:/home/shengbin/camera_ws/install/image_pipeline:/home/shengbin/camera_ws/install/stereo_image_proc:/home/shengbin/camera_ws/install/image_proc:/home/shengbin/camera_ws/install/tracetools_image_pipeline:/home/shengbin/camera_ws/install/image_transport_plugins:/home/shengbin/camera_ws/install/theora_image_transport:/home/shengbin/camera_ws/install/ros2_shared:/home/shengbin/camera_ws/install/image_view:/home/shengbin/camera_ws/install/image_rotate:/home/shengbin/camera_ws/install/image_publisher:/home/shengbin/camera_ws/install/image_common:/home/shengbin/camera_ws/install/depth_image_proc:/home/shengbin/camera_ws/install/compressed_image_transport:/home/shengbin/camera_ws/install/compressed_depth_image_transport:/home/shengbin/camera_ws/install/camera_info_manager:/home/shengbin/camera_ws/install/camera_calibration_parsers:/home/shengbin/camera_ws/install/opencv_tests:/home/shengbin/camera_ws/install/camera_calibration:/home/shengbin/camera_ws/install/camera:/opt/ros/humble LD_LIBRARY_PATH=/home/shengbin/camera_ws/install/image_transport/lib:/home/shengbin/camera_ws/install/image_geometry/lib:/home/shengbin/camera_ws/install/cv_bridge/lib:/home/shengbin/camera_ws/install/v4l2_camera/lib:/home/shengbin/camera_ws/install/stereo_image_proc/lib:/home/shengbin/camera_ws/install/image_proc/lib:/home/shengbin/camera_ws/install/tracetools_image_pipeline/lib:/home/shengbin/camera_ws/install/theora_image_transport/lib:/home/shengbin/camera_ws/install/image_view/lib:/home/shengbin/camera_ws/install/image_rotate/lib:/home/shengbin/camera_ws/install/image_publisher/lib:/home/shengbin/camera_ws/install/depth_image_proc/lib:/home/shengbin/camera_ws/install/compressed_image_transport/lib:/home/shengbin/camera_ws/install/compressed_depth_image_transport/lib:/home/shengbin/camera_ws/install/camera_info_manager/lib:/home/shengbin/camera_ws/install/camera_calibration_parsers/lib:/opt/ros/humble/opt/rviz_ogre_vendor/lib:/opt/ros/humble/lib/x86_64-linux-gnu:/opt/ros/humble/lib /usr/bin/cmake --build /home/shengbin/camera_ws/build/depth_image_proc -- -j16 -l16
[0.750s] [100%] Built target depth_image_proc
[0.916s] Invoked command in '/home/shengbin/camera_ws/build/depth_image_proc' returned '0': CMAKE_PREFIX_PATH=/home/shengbin/camera_ws/install/image_transport:/home/shengbin/camera_ws/install/image_geometry:/home/shengbin/camera_ws/install/cv_bridge:/home/shengbin/camera_ws/install/vision_opencv:/home/shengbin/camera_ws/install/v4l2_camera:/home/shengbin/camera_ws/install/image_pipeline:/home/shengbin/camera_ws/install/stereo_image_proc:/home/shengbin/camera_ws/install/image_proc:/home/shengbin/camera_ws/install/tracetools_image_pipeline:/home/shengbin/camera_ws/install/image_transport_plugins:/home/shengbin/camera_ws/install/theora_image_transport:/home/shengbin/camera_ws/install/ros2_shared:/home/shengbin/camera_ws/install/image_view:/home/shengbin/camera_ws/install/image_rotate:/home/shengbin/camera_ws/install/image_publisher:/home/shengbin/camera_ws/install/image_common:/home/shengbin/camera_ws/install/depth_image_proc:/home/shengbin/camera_ws/install/compressed_image_transport:/home/shengbin/camera_ws/install/compressed_depth_image_transport:/home/shengbin/camera_ws/install/camera_info_manager:/home/shengbin/camera_ws/install/camera_calibration_parsers:/home/shengbin/camera_ws/install/opencv_tests:/home/shengbin/camera_ws/install/camera_calibration:/home/shengbin/camera_ws/install/camera:/opt/ros/humble LD_LIBRARY_PATH=/home/shengbin/camera_ws/install/image_transport/lib:/home/shengbin/camera_ws/install/image_geometry/lib:/home/shengbin/camera_ws/install/cv_bridge/lib:/home/shengbin/camera_ws/install/v4l2_camera/lib:/home/shengbin/camera_ws/install/stereo_image_proc/lib:/home/shengbin/camera_ws/install/image_proc/lib:/home/shengbin/camera_ws/install/tracetools_image_pipeline/lib:/home/shengbin/camera_ws/install/theora_image_transport/lib:/home/shengbin/camera_ws/install/image_view/lib:/home/shengbin/camera_ws/install/image_rotate/lib:/home/shengbin/camera_ws/install/image_publisher/lib:/home/shengbin/camera_ws/install/depth_image_proc/lib:/home/shengbin/camera_ws/install/compressed_image_transport/lib:/home/shengbin/camera_ws/install/compressed_depth_image_transport/lib:/home/shengbin/camera_ws/install/camera_info_manager/lib:/home/shengbin/camera_ws/install/camera_calibration_parsers/lib:/opt/ros/humble/opt/rviz_ogre_vendor/lib:/opt/ros/humble/lib/x86_64-linux-gnu:/opt/ros/humble/lib /usr/bin/cmake --build /home/shengbin/camera_ws/build/depth_image_proc -- -j16 -l16
[1.009s] Invoking command in '/home/shengbin/camera_ws/build/depth_image_proc': CMAKE_PREFIX_PATH=/home/shengbin/camera_ws/install/image_transport:/home/shengbin/camera_ws/install/image_geometry:/home/shengbin/camera_ws/install/cv_bridge:/home/shengbin/camera_ws/install/vision_opencv:/home/shengbin/camera_ws/install/v4l2_camera:/home/shengbin/camera_ws/install/image_pipeline:/home/shengbin/camera_ws/install/stereo_image_proc:/home/shengbin/camera_ws/install/image_proc:/home/shengbin/camera_ws/install/tracetools_image_pipeline:/home/shengbin/camera_ws/install/image_transport_plugins:/home/shengbin/camera_ws/install/theora_image_transport:/home/shengbin/camera_ws/install/ros2_shared:/home/shengbin/camera_ws/install/image_view:/home/shengbin/camera_ws/install/image_rotate:/home/shengbin/camera_ws/install/image_publisher:/home/shengbin/camera_ws/install/image_common:/home/shengbin/camera_ws/install/depth_image_proc:/home/shengbin/camera_ws/install/compressed_image_transport:/home/shengbin/camera_ws/install/compressed_depth_image_transport:/home/shengbin/camera_ws/install/camera_info_manager:/home/shengbin/camera_ws/install/camera_calibration_parsers:/home/shengbin/camera_ws/install/opencv_tests:/home/shengbin/camera_ws/install/camera_calibration:/home/shengbin/camera_ws/install/camera:/opt/ros/humble LD_LIBRARY_PATH=/home/shengbin/camera_ws/install/image_transport/lib:/home/shengbin/camera_ws/install/image_geometry/lib:/home/shengbin/camera_ws/install/cv_bridge/lib:/home/shengbin/camera_ws/install/v4l2_camera/lib:/home/shengbin/camera_ws/install/stereo_image_proc/lib:/home/shengbin/camera_ws/install/image_proc/lib:/home/shengbin/camera_ws/install/tracetools_image_pipeline/lib:/home/shengbin/camera_ws/install/theora_image_transport/lib:/home/shengbin/camera_ws/install/image_view/lib:/home/shengbin/camera_ws/install/image_rotate/lib:/home/shengbin/camera_ws/install/image_publisher/lib:/home/shengbin/camera_ws/install/depth_image_proc/lib:/home/shengbin/camera_ws/install/compressed_image_transport/lib:/home/shengbin/camera_ws/install/compressed_depth_image_transport/lib:/home/shengbin/camera_ws/install/camera_info_manager/lib:/home/shengbin/camera_ws/install/camera_calibration_parsers/lib:/opt/ros/humble/opt/rviz_ogre_vendor/lib:/opt/ros/humble/lib/x86_64-linux-gnu:/opt/ros/humble/lib /usr/bin/cmake --install /home/shengbin/camera_ws/build/depth_image_proc
[1.088s] -- Install configuration: ""
[1.088s] -- Up-to-date: /home/shengbin/camera_ws/install/depth_image_proc/include
[1.089s] -- Up-to-date: /home/shengbin/camera_ws/install/depth_image_proc/include/depth_image_proc
[1.089s] -- Up-to-date: /home/shengbin/camera_ws/install/depth_image_proc/include/depth_image_proc/point_cloud_xyzrgb_radial.hpp
[1.089s] -- Up-to-date: /home/shengbin/camera_ws/install/depth_image_proc/include/depth_image_proc/point_cloud_xyzrgb.hpp
[1.089s] -- Up-to-date: /home/shengbin/camera_ws/install/depth_image_proc/include/depth_image_proc/point_cloud_xyz_radial.hpp
[1.089s] -- Up-to-date: /home/shengbin/camera_ws/install/depth_image_proc/include/depth_image_proc/point_cloud_xyzi.hpp
[1.090s] -- Up-to-date: /home/shengbin/camera_ws/install/depth_image_proc/include/depth_image_proc/conversions.hpp
[1.090s] -- Up-to-date: /home/shengbin/camera_ws/install/depth_image_proc/include/depth_image_proc/point_cloud_xyz.hpp
[1.090s] -- Up-to-date: /home/shengbin/camera_ws/install/depth_image_proc/include/depth_image_proc/visibility.h
[1.090s] -- Up-to-date: /home/shengbin/camera_ws/install/depth_image_proc/include/depth_image_proc/depth_traits.hpp
[1.090s] -- Up-to-date: /home/shengbin/camera_ws/install/depth_image_proc/include/depth_image_proc/point_cloud_xyzi_radial.hpp
[1.090s] -- Up-to-date: /home/shengbin/camera_ws/install/depth_image_proc/share/depth_image_proc/environment/library_path.sh
[1.090s] -- Up-to-date: /home/shengbin/camera_ws/install/depth_image_proc/share/depth_image_proc/environment/library_path.dsv
[1.090s] -- Up-to-date: /home/shengbin/camera_ws/install/depth_image_proc/lib/libdepth_image_proc.so
[1.090s] -- Up-to-date: /home/shengbin/camera_ws/install/depth_image_proc/share/depth_image_proc/launch
[1.090s] -- Up-to-date: /home/shengbin/camera_ws/install/depth_image_proc/share/depth_image_proc/launch/point_cloud_xyz_radial.launch.py
[1.091s] -- Up-to-date: /home/shengbin/camera_ws/install/depth_image_proc/share/depth_image_proc/launch/point_cloud_xyzi.launch.py
[1.091s] -- Up-to-date: /home/shengbin/camera_ws/install/depth_image_proc/share/depth_image_proc/launch/rviz
[1.091s] -- Up-to-date: /home/shengbin/camera_ws/install/depth_image_proc/share/depth_image_proc/launch/rviz/convert_metric.rviz
[1.091s] -- Up-to-date: /home/shengbin/camera_ws/install/depth_image_proc/share/depth_image_proc/launch/rviz/point_cloud_xyz_radial.rviz
[1.091s] -- Up-to-date: /home/shengbin/camera_ws/install/depth_image_proc/share/depth_image_proc/launch/rviz/point_cloud_xyzi.rviz
[1.091s] -- Up-to-date: /home/shengbin/camera_ws/install/depth_image_proc/share/depth_image_proc/launch/rviz/crop_formost.rviz
[1.091s] -- Up-to-date: /home/shengbin/camera_ws/install/depth_image_proc/share/depth_image_proc/launch/rviz/disparity.rviz
[1.091s] -- Up-to-date: /home/shengbin/camera_ws/install/depth_image_proc/share/depth_image_proc/launch/rviz/point_cloud_xyzrgb.rviz
[1.091s] -- Up-to-date: /home/shengbin/camera_ws/install/depth_image_proc/share/depth_image_proc/launch/rviz/point_cloud_xyz.rviz
[1.091s] -- Up-to-date: /home/shengbin/camera_ws/install/depth_image_proc/share/depth_image_proc/launch/rviz/register.rviz
[1.091s] -- Up-to-date: /home/shengbin/camera_ws/install/depth_image_proc/share/depth_image_proc/launch/point_cloud_xyzrgb.launch.py
[1.091s] -- Up-to-date: /home/shengbin/camera_ws/install/depth_image_proc/share/depth_image_proc/launch/point_cloud_xyzi_radial.launch.py
[1.092s] -- Up-to-date: /home/shengbin/camera_ws/install/depth_image_proc/share/depth_image_proc/launch/crop_foremost.launch.py
[1.094s] -- Up-to-date: /home/shengbin/camera_ws/install/depth_image_proc/share/depth_image_proc/launch/convert_metric.launch.py
[1.095s] -- Up-to-date: /home/shengbin/camera_ws/install/depth_image_proc/share/depth_image_proc/launch/register.launch.py
[1.095s] -- Up-to-date: /home/shengbin/camera_ws/install/depth_image_proc/share/depth_image_proc/launch/point_cloud_xyz.launch.py
[1.095s] -- Up-to-date: /home/shengbin/camera_ws/install/depth_image_proc/share/depth_image_proc/launch/point_cloud_xyzrgb_radial.launch.py
[1.096s] -- Up-to-date: /home/shengbin/camera_ws/install/depth_image_proc/share/depth_image_proc/launch/disparity.launch.py
[1.096s] -- Up-to-date: /home/shengbin/camera_ws/install/depth_image_proc/share/ament_index/resource_index/package_run_dependencies/depth_image_proc
[1.096s] -- Up-to-date: /home/shengbin/camera_ws/install/depth_image_proc/share/ament_index/resource_index/parent_prefix_path/depth_image_proc
[1.096s] -- Up-to-date: /home/shengbin/camera_ws/install/depth_image_proc/share/depth_image_proc/environment/ament_prefix_path.sh
[1.096s] -- Up-to-date: /home/shengbin/camera_ws/install/depth_image_proc/share/depth_image_proc/environment/ament_prefix_path.dsv
[1.096s] -- Up-to-date: /home/shengbin/camera_ws/install/depth_image_proc/share/depth_image_proc/environment/path.sh
[1.096s] -- Up-to-date: /home/shengbin/camera_ws/install/depth_image_proc/share/depth_image_proc/environment/path.dsv
[1.096s] -- Up-to-date: /home/shengbin/camera_ws/install/depth_image_proc/share/depth_image_proc/local_setup.bash
[1.096s] -- Up-to-date: /home/shengbin/camera_ws/install/depth_image_proc/share/depth_image_proc/local_setup.sh
[1.097s] -- Up-to-date: /home/shengbin/camera_ws/install/depth_image_proc/share/depth_image_proc/local_setup.zsh
[1.097s] -- Up-to-date: /home/shengbin/camera_ws/install/depth_image_proc/share/depth_image_proc/local_setup.dsv
[1.097s] -- Installing: /home/shengbin/camera_ws/install/depth_image_proc/share/depth_image_proc/package.dsv
[1.097s] -- Up-to-date: /home/shengbin/camera_ws/install/depth_image_proc/share/ament_index/resource_index/packages/depth_image_proc
[1.097s] -- Up-to-date: /home/shengbin/camera_ws/install/depth_image_proc/share/ament_index/resource_index/rclcpp_components/depth_image_proc
[1.097s] -- Up-to-date: /home/shengbin/camera_ws/install/depth_image_proc/share/depth_image_proc/cmake/ament_cmake_export_dependencies-extras.cmake
[1.097s] -- Up-to-date: /home/shengbin/camera_ws/install/depth_image_proc/share/depth_image_proc/cmake/ament_cmake_export_include_directories-extras.cmake
[1.097s] -- Up-to-date: /home/shengbin/camera_ws/install/depth_image_proc/share/depth_image_proc/cmake/ament_cmake_export_libraries-extras.cmake
[1.097s] -- Up-to-date: /home/shengbin/camera_ws/install/depth_image_proc/share/depth_image_proc/cmake/depth_image_procConfig.cmake
[1.097s] -- Up-to-date: /home/shengbin/camera_ws/install/depth_image_proc/share/depth_image_proc/cmake/depth_image_procConfig-version.cmake
[1.098s] -- Up-to-date: /home/shengbin/camera_ws/install/depth_image_proc/share/depth_image_proc/package.xml
[1.346s] Invoked command in '/home/shengbin/camera_ws/build/depth_image_proc' returned '0': CMAKE_PREFIX_PATH=/home/shengbin/camera_ws/install/image_transport:/home/shengbin/camera_ws/install/image_geometry:/home/shengbin/camera_ws/install/cv_bridge:/home/shengbin/camera_ws/install/vision_opencv:/home/shengbin/camera_ws/install/v4l2_camera:/home/shengbin/camera_ws/install/image_pipeline:/home/shengbin/camera_ws/install/stereo_image_proc:/home/shengbin/camera_ws/install/image_proc:/home/shengbin/camera_ws/install/tracetools_image_pipeline:/home/shengbin/camera_ws/install/image_transport_plugins:/home/shengbin/camera_ws/install/theora_image_transport:/home/shengbin/camera_ws/install/ros2_shared:/home/shengbin/camera_ws/install/image_view:/home/shengbin/camera_ws/install/image_rotate:/home/shengbin/camera_ws/install/image_publisher:/home/shengbin/camera_ws/install/image_common:/home/shengbin/camera_ws/install/depth_image_proc:/home/shengbin/camera_ws/install/compressed_image_transport:/home/shengbin/camera_ws/install/compressed_depth_image_transport:/home/shengbin/camera_ws/install/camera_info_manager:/home/shengbin/camera_ws/install/camera_calibration_parsers:/home/shengbin/camera_ws/install/opencv_tests:/home/shengbin/camera_ws/install/camera_calibration:/home/shengbin/camera_ws/install/camera:/opt/ros/humble LD_LIBRARY_PATH=/home/shengbin/camera_ws/install/image_transport/lib:/home/shengbin/camera_ws/install/image_geometry/lib:/home/shengbin/camera_ws/install/cv_bridge/lib:/home/shengbin/camera_ws/install/v4l2_camera/lib:/home/shengbin/camera_ws/install/stereo_image_proc/lib:/home/shengbin/camera_ws/install/image_proc/lib:/home/shengbin/camera_ws/install/tracetools_image_pipeline/lib:/home/shengbin/camera_ws/install/theora_image_transport/lib:/home/shengbin/camera_ws/install/image_view/lib:/home/shengbin/camera_ws/install/image_rotate/lib:/home/shengbin/camera_ws/install/image_publisher/lib:/home/shengbin/camera_ws/install/depth_image_proc/lib:/home/shengbin/camera_ws/install/compressed_image_transport/lib:/home/shengbin/camera_ws/install/compressed_depth_image_transport/lib:/home/shengbin/camera_ws/install/camera_info_manager/lib:/home/shengbin/camera_ws/install/camera_calibration_parsers/lib:/opt/ros/humble/opt/rviz_ogre_vendor/lib:/opt/ros/humble/lib/x86_64-linux-gnu:/opt/ros/humble/lib /usr/bin/cmake --install /home/shengbin/camera_ws/build/depth_image_proc
