/home/shengbin/camera_ws/install/camera/lib/python3.10/site-packages/camera/cam_sub.py
/home/shengbin/camera_ws/install/camera/lib/python3.10/site-packages/camera/cam_pub.py
/home/shengbin/camera_ws/install/camera/lib/python3.10/site-packages/camera/cam_oflow.py
/home/shengbin/camera_ws/install/camera/lib/python3.10/site-packages/camera/__init__.py
/home/shengbin/camera_ws/install/camera/lib/python3.10/site-packages/camera/__pycache__/cam_sub.cpython-310.pyc
/home/shengbin/camera_ws/install/camera/lib/python3.10/site-packages/camera/__pycache__/cam_pub.cpython-310.pyc
/home/shengbin/camera_ws/install/camera/lib/python3.10/site-packages/camera/__pycache__/cam_oflow.cpython-310.pyc
/home/shengbin/camera_ws/install/camera/lib/python3.10/site-packages/camera/__pycache__/__init__.cpython-310.pyc
/home/shengbin/camera_ws/install/camera/share/ament_index/resource_index/packages/camera
/home/shengbin/camera_ws/install/camera/share/camera/package.xml
/home/shengbin/camera_ws/install/camera/lib/python3.10/site-packages/camera-0.0.0-py3.10.egg-info/dependency_links.txt
/home/shengbin/camera_ws/install/camera/lib/python3.10/site-packages/camera-0.0.0-py3.10.egg-info/SOURCES.txt
/home/shengbin/camera_ws/install/camera/lib/python3.10/site-packages/camera-0.0.0-py3.10.egg-info/PKG-INFO
/home/shengbin/camera_ws/install/camera/lib/python3.10/site-packages/camera-0.0.0-py3.10.egg-info/zip-safe
/home/shengbin/camera_ws/install/camera/lib/python3.10/site-packages/camera-0.0.0-py3.10.egg-info/requires.txt
/home/shengbin/camera_ws/install/camera/lib/python3.10/site-packages/camera-0.0.0-py3.10.egg-info/top_level.txt
/home/shengbin/camera_ws/install/camera/lib/python3.10/site-packages/camera-0.0.0-py3.10.egg-info/entry_points.txt
/home/shengbin/camera_ws/install/camera/lib/camera/cam_oflow
/home/shengbin/camera_ws/install/camera/lib/camera/cam_pub
/home/shengbin/camera_ws/install/camera/lib/camera/cam_sub
