[0.471s] Invoking command in '/home/shengbin/camera_ws/src/camera': PYTHONPATH=/home/shengbin/camera_ws/build/camera/prefix_override:/home/shengbin/camera_ws/install/camera/lib/python3.10/site-packages:${PYTHONPATH} /usr/bin/python3 setup.py egg_info --egg-base ../../build/camera build --build-base /home/shengbin/camera_ws/build/camera/build install --record /home/shengbin/camera_ws/build/camera/install.log --single-version-externally-managed
[0.623s] running egg_info
[0.623s] writing ../../build/camera/camera.egg-info/PKG-INFO
[0.623s] writing dependency_links to ../../build/camera/camera.egg-info/dependency_links.txt
[0.623s] writing entry points to ../../build/camera/camera.egg-info/entry_points.txt
[0.623s] writing requirements to ../../build/camera/camera.egg-info/requires.txt
[0.623s] writing top-level names to ../../build/camera/camera.egg-info/top_level.txt
[0.624s] reading manifest file '../../build/camera/camera.egg-info/SOURCES.txt'
[0.625s] writing manifest file '../../build/camera/camera.egg-info/SOURCES.txt'
[0.625s] running build
[0.625s] running build_py
[0.625s] running install
[0.625s] /usr/lib/python3/dist-packages/setuptools/command/install.py:34: SetuptoolsDeprecationWarning: setup.py install is deprecated. Use build and pip and other standards-based tools.
[0.625s]   warnings.warn(
[0.625s] running install_lib
[0.626s] running install_data
[0.626s] running install_egg_info
[0.627s] removing '/home/shengbin/camera_ws/install/camera/lib/python3.10/site-packages/camera-0.0.0-py3.10.egg-info' (and everything under it)
[0.627s] Copying ../../build/camera/camera.egg-info to /home/shengbin/camera_ws/install/camera/lib/python3.10/site-packages/camera-0.0.0-py3.10.egg-info
[0.628s] running install_scripts
[0.641s] Installing cam_oflow script to /home/shengbin/camera_ws/install/camera/lib/camera
[0.642s] Installing cam_pub script to /home/shengbin/camera_ws/install/camera/lib/camera
[0.642s] Installing cam_sub script to /home/shengbin/camera_ws/install/camera/lib/camera
[0.642s] writing list of installed files to '/home/shengbin/camera_ws/build/camera/install.log'
[0.656s] Invoked command in '/home/shengbin/camera_ws/src/camera' returned '0': PYTHONPATH=/home/shengbin/camera_ws/build/camera/prefix_override:/home/shengbin/camera_ws/install/camera/lib/python3.10/site-packages:${PYTHONPATH} /usr/bin/python3 setup.py egg_info --egg-base ../../build/camera build --build-base /home/shengbin/camera_ws/build/camera/build install --record /home/shengbin/camera_ws/build/camera/install.log --single-version-externally-managed
