[0.942s] Invoking command in '/home/shengbin/camera_ws/src/camera': PYTHONPATH=/home/shengbin/camera_ws/build/camera/prefix_override:/home/shengbin/camera_ws/install/camera/lib/python3.10/site-packages:${PYTHONPATH} /usr/bin/python3 setup.py egg_info --egg-base ../../build/camera build --build-base /home/shengbin/camera_ws/build/camera/build install --record /home/shengbin/camera_ws/build/camera/install.log --single-version-externally-managed
[1.112s] running egg_info
[1.112s] writing ../../build/camera/camera.egg-info/PKG-INFO
[1.113s] writing dependency_links to ../../build/camera/camera.egg-info/dependency_links.txt
[1.114s] writing entry points to ../../build/camera/camera.egg-info/entry_points.txt
[1.114s] writing requirements to ../../build/camera/camera.egg-info/requires.txt
[1.114s] writing top-level names to ../../build/camera/camera.egg-info/top_level.txt
[1.115s] reading manifest file '../../build/camera/camera.egg-info/SOURCES.txt'
[1.116s] writing manifest file '../../build/camera/camera.egg-info/SOURCES.txt'
[1.117s] running build
[1.118s] running build_py
[1.118s] running install
[1.118s] running install_lib
[1.118s] running install_data
[1.118s] running install_egg_info
[1.119s] removing '/home/shengbin/camera_ws/install/camera/lib/python3.10/site-packages/camera-0.0.0-py3.10.egg-info' (and everything under it)
[1.119s] Copying ../../build/camera/camera.egg-info to /home/shengbin/camera_ws/install/camera/lib/python3.10/site-packages/camera-0.0.0-py3.10.egg-info
[1.119s] running install_scripts
[1.130s] writing list of installed files to '/home/shengbin/camera_ws/build/camera/install.log'
[1.740s] Invoked command in '/home/shengbin/camera_ws/src/camera' returned '0': PYTHONPATH=/home/shengbin/camera_ws/build/camera/prefix_override:/home/shengbin/camera_ws/install/camera/lib/python3.10/site-packages:${PYTHONPATH} /usr/bin/python3 setup.py egg_info --egg-base ../../build/camera build --build-base /home/shengbin/camera_ws/build/camera/build install --record /home/shengbin/camera_ws/build/camera/install.log --single-version-externally-managed
