[0.180s] Invoking command in '/home/shengbin/camera_ws/build/image_view': AMENT_PREFIX_PATH=/home/shengbin/camera_ws/install/image_transport:/home/shengbin/camera_ws/install/cv_bridge:/home/shengbin/camera_ws/install/camera_calibration_parsers:${AMENT_PREFIX_PATH} CMAKE_PREFIX_PATH=/home/shengbin/camera_ws/install/image_transport:/home/shengbin/camera_ws/install/cv_bridge:/home/shengbin/camera_ws/install/camera_calibration_parsers:/opt/ros/humble LD_LIBRARY_PATH=/home/shengbin/camera_ws/install/image_transport/lib:/home/shengbin/camera_ws/install/cv_bridge/lib:/home/shengbin/camera_ws/install/camera_calibration_parsers/lib:${LD_LIBRARY_PATH} PYTHONPATH=/home/shengbin/camera_ws/install/cv_bridge/local/lib/python3.10/dist-packages:${PYTHONPATH} /usr/bin/cmake /home/shengbin/camera_ws/src/image_pipeline/image_view -DCMAKE_INSTALL_PREFIX=/home/shengbin/camera_ws/install/image_view
[0.207s] -- The C compiler identification is GNU 11.4.0
[0.272s] -- The CXX compiler identification is GNU 11.4.0
[0.279s] -- Detecting C compiler ABI info
[0.351s] -- Detecting C compiler ABI info - done
[0.364s] -- Check for working C compiler: /usr/bin/cc - skipped
[0.364s] -- Detecting C compile features
[0.365s] -- Detecting C compile features - done
[0.369s] -- Detecting CXX compiler ABI info
[0.483s] -- Detecting CXX compiler ABI info - done
[0.493s] -- Check for working CXX compiler: /usr/bin/c++ - skipped
[0.493s] -- Detecting CXX compile features
[0.494s] -- Detecting CXX compile features - done
[0.495s] -- Found ament_cmake_auto: 1.3.5 (/opt/ros/humble/share/ament_cmake_auto/cmake)
[0.719s] -- Found Python3: /usr/bin/python3.10 (found version "3.10.12") found components: Interpreter 
[1.015s] -- Found rosidl_generator_c: 3.1.5 (/opt/ros/humble/share/rosidl_generator_c/cmake)
[1.022s] -- Found rosidl_adapter: 3.1.5 (/opt/ros/humble/share/rosidl_adapter/cmake)
[1.036s] -- Found rosidl_generator_cpp: 3.1.5 (/opt/ros/humble/share/rosidl_generator_cpp/cmake)
[1.059s] -- Using all available rosidl_typesupport_c: rosidl_typesupport_fastrtps_c;rosidl_typesupport_introspection_c
[1.090s] -- Using all available rosidl_typesupport_cpp: rosidl_typesupport_fastrtps_cpp;rosidl_typesupport_introspection_cpp
[1.202s] -- Found rmw_implementation_cmake: 6.1.1 (/opt/ros/humble/share/rmw_implementation_cmake/cmake)
[1.205s] -- Found rmw_cyclonedds_cpp: 1.3.4 (/opt/ros/humble/share/rmw_cyclonedds_cpp/cmake)
[1.261s] -- Using RMW implementation 'rmw_cyclonedds_cpp' as default
[1.275s] -- Looking for pthread.h
[1.354s] -- Looking for pthread.h - found
[1.354s] -- Performing Test CMAKE_HAVE_LIBC_PTHREAD
[1.414s] -- Performing Test CMAKE_HAVE_LIBC_PTHREAD - Success
[1.415s] -- Found Threads: TRUE  
[2.028s] -- Found Boost: /usr/lib/x86_64-linux-gnu/cmake/Boost-1.74.0/BoostConfig.cmake (found version "1.74.0")  
[2.035s] -- Found OpenCV: /usr (found version "4.5.4") 
[2.067s] -- Found ament_lint_auto: 0.12.8 (/opt/ros/humble/share/ament_lint_auto/cmake)
[2.087s] -- Added test 'copyright' to check source files copyright and LICENSE
[2.089s] -- Added test 'cppcheck' to perform static code analysis on C / C++ code
[2.089s] -- Configured cppcheck include dirs: /home/shengbin/camera_ws/src/image_pipeline/image_view/include
[2.090s] -- Configured cppcheck exclude dirs and/or files: 
[2.091s] -- Added test 'cpplint' to check C / C++ code against the Google style
[2.091s] -- Configured cpplint exclude dirs and/or files: 
[2.091s] -- Added test 'lint_cmake' to check CMake code style
[2.093s] -- Added test 'uncrustify' to check C / C++ code style
[2.093s] -- Configured uncrustify additional arguments: 
[2.093s] -- Added test 'xmllint' to check XML markup files
[2.095s] -- Configuring done
[2.202s] -- Generating done
[2.205s] -- Build files have been written to: /home/shengbin/camera_ws/build/image_view
[2.229s] Invoked command in '/home/shengbin/camera_ws/build/image_view' returned '0': AMENT_PREFIX_PATH=/home/shengbin/camera_ws/install/image_transport:/home/shengbin/camera_ws/install/cv_bridge:/home/shengbin/camera_ws/install/camera_calibration_parsers:${AMENT_PREFIX_PATH} CMAKE_PREFIX_PATH=/home/shengbin/camera_ws/install/image_transport:/home/shengbin/camera_ws/install/cv_bridge:/home/shengbin/camera_ws/install/camera_calibration_parsers:/opt/ros/humble LD_LIBRARY_PATH=/home/shengbin/camera_ws/install/image_transport/lib:/home/shengbin/camera_ws/install/cv_bridge/lib:/home/shengbin/camera_ws/install/camera_calibration_parsers/lib:${LD_LIBRARY_PATH} PYTHONPATH=/home/shengbin/camera_ws/install/cv_bridge/local/lib/python3.10/dist-packages:${PYTHONPATH} /usr/bin/cmake /home/shengbin/camera_ws/src/image_pipeline/image_view -DCMAKE_INSTALL_PREFIX=/home/shengbin/camera_ws/install/image_view
[2.231s] Invoking command in '/home/shengbin/camera_ws/build/image_view': AMENT_PREFIX_PATH=/home/shengbin/camera_ws/install/image_transport:/home/shengbin/camera_ws/install/cv_bridge:/home/shengbin/camera_ws/install/camera_calibration_parsers:${AMENT_PREFIX_PATH} CMAKE_PREFIX_PATH=/home/shengbin/camera_ws/install/image_transport:/home/shengbin/camera_ws/install/cv_bridge:/home/shengbin/camera_ws/install/camera_calibration_parsers:/opt/ros/humble LD_LIBRARY_PATH=/home/shengbin/camera_ws/install/image_transport/lib:/home/shengbin/camera_ws/install/cv_bridge/lib:/home/shengbin/camera_ws/install/camera_calibration_parsers/lib:${LD_LIBRARY_PATH} PYTHONPATH=/home/shengbin/camera_ws/install/cv_bridge/local/lib/python3.10/dist-packages:${PYTHONPATH} /usr/bin/cmake --build /home/shengbin/camera_ws/build/image_view -- -j16 -l16
[2.363s] [  5%] [32mBuilding CXX object CMakeFiles/image_view_nodes.dir/src/disparity_view_node.cpp.o[0m
[2.381s] [ 10%] [32mBuilding CXX object CMakeFiles/image_view_nodes.dir/src/image_view_node.cpp.o[0m
[2.393s] [ 15%] [32mBuilding CXX object CMakeFiles/image_view_nodes.dir/src/extract_images_node.cpp.o[0m
[2.421s] [ 26%] [32mBuilding CXX object CMakeFiles/image_view_nodes.dir/src/stereo_view_node.cpp.o[0m
[2.422s] [ 26%] [32mBuilding CXX object CMakeFiles/image_view_nodes.dir/src/image_saver_node.cpp.o[0m
[2.427s] [ 31%] [32mBuilding CXX object CMakeFiles/image_view_nodes.dir/src/video_recorder_node.cpp.o[0m
[44.197s] [ 36%] [32m[1mLinking CXX shared library libimage_view_nodes.so[0m
[45.545s] [ 36%] Built target image_view_nodes
[45.566s] [ 47%] [32mBuilding CXX object CMakeFiles/video_recorder.dir/src/video_recorder.cpp.o[0m
[45.566s] [ 47%] [32mBuilding CXX object CMakeFiles/disparity_view.dir/src/disparity_view.cpp.o[0m
[45.575s] [ 68%] [32mBuilding CXX object CMakeFiles/image_saver.dir/src/image_saver.cpp.o[0m
[45.575s] [ 68%] [32mBuilding CXX object CMakeFiles/stereo_view.dir/src/stereo_view.cpp.o[0m
[45.576s] [ 68%] [32mBuilding CXX object CMakeFiles/image_view.dir/src/image_view.cpp.o[0m
[45.576s] [ 68%] [32mBuilding CXX object CMakeFiles/extract_images.dir/src/extract_images.cpp.o[0m
[49.080s] [ 73%] [32m[1mLinking CXX executable disparity_view[0m
[49.087s] [ 78%] [32m[1mLinking CXX executable video_recorder[0m
[49.958s] [ 78%] Built target disparity_view
[49.969s] [ 78%] Built target video_recorder
[50.393s] [ 84%] [32m[1mLinking CXX executable extract_images[0m
[50.750s] [ 89%] [32m[1mLinking CXX executable stereo_view[0m
[51.242s] [ 89%] Built target extract_images
[51.332s] [ 94%] [32m[1mLinking CXX executable image_view[0m
[51.349s] [100%] [32m[1mLinking CXX executable image_saver[0m
[51.779s] [100%] Built target stereo_view
[52.136s] [100%] Built target image_saver
[52.137s] [100%] Built target image_view
[52.172s] Invoked command in '/home/shengbin/camera_ws/build/image_view' returned '0': AMENT_PREFIX_PATH=/home/shengbin/camera_ws/install/image_transport:/home/shengbin/camera_ws/install/cv_bridge:/home/shengbin/camera_ws/install/camera_calibration_parsers:${AMENT_PREFIX_PATH} CMAKE_PREFIX_PATH=/home/shengbin/camera_ws/install/image_transport:/home/shengbin/camera_ws/install/cv_bridge:/home/shengbin/camera_ws/install/camera_calibration_parsers:/opt/ros/humble LD_LIBRARY_PATH=/home/shengbin/camera_ws/install/image_transport/lib:/home/shengbin/camera_ws/install/cv_bridge/lib:/home/shengbin/camera_ws/install/camera_calibration_parsers/lib:${LD_LIBRARY_PATH} PYTHONPATH=/home/shengbin/camera_ws/install/cv_bridge/local/lib/python3.10/dist-packages:${PYTHONPATH} /usr/bin/cmake --build /home/shengbin/camera_ws/build/image_view -- -j16 -l16
[52.211s] Invoking command in '/home/shengbin/camera_ws/build/image_view': AMENT_PREFIX_PATH=/home/shengbin/camera_ws/install/image_transport:/home/shengbin/camera_ws/install/cv_bridge:/home/shengbin/camera_ws/install/camera_calibration_parsers:${AMENT_PREFIX_PATH} CMAKE_PREFIX_PATH=/home/shengbin/camera_ws/install/image_transport:/home/shengbin/camera_ws/install/cv_bridge:/home/shengbin/camera_ws/install/camera_calibration_parsers:/opt/ros/humble LD_LIBRARY_PATH=/home/shengbin/camera_ws/install/image_transport/lib:/home/shengbin/camera_ws/install/cv_bridge/lib:/home/shengbin/camera_ws/install/camera_calibration_parsers/lib:${LD_LIBRARY_PATH} PYTHONPATH=/home/shengbin/camera_ws/install/cv_bridge/local/lib/python3.10/dist-packages:${PYTHONPATH} /usr/bin/cmake --install /home/shengbin/camera_ws/build/image_view
[52.223s] -- Install configuration: ""
[52.223s] -- Installing: /home/shengbin/camera_ws/install/image_view/include
[52.223s] -- Installing: /home/shengbin/camera_ws/install/image_view/include/image_view
[52.223s] -- Installing: /home/shengbin/camera_ws/install/image_view/include/image_view/video_recorder_node.hpp
[52.223s] -- Installing: /home/shengbin/camera_ws/install/image_view/include/image_view/image_view_node.hpp
[52.223s] -- Installing: /home/shengbin/camera_ws/install/image_view/include/image_view/stereo_view_node.hpp
[52.223s] -- Installing: /home/shengbin/camera_ws/install/image_view/include/image_view/extract_images_node.hpp
[52.223s] -- Installing: /home/shengbin/camera_ws/install/image_view/include/image_view/image_saver_node.hpp
[52.223s] -- Installing: /home/shengbin/camera_ws/install/image_view/include/image_view/disparity_view_node.hpp
[52.223s] -- Installing: /home/shengbin/camera_ws/install/image_view/share/image_view/environment/library_path.sh
[52.224s] -- Installing: /home/shengbin/camera_ws/install/image_view/share/image_view/environment/library_path.dsv
[52.224s] -- Installing: /home/shengbin/camera_ws/install/image_view/lib/libimage_view_nodes.so
[52.231s] -- Set runtime path of "/home/shengbin/camera_ws/install/image_view/lib/libimage_view_nodes.so" to ""
[52.231s] -- Installing: /home/shengbin/camera_ws/install/image_view/lib/image_view/disparity_view
[52.232s] -- Set runtime path of "/home/shengbin/camera_ws/install/image_view/lib/image_view/disparity_view" to ""
[52.232s] -- Installing: /home/shengbin/camera_ws/install/image_view/lib/image_view/image_view
[52.232s] -- Set runtime path of "/home/shengbin/camera_ws/install/image_view/lib/image_view/image_view" to ""
[52.232s] -- Installing: /home/shengbin/camera_ws/install/image_view/lib/image_view/stereo_view
[52.232s] -- Set runtime path of "/home/shengbin/camera_ws/install/image_view/lib/image_view/stereo_view" to ""
[52.232s] -- Installing: /home/shengbin/camera_ws/install/image_view/lib/image_view/extract_images
[52.232s] -- Set runtime path of "/home/shengbin/camera_ws/install/image_view/lib/image_view/extract_images" to ""
[52.232s] -- Installing: /home/shengbin/camera_ws/install/image_view/lib/image_view/image_saver
[52.232s] -- Set runtime path of "/home/shengbin/camera_ws/install/image_view/lib/image_view/image_saver" to ""
[52.233s] -- Installing: /home/shengbin/camera_ws/install/image_view/lib/image_view/video_recorder
[52.233s] -- Set runtime path of "/home/shengbin/camera_ws/install/image_view/lib/image_view/video_recorder" to ""
[52.233s] -- Installing: /home/shengbin/camera_ws/install/image_view/share/ament_index/resource_index/package_run_dependencies/image_view
[52.234s] -- Installing: /home/shengbin/camera_ws/install/image_view/share/ament_index/resource_index/parent_prefix_path/image_view
[52.234s] -- Installing: /home/shengbin/camera_ws/install/image_view/share/image_view/environment/ament_prefix_path.sh
[52.234s] -- Installing: /home/shengbin/camera_ws/install/image_view/share/image_view/environment/ament_prefix_path.dsv
[52.234s] -- Installing: /home/shengbin/camera_ws/install/image_view/share/image_view/environment/path.sh
[52.234s] -- Installing: /home/shengbin/camera_ws/install/image_view/share/image_view/environment/path.dsv
[52.235s] -- Installing: /home/shengbin/camera_ws/install/image_view/share/image_view/local_setup.bash
[52.235s] -- Installing: /home/shengbin/camera_ws/install/image_view/share/image_view/local_setup.sh
[52.235s] -- Installing: /home/shengbin/camera_ws/install/image_view/share/image_view/local_setup.zsh
[52.235s] -- Installing: /home/shengbin/camera_ws/install/image_view/share/image_view/local_setup.dsv
[52.235s] -- Installing: /home/shengbin/camera_ws/install/image_view/share/image_view/package.dsv
[52.235s] -- Installing: /home/shengbin/camera_ws/install/image_view/share/ament_index/resource_index/packages/image_view
[52.236s] -- Installing: /home/shengbin/camera_ws/install/image_view/share/ament_index/resource_index/rclcpp_components/image_view
[52.237s] -- Installing: /home/shengbin/camera_ws/install/image_view/share/image_view/cmake/ament_cmake_export_dependencies-extras.cmake
[52.237s] -- Installing: /home/shengbin/camera_ws/install/image_view/share/image_view/cmake/ament_cmake_export_include_directories-extras.cmake
[52.237s] -- Installing: /home/shengbin/camera_ws/install/image_view/share/image_view/cmake/ament_cmake_export_libraries-extras.cmake
[52.238s] -- Installing: /home/shengbin/camera_ws/install/image_view/share/image_view/cmake/image_viewConfig.cmake
[52.238s] -- Installing: /home/shengbin/camera_ws/install/image_view/share/image_view/cmake/image_viewConfig-version.cmake
[52.238s] -- Installing: /home/shengbin/camera_ws/install/image_view/share/image_view/package.xml
[52.240s] Invoked command in '/home/shengbin/camera_ws/build/image_view' returned '0': AMENT_PREFIX_PATH=/home/shengbin/camera_ws/install/image_transport:/home/shengbin/camera_ws/install/cv_bridge:/home/shengbin/camera_ws/install/camera_calibration_parsers:${AMENT_PREFIX_PATH} CMAKE_PREFIX_PATH=/home/shengbin/camera_ws/install/image_transport:/home/shengbin/camera_ws/install/cv_bridge:/home/shengbin/camera_ws/install/camera_calibration_parsers:/opt/ros/humble LD_LIBRARY_PATH=/home/shengbin/camera_ws/install/image_transport/lib:/home/shengbin/camera_ws/install/cv_bridge/lib:/home/shengbin/camera_ws/install/camera_calibration_parsers/lib:${LD_LIBRARY_PATH} PYTHONPATH=/home/shengbin/camera_ws/install/cv_bridge/local/lib/python3.10/dist-packages:${PYTHONPATH} /usr/bin/cmake --install /home/shengbin/camera_ws/build/image_view
