[1.325s] Invoking command in '/home/shengbin/camera_ws/src/image_pipeline/camera_calibration': AMENT_PREFIX_PATH=/home/shengbin/camera_ws/install/image_geometry:/home/shengbin/camera_ws/install/cv_bridge:${AMENT_PREFIX_PATH} CMAKE_PREFIX_PATH=/home/shengbin/camera_ws/install/image_geometry:/home/shengbin/camera_ws/install/cv_bridge LD_LIBRARY_PATH=/home/shengbin/camera_ws/install/image_geometry/lib:/home/shengbin/camera_ws/install/cv_bridge/lib:${LD_LIBRARY_PATH} PYTHONPATH=/home/shengbin/camera_ws/build/camera_calibration/prefix_override:/home/shengbin/camera_ws/install/camera_calibration/lib/python3.10/site-packages:/home/shengbin/camera_ws/install/image_geometry/local/lib/python3.10/dist-packages:/home/shengbin/camera_ws/install/cv_bridge/local/lib/python3.10/dist-packages:${PYTHONPATH} /usr/bin/python3 setup.py egg_info --egg-base ../../../build/camera_calibration build --build-base /home/shengbin/camera_ws/build/camera_calibration/build install --record /home/shengbin/camera_ws/build/camera_calibration/install.log --single-version-externally-managed
[1.496s] running egg_info
[1.496s] writing ../../../build/camera_calibration/camera_calibration.egg-info/PKG-INFO
[1.496s] writing dependency_links to ../../../build/camera_calibration/camera_calibration.egg-info/dependency_links.txt
[1.497s] writing entry points to ../../../build/camera_calibration/camera_calibration.egg-info/entry_points.txt
[1.497s] writing requirements to ../../../build/camera_calibration/camera_calibration.egg-info/requires.txt
[1.497s] writing top-level names to ../../../build/camera_calibration/camera_calibration.egg-info/top_level.txt
[1.497s] reading manifest file '../../../build/camera_calibration/camera_calibration.egg-info/SOURCES.txt'
[1.500s] writing manifest file '../../../build/camera_calibration/camera_calibration.egg-info/SOURCES.txt'
[1.500s] running build
[1.500s] running build_py
[1.501s] running install
[1.501s] running install_lib
[1.502s] running install_data
[1.502s] running install_egg_info
[1.504s] removing '/home/shengbin/camera_ws/install/camera_calibration/lib/python3.10/site-packages/camera_calibration-3.0.0-py3.10.egg-info' (and everything under it)
[1.504s] Copying ../../../build/camera_calibration/camera_calibration.egg-info to /home/shengbin/camera_ws/install/camera_calibration/lib/python3.10/site-packages/camera_calibration-3.0.0-py3.10.egg-info
[1.506s] running install_scripts
[1.524s] Installing cameracalibrator script to /home/shengbin/camera_ws/install/camera_calibration/lib/camera_calibration
[1.525s] Installing cameracheck script to /home/shengbin/camera_ws/install/camera_calibration/lib/camera_calibration
[1.525s] writing list of installed files to '/home/shengbin/camera_ws/build/camera_calibration/install.log'
[1.830s] Invoked command in '/home/shengbin/camera_ws/src/image_pipeline/camera_calibration' returned '0': AMENT_PREFIX_PATH=/home/shengbin/camera_ws/install/image_geometry:/home/shengbin/camera_ws/install/cv_bridge:${AMENT_PREFIX_PATH} CMAKE_PREFIX_PATH=/home/shengbin/camera_ws/install/image_geometry:/home/shengbin/camera_ws/install/cv_bridge LD_LIBRARY_PATH=/home/shengbin/camera_ws/install/image_geometry/lib:/home/shengbin/camera_ws/install/cv_bridge/lib:${LD_LIBRARY_PATH} PYTHONPATH=/home/shengbin/camera_ws/build/camera_calibration/prefix_override:/home/shengbin/camera_ws/install/camera_calibration/lib/python3.10/site-packages:/home/shengbin/camera_ws/install/image_geometry/local/lib/python3.10/dist-packages:/home/shengbin/camera_ws/install/cv_bridge/local/lib/python3.10/dist-packages:${PYTHONPATH} /usr/bin/python3 setup.py egg_info --egg-base ../../../build/camera_calibration build --build-base /home/shengbin/camera_ws/build/camera_calibration/build install --record /home/shengbin/camera_ws/build/camera_calibration/install.log --single-version-externally-managed
