[0.306s] Invoking command in '/home/shengbin/camera_ws/build/compressed_depth_image_transport': AMENT_PREFIX_PATH=/home/shengbin/camera_ws/install/image_transport:/home/shengbin/camera_ws/install/cv_bridge:${AMENT_PREFIX_PATH} CMAKE_PREFIX_PATH=/home/shengbin/camera_ws/install/image_transport:/home/shengbin/camera_ws/install/cv_bridge:/opt/ros/humble LD_LIBRARY_PATH=/home/shengbin/camera_ws/install/image_transport/lib:/home/shengbin/camera_ws/install/cv_bridge/lib:${LD_LIBRARY_PATH} PYTHONPATH=/home/shengbin/camera_ws/install/cv_bridge/local/lib/python3.10/dist-packages:${PYTHONPATH} /usr/bin/cmake /home/shengbin/camera_ws/src/image_transport_plugins/compressed_depth_image_transport -DCMAKE_INSTALL_PREFIX=/home/shengbin/camera_ws/install/compressed_depth_image_transport
[0.358s] -- The C compiler identification is GNU 11.4.0
[0.402s] -- The CXX compiler identification is GNU 11.4.0
[0.411s] -- Detecting C compiler ABI info
[0.483s] -- Detecting C compiler ABI info - done
[0.496s] -- Check for working C compiler: /usr/bin/cc - skipped
[0.496s] -- Detecting C compile features
[0.497s] -- Detecting C compile features - done
[0.502s] -- Detecting CXX compiler ABI info
[0.578s] -- Detecting CXX compiler ABI info - done
[0.591s] -- Check for working CXX compiler: /usr/bin/c++ - skipped
[0.592s] -- Detecting CXX compile features
[0.592s] -- Detecting CXX compile features - done
[0.596s] -- Found ament_cmake: 1.3.5 (/opt/ros/humble/share/ament_cmake/cmake)
[0.864s] -- Found Python3: /usr/bin/python3.10 (found version "3.10.12") found components: Interpreter 
[0.959s] -- Found image_transport: 3.1.7 (/home/shengbin/camera_ws/install/image_transport/share/image_transport/cmake)
[1.005s] -- Found rosidl_generator_c: 3.1.5 (/opt/ros/humble/share/rosidl_generator_c/cmake)
[1.009s] -- Found rosidl_adapter: 3.1.5 (/opt/ros/humble/share/rosidl_adapter/cmake)
[1.017s] -- Found rosidl_generator_cpp: 3.1.5 (/opt/ros/humble/share/rosidl_generator_cpp/cmake)
[1.030s] -- Using all available rosidl_typesupport_c: rosidl_typesupport_fastrtps_c;rosidl_typesupport_introspection_c
[1.048s] -- Using all available rosidl_typesupport_cpp: rosidl_typesupport_fastrtps_cpp;rosidl_typesupport_introspection_cpp
[1.113s] -- Found rmw_implementation_cmake: 6.1.1 (/opt/ros/humble/share/rmw_implementation_cmake/cmake)
[1.116s] -- Found rmw_cyclonedds_cpp: 1.3.4 (/opt/ros/humble/share/rmw_cyclonedds_cpp/cmake)
[1.146s] -- Using RMW implementation 'rmw_cyclonedds_cpp' as default
[1.154s] -- Looking for pthread.h
[1.237s] -- Looking for pthread.h - found
[1.237s] -- Performing Test CMAKE_HAVE_LIBC_PTHREAD
[1.310s] -- Performing Test CMAKE_HAVE_LIBC_PTHREAD - Success
[1.311s] -- Found Threads: TRUE  
[1.634s] -- Found cv_bridge: 3.2.1 (/home/shengbin/camera_ws/install/cv_bridge/share/cv_bridge/cmake)
[1.651s] -- Found OpenCV: /usr (found version "4.5.4") 
[1.710s] -- Configuring done
[1.722s] -- Generating done
[1.723s] -- Build files have been written to: /home/shengbin/camera_ws/build/compressed_depth_image_transport
[1.732s] Invoked command in '/home/shengbin/camera_ws/build/compressed_depth_image_transport' returned '0': AMENT_PREFIX_PATH=/home/shengbin/camera_ws/install/image_transport:/home/shengbin/camera_ws/install/cv_bridge:${AMENT_PREFIX_PATH} CMAKE_PREFIX_PATH=/home/shengbin/camera_ws/install/image_transport:/home/shengbin/camera_ws/install/cv_bridge:/opt/ros/humble LD_LIBRARY_PATH=/home/shengbin/camera_ws/install/image_transport/lib:/home/shengbin/camera_ws/install/cv_bridge/lib:${LD_LIBRARY_PATH} PYTHONPATH=/home/shengbin/camera_ws/install/cv_bridge/local/lib/python3.10/dist-packages:${PYTHONPATH} /usr/bin/cmake /home/shengbin/camera_ws/src/image_transport_plugins/compressed_depth_image_transport -DCMAKE_INSTALL_PREFIX=/home/shengbin/camera_ws/install/compressed_depth_image_transport
[1.734s] Invoking command in '/home/shengbin/camera_ws/build/compressed_depth_image_transport': AMENT_PREFIX_PATH=/home/shengbin/camera_ws/install/image_transport:/home/shengbin/camera_ws/install/cv_bridge:${AMENT_PREFIX_PATH} CMAKE_PREFIX_PATH=/home/shengbin/camera_ws/install/image_transport:/home/shengbin/camera_ws/install/cv_bridge:/opt/ros/humble LD_LIBRARY_PATH=/home/shengbin/camera_ws/install/image_transport/lib:/home/shengbin/camera_ws/install/cv_bridge/lib:${LD_LIBRARY_PATH} PYTHONPATH=/home/shengbin/camera_ws/install/cv_bridge/local/lib/python3.10/dist-packages:${PYTHONPATH} /usr/bin/cmake --build /home/shengbin/camera_ws/build/compressed_depth_image_transport -- -j16 -l16
[1.795s] [ 20%] [32mBuilding CXX object CMakeFiles/compressed_depth_image_transport.dir/src/compressed_depth_publisher.cpp.o[0m
[1.799s] [ 40%] [32mBuilding CXX object CMakeFiles/compressed_depth_image_transport.dir/src/manifest.cpp.o[0m
[1.799s] [ 80%] [32mBuilding CXX object CMakeFiles/compressed_depth_image_transport.dir/src/codec.cpp.o[0m
[1.799s] [ 80%] [32mBuilding CXX object CMakeFiles/compressed_depth_image_transport.dir/src/compressed_depth_subscriber.cpp.o[0m
[30.552s] [100%] [32m[1mLinking CXX shared library libcompressed_depth_image_transport.so[0m
[31.900s] [100%] Built target compressed_depth_image_transport
[31.932s] Invoked command in '/home/shengbin/camera_ws/build/compressed_depth_image_transport' returned '0': AMENT_PREFIX_PATH=/home/shengbin/camera_ws/install/image_transport:/home/shengbin/camera_ws/install/cv_bridge:${AMENT_PREFIX_PATH} CMAKE_PREFIX_PATH=/home/shengbin/camera_ws/install/image_transport:/home/shengbin/camera_ws/install/cv_bridge:/opt/ros/humble LD_LIBRARY_PATH=/home/shengbin/camera_ws/install/image_transport/lib:/home/shengbin/camera_ws/install/cv_bridge/lib:${LD_LIBRARY_PATH} PYTHONPATH=/home/shengbin/camera_ws/install/cv_bridge/local/lib/python3.10/dist-packages:${PYTHONPATH} /usr/bin/cmake --build /home/shengbin/camera_ws/build/compressed_depth_image_transport -- -j16 -l16
[31.982s] Invoking command in '/home/shengbin/camera_ws/build/compressed_depth_image_transport': AMENT_PREFIX_PATH=/home/shengbin/camera_ws/install/image_transport:/home/shengbin/camera_ws/install/cv_bridge:${AMENT_PREFIX_PATH} CMAKE_PREFIX_PATH=/home/shengbin/camera_ws/install/image_transport:/home/shengbin/camera_ws/install/cv_bridge:/opt/ros/humble LD_LIBRARY_PATH=/home/shengbin/camera_ws/install/image_transport/lib:/home/shengbin/camera_ws/install/cv_bridge/lib:${LD_LIBRARY_PATH} PYTHONPATH=/home/shengbin/camera_ws/install/cv_bridge/local/lib/python3.10/dist-packages:${PYTHONPATH} /usr/bin/cmake --install /home/shengbin/camera_ws/build/compressed_depth_image_transport
[31.994s] -- Install configuration: ""
[31.995s] -- Installing: /home/shengbin/camera_ws/install/compressed_depth_image_transport/lib/libcompressed_depth_image_transport.so
[32.005s] -- Set runtime path of "/home/shengbin/camera_ws/install/compressed_depth_image_transport/lib/libcompressed_depth_image_transport.so" to ""
[32.005s] -- Installing: /home/shengbin/camera_ws/install/compressed_depth_image_transport/include
[32.005s] -- Installing: /home/shengbin/camera_ws/install/compressed_depth_image_transport/include/compressed_depth_image_transport
[32.005s] -- Installing: /home/shengbin/camera_ws/install/compressed_depth_image_transport/include/compressed_depth_image_transport/compression_common.h
[32.006s] -- Installing: /home/shengbin/camera_ws/install/compressed_depth_image_transport/include/compressed_depth_image_transport/compressed_depth_publisher.h
[32.006s] -- Installing: /home/shengbin/camera_ws/install/compressed_depth_image_transport/include/compressed_depth_image_transport/compressed_depth_subscriber.h
[32.006s] -- Installing: /home/shengbin/camera_ws/install/compressed_depth_image_transport/include/compressed_depth_image_transport/codec.h
[32.007s] -- Installing: /home/shengbin/camera_ws/install/compressed_depth_image_transport/share/compressed_depth_image_transport/compressed_depth_plugins.xml
[32.007s] -- Installing: /home/shengbin/camera_ws/install/compressed_depth_image_transport/share/ament_index/resource_index/package_run_dependencies/compressed_depth_image_transport
[32.007s] -- Installing: /home/shengbin/camera_ws/install/compressed_depth_image_transport/share/ament_index/resource_index/parent_prefix_path/compressed_depth_image_transport
[32.008s] -- Installing: /home/shengbin/camera_ws/install/compressed_depth_image_transport/share/compressed_depth_image_transport/environment/ament_prefix_path.sh
[32.008s] -- Installing: /home/shengbin/camera_ws/install/compressed_depth_image_transport/share/compressed_depth_image_transport/environment/ament_prefix_path.dsv
[32.008s] -- Installing: /home/shengbin/camera_ws/install/compressed_depth_image_transport/share/compressed_depth_image_transport/environment/path.sh
[32.008s] -- Installing: /home/shengbin/camera_ws/install/compressed_depth_image_transport/share/compressed_depth_image_transport/environment/path.dsv
[32.008s] -- Installing: /home/shengbin/camera_ws/install/compressed_depth_image_transport/share/compressed_depth_image_transport/local_setup.bash
[32.009s] -- Installing: /home/shengbin/camera_ws/install/compressed_depth_image_transport/share/compressed_depth_image_transport/local_setup.sh
[32.009s] -- Installing: /home/shengbin/camera_ws/install/compressed_depth_image_transport/share/compressed_depth_image_transport/local_setup.zsh
[32.009s] -- Installing: /home/shengbin/camera_ws/install/compressed_depth_image_transport/share/compressed_depth_image_transport/local_setup.dsv
[32.009s] -- Installing: /home/shengbin/camera_ws/install/compressed_depth_image_transport/share/compressed_depth_image_transport/package.dsv
[32.010s] -- Installing: /home/shengbin/camera_ws/install/compressed_depth_image_transport/share/ament_index/resource_index/packages/compressed_depth_image_transport
[32.010s] -- Installing: /home/shengbin/camera_ws/install/compressed_depth_image_transport/share/ament_index/resource_index/image_transport__pluginlib__plugin/compressed_depth_image_transport
[32.010s] -- Installing: /home/shengbin/camera_ws/install/compressed_depth_image_transport/share/compressed_depth_image_transport/cmake/compressed_depth_image_transportConfig.cmake
[32.011s] -- Installing: /home/shengbin/camera_ws/install/compressed_depth_image_transport/share/compressed_depth_image_transport/cmake/compressed_depth_image_transportConfig-version.cmake
[32.011s] -- Installing: /home/shengbin/camera_ws/install/compressed_depth_image_transport/share/compressed_depth_image_transport/package.xml
[32.021s] Invoked command in '/home/shengbin/camera_ws/build/compressed_depth_image_transport' returned '0': AMENT_PREFIX_PATH=/home/shengbin/camera_ws/install/image_transport:/home/shengbin/camera_ws/install/cv_bridge:${AMENT_PREFIX_PATH} CMAKE_PREFIX_PATH=/home/shengbin/camera_ws/install/image_transport:/home/shengbin/camera_ws/install/cv_bridge:/opt/ros/humble LD_LIBRARY_PATH=/home/shengbin/camera_ws/install/image_transport/lib:/home/shengbin/camera_ws/install/cv_bridge/lib:${LD_LIBRARY_PATH} PYTHONPATH=/home/shengbin/camera_ws/install/cv_bridge/local/lib/python3.10/dist-packages:${PYTHONPATH} /usr/bin/cmake --install /home/shengbin/camera_ws/build/compressed_depth_image_transport
