[0.295s] Invoking command in '/home/shengbin/camera_ws/build/ros2_shared': CMAKE_PREFIX_PATH=/opt/ros/humble /usr/bin/cmake /home/shengbin/camera_ws/src/ros2_shared -DCMAKE_INSTALL_PREFIX=/home/shengbin/camera_ws/install/ros2_shared
[0.342s] -- The C compiler identification is GNU 11.4.0
[0.388s] -- The CXX compiler identification is GNU 11.4.0
[0.397s] -- Detecting C compiler ABI info
[0.452s] -- Detecting C compiler ABI info - done
[0.462s] -- Check for working C compiler: /usr/bin/cc - skipped
[0.463s] -- Detecting C compile features
[0.463s] -- Detecting C compile features - done
[0.467s] -- Detecting CXX compiler ABI info
[0.530s] -- Detecting CXX compiler ABI info - done
[0.536s] -- Check for working CXX compiler: /usr/bin/c++ - skipped
[0.537s] -- Detecting CXX compile features
[0.537s] -- Detecting CXX compile features - done
[0.539s] -- Found ament_cmake: 1.3.5 (/opt/ros/humble/share/ament_cmake/cmake)
[0.702s] -- Found Python3: /usr/bin/python3.10 (found version "3.10.12") found components: Interpreter 
[0.784s] -- Found rclcpp: 16.0.6 (/opt/ros/humble/share/rclcpp/cmake)
[0.818s] -- Found rosidl_generator_c: 3.1.5 (/opt/ros/humble/share/rosidl_generator_c/cmake)
[0.821s] -- Found rosidl_adapter: 3.1.5 (/opt/ros/humble/share/rosidl_adapter/cmake)
[0.829s] -- Found rosidl_generator_cpp: 3.1.5 (/opt/ros/humble/share/rosidl_generator_cpp/cmake)
[0.848s] -- Using all available rosidl_typesupport_c: rosidl_typesupport_fastrtps_c;rosidl_typesupport_introspection_c
[0.903s] -- Using all available rosidl_typesupport_cpp: rosidl_typesupport_fastrtps_cpp;rosidl_typesupport_introspection_cpp
[0.995s] -- Found rmw_implementation_cmake: 6.1.1 (/opt/ros/humble/share/rmw_implementation_cmake/cmake)
[0.997s] -- Found rmw_cyclonedds_cpp: 1.3.4 (/opt/ros/humble/share/rmw_cyclonedds_cpp/cmake)
[1.030s] -- Using RMW implementation 'rmw_cyclonedds_cpp' as default
[1.043s] -- Looking for pthread.h
[1.156s] -- Looking for pthread.h - found
[1.156s] -- Performing Test CMAKE_HAVE_LIBC_PTHREAD
[1.215s] -- Performing Test CMAKE_HAVE_LIBC_PTHREAD - Success
[1.216s] -- Found Threads: TRUE  
[1.420s] -- Configuring done
[1.425s] -- Generating done
[1.429s] -- Build files have been written to: /home/shengbin/camera_ws/build/ros2_shared
[1.461s] Invoked command in '/home/shengbin/camera_ws/build/ros2_shared' returned '0': CMAKE_PREFIX_PATH=/opt/ros/humble /usr/bin/cmake /home/shengbin/camera_ws/src/ros2_shared -DCMAKE_INSTALL_PREFIX=/home/shengbin/camera_ws/install/ros2_shared
[1.462s] Invoking command in '/home/shengbin/camera_ws/build/ros2_shared': CMAKE_PREFIX_PATH=/opt/ros/humble /usr/bin/cmake --build /home/shengbin/camera_ws/build/ros2_shared -- -j16 -l16
[1.609s] Invoked command in '/home/shengbin/camera_ws/build/ros2_shared' returned '0': CMAKE_PREFIX_PATH=/opt/ros/humble /usr/bin/cmake --build /home/shengbin/camera_ws/build/ros2_shared -- -j16 -l16
[1.639s] Invoking command in '/home/shengbin/camera_ws/build/ros2_shared': CMAKE_PREFIX_PATH=/opt/ros/humble /usr/bin/cmake --install /home/shengbin/camera_ws/build/ros2_shared
[1.646s] -- Install configuration: ""
[1.646s] -- Installing: /home/shengbin/camera_ws/install/ros2_shared/include
[1.646s] -- Installing: /home/shengbin/camera_ws/install/ros2_shared/include/ros2_shared
[1.647s] -- Installing: /home/shengbin/camera_ws/install/ros2_shared/include/ros2_shared/param_macros.hpp
[1.647s] -- Installing: /home/shengbin/camera_ws/install/ros2_shared/include/ros2_shared/string_printf.hpp
[1.647s] -- Installing: /home/shengbin/camera_ws/install/ros2_shared/include/ros2_shared/context_macros.hpp
[1.647s] -- Installing: /home/shengbin/camera_ws/install/ros2_shared/share/ament_index/resource_index/package_run_dependencies/ros2_shared
[1.647s] -- Installing: /home/shengbin/camera_ws/install/ros2_shared/share/ament_index/resource_index/parent_prefix_path/ros2_shared
[1.647s] -- Installing: /home/shengbin/camera_ws/install/ros2_shared/share/ros2_shared/environment/ament_prefix_path.sh
[1.647s] -- Installing: /home/shengbin/camera_ws/install/ros2_shared/share/ros2_shared/environment/ament_prefix_path.dsv
[1.647s] -- Installing: /home/shengbin/camera_ws/install/ros2_shared/share/ros2_shared/environment/path.sh
[1.648s] -- Installing: /home/shengbin/camera_ws/install/ros2_shared/share/ros2_shared/environment/path.dsv
[1.648s] -- Installing: /home/shengbin/camera_ws/install/ros2_shared/share/ros2_shared/local_setup.bash
[1.648s] -- Installing: /home/shengbin/camera_ws/install/ros2_shared/share/ros2_shared/local_setup.sh
[1.648s] -- Installing: /home/shengbin/camera_ws/install/ros2_shared/share/ros2_shared/local_setup.zsh
[1.648s] -- Installing: /home/shengbin/camera_ws/install/ros2_shared/share/ros2_shared/local_setup.dsv
[1.648s] -- Installing: /home/shengbin/camera_ws/install/ros2_shared/share/ros2_shared/package.dsv
[1.648s] -- Installing: /home/shengbin/camera_ws/install/ros2_shared/share/ament_index/resource_index/packages/ros2_shared
[1.648s] -- Installing: /home/shengbin/camera_ws/install/ros2_shared/share/ros2_shared/cmake/ros2_shared_targetsExport.cmake
[1.648s] -- Installing: /home/shengbin/camera_ws/install/ros2_shared/share/ros2_shared/cmake/ament_cmake_export_targets-extras.cmake
[1.649s] -- Installing: /home/shengbin/camera_ws/install/ros2_shared/share/ros2_shared/cmake/ament_cmake_export_dependencies-extras.cmake
[1.649s] -- Installing: /home/shengbin/camera_ws/install/ros2_shared/share/ros2_shared/cmake/ros2_sharedConfig.cmake
[1.649s] -- Installing: /home/shengbin/camera_ws/install/ros2_shared/share/ros2_shared/cmake/ros2_sharedConfig-version.cmake
[1.649s] -- Installing: /home/shengbin/camera_ws/install/ros2_shared/share/ros2_shared/package.xml
[1.650s] Invoked command in '/home/shengbin/camera_ws/build/ros2_shared' returned '0': CMAKE_PREFIX_PATH=/opt/ros/humble /usr/bin/cmake --install /home/shengbin/camera_ws/build/ros2_shared
