[0.184s] Invoking command in '/home/shengbin/camera_ws/build/camera_calibration_parsers': CMAKE_PREFIX_PATH=/opt/ros/humble /usr/bin/cmake /home/shengbin/camera_ws/src/image_common/camera_calibration_parsers -DCMAKE_INSTALL_PREFIX=/home/shengbin/camera_ws/install/camera_calibration_parsers
[0.407s] -- The C compiler identification is GNU 11.4.0
[0.407s] -- The CXX compiler identification is GNU 11.4.0
[0.408s] -- Detecting C compiler ABI info
[0.408s] -- Detecting C compiler ABI info - done
[0.408s] -- Check for working C compiler: /usr/bin/cc - skipped
[0.408s] -- Detecting C compile features
[0.408s] -- Detecting C compile features - done
[0.408s] -- Detecting CXX compiler ABI info
[0.440s] -- Detecting CXX compiler ABI info - done
[0.449s] -- Check for working CXX compiler: /usr/bin/c++ - skipped
[0.450s] -- Detecting CXX compile features
[0.450s] -- Detecting CXX compile features - done
[0.451s] -- Found ament_cmake_ros: 0.10.0 (/opt/ros/humble/share/ament_cmake_ros/cmake)
[0.593s] -- Found Python3: /usr/bin/python3.10 (found version "3.10.12") found components: Interpreter 
[0.691s] -- Found rclcpp: 16.0.6 (/opt/ros/humble/share/rclcpp/cmake)
[0.719s] -- Found rosidl_generator_c: 3.1.5 (/opt/ros/humble/share/rosidl_generator_c/cmake)
[0.722s] -- Found rosidl_adapter: 3.1.5 (/opt/ros/humble/share/rosidl_adapter/cmake)
[0.727s] -- Found rosidl_generator_cpp: 3.1.5 (/opt/ros/humble/share/rosidl_generator_cpp/cmake)
[0.736s] -- Using all available rosidl_typesupport_c: rosidl_typesupport_fastrtps_c;rosidl_typesupport_introspection_c
[0.749s] -- Using all available rosidl_typesupport_cpp: rosidl_typesupport_fastrtps_cpp;rosidl_typesupport_introspection_cpp
[0.817s] -- Found rmw_implementation_cmake: 6.1.1 (/opt/ros/humble/share/rmw_implementation_cmake/cmake)
[0.819s] -- Found rmw_cyclonedds_cpp: 1.3.4 (/opt/ros/humble/share/rmw_cyclonedds_cpp/cmake)
[0.875s] -- Using RMW implementation 'rmw_cyclonedds_cpp' as default
[0.882s] -- Looking for pthread.h
[0.934s] -- Looking for pthread.h - found
[0.934s] -- Performing Test CMAKE_HAVE_LIBC_PTHREAD
[1.072s] -- Performing Test CMAKE_HAVE_LIBC_PTHREAD - Success
[1.073s] -- Found Threads: TRUE  
[1.251s] -- Found sensor_msgs: 4.2.3 (/opt/ros/humble/share/sensor_msgs/cmake)
[1.341s] -- Found yaml_cpp_vendor: 8.0.2 (/opt/ros/humble/share/yaml_cpp_vendor/cmake)
[1.344s] -- Found ament_cmake_cppcheck: 0.12.8 (/opt/ros/humble/share/ament_cmake_cppcheck/cmake)
[1.345s] -- Found ament_cmake_cpplint: 0.12.8 (/opt/ros/humble/share/ament_cmake_cpplint/cmake)
[1.346s] -- Found ament_cmake_lint_cmake: 0.12.8 (/opt/ros/humble/share/ament_cmake_lint_cmake/cmake)
[1.347s] -- Found ament_cmake_uncrustify: 0.12.8 (/opt/ros/humble/share/ament_cmake_uncrustify/cmake)
[1.349s] -- Found gtest sources under '/opt/ros/humble/src/gtest_vendor': C++ tests using 'Google Test' will be built
[1.398s] -- Configuring done
[1.411s] -- Generating done
[1.412s] -- Build files have been written to: /home/shengbin/camera_ws/build/camera_calibration_parsers
